[0.781s] Invoking command in '/home/edub/ros2_ws/src/mi_pkg_python': PYTHONPATH=/home/edub/ros2_ws/build/mi_pkg_python/prefix_override:/usr/lib/python3/dist-packages/colcon_core/task/python/colcon_distutils_commands:/home/edub/ros2_ws/install/mi_pkg_python/lib/python3.10/site-packages:${PYTHONPATH} /usr/bin/python3 -W ignore:setup.py install is deprecated -W ignore:easy_install command is deprecated setup.py egg_info --egg-base ../../build/mi_pkg_python build --build-base /home/edub/ros2_ws/build/mi_pkg_python/build install --record /home/edub/ros2_ws/build/mi_pkg_python/install.log --single-version-externally-managed install_data
[1.208s] running egg_info
[1.209s] writing ../../build/mi_pkg_python/mi_pkg_python.egg-info/PKG-INFO
[1.209s] writing dependency_links to ../../build/mi_pkg_python/mi_pkg_python.egg-info/dependency_links.txt
[1.209s] writing entry points to ../../build/mi_pkg_python/mi_pkg_python.egg-info/entry_points.txt
[1.210s] writing requirements to ../../build/mi_pkg_python/mi_pkg_python.egg-info/requires.txt
[1.210s] writing top-level names to ../../build/mi_pkg_python/mi_pkg_python.egg-info/top_level.txt
[1.214s] reading manifest file '../../build/mi_pkg_python/mi_pkg_python.egg-info/SOURCES.txt'
[1.216s] writing manifest file '../../build/mi_pkg_python/mi_pkg_python.egg-info/SOURCES.txt'
[1.216s] running build
[1.216s] running build_py
[1.216s] copying proyecto/fsm.py -> /home/edub/ros2_ws/build/mi_pkg_python/build/lib/proyecto
[1.217s] running install
[1.218s] running install_lib
[1.219s] copying /home/edub/ros2_ws/build/mi_pkg_python/build/lib/proyecto/fsm.py -> /home/edub/ros2_ws/install/mi_pkg_python/lib/python3.10/site-packages/proyecto
[1.222s] byte-compiling /home/edub/ros2_ws/install/mi_pkg_python/lib/python3.10/site-packages/proyecto/fsm.py to fsm.cpython-310.pyc
[1.226s] running install_data
[1.229s] running install_egg_info
[1.232s] removing '/home/edub/ros2_ws/install/mi_pkg_python/lib/python3.10/site-packages/mi_pkg_python-0.0.0-py3.10.egg-info' (and everything under it)
[1.234s] Copying ../../build/mi_pkg_python/mi_pkg_python.egg-info to /home/edub/ros2_ws/install/mi_pkg_python/lib/python3.10/site-packages/mi_pkg_python-0.0.0-py3.10.egg-info
[1.236s] running install_scripts
[1.268s] Installing 0_tf2 script to /home/edub/ros2_ws/install/mi_pkg_python/lib/mi_pkg_python
[1.268s] Installing 0_urdf_pub script to /home/edub/ros2_ws/install/mi_pkg_python/lib/mi_pkg_python
[1.269s] Installing 0_urdf_sub script to /home/edub/ros2_ws/install/mi_pkg_python/lib/mi_pkg_python
[1.269s] Installing action_cliente script to /home/edub/ros2_ws/install/mi_pkg_python/lib/mi_pkg_python
[1.269s] Installing action_servidor script to /home/edub/ros2_ws/install/mi_pkg_python/lib/mi_pkg_python
[1.269s] Installing apriltag_1 script to /home/edub/ros2_ws/install/mi_pkg_python/lib/mi_pkg_python
[1.269s] Installing apriltag_2 script to /home/edub/ros2_ws/install/mi_pkg_python/lib/mi_pkg_python
[1.270s] Installing cliente_1 script to /home/edub/ros2_ws/install/mi_pkg_python/lib/mi_pkg_python
[1.270s] Installing p_fsm script to /home/edub/ros2_ws/install/mi_pkg_python/lib/mi_pkg_python
[1.270s] Installing p_mega script to /home/edub/ros2_ws/install/mi_pkg_python/lib/mi_pkg_python
[1.270s] Installing p_orientacion2juntas script to /home/edub/ros2_ws/install/mi_pkg_python/lib/mi_pkg_python
[1.270s] Installing p_orientacion2juntasSCARA2 script to /home/edub/ros2_ws/install/mi_pkg_python/lib/mi_pkg_python
[1.273s] Installing p_prueba script to /home/edub/ros2_ws/install/mi_pkg_python/lib/mi_pkg_python
[1.273s] Installing p_puente script to /home/edub/ros2_ws/install/mi_pkg_python/lib/mi_pkg_python
[1.273s] Installing p_set script to /home/edub/ros2_ws/install/mi_pkg_python/lib/mi_pkg_python
[1.274s] Installing p_vision2riz script to /home/edub/ros2_ws/install/mi_pkg_python/lib/mi_pkg_python
[1.274s] Installing publicador1 script to /home/edub/ros2_ws/install/mi_pkg_python/lib/mi_pkg_python
[1.274s] Installing puente_mqtt script to /home/edub/ros2_ws/install/mi_pkg_python/lib/mi_pkg_python
[1.274s] Installing servidor_1 script to /home/edub/ros2_ws/install/mi_pkg_python/lib/mi_pkg_python
[1.274s] Installing suscriptor1 script to /home/edub/ros2_ws/install/mi_pkg_python/lib/mi_pkg_python
[1.274s] Installing urdf_mqtt script to /home/edub/ros2_ws/install/mi_pkg_python/lib/mi_pkg_python
[1.276s] writing list of installed files to '/home/edub/ros2_ws/build/mi_pkg_python/install.log'
[1.325s] Invoked command in '/home/edub/ros2_ws/src/mi_pkg_python' returned '0': PYTHONPATH=/home/edub/ros2_ws/build/mi_pkg_python/prefix_override:/usr/lib/python3/dist-packages/colcon_core/task/python/colcon_distutils_commands:/home/edub/ros2_ws/install/mi_pkg_python/lib/python3.10/site-packages:${PYTHONPATH} /usr/bin/python3 -W ignore:setup.py install is deprecated -W ignore:easy_install command is deprecated setup.py egg_info --egg-base ../../build/mi_pkg_python build --build-base /home/edub/ros2_ws/build/mi_pkg_python/build install --record /home/edub/ros2_ws/build/mi_pkg_python/install.log --single-version-externally-managed install_data
