[0.009s] Invoking command in '/home/edub/ros2_ws/build/avig_msg': CMAKE_PREFIX_PATH=${CMAKE_PREFIX_PATH}:/home/edub/ros2_ws/install/mi_pkg_python:/opt/ros/humble /usr/bin/cmake /home/edub/ros2_ws/src/avig_msg -DCMAKE_INSTALL_PREFIX=/home/edub/ros2_ws/install/avig_msg
[0.151s] -- The C compiler identification is GNU 11.4.0
[0.291s] -- The CXX compiler identification is GNU 11.4.0
[0.305s] -- Detecting C compiler ABI info
[0.395s] -- Detecting C compiler ABI info - done
[0.404s] -- Check for working C compiler: /usr/bin/cc - skipped
[0.416s] -- Detecting C compile features
[0.420s] -- Detecting C compile features - done
[0.424s] -- Detecting CXX compiler ABI info
[0.511s] -- Detecting CXX compiler ABI info - done
[0.518s] -- Check for working CXX compiler: /usr/bin/c++ - skipped
[0.518s] -- Detecting CXX compile features
[0.519s] -- Detecting CXX compile features - done
[0.537s] -- Found ament_cmake: 1.3.12 (/opt/ros/humble/share/ament_cmake/cmake)
[0.676s] -- Found Python3: /usr/bin/python3 (found version "3.10.12") found components: Interpreter 
[0.751s] -- Found rosidl_default_generators: 1.2.0 (/opt/ros/humble/share/rosidl_default_generators/cmake)
[0.760s] -- Using all available rosidl_typesupport_c: rosidl_typesupport_fastrtps_c;rosidl_typesupport_introspection_c
[0.766s] -- Found rosidl_adapter: 3.1.8 (/opt/ros/humble/share/rosidl_adapter/cmake)
[0.811s] -- Using all available rosidl_typesupport_cpp: rosidl_typesupport_fastrtps_cpp;rosidl_typesupport_introspection_cpp
[0.856s] -- Found builtin_interfaces: 1.2.2 (/opt/ros/humble/share/builtin_interfaces/cmake)
[0.867s] [31mCMake Error at /opt/ros/humble/share/rosidl_cmake/cmake/rosidl_generate_interfaces.cmake:93 (message):
[0.867s]   rosidl_generate_interfaces() the passed file 'msg/ObjDetect.msg' doesn't
[0.867s]   exist relative to the CMAKE_CURRENT_SOURCE_DIR
[0.867s]   '/home/edub/ros2_ws/src/avig_msg'
[0.868s] Call Stack (most recent call first):
[0.868s]   CMakeLists.txt:13 (rosidl_generate_interfaces)
[0.868s] 
[0.868s] [0m
[0.868s] -- Configuring incomplete, errors occurred!
[0.868s] See also "/home/edub/ros2_ws/build/avig_msg/CMakeFiles/CMakeOutput.log".
[0.873s] Invoked command in '/home/edub/ros2_ws/build/avig_msg' returned '1': CMAKE_PREFIX_PATH=${CMAKE_PREFIX_PATH}:/home/edub/ros2_ws/install/mi_pkg_python:/opt/ros/humble /usr/bin/cmake /home/edub/ros2_ws/src/avig_msg -DCMAKE_INSTALL_PREFIX=/home/edub/ros2_ws/install/avig_msg
