[0.019s] Invoking command in '/home/edub/ros2_ws/build/avig_msg': CMAKE_PREFIX_PATH=${CMAKE_PREFIX_PATH}:/home/edub/ros2_ws/install/mi_pkg_python:/opt/ros/humble /usr/bin/cmake /home/edub/ros2_ws/src/avig_msg -DCMAKE_INSTALL_PREFIX=/home/edub/ros2_ws/install/avig_msg
[0.042s] -- Found ament_cmake: 1.3.12 (/opt/ros/humble/share/ament_cmake/cmake)
[0.262s] -- Found rosidl_default_generators: 1.2.0 (/opt/ros/humble/share/rosidl_default_generators/cmake)
[0.262s] -- Using all available rosidl_typesupport_c: rosidl_typesupport_fastrtps_c;rosidl_typesupport_introspection_c
[0.267s] -- Found rosidl_adapter: 3.1.8 (/opt/ros/humble/share/rosidl_adapter/cmake)
[0.302s] -- Using all available rosidl_typesupport_cpp: rosidl_typesupport_fastrtps_cpp;rosidl_typesupport_introspection_cpp
[0.343s] -- Found builtin_interfaces: 1.2.2 (/opt/ros/humble/share/builtin_interfaces/cmake)
[0.690s] -- Configuring incomplete, errors occurred!
[0.690s] See also "/home/edub/ros2_ws/build/avig_msg/CMakeFiles/CMakeOutput.log".
[0.690s] [31mCMake Error at /opt/ros/humble/share/rosidl_adapter/cmake/rosidl_adapt_interfaces.cmake:59 (message):
[0.690s]   execute_process(/usr/bin/python3 -m rosidl_adapter --package-name avig_msg
[0.690s]   --arguments-file
[0.690s]   /home/edub/ros2_ws/build/avig_msg/rosidl_adapter__arguments__avig_msg.json
[0.690s]   --output-dir /home/edub/ros2_ws/build/avig_msg/rosidl_adapter/avig_msg
[0.690s]   --output-file
[0.690s]   /home/edub/ros2_ws/build/avig_msg/rosidl_adapter/avig_msg.idls) returned
[0.690s]   error code 1:
[0.690s] 
[0.691s]   Error processing 'int32 id\nfloat32 posx\nfloat32 posy\nint32
[0.691s]   orden\nfloat32 dist\nfloat32 orient\n' of 'avig_msg/ObjDetect':
[0.691s]   ''id\nfloat32' is an invalid field name.  It should have the pattern
[0.691s]   '^(?!.*__)(?!.*_$)[a-z][a-z0-9_]*$''
[0.691s] 
[0.691s]   Traceback (most recent call last):
[0.691s] 
[0.691s]     File "/usr/lib/python3.10/runpy.py", line 196, in _run_module_as_main
[0.691s]       return _run_code(code, main_globals, None,
[0.691s]     File "/usr/lib/python3.10/runpy.py", line 86, in _run_code
[0.691s]       exec(code, run_globals)
[0.691s]     File "/opt/ros/humble/local/lib/python3.10/dist-packages/rosidl_adapter/__main__.py", line 19, in <module>
[0.691s]       sys.exit(main())
[0.691s]     File "/opt/ros/humble/local/lib/python3.10/dist-packages/rosidl_adapter/main.py", line 53, in main
[0.691s]       abs_idl_file = convert_to_idl(
[0.691s]     File "/opt/ros/humble/local/lib/python3.10/dist-packages/rosidl_adapter/__init__.py", line 19, in convert_to_idl
[0.691s]       return convert_msg_to_idl(
[0.691s]     File "/opt/ros/humble/local/lib/python3.10/dist-packages/rosidl_adapter/msg/__init__.py", line 28, in convert_msg_to_idl
[0.691s]       msg = parse_message_string(package_name, input_file.stem, content)
[0.691s]     File "/opt/ros/humble/local/lib/python3.10/dist-packages/rosidl_adapter/parser.py", line 519, in parse_message_string
[0.691s]       fields.append(Field(
[0.692s]     File "/opt/ros/humble/local/lib/python3.10/dist-packages/rosidl_adapter/parser.py", line 354, in __init__
[0.692s]       raise NameError(
[0.692s] 
[0.692s]   NameError: 'id\nfloat32' is an invalid field name.  It should have the
[0.692s]   pattern '^(?!.*__)(?!.*_$)[a-z][a-z0-9_]*$'
[0.692s] 
[0.692s] Call Stack (most recent call first):
[0.692s]   /opt/ros/humble/share/rosidl_cmake/cmake/rosidl_generate_interfaces.cmake:130 (rosidl_adapt_interfaces)
[0.692s]   CMakeLists.txt:13 (rosidl_generate_interfaces)
[0.692s] 
[0.692s] [0m
[0.704s] Invoked command in '/home/edub/ros2_ws/build/avig_msg' returned '1': CMAKE_PREFIX_PATH=${CMAKE_PREFIX_PATH}:/home/edub/ros2_ws/install/mi_pkg_python:/opt/ros/humble /usr/bin/cmake /home/edub/ros2_ws/src/avig_msg -DCMAKE_INSTALL_PREFIX=/home/edub/ros2_ws/install/avig_msg
