[0.666s] Invoking command in '/home/edub/ros2_ws/src/mi_pkg_python': PYTHONPATH=/home/edub/ros2_ws/build/mi_pkg_python/prefix_override:/usr/lib/python3/dist-packages/colcon_core/task/python/colcon_distutils_commands:/home/edub/ros2_ws/install/mi_pkg_python/lib/python3.10/site-packages:${PYTHONPATH} /usr/bin/python3 -W ignore:setup.py install is deprecated -W ignore:easy_install command is deprecated setup.py egg_info --egg-base ../../build/mi_pkg_python build --build-base /home/edub/ros2_ws/build/mi_pkg_python/build install --record /home/edub/ros2_ws/build/mi_pkg_python/install.log --single-version-externally-managed install_data
[0.935s] running egg_info
[0.936s] creating ../../build/mi_pkg_python/mi_pkg_python.egg-info
[0.936s] writing ../../build/mi_pkg_python/mi_pkg_python.egg-info/PKG-INFO
[0.936s] writing dependency_links to ../../build/mi_pkg_python/mi_pkg_python.egg-info/dependency_links.txt
[0.936s] writing entry points to ../../build/mi_pkg_python/mi_pkg_python.egg-info/entry_points.txt
[0.936s] writing requirements to ../../build/mi_pkg_python/mi_pkg_python.egg-info/requires.txt
[0.936s] writing top-level names to ../../build/mi_pkg_python/mi_pkg_python.egg-info/top_level.txt
[0.937s] writing manifest file '../../build/mi_pkg_python/mi_pkg_python.egg-info/SOURCES.txt'
[0.940s] reading manifest file '../../build/mi_pkg_python/mi_pkg_python.egg-info/SOURCES.txt'
[0.940s] writing manifest file '../../build/mi_pkg_python/mi_pkg_python.egg-info/SOURCES.txt'
[0.940s] running build
[0.940s] running build_py
[0.940s] creating /home/edub/ros2_ws/build/mi_pkg_python/build
[0.940s] creating /home/edub/ros2_ws/build/mi_pkg_python/build/lib
[0.940s] creating /home/edub/ros2_ws/build/mi_pkg_python/build/lib/mi_pkg_python
[0.940s] copying mi_pkg_python/apriltag_2.py -> /home/edub/ros2_ws/build/mi_pkg_python/build/lib/mi_pkg_python
[0.941s] copying mi_pkg_python/apriltag_0.py -> /home/edub/ros2_ws/build/mi_pkg_python/build/lib/mi_pkg_python
[0.941s] copying mi_pkg_python/0_tf2.py -> /home/edub/ros2_ws/build/mi_pkg_python/build/lib/mi_pkg_python
[0.941s] copying mi_pkg_python/0_urdf_sub.py -> /home/edub/ros2_ws/build/mi_pkg_python/build/lib/mi_pkg_python
[0.941s] copying mi_pkg_python/urdf_mqtt.py -> /home/edub/ros2_ws/build/mi_pkg_python/build/lib/mi_pkg_python
[0.941s] copying mi_pkg_python/suscriptor.py -> /home/edub/ros2_ws/build/mi_pkg_python/build/lib/mi_pkg_python
[0.941s] copying mi_pkg_python/apriltag_1.py -> /home/edub/ros2_ws/build/mi_pkg_python/build/lib/mi_pkg_python
[0.941s] copying mi_pkg_python/puente_mqtt.py -> /home/edub/ros2_ws/build/mi_pkg_python/build/lib/mi_pkg_python
[0.941s] copying mi_pkg_python/__init__.py -> /home/edub/ros2_ws/build/mi_pkg_python/build/lib/mi_pkg_python
[0.941s] copying mi_pkg_python/publicador.py -> /home/edub/ros2_ws/build/mi_pkg_python/build/lib/mi_pkg_python
[0.941s] copying mi_pkg_python/0_urdf_pub.py -> /home/edub/ros2_ws/build/mi_pkg_python/build/lib/mi_pkg_python
[0.941s] creating /home/edub/ros2_ws/build/mi_pkg_python/build/lib/servicios
[0.941s] copying servicios/srv_servidor.py -> /home/edub/ros2_ws/build/mi_pkg_python/build/lib/servicios
[0.941s] copying servicios/srv_cliente.py -> /home/edub/ros2_ws/build/mi_pkg_python/build/lib/servicios
[0.941s] copying servicios/__init__.py -> /home/edub/ros2_ws/build/mi_pkg_python/build/lib/servicios
[0.941s] creating /home/edub/ros2_ws/build/mi_pkg_python/build/lib/acciones
[0.941s] copying acciones/action_client.py -> /home/edub/ros2_ws/build/mi_pkg_python/build/lib/acciones
[0.941s] copying acciones/__init__.py -> /home/edub/ros2_ws/build/mi_pkg_python/build/lib/acciones
[0.942s] copying acciones/action_server.py -> /home/edub/ros2_ws/build/mi_pkg_python/build/lib/acciones
[0.942s] creating /home/edub/ros2_ws/build/mi_pkg_python/build/lib/proyecto
[0.942s] copying proyecto/prueba_publicador.py -> /home/edub/ros2_ws/build/mi_pkg_python/build/lib/proyecto
[0.942s] copying proyecto/orientacion_juntas.py -> /home/edub/ros2_ws/build/mi_pkg_python/build/lib/proyecto
[0.942s] copying proyecto/puente_mqtt_ros2.py -> /home/edub/ros2_ws/build/mi_pkg_python/build/lib/proyecto
[0.942s] copying proyecto/set.py -> /home/edub/ros2_ws/build/mi_pkg_python/build/lib/proyecto
[0.942s] copying proyecto/fsm.py -> /home/edub/ros2_ws/build/mi_pkg_python/build/lib/proyecto
[0.942s] copying proyecto/mega.py -> /home/edub/ros2_ws/build/mi_pkg_python/build/lib/proyecto
[0.942s] copying proyecto/todo_scara.py -> /home/edub/ros2_ws/build/mi_pkg_python/build/lib/proyecto
[0.942s] copying proyecto/__init__.py -> /home/edub/ros2_ws/build/mi_pkg_python/build/lib/proyecto
[0.944s] copying proyecto/vision_to_rviz.py -> /home/edub/ros2_ws/build/mi_pkg_python/build/lib/proyecto
[0.944s] copying proyecto/driver_scara.py -> /home/edub/ros2_ws/build/mi_pkg_python/build/lib/proyecto
[0.945s] copying proyecto/aprilCI.py -> /home/edub/ros2_ws/build/mi_pkg_python/build/lib/proyecto
[0.945s] running install
[0.945s] running install_lib
[0.946s] creating /home/edub/ros2_ws/install/mi_pkg_python/lib/python3.10/site-packages/mi_pkg_python
[0.946s] copying /home/edub/ros2_ws/build/mi_pkg_python/build/lib/mi_pkg_python/apriltag_2.py -> /home/edub/ros2_ws/install/mi_pkg_python/lib/python3.10/site-packages/mi_pkg_python
[0.946s] copying /home/edub/ros2_ws/build/mi_pkg_python/build/lib/mi_pkg_python/apriltag_0.py -> /home/edub/ros2_ws/install/mi_pkg_python/lib/python3.10/site-packages/mi_pkg_python
[0.947s] copying /home/edub/ros2_ws/build/mi_pkg_python/build/lib/mi_pkg_python/0_tf2.py -> /home/edub/ros2_ws/install/mi_pkg_python/lib/python3.10/site-packages/mi_pkg_python
[0.947s] copying /home/edub/ros2_ws/build/mi_pkg_python/build/lib/mi_pkg_python/0_urdf_sub.py -> /home/edub/ros2_ws/install/mi_pkg_python/lib/python3.10/site-packages/mi_pkg_python
[0.947s] copying /home/edub/ros2_ws/build/mi_pkg_python/build/lib/mi_pkg_python/urdf_mqtt.py -> /home/edub/ros2_ws/install/mi_pkg_python/lib/python3.10/site-packages/mi_pkg_python
[0.947s] copying /home/edub/ros2_ws/build/mi_pkg_python/build/lib/mi_pkg_python/suscriptor.py -> /home/edub/ros2_ws/install/mi_pkg_python/lib/python3.10/site-packages/mi_pkg_python
[0.947s] copying /home/edub/ros2_ws/build/mi_pkg_python/build/lib/mi_pkg_python/apriltag_1.py -> /home/edub/ros2_ws/install/mi_pkg_python/lib/python3.10/site-packages/mi_pkg_python
[0.947s] copying /home/edub/ros2_ws/build/mi_pkg_python/build/lib/mi_pkg_python/puente_mqtt.py -> /home/edub/ros2_ws/install/mi_pkg_python/lib/python3.10/site-packages/mi_pkg_python
[0.947s] copying /home/edub/ros2_ws/build/mi_pkg_python/build/lib/mi_pkg_python/__init__.py -> /home/edub/ros2_ws/install/mi_pkg_python/lib/python3.10/site-packages/mi_pkg_python
[0.947s] copying /home/edub/ros2_ws/build/mi_pkg_python/build/lib/mi_pkg_python/publicador.py -> /home/edub/ros2_ws/install/mi_pkg_python/lib/python3.10/site-packages/mi_pkg_python
[0.948s] copying /home/edub/ros2_ws/build/mi_pkg_python/build/lib/mi_pkg_python/0_urdf_pub.py -> /home/edub/ros2_ws/install/mi_pkg_python/lib/python3.10/site-packages/mi_pkg_python
[0.948s] creating /home/edub/ros2_ws/install/mi_pkg_python/lib/python3.10/site-packages/servicios
[0.948s] copying /home/edub/ros2_ws/build/mi_pkg_python/build/lib/servicios/srv_servidor.py -> /home/edub/ros2_ws/install/mi_pkg_python/lib/python3.10/site-packages/servicios
[0.948s] copying /home/edub/ros2_ws/build/mi_pkg_python/build/lib/servicios/srv_cliente.py -> /home/edub/ros2_ws/install/mi_pkg_python/lib/python3.10/site-packages/servicios
[0.948s] copying /home/edub/ros2_ws/build/mi_pkg_python/build/lib/servicios/__init__.py -> /home/edub/ros2_ws/install/mi_pkg_python/lib/python3.10/site-packages/servicios
[0.948s] creating /home/edub/ros2_ws/install/mi_pkg_python/lib/python3.10/site-packages/acciones
[0.949s] copying /home/edub/ros2_ws/build/mi_pkg_python/build/lib/acciones/action_client.py -> /home/edub/ros2_ws/install/mi_pkg_python/lib/python3.10/site-packages/acciones
[0.949s] copying /home/edub/ros2_ws/build/mi_pkg_python/build/lib/acciones/__init__.py -> /home/edub/ros2_ws/install/mi_pkg_python/lib/python3.10/site-packages/acciones
[0.949s] copying /home/edub/ros2_ws/build/mi_pkg_python/build/lib/acciones/action_server.py -> /home/edub/ros2_ws/install/mi_pkg_python/lib/python3.10/site-packages/acciones
[0.949s] creating /home/edub/ros2_ws/install/mi_pkg_python/lib/python3.10/site-packages/proyecto
[0.949s] copying /home/edub/ros2_ws/build/mi_pkg_python/build/lib/proyecto/prueba_publicador.py -> /home/edub/ros2_ws/install/mi_pkg_python/lib/python3.10/site-packages/proyecto
[0.949s] copying /home/edub/ros2_ws/build/mi_pkg_python/build/lib/proyecto/orientacion_juntas.py -> /home/edub/ros2_ws/install/mi_pkg_python/lib/python3.10/site-packages/proyecto
[0.949s] copying /home/edub/ros2_ws/build/mi_pkg_python/build/lib/proyecto/puente_mqtt_ros2.py -> /home/edub/ros2_ws/install/mi_pkg_python/lib/python3.10/site-packages/proyecto
[0.949s] copying /home/edub/ros2_ws/build/mi_pkg_python/build/lib/proyecto/set.py -> /home/edub/ros2_ws/install/mi_pkg_python/lib/python3.10/site-packages/proyecto
[0.949s] copying /home/edub/ros2_ws/build/mi_pkg_python/build/lib/proyecto/fsm.py -> /home/edub/ros2_ws/install/mi_pkg_python/lib/python3.10/site-packages/proyecto
[0.949s] copying /home/edub/ros2_ws/build/mi_pkg_python/build/lib/proyecto/mega.py -> /home/edub/ros2_ws/install/mi_pkg_python/lib/python3.10/site-packages/proyecto
[0.949s] copying /home/edub/ros2_ws/build/mi_pkg_python/build/lib/proyecto/todo_scara.py -> /home/edub/ros2_ws/install/mi_pkg_python/lib/python3.10/site-packages/proyecto
[0.949s] copying /home/edub/ros2_ws/build/mi_pkg_python/build/lib/proyecto/__init__.py -> /home/edub/ros2_ws/install/mi_pkg_python/lib/python3.10/site-packages/proyecto
[0.950s] copying /home/edub/ros2_ws/build/mi_pkg_python/build/lib/proyecto/vision_to_rviz.py -> /home/edub/ros2_ws/install/mi_pkg_python/lib/python3.10/site-packages/proyecto
[0.950s] copying /home/edub/ros2_ws/build/mi_pkg_python/build/lib/proyecto/driver_scara.py -> /home/edub/ros2_ws/install/mi_pkg_python/lib/python3.10/site-packages/proyecto
[0.950s] copying /home/edub/ros2_ws/build/mi_pkg_python/build/lib/proyecto/aprilCI.py -> /home/edub/ros2_ws/install/mi_pkg_python/lib/python3.10/site-packages/proyecto
[0.951s] byte-compiling /home/edub/ros2_ws/install/mi_pkg_python/lib/python3.10/site-packages/mi_pkg_python/apriltag_2.py to apriltag_2.cpython-310.pyc
[0.952s] byte-compiling /home/edub/ros2_ws/install/mi_pkg_python/lib/python3.10/site-packages/mi_pkg_python/apriltag_0.py to apriltag_0.cpython-310.pyc
[0.952s] byte-compiling /home/edub/ros2_ws/install/mi_pkg_python/lib/python3.10/site-packages/mi_pkg_python/0_tf2.py to 0_tf2.cpython-310.pyc
[0.953s] byte-compiling /home/edub/ros2_ws/install/mi_pkg_python/lib/python3.10/site-packages/mi_pkg_python/0_urdf_sub.py to 0_urdf_sub.cpython-310.pyc
[0.953s] byte-compiling /home/edub/ros2_ws/install/mi_pkg_python/lib/python3.10/site-packages/mi_pkg_python/urdf_mqtt.py to urdf_mqtt.cpython-310.pyc
[0.954s] byte-compiling /home/edub/ros2_ws/install/mi_pkg_python/lib/python3.10/site-packages/mi_pkg_python/suscriptor.py to suscriptor.cpython-310.pyc
[0.954s] byte-compiling /home/edub/ros2_ws/install/mi_pkg_python/lib/python3.10/site-packages/mi_pkg_python/apriltag_1.py to apriltag_1.cpython-310.pyc
[0.955s] byte-compiling /home/edub/ros2_ws/install/mi_pkg_python/lib/python3.10/site-packages/mi_pkg_python/puente_mqtt.py to puente_mqtt.cpython-310.pyc
[0.956s] byte-compiling /home/edub/ros2_ws/install/mi_pkg_python/lib/python3.10/site-packages/mi_pkg_python/__init__.py to __init__.cpython-310.pyc
[0.956s] byte-compiling /home/edub/ros2_ws/install/mi_pkg_python/lib/python3.10/site-packages/mi_pkg_python/publicador.py to publicador.cpython-310.pyc
[0.956s] byte-compiling /home/edub/ros2_ws/install/mi_pkg_python/lib/python3.10/site-packages/mi_pkg_python/0_urdf_pub.py to 0_urdf_pub.cpython-310.pyc
[0.958s] byte-compiling /home/edub/ros2_ws/install/mi_pkg_python/lib/python3.10/site-packages/servicios/srv_servidor.py to srv_servidor.cpython-310.pyc
[0.959s] byte-compiling /home/edub/ros2_ws/install/mi_pkg_python/lib/python3.10/site-packages/servicios/srv_cliente.py to srv_cliente.cpython-310.pyc
[0.959s] byte-compiling /home/edub/ros2_ws/install/mi_pkg_python/lib/python3.10/site-packages/servicios/__init__.py to __init__.cpython-310.pyc
[0.959s] byte-compiling /home/edub/ros2_ws/install/mi_pkg_python/lib/python3.10/site-packages/acciones/action_client.py to action_client.cpython-310.pyc
[0.960s] byte-compiling /home/edub/ros2_ws/install/mi_pkg_python/lib/python3.10/site-packages/acciones/__init__.py to __init__.cpython-310.pyc
[0.961s] byte-compiling /home/edub/ros2_ws/install/mi_pkg_python/lib/python3.10/site-packages/acciones/action_server.py to action_server.cpython-310.pyc
[0.963s] byte-compiling /home/edub/ros2_ws/install/mi_pkg_python/lib/python3.10/site-packages/proyecto/prueba_publicador.py to prueba_publicador.cpython-310.pyc
[0.963s] byte-compiling /home/edub/ros2_ws/install/mi_pkg_python/lib/python3.10/site-packages/proyecto/orientacion_juntas.py to orientacion_juntas.cpython-310.pyc
[0.965s] byte-compiling /home/edub/ros2_ws/install/mi_pkg_python/lib/python3.10/site-packages/proyecto/puente_mqtt_ros2.py to puente_mqtt_ros2.cpython-310.pyc
[0.966s] byte-compiling /home/edub/ros2_ws/install/mi_pkg_python/lib/python3.10/site-packages/proyecto/set.py to set.cpython-310.pyc
[0.967s] byte-compiling /home/edub/ros2_ws/install/mi_pkg_python/lib/python3.10/site-packages/proyecto/fsm.py to fsm.cpython-310.pyc
[0.969s] byte-compiling /home/edub/ros2_ws/install/mi_pkg_python/lib/python3.10/site-packages/proyecto/mega.py to mega.cpython-310.pyc
[0.969s] byte-compiling /home/edub/ros2_ws/install/mi_pkg_python/lib/python3.10/site-packages/proyecto/todo_scara.py to todo_scara.cpython-310.pyc
[0.970s] byte-compiling /home/edub/ros2_ws/install/mi_pkg_python/lib/python3.10/site-packages/proyecto/__init__.py to __init__.cpython-310.pyc
[0.971s] byte-compiling /home/edub/ros2_ws/install/mi_pkg_python/lib/python3.10/site-packages/proyecto/vision_to_rviz.py to vision_to_rviz.cpython-310.pyc
[0.972s] byte-compiling /home/edub/ros2_ws/install/mi_pkg_python/lib/python3.10/site-packages/proyecto/driver_scara.py to driver_scara.cpython-310.pyc
[0.973s] byte-compiling /home/edub/ros2_ws/install/mi_pkg_python/lib/python3.10/site-packages/proyecto/aprilCI.py to aprilCI.cpython-310.pyc
[0.974s] running install_data
[0.974s] creating /home/edub/ros2_ws/install/mi_pkg_python/share/ament_index
[0.974s] creating /home/edub/ros2_ws/install/mi_pkg_python/share/ament_index/resource_index
[0.974s] creating /home/edub/ros2_ws/install/mi_pkg_python/share/ament_index/resource_index/packages
[0.974s] copying resource/mi_pkg_python -> /home/edub/ros2_ws/install/mi_pkg_python/share/ament_index/resource_index/packages
[0.974s] copying package.xml -> /home/edub/ros2_ws/install/mi_pkg_python/share/mi_pkg_python
[0.974s] creating /home/edub/ros2_ws/install/mi_pkg_python/share/mi_pkg_python/urdf
[0.974s] copying urdf/ensamblaje.urdf -> /home/edub/ros2_ws/install/mi_pkg_python/share/mi_pkg_python/urdf
[0.974s] copying urdf/ensamblaje.urdf.xacro -> /home/edub/ros2_ws/install/mi_pkg_python/share/mi_pkg_python/urdf
[0.975s] creating /home/edub/ros2_ws/install/mi_pkg_python/share/mi_pkg_python/urdf/meshes
[0.975s] copying urdf/meshes/base_link.STL -> /home/edub/ros2_ws/install/mi_pkg_python/share/mi_pkg_python/urdf/meshes
[1.016s] copying urdf/meshes/brazo_link.STL -> /home/edub/ros2_ws/install/mi_pkg_python/share/mi_pkg_python/urdf/meshes
[1.034s] copying urdf/meshes/antebrazo_link.STL -> /home/edub/ros2_ws/install/mi_pkg_python/share/mi_pkg_python/urdf/meshes
[1.042s] copying urdf/meshes/efector_link.STL -> /home/edub/ros2_ws/install/mi_pkg_python/share/mi_pkg_python/urdf/meshes
[1.045s] creating /home/edub/ros2_ws/install/mi_pkg_python/share/mi_pkg_python/launch
[1.045s] copying launch/visualizar_rviz.launch.py -> /home/edub/ros2_ws/install/mi_pkg_python/share/mi_pkg_python/launch
[1.045s] copying launch/proyecto_rviz2.launch.py -> /home/edub/ros2_ws/install/mi_pkg_python/share/mi_pkg_python/launch
[1.046s] running install_egg_info
[1.047s] Copying ../../build/mi_pkg_python/mi_pkg_python.egg-info to /home/edub/ros2_ws/install/mi_pkg_python/lib/python3.10/site-packages/mi_pkg_python-0.0.0-py3.10.egg-info
[1.048s] running install_scripts
[1.072s] Installing 0_tf2 script to /home/edub/ros2_ws/install/mi_pkg_python/lib/mi_pkg_python
[1.072s] Installing 0_urdf_pub script to /home/edub/ros2_ws/install/mi_pkg_python/lib/mi_pkg_python
[1.073s] Installing 0_urdf_sub script to /home/edub/ros2_ws/install/mi_pkg_python/lib/mi_pkg_python
[1.073s] Installing action_cliente script to /home/edub/ros2_ws/install/mi_pkg_python/lib/mi_pkg_python
[1.073s] Installing action_servidor script to /home/edub/ros2_ws/install/mi_pkg_python/lib/mi_pkg_python
[1.073s] Installing apriltag_1 script to /home/edub/ros2_ws/install/mi_pkg_python/lib/mi_pkg_python
[1.073s] Installing apriltag_2 script to /home/edub/ros2_ws/install/mi_pkg_python/lib/mi_pkg_python
[1.073s] Installing cliente_1 script to /home/edub/ros2_ws/install/mi_pkg_python/lib/mi_pkg_python
[1.073s] Installing p_fsm script to /home/edub/ros2_ws/install/mi_pkg_python/lib/mi_pkg_python
[1.073s] Installing p_mega script to /home/edub/ros2_ws/install/mi_pkg_python/lib/mi_pkg_python
[1.073s] Installing p_orientacion2juntas script to /home/edub/ros2_ws/install/mi_pkg_python/lib/mi_pkg_python
[1.073s] Installing p_prueba script to /home/edub/ros2_ws/install/mi_pkg_python/lib/mi_pkg_python
[1.073s] Installing p_puente script to /home/edub/ros2_ws/install/mi_pkg_python/lib/mi_pkg_python
[1.073s] Installing p_scaras script to /home/edub/ros2_ws/install/mi_pkg_python/lib/mi_pkg_python
[1.073s] Installing p_set script to /home/edub/ros2_ws/install/mi_pkg_python/lib/mi_pkg_python
[1.073s] Installing p_vision2riz script to /home/edub/ros2_ws/install/mi_pkg_python/lib/mi_pkg_python
[1.074s] Installing publicador1 script to /home/edub/ros2_ws/install/mi_pkg_python/lib/mi_pkg_python
[1.074s] Installing puente_mqtt script to /home/edub/ros2_ws/install/mi_pkg_python/lib/mi_pkg_python
[1.074s] Installing servidor_1 script to /home/edub/ros2_ws/install/mi_pkg_python/lib/mi_pkg_python
[1.074s] Installing suscriptor1 script to /home/edub/ros2_ws/install/mi_pkg_python/lib/mi_pkg_python
[1.074s] Installing urdf_mqtt script to /home/edub/ros2_ws/install/mi_pkg_python/lib/mi_pkg_python
[1.074s] writing list of installed files to '/home/edub/ros2_ws/build/mi_pkg_python/install.log'
[1.108s] Invoked command in '/home/edub/ros2_ws/src/mi_pkg_python' returned '0': PYTHONPATH=/home/edub/ros2_ws/build/mi_pkg_python/prefix_override:/usr/lib/python3/dist-packages/colcon_core/task/python/colcon_distutils_commands:/home/edub/ros2_ws/install/mi_pkg_python/lib/python3.10/site-packages:${PYTHONPATH} /usr/bin/python3 -W ignore:setup.py install is deprecated -W ignore:easy_install command is deprecated setup.py egg_info --egg-base ../../build/mi_pkg_python build --build-base /home/edub/ros2_ws/build/mi_pkg_python/build install --record /home/edub/ros2_ws/build/mi_pkg_python/install.log --single-version-externally-managed install_data
