[0.547s] Invoking command in '/home/edub/ros2_ws/src/mi_pkg_python': PYTHONPATH=/home/edub/ros2_ws/build/mi_pkg_python/prefix_override:/usr/lib/python3/dist-packages/colcon_core/task/python/colcon_distutils_commands:/home/edub/ros2_ws/install/mi_pkg_python/lib/python3.10/site-packages:${PYTHONPATH} /usr/bin/python3 -W ignore:setup.py install is deprecated -W ignore:easy_install command is deprecated setup.py egg_info --egg-base ../../build/mi_pkg_python build --build-base /home/edub/ros2_ws/build/mi_pkg_python/build install --record /home/edub/ros2_ws/build/mi_pkg_python/install.log --single-version-externally-managed install_data
[0.753s] running egg_info
[0.755s] creating ../../build/mi_pkg_python/mi_pkg_python.egg-info
[0.755s] writing ../../build/mi_pkg_python/mi_pkg_python.egg-info/PKG-INFO
[0.755s] writing dependency_links to ../../build/mi_pkg_python/mi_pkg_python.egg-info/dependency_links.txt
[0.755s] writing entry points to ../../build/mi_pkg_python/mi_pkg_python.egg-info/entry_points.txt
[0.755s] writing requirements to ../../build/mi_pkg_python/mi_pkg_python.egg-info/requires.txt
[0.756s] writing top-level names to ../../build/mi_pkg_python/mi_pkg_python.egg-info/top_level.txt
[0.756s] writing manifest file '../../build/mi_pkg_python/mi_pkg_python.egg-info/SOURCES.txt'
[0.758s] reading manifest file '../../build/mi_pkg_python/mi_pkg_python.egg-info/SOURCES.txt'
[0.759s] writing manifest file '../../build/mi_pkg_python/mi_pkg_python.egg-info/SOURCES.txt'
[0.759s] running build
[0.759s] running build_py
[0.759s] creating /home/edub/ros2_ws/build/mi_pkg_python/build
[0.759s] creating /home/edub/ros2_ws/build/mi_pkg_python/build/lib
[0.759s] creating /home/edub/ros2_ws/build/mi_pkg_python/build/lib/mi_pkg_python
[0.759s] copying mi_pkg_python/apriltag_2.py -> /home/edub/ros2_ws/build/mi_pkg_python/build/lib/mi_pkg_python
[0.760s] copying mi_pkg_python/apriltag_0.py -> /home/edub/ros2_ws/build/mi_pkg_python/build/lib/mi_pkg_python
[0.760s] copying mi_pkg_python/0_tf2.py -> /home/edub/ros2_ws/build/mi_pkg_python/build/lib/mi_pkg_python
[0.760s] copying mi_pkg_python/0_urdf_sub.py -> /home/edub/ros2_ws/build/mi_pkg_python/build/lib/mi_pkg_python
[0.760s] copying mi_pkg_python/urdf_mqtt.py -> /home/edub/ros2_ws/build/mi_pkg_python/build/lib/mi_pkg_python
[0.760s] copying mi_pkg_python/suscriptor.py -> /home/edub/ros2_ws/build/mi_pkg_python/build/lib/mi_pkg_python
[0.760s] copying mi_pkg_python/apriltag_1.py -> /home/edub/ros2_ws/build/mi_pkg_python/build/lib/mi_pkg_python
[0.761s] copying mi_pkg_python/puente_mqtt.py -> /home/edub/ros2_ws/build/mi_pkg_python/build/lib/mi_pkg_python
[0.761s] copying mi_pkg_python/__init__.py -> /home/edub/ros2_ws/build/mi_pkg_python/build/lib/mi_pkg_python
[0.761s] copying mi_pkg_python/publicador.py -> /home/edub/ros2_ws/build/mi_pkg_python/build/lib/mi_pkg_python
[0.761s] copying mi_pkg_python/0_urdf_pub.py -> /home/edub/ros2_ws/build/mi_pkg_python/build/lib/mi_pkg_python
[0.761s] creating /home/edub/ros2_ws/build/mi_pkg_python/build/lib/servicios
[0.761s] copying servicios/srv_servidor.py -> /home/edub/ros2_ws/build/mi_pkg_python/build/lib/servicios
[0.761s] copying servicios/srv_cliente.py -> /home/edub/ros2_ws/build/mi_pkg_python/build/lib/servicios
[0.762s] copying servicios/__init__.py -> /home/edub/ros2_ws/build/mi_pkg_python/build/lib/servicios
[0.762s] creating /home/edub/ros2_ws/build/mi_pkg_python/build/lib/acciones
[0.762s] copying acciones/action_client.py -> /home/edub/ros2_ws/build/mi_pkg_python/build/lib/acciones
[0.762s] copying acciones/__init__.py -> /home/edub/ros2_ws/build/mi_pkg_python/build/lib/acciones
[0.762s] copying acciones/action_server.py -> /home/edub/ros2_ws/build/mi_pkg_python/build/lib/acciones
[0.762s] creating /home/edub/ros2_ws/build/mi_pkg_python/build/lib/proyecto
[0.762s] copying proyecto/prueba_publicador.py -> /home/edub/ros2_ws/build/mi_pkg_python/build/lib/proyecto
[0.762s] copying proyecto/orientacion_juntas_Scara2.py -> /home/edub/ros2_ws/build/mi_pkg_python/build/lib/proyecto
[0.763s] copying proyecto/orientacion_juntas.py -> /home/edub/ros2_ws/build/mi_pkg_python/build/lib/proyecto
[0.763s] copying proyecto/puente_mqtt_ros2.py -> /home/edub/ros2_ws/build/mi_pkg_python/build/lib/proyecto
[0.763s] copying proyecto/set.py -> /home/edub/ros2_ws/build/mi_pkg_python/build/lib/proyecto
[0.763s] copying proyecto/fsm.py -> /home/edub/ros2_ws/build/mi_pkg_python/build/lib/proyecto
[0.763s] copying proyecto/mega.py -> /home/edub/ros2_ws/build/mi_pkg_python/build/lib/proyecto
[0.763s] copying proyecto/__init__.py -> /home/edub/ros2_ws/build/mi_pkg_python/build/lib/proyecto
[0.763s] copying proyecto/vision_to_rviz.py -> /home/edub/ros2_ws/build/mi_pkg_python/build/lib/proyecto
[0.764s] copying proyecto/driver_scara.py -> /home/edub/ros2_ws/build/mi_pkg_python/build/lib/proyecto
[0.764s] copying proyecto/aprilCI.py -> /home/edub/ros2_ws/build/mi_pkg_python/build/lib/proyecto
[0.764s] copying proyecto/medicion.py -> /home/edub/ros2_ws/build/mi_pkg_python/build/lib/proyecto
[0.764s] copying proyecto/medicion 2.py -> /home/edub/ros2_ws/build/mi_pkg_python/build/lib/proyecto
[0.764s] running install
[0.765s] running install_lib
[0.767s] creating /home/edub/ros2_ws/install/mi_pkg_python/lib/python3.10/site-packages/mi_pkg_python
[0.767s] copying /home/edub/ros2_ws/build/mi_pkg_python/build/lib/mi_pkg_python/apriltag_2.py -> /home/edub/ros2_ws/install/mi_pkg_python/lib/python3.10/site-packages/mi_pkg_python
[0.767s] copying /home/edub/ros2_ws/build/mi_pkg_python/build/lib/mi_pkg_python/apriltag_0.py -> /home/edub/ros2_ws/install/mi_pkg_python/lib/python3.10/site-packages/mi_pkg_python
[0.767s] copying /home/edub/ros2_ws/build/mi_pkg_python/build/lib/mi_pkg_python/0_tf2.py -> /home/edub/ros2_ws/install/mi_pkg_python/lib/python3.10/site-packages/mi_pkg_python
[0.767s] copying /home/edub/ros2_ws/build/mi_pkg_python/build/lib/mi_pkg_python/0_urdf_sub.py -> /home/edub/ros2_ws/install/mi_pkg_python/lib/python3.10/site-packages/mi_pkg_python
[0.767s] copying /home/edub/ros2_ws/build/mi_pkg_python/build/lib/mi_pkg_python/urdf_mqtt.py -> /home/edub/ros2_ws/install/mi_pkg_python/lib/python3.10/site-packages/mi_pkg_python
[0.767s] copying /home/edub/ros2_ws/build/mi_pkg_python/build/lib/mi_pkg_python/suscriptor.py -> /home/edub/ros2_ws/install/mi_pkg_python/lib/python3.10/site-packages/mi_pkg_python
[0.767s] copying /home/edub/ros2_ws/build/mi_pkg_python/build/lib/mi_pkg_python/apriltag_1.py -> /home/edub/ros2_ws/install/mi_pkg_python/lib/python3.10/site-packages/mi_pkg_python
[0.768s] copying /home/edub/ros2_ws/build/mi_pkg_python/build/lib/mi_pkg_python/puente_mqtt.py -> /home/edub/ros2_ws/install/mi_pkg_python/lib/python3.10/site-packages/mi_pkg_python
[0.768s] copying /home/edub/ros2_ws/build/mi_pkg_python/build/lib/mi_pkg_python/__init__.py -> /home/edub/ros2_ws/install/mi_pkg_python/lib/python3.10/site-packages/mi_pkg_python
[0.768s] copying /home/edub/ros2_ws/build/mi_pkg_python/build/lib/mi_pkg_python/publicador.py -> /home/edub/ros2_ws/install/mi_pkg_python/lib/python3.10/site-packages/mi_pkg_python
[0.768s] copying /home/edub/ros2_ws/build/mi_pkg_python/build/lib/mi_pkg_python/0_urdf_pub.py -> /home/edub/ros2_ws/install/mi_pkg_python/lib/python3.10/site-packages/mi_pkg_python
[0.768s] creating /home/edub/ros2_ws/install/mi_pkg_python/lib/python3.10/site-packages/servicios
[0.768s] copying /home/edub/ros2_ws/build/mi_pkg_python/build/lib/servicios/srv_servidor.py -> /home/edub/ros2_ws/install/mi_pkg_python/lib/python3.10/site-packages/servicios
[0.768s] copying /home/edub/ros2_ws/build/mi_pkg_python/build/lib/servicios/srv_cliente.py -> /home/edub/ros2_ws/install/mi_pkg_python/lib/python3.10/site-packages/servicios
[0.768s] copying /home/edub/ros2_ws/build/mi_pkg_python/build/lib/servicios/__init__.py -> /home/edub/ros2_ws/install/mi_pkg_python/lib/python3.10/site-packages/servicios
[0.769s] creating /home/edub/ros2_ws/install/mi_pkg_python/lib/python3.10/site-packages/acciones
[0.769s] copying /home/edub/ros2_ws/build/mi_pkg_python/build/lib/acciones/action_client.py -> /home/edub/ros2_ws/install/mi_pkg_python/lib/python3.10/site-packages/acciones
[0.769s] copying /home/edub/ros2_ws/build/mi_pkg_python/build/lib/acciones/__init__.py -> /home/edub/ros2_ws/install/mi_pkg_python/lib/python3.10/site-packages/acciones
[0.769s] copying /home/edub/ros2_ws/build/mi_pkg_python/build/lib/acciones/action_server.py -> /home/edub/ros2_ws/install/mi_pkg_python/lib/python3.10/site-packages/acciones
[0.769s] creating /home/edub/ros2_ws/install/mi_pkg_python/lib/python3.10/site-packages/proyecto
[0.769s] copying /home/edub/ros2_ws/build/mi_pkg_python/build/lib/proyecto/prueba_publicador.py -> /home/edub/ros2_ws/install/mi_pkg_python/lib/python3.10/site-packages/proyecto
[0.769s] copying /home/edub/ros2_ws/build/mi_pkg_python/build/lib/proyecto/orientacion_juntas_Scara2.py -> /home/edub/ros2_ws/install/mi_pkg_python/lib/python3.10/site-packages/proyecto
[0.769s] copying /home/edub/ros2_ws/build/mi_pkg_python/build/lib/proyecto/orientacion_juntas.py -> /home/edub/ros2_ws/install/mi_pkg_python/lib/python3.10/site-packages/proyecto
[0.769s] copying /home/edub/ros2_ws/build/mi_pkg_python/build/lib/proyecto/puente_mqtt_ros2.py -> /home/edub/ros2_ws/install/mi_pkg_python/lib/python3.10/site-packages/proyecto
[0.769s] copying /home/edub/ros2_ws/build/mi_pkg_python/build/lib/proyecto/set.py -> /home/edub/ros2_ws/install/mi_pkg_python/lib/python3.10/site-packages/proyecto
[0.770s] copying /home/edub/ros2_ws/build/mi_pkg_python/build/lib/proyecto/fsm.py -> /home/edub/ros2_ws/install/mi_pkg_python/lib/python3.10/site-packages/proyecto
[0.770s] copying /home/edub/ros2_ws/build/mi_pkg_python/build/lib/proyecto/mega.py -> /home/edub/ros2_ws/install/mi_pkg_python/lib/python3.10/site-packages/proyecto
[0.770s] copying /home/edub/ros2_ws/build/mi_pkg_python/build/lib/proyecto/__init__.py -> /home/edub/ros2_ws/install/mi_pkg_python/lib/python3.10/site-packages/proyecto
[0.770s] copying /home/edub/ros2_ws/build/mi_pkg_python/build/lib/proyecto/vision_to_rviz.py -> /home/edub/ros2_ws/install/mi_pkg_python/lib/python3.10/site-packages/proyecto
[0.770s] copying /home/edub/ros2_ws/build/mi_pkg_python/build/lib/proyecto/driver_scara.py -> /home/edub/ros2_ws/install/mi_pkg_python/lib/python3.10/site-packages/proyecto
[0.770s] copying /home/edub/ros2_ws/build/mi_pkg_python/build/lib/proyecto/aprilCI.py -> /home/edub/ros2_ws/install/mi_pkg_python/lib/python3.10/site-packages/proyecto
[0.770s] copying /home/edub/ros2_ws/build/mi_pkg_python/build/lib/proyecto/medicion.py -> /home/edub/ros2_ws/install/mi_pkg_python/lib/python3.10/site-packages/proyecto
[0.770s] copying /home/edub/ros2_ws/build/mi_pkg_python/build/lib/proyecto/medicion 2.py -> /home/edub/ros2_ws/install/mi_pkg_python/lib/python3.10/site-packages/proyecto
[0.770s] byte-compiling /home/edub/ros2_ws/install/mi_pkg_python/lib/python3.10/site-packages/mi_pkg_python/apriltag_2.py to apriltag_2.cpython-310.pyc
[0.771s] byte-compiling /home/edub/ros2_ws/install/mi_pkg_python/lib/python3.10/site-packages/mi_pkg_python/apriltag_0.py to apriltag_0.cpython-310.pyc
[0.772s] byte-compiling /home/edub/ros2_ws/install/mi_pkg_python/lib/python3.10/site-packages/mi_pkg_python/0_tf2.py to 0_tf2.cpython-310.pyc
[0.772s] byte-compiling /home/edub/ros2_ws/install/mi_pkg_python/lib/python3.10/site-packages/mi_pkg_python/0_urdf_sub.py to 0_urdf_sub.cpython-310.pyc
[0.772s] byte-compiling /home/edub/ros2_ws/install/mi_pkg_python/lib/python3.10/site-packages/mi_pkg_python/urdf_mqtt.py to urdf_mqtt.cpython-310.pyc
[0.773s] byte-compiling /home/edub/ros2_ws/install/mi_pkg_python/lib/python3.10/site-packages/mi_pkg_python/suscriptor.py to suscriptor.cpython-310.pyc
[0.774s] byte-compiling /home/edub/ros2_ws/install/mi_pkg_python/lib/python3.10/site-packages/mi_pkg_python/apriltag_1.py to apriltag_1.cpython-310.pyc
[0.774s] byte-compiling /home/edub/ros2_ws/install/mi_pkg_python/lib/python3.10/site-packages/mi_pkg_python/puente_mqtt.py to puente_mqtt.cpython-310.pyc
[0.775s] byte-compiling /home/edub/ros2_ws/install/mi_pkg_python/lib/python3.10/site-packages/mi_pkg_python/__init__.py to __init__.cpython-310.pyc
[0.775s] byte-compiling /home/edub/ros2_ws/install/mi_pkg_python/lib/python3.10/site-packages/mi_pkg_python/publicador.py to publicador.cpython-310.pyc
[0.776s] byte-compiling /home/edub/ros2_ws/install/mi_pkg_python/lib/python3.10/site-packages/mi_pkg_python/0_urdf_pub.py to 0_urdf_pub.cpython-310.pyc
[0.776s] byte-compiling /home/edub/ros2_ws/install/mi_pkg_python/lib/python3.10/site-packages/servicios/srv_servidor.py to srv_servidor.cpython-310.pyc
[0.777s] byte-compiling /home/edub/ros2_ws/install/mi_pkg_python/lib/python3.10/site-packages/servicios/srv_cliente.py to srv_cliente.cpython-310.pyc
[0.778s] byte-compiling /home/edub/ros2_ws/install/mi_pkg_python/lib/python3.10/site-packages/servicios/__init__.py to __init__.cpython-310.pyc
[0.778s] byte-compiling /home/edub/ros2_ws/install/mi_pkg_python/lib/python3.10/site-packages/acciones/action_client.py to action_client.cpython-310.pyc
[0.779s] byte-compiling /home/edub/ros2_ws/install/mi_pkg_python/lib/python3.10/site-packages/acciones/__init__.py to __init__.cpython-310.pyc
[0.779s] byte-compiling /home/edub/ros2_ws/install/mi_pkg_python/lib/python3.10/site-packages/acciones/action_server.py to action_server.cpython-310.pyc
[0.780s] byte-compiling /home/edub/ros2_ws/install/mi_pkg_python/lib/python3.10/site-packages/proyecto/prueba_publicador.py to prueba_publicador.cpython-310.pyc
[0.780s] byte-compiling /home/edub/ros2_ws/install/mi_pkg_python/lib/python3.10/site-packages/proyecto/orientacion_juntas_Scara2.py to orientacion_juntas_Scara2.cpython-310.pyc
[0.783s] byte-compiling /home/edub/ros2_ws/install/mi_pkg_python/lib/python3.10/site-packages/proyecto/orientacion_juntas.py to orientacion_juntas.cpython-310.pyc
[0.785s] byte-compiling /home/edub/ros2_ws/install/mi_pkg_python/lib/python3.10/site-packages/proyecto/puente_mqtt_ros2.py to puente_mqtt_ros2.cpython-310.pyc
[0.786s] byte-compiling /home/edub/ros2_ws/install/mi_pkg_python/lib/python3.10/site-packages/proyecto/set.py to set.cpython-310.pyc
[0.786s] byte-compiling /home/edub/ros2_ws/install/mi_pkg_python/lib/python3.10/site-packages/proyecto/fsm.py to fsm.cpython-310.pyc
[0.789s] byte-compiling /home/edub/ros2_ws/install/mi_pkg_python/lib/python3.10/site-packages/proyecto/mega.py to mega.cpython-310.pyc
[0.791s] byte-compiling /home/edub/ros2_ws/install/mi_pkg_python/lib/python3.10/site-packages/proyecto/__init__.py to __init__.cpython-310.pyc
[0.791s] byte-compiling /home/edub/ros2_ws/install/mi_pkg_python/lib/python3.10/site-packages/proyecto/vision_to_rviz.py to vision_to_rviz.cpython-310.pyc
[0.793s] byte-compiling /home/edub/ros2_ws/install/mi_pkg_python/lib/python3.10/site-packages/proyecto/driver_scara.py to driver_scara.cpython-310.pyc
[0.793s] byte-compiling /home/edub/ros2_ws/install/mi_pkg_python/lib/python3.10/site-packages/proyecto/aprilCI.py to aprilCI.cpython-310.pyc
[0.793s] byte-compiling /home/edub/ros2_ws/install/mi_pkg_python/lib/python3.10/site-packages/proyecto/medicion.py to medicion.cpython-310.pyc
[0.795s] byte-compiling /home/edub/ros2_ws/install/mi_pkg_python/lib/python3.10/site-packages/proyecto/medicion 2.py to medicion 2.cpython-310.pyc
[0.796s] running install_data
[0.796s] creating /home/edub/ros2_ws/install/mi_pkg_python/share/ament_index
[0.796s] creating /home/edub/ros2_ws/install/mi_pkg_python/share/ament_index/resource_index
[0.796s] creating /home/edub/ros2_ws/install/mi_pkg_python/share/ament_index/resource_index/packages
[0.796s] copying resource/mi_pkg_python -> /home/edub/ros2_ws/install/mi_pkg_python/share/ament_index/resource_index/packages
[0.796s] copying package.xml -> /home/edub/ros2_ws/install/mi_pkg_python/share/mi_pkg_python
[0.796s] creating /home/edub/ros2_ws/install/mi_pkg_python/share/mi_pkg_python/urdf
[0.796s] copying urdf/ensamblaje.urdf -> /home/edub/ros2_ws/install/mi_pkg_python/share/mi_pkg_python/urdf
[0.796s] copying urdf/banda.urdf -> /home/edub/ros2_ws/install/mi_pkg_python/share/mi_pkg_python/urdf
[0.797s] copying urdf/ensamblaje.urdf.xacro -> /home/edub/ros2_ws/install/mi_pkg_python/share/mi_pkg_python/urdf
[0.797s] creating /home/edub/ros2_ws/install/mi_pkg_python/share/mi_pkg_python/urdf/meshes
[0.797s] copying urdf/meshes/base_link.STL -> /home/edub/ros2_ws/install/mi_pkg_python/share/mi_pkg_python/urdf/meshes
[0.834s] copying urdf/meshes/brazo_link.STL -> /home/edub/ros2_ws/install/mi_pkg_python/share/mi_pkg_python/urdf/meshes
[0.846s] copying urdf/meshes/antebrazo_link.STL -> /home/edub/ros2_ws/install/mi_pkg_python/share/mi_pkg_python/urdf/meshes
[0.854s] copying urdf/meshes/efector_link.STL -> /home/edub/ros2_ws/install/mi_pkg_python/share/mi_pkg_python/urdf/meshes
[0.857s] copying urdf/meshes/banda_base_link.STL -> /home/edub/ros2_ws/install/mi_pkg_python/share/mi_pkg_python/urdf/meshes
[0.857s] copying urdf/meshes/banda_link.STL -> /home/edub/ros2_ws/install/mi_pkg_python/share/mi_pkg_python/urdf/meshes
[0.857s] creating /home/edub/ros2_ws/install/mi_pkg_python/share/mi_pkg_python/launch
[0.857s] copying launch/visualizar_rviz.launch.py -> /home/edub/ros2_ws/install/mi_pkg_python/share/mi_pkg_python/launch
[0.857s] copying launch/proyecto_rviz2.launch.py -> /home/edub/ros2_ws/install/mi_pkg_python/share/mi_pkg_python/launch
[0.857s] copying launch/todo_scara.launch.py -> /home/edub/ros2_ws/install/mi_pkg_python/share/mi_pkg_python/launch
[0.858s] running install_egg_info
[0.862s] Copying ../../build/mi_pkg_python/mi_pkg_python.egg-info to /home/edub/ros2_ws/install/mi_pkg_python/lib/python3.10/site-packages/mi_pkg_python-0.0.0-py3.10.egg-info
[0.862s] running install_scripts
[0.883s] Installing 0_tf2 script to /home/edub/ros2_ws/install/mi_pkg_python/lib/mi_pkg_python
[0.884s] Installing 0_urdf_pub script to /home/edub/ros2_ws/install/mi_pkg_python/lib/mi_pkg_python
[0.884s] Installing 0_urdf_sub script to /home/edub/ros2_ws/install/mi_pkg_python/lib/mi_pkg_python
[0.884s] Installing action_cliente script to /home/edub/ros2_ws/install/mi_pkg_python/lib/mi_pkg_python
[0.884s] Installing action_servidor script to /home/edub/ros2_ws/install/mi_pkg_python/lib/mi_pkg_python
[0.884s] Installing apriltag_1 script to /home/edub/ros2_ws/install/mi_pkg_python/lib/mi_pkg_python
[0.884s] Installing apriltag_2 script to /home/edub/ros2_ws/install/mi_pkg_python/lib/mi_pkg_python
[0.884s] Installing cliente_1 script to /home/edub/ros2_ws/install/mi_pkg_python/lib/mi_pkg_python
[0.884s] Installing p_fsm script to /home/edub/ros2_ws/install/mi_pkg_python/lib/mi_pkg_python
[0.884s] Installing p_mega script to /home/edub/ros2_ws/install/mi_pkg_python/lib/mi_pkg_python
[0.884s] Installing p_orientacion2juntas script to /home/edub/ros2_ws/install/mi_pkg_python/lib/mi_pkg_python
[0.887s] Installing p_orientacion2juntasSCARA2 script to /home/edub/ros2_ws/install/mi_pkg_python/lib/mi_pkg_python
[0.887s] Installing p_prueba script to /home/edub/ros2_ws/install/mi_pkg_python/lib/mi_pkg_python
[0.887s] Installing p_puente script to /home/edub/ros2_ws/install/mi_pkg_python/lib/mi_pkg_python
[0.887s] Installing p_set script to /home/edub/ros2_ws/install/mi_pkg_python/lib/mi_pkg_python
[0.887s] Installing p_vision2riz script to /home/edub/ros2_ws/install/mi_pkg_python/lib/mi_pkg_python
[0.892s] Installing publicador1 script to /home/edub/ros2_ws/install/mi_pkg_python/lib/mi_pkg_python
[0.892s] Installing puente_mqtt script to /home/edub/ros2_ws/install/mi_pkg_python/lib/mi_pkg_python
[0.892s] Installing servidor_1 script to /home/edub/ros2_ws/install/mi_pkg_python/lib/mi_pkg_python
[0.892s] Installing suscriptor1 script to /home/edub/ros2_ws/install/mi_pkg_python/lib/mi_pkg_python
[0.892s] Installing urdf_mqtt script to /home/edub/ros2_ws/install/mi_pkg_python/lib/mi_pkg_python
[0.894s] writing list of installed files to '/home/edub/ros2_ws/build/mi_pkg_python/install.log'
[0.917s] Invoked command in '/home/edub/ros2_ws/src/mi_pkg_python' returned '0': PYTHONPATH=/home/edub/ros2_ws/build/mi_pkg_python/prefix_override:/usr/lib/python3/dist-packages/colcon_core/task/python/colcon_distutils_commands:/home/edub/ros2_ws/install/mi_pkg_python/lib/python3.10/site-packages:${PYTHONPATH} /usr/bin/python3 -W ignore:setup.py install is deprecated -W ignore:easy_install command is deprecated setup.py egg_info --egg-base ../../build/mi_pkg_python build --build-base /home/edub/ros2_ws/build/mi_pkg_python/build install --record /home/edub/ros2_ws/build/mi_pkg_python/install.log --single-version-externally-managed install_data
