running egg_info
creating ../../build/mi_pkg_python/mi_pkg_python.egg-info
writing ../../build/mi_pkg_python/mi_pkg_python.egg-info/PKG-INFO
writing dependency_links to ../../build/mi_pkg_python/mi_pkg_python.egg-info/dependency_links.txt
writing entry points to ../../build/mi_pkg_python/mi_pkg_python.egg-info/entry_points.txt
writing requirements to ../../build/mi_pkg_python/mi_pkg_python.egg-info/requires.txt
writing top-level names to ../../build/mi_pkg_python/mi_pkg_python.egg-info/top_level.txt
writing manifest file '../../build/mi_pkg_python/mi_pkg_python.egg-info/SOURCES.txt'
reading manifest file '../../build/mi_pkg_python/mi_pkg_python.egg-info/SOURCES.txt'
writing manifest file '../../build/mi_pkg_python/mi_pkg_python.egg-info/SOURCES.txt'
running build
running build_py
creating /home/edub/ros2_ws/build/mi_pkg_python/build
creating /home/edub/ros2_ws/build/mi_pkg_python/build/lib
creating /home/edub/ros2_ws/build/mi_pkg_python/build/lib/mi_pkg_python
copying mi_pkg_python/apriltag_2.py -> /home/edub/ros2_ws/build/mi_pkg_python/build/lib/mi_pkg_python
copying mi_pkg_python/apriltag_0.py -> /home/edub/ros2_ws/build/mi_pkg_python/build/lib/mi_pkg_python
copying mi_pkg_python/0_tf2.py -> /home/edub/ros2_ws/build/mi_pkg_python/build/lib/mi_pkg_python
copying mi_pkg_python/0_urdf_sub.py -> /home/edub/ros2_ws/build/mi_pkg_python/build/lib/mi_pkg_python
copying mi_pkg_python/urdf_mqtt.py -> /home/edub/ros2_ws/build/mi_pkg_python/build/lib/mi_pkg_python
copying mi_pkg_python/suscriptor.py -> /home/edub/ros2_ws/build/mi_pkg_python/build/lib/mi_pkg_python
copying mi_pkg_python/apriltag_1.py -> /home/edub/ros2_ws/build/mi_pkg_python/build/lib/mi_pkg_python
copying mi_pkg_python/puente_mqtt.py -> /home/edub/ros2_ws/build/mi_pkg_python/build/lib/mi_pkg_python
copying mi_pkg_python/__init__.py -> /home/edub/ros2_ws/build/mi_pkg_python/build/lib/mi_pkg_python
copying mi_pkg_python/publicador.py -> /home/edub/ros2_ws/build/mi_pkg_python/build/lib/mi_pkg_python
copying mi_pkg_python/0_urdf_pub.py -> /home/edub/ros2_ws/build/mi_pkg_python/build/lib/mi_pkg_python
creating /home/edub/ros2_ws/build/mi_pkg_python/build/lib/servicios
copying servicios/srv_servidor.py -> /home/edub/ros2_ws/build/mi_pkg_python/build/lib/servicios
copying servicios/srv_cliente.py -> /home/edub/ros2_ws/build/mi_pkg_python/build/lib/servicios
copying servicios/__init__.py -> /home/edub/ros2_ws/build/mi_pkg_python/build/lib/servicios
creating /home/edub/ros2_ws/build/mi_pkg_python/build/lib/acciones
copying acciones/action_client.py -> /home/edub/ros2_ws/build/mi_pkg_python/build/lib/acciones
copying acciones/__init__.py -> /home/edub/ros2_ws/build/mi_pkg_python/build/lib/acciones
copying acciones/action_server.py -> /home/edub/ros2_ws/build/mi_pkg_python/build/lib/acciones
creating /home/edub/ros2_ws/build/mi_pkg_python/build/lib/proyecto
copying proyecto/prueba_publicador.py -> /home/edub/ros2_ws/build/mi_pkg_python/build/lib/proyecto
copying proyecto/puente_mqtt_ros2.py -> /home/edub/ros2_ws/build/mi_pkg_python/build/lib/proyecto
copying proyecto/set.py -> /home/edub/ros2_ws/build/mi_pkg_python/build/lib/proyecto
copying proyecto/fsm.py -> /home/edub/ros2_ws/build/mi_pkg_python/build/lib/proyecto
copying proyecto/__init__.py -> /home/edub/ros2_ws/build/mi_pkg_python/build/lib/proyecto
running install
running install_lib
creating /home/edub/ros2_ws/install/mi_pkg_python/lib/python3.10/site-packages/mi_pkg_python
copying /home/edub/ros2_ws/build/mi_pkg_python/build/lib/mi_pkg_python/apriltag_2.py -> /home/edub/ros2_ws/install/mi_pkg_python/lib/python3.10/site-packages/mi_pkg_python
copying /home/edub/ros2_ws/build/mi_pkg_python/build/lib/mi_pkg_python/apriltag_0.py -> /home/edub/ros2_ws/install/mi_pkg_python/lib/python3.10/site-packages/mi_pkg_python
copying /home/edub/ros2_ws/build/mi_pkg_python/build/lib/mi_pkg_python/0_tf2.py -> /home/edub/ros2_ws/install/mi_pkg_python/lib/python3.10/site-packages/mi_pkg_python
copying /home/edub/ros2_ws/build/mi_pkg_python/build/lib/mi_pkg_python/0_urdf_sub.py -> /home/edub/ros2_ws/install/mi_pkg_python/lib/python3.10/site-packages/mi_pkg_python
copying /home/edub/ros2_ws/build/mi_pkg_python/build/lib/mi_pkg_python/urdf_mqtt.py -> /home/edub/ros2_ws/install/mi_pkg_python/lib/python3.10/site-packages/mi_pkg_python
copying /home/edub/ros2_ws/build/mi_pkg_python/build/lib/mi_pkg_python/suscriptor.py -> /home/edub/ros2_ws/install/mi_pkg_python/lib/python3.10/site-packages/mi_pkg_python
copying /home/edub/ros2_ws/build/mi_pkg_python/build/lib/mi_pkg_python/apriltag_1.py -> /home/edub/ros2_ws/install/mi_pkg_python/lib/python3.10/site-packages/mi_pkg_python
copying /home/edub/ros2_ws/build/mi_pkg_python/build/lib/mi_pkg_python/puente_mqtt.py -> /home/edub/ros2_ws/install/mi_pkg_python/lib/python3.10/site-packages/mi_pkg_python
copying /home/edub/ros2_ws/build/mi_pkg_python/build/lib/mi_pkg_python/__init__.py -> /home/edub/ros2_ws/install/mi_pkg_python/lib/python3.10/site-packages/mi_pkg_python
copying /home/edub/ros2_ws/build/mi_pkg_python/build/lib/mi_pkg_python/publicador.py -> /home/edub/ros2_ws/install/mi_pkg_python/lib/python3.10/site-packages/mi_pkg_python
copying /home/edub/ros2_ws/build/mi_pkg_python/build/lib/mi_pkg_python/0_urdf_pub.py -> /home/edub/ros2_ws/install/mi_pkg_python/lib/python3.10/site-packages/mi_pkg_python
creating /home/edub/ros2_ws/install/mi_pkg_python/lib/python3.10/site-packages/servicios
copying /home/edub/ros2_ws/build/mi_pkg_python/build/lib/servicios/srv_servidor.py -> /home/edub/ros2_ws/install/mi_pkg_python/lib/python3.10/site-packages/servicios
copying /home/edub/ros2_ws/build/mi_pkg_python/build/lib/servicios/srv_cliente.py -> /home/edub/ros2_ws/install/mi_pkg_python/lib/python3.10/site-packages/servicios
copying /home/edub/ros2_ws/build/mi_pkg_python/build/lib/servicios/__init__.py -> /home/edub/ros2_ws/install/mi_pkg_python/lib/python3.10/site-packages/servicios
creating /home/edub/ros2_ws/install/mi_pkg_python/lib/python3.10/site-packages/acciones
copying /home/edub/ros2_ws/build/mi_pkg_python/build/lib/acciones/action_client.py -> /home/edub/ros2_ws/install/mi_pkg_python/lib/python3.10/site-packages/acciones
copying /home/edub/ros2_ws/build/mi_pkg_python/build/lib/acciones/__init__.py -> /home/edub/ros2_ws/install/mi_pkg_python/lib/python3.10/site-packages/acciones
copying /home/edub/ros2_ws/build/mi_pkg_python/build/lib/acciones/action_server.py -> /home/edub/ros2_ws/install/mi_pkg_python/lib/python3.10/site-packages/acciones
creating /home/edub/ros2_ws/install/mi_pkg_python/lib/python3.10/site-packages/proyecto
copying /home/edub/ros2_ws/build/mi_pkg_python/build/lib/proyecto/prueba_publicador.py -> /home/edub/ros2_ws/install/mi_pkg_python/lib/python3.10/site-packages/proyecto
copying /home/edub/ros2_ws/build/mi_pkg_python/build/lib/proyecto/puente_mqtt_ros2.py -> /home/edub/ros2_ws/install/mi_pkg_python/lib/python3.10/site-packages/proyecto
copying /home/edub/ros2_ws/build/mi_pkg_python/build/lib/proyecto/set.py -> /home/edub/ros2_ws/install/mi_pkg_python/lib/python3.10/site-packages/proyecto
copying /home/edub/ros2_ws/build/mi_pkg_python/build/lib/proyecto/fsm.py -> /home/edub/ros2_ws/install/mi_pkg_python/lib/python3.10/site-packages/proyecto
copying /home/edub/ros2_ws/build/mi_pkg_python/build/lib/proyecto/__init__.py -> /home/edub/ros2_ws/install/mi_pkg_python/lib/python3.10/site-packages/proyecto
byte-compiling /home/edub/ros2_ws/install/mi_pkg_python/lib/python3.10/site-packages/mi_pkg_python/apriltag_2.py to apriltag_2.cpython-310.pyc
byte-compiling /home/edub/ros2_ws/install/mi_pkg_python/lib/python3.10/site-packages/mi_pkg_python/apriltag_0.py to apriltag_0.cpython-310.pyc
byte-compiling /home/edub/ros2_ws/install/mi_pkg_python/lib/python3.10/site-packages/mi_pkg_python/0_tf2.py to 0_tf2.cpython-310.pyc
byte-compiling /home/edub/ros2_ws/install/mi_pkg_python/lib/python3.10/site-packages/mi_pkg_python/0_urdf_sub.py to 0_urdf_sub.cpython-310.pyc
byte-compiling /home/edub/ros2_ws/install/mi_pkg_python/lib/python3.10/site-packages/mi_pkg_python/urdf_mqtt.py to urdf_mqtt.cpython-310.pyc
byte-compiling /home/edub/ros2_ws/install/mi_pkg_python/lib/python3.10/site-packages/mi_pkg_python/suscriptor.py to suscriptor.cpython-310.pyc
byte-compiling /home/edub/ros2_ws/install/mi_pkg_python/lib/python3.10/site-packages/mi_pkg_python/apriltag_1.py to apriltag_1.cpython-310.pyc
byte-compiling /home/edub/ros2_ws/install/mi_pkg_python/lib/python3.10/site-packages/mi_pkg_python/puente_mqtt.py to puente_mqtt.cpython-310.pyc
byte-compiling /home/edub/ros2_ws/install/mi_pkg_python/lib/python3.10/site-packages/mi_pkg_python/__init__.py to __init__.cpython-310.pyc
byte-compiling /home/edub/ros2_ws/install/mi_pkg_python/lib/python3.10/site-packages/mi_pkg_python/publicador.py to publicador.cpython-310.pyc
byte-compiling /home/edub/ros2_ws/install/mi_pkg_python/lib/python3.10/site-packages/mi_pkg_python/0_urdf_pub.py to 0_urdf_pub.cpython-310.pyc
byte-compiling /home/edub/ros2_ws/install/mi_pkg_python/lib/python3.10/site-packages/servicios/srv_servidor.py to srv_servidor.cpython-310.pyc
byte-compiling /home/edub/ros2_ws/install/mi_pkg_python/lib/python3.10/site-packages/servicios/srv_cliente.py to srv_cliente.cpython-310.pyc
byte-compiling /home/edub/ros2_ws/install/mi_pkg_python/lib/python3.10/site-packages/servicios/__init__.py to __init__.cpython-310.pyc
byte-compiling /home/edub/ros2_ws/install/mi_pkg_python/lib/python3.10/site-packages/acciones/action_client.py to action_client.cpython-310.pyc
byte-compiling /home/edub/ros2_ws/install/mi_pkg_python/lib/python3.10/site-packages/acciones/__init__.py to __init__.cpython-310.pyc
byte-compiling /home/edub/ros2_ws/install/mi_pkg_python/lib/python3.10/site-packages/acciones/action_server.py to action_server.cpython-310.pyc
byte-compiling /home/edub/ros2_ws/install/mi_pkg_python/lib/python3.10/site-packages/proyecto/prueba_publicador.py to prueba_publicador.cpython-310.pyc
byte-compiling /home/edub/ros2_ws/install/mi_pkg_python/lib/python3.10/site-packages/proyecto/puente_mqtt_ros2.py to puente_mqtt_ros2.cpython-310.pyc
byte-compiling /home/edub/ros2_ws/install/mi_pkg_python/lib/python3.10/site-packages/proyecto/set.py to set.cpython-310.pyc
byte-compiling /home/edub/ros2_ws/install/mi_pkg_python/lib/python3.10/site-packages/proyecto/fsm.py to fsm.cpython-310.pyc
byte-compiling /home/edub/ros2_ws/install/mi_pkg_python/lib/python3.10/site-packages/proyecto/__init__.py to __init__.cpython-310.pyc
running install_data
creating /home/edub/ros2_ws/install/mi_pkg_python/share/ament_index
creating /home/edub/ros2_ws/install/mi_pkg_python/share/ament_index/resource_index
creating /home/edub/ros2_ws/install/mi_pkg_python/share/ament_index/resource_index/packages
copying resource/mi_pkg_python -> /home/edub/ros2_ws/install/mi_pkg_python/share/ament_index/resource_index/packages
copying package.xml -> /home/edub/ros2_ws/install/mi_pkg_python/share/mi_pkg_python
creating /home/edub/ros2_ws/install/mi_pkg_python/share/mi_pkg_python/urdf
copying urdf/ensamblaje.urdf -> /home/edub/ros2_ws/install/mi_pkg_python/share/mi_pkg_python/urdf
copying urdf/ensamblaje.urdf.xacro -> /home/edub/ros2_ws/install/mi_pkg_python/share/mi_pkg_python/urdf
creating /home/edub/ros2_ws/install/mi_pkg_python/share/mi_pkg_python/urdf/meshes
copying urdf/meshes/base_link.STL -> /home/edub/ros2_ws/install/mi_pkg_python/share/mi_pkg_python/urdf/meshes
copying urdf/meshes/brazo_link.STL -> /home/edub/ros2_ws/install/mi_pkg_python/share/mi_pkg_python/urdf/meshes
copying urdf/meshes/antebrazo_link.STL -> /home/edub/ros2_ws/install/mi_pkg_python/share/mi_pkg_python/urdf/meshes
copying urdf/meshes/efector_link.STL -> /home/edub/ros2_ws/install/mi_pkg_python/share/mi_pkg_python/urdf/meshes
creating /home/edub/ros2_ws/install/mi_pkg_python/share/mi_pkg_python/launch
copying launch/visualizar_rviz.launch.py -> /home/edub/ros2_ws/install/mi_pkg_python/share/mi_pkg_python/launch
copying launch/proyecto_rviz2.launch.py -> /home/edub/ros2_ws/install/mi_pkg_python/share/mi_pkg_python/launch
running install_egg_info
Copying ../../build/mi_pkg_python/mi_pkg_python.egg-info to /home/edub/ros2_ws/install/mi_pkg_python/lib/python3.10/site-packages/mi_pkg_python-0.0.0-py3.10.egg-info
running install_scripts
Installing 0_tf2 script to /home/edub/ros2_ws/install/mi_pkg_python/lib/mi_pkg_python
Installing 0_urdf_pub script to /home/edub/ros2_ws/install/mi_pkg_python/lib/mi_pkg_python
Installing 0_urdf_sub script to /home/edub/ros2_ws/install/mi_pkg_python/lib/mi_pkg_python
Installing action_cliente script to /home/edub/ros2_ws/install/mi_pkg_python/lib/mi_pkg_python
Installing action_servidor script to /home/edub/ros2_ws/install/mi_pkg_python/lib/mi_pkg_python
Installing apriltag_1 script to /home/edub/ros2_ws/install/mi_pkg_python/lib/mi_pkg_python
Installing apriltag_2 script to /home/edub/ros2_ws/install/mi_pkg_python/lib/mi_pkg_python
Installing cliente_1 script to /home/edub/ros2_ws/install/mi_pkg_python/lib/mi_pkg_python
Installing p_fsm script to /home/edub/ros2_ws/install/mi_pkg_python/lib/mi_pkg_python
Installing p_prueba script to /home/edub/ros2_ws/install/mi_pkg_python/lib/mi_pkg_python
Installing p_puente script to /home/edub/ros2_ws/install/mi_pkg_python/lib/mi_pkg_python
Installing p_set script to /home/edub/ros2_ws/install/mi_pkg_python/lib/mi_pkg_python
Installing publicador1 script to /home/edub/ros2_ws/install/mi_pkg_python/lib/mi_pkg_python
Installing puente_mqtt script to /home/edub/ros2_ws/install/mi_pkg_python/lib/mi_pkg_python
Installing servidor_1 script to /home/edub/ros2_ws/install/mi_pkg_python/lib/mi_pkg_python
Installing suscriptor1 script to /home/edub/ros2_ws/install/mi_pkg_python/lib/mi_pkg_python
Installing urdf_mqtt script to /home/edub/ros2_ws/install/mi_pkg_python/lib/mi_pkg_python
writing list of installed files to '/home/edub/ros2_ws/build/mi_pkg_python/install.log'
