[0.729s] Invoking command in '/home/edub/ros2_ws/src/mi_pkg_python': AMENT_PREFIX_PATH=/home/edub/ros2_ws/install/avig_msg:${AMENT_PREFIX_PATH} CMAKE_PREFIX_PATH=/home/edub/ros2_ws/install/avig_msg LD_LIBRARY_PATH=/home/edub/ros2_ws/install/avig_msg/lib:${LD_LIBRARY_PATH} PYTHONPATH=/home/edub/ros2_ws/build/mi_pkg_python/prefix_override:/usr/lib/python3/dist-packages/colcon_core/task/python/colcon_distutils_commands:/home/edub/ros2_ws/install/mi_pkg_python/lib/python3.10/site-packages:/home/edub/ros2_ws/install/avig_msg/local/lib/python3.10/dist-packages:${PYTHONPATH} /usr/bin/python3 -W ignore:setup.py install is deprecated -W ignore:easy_install command is deprecated setup.py egg_info --egg-base ../../build/mi_pkg_python build --build-base /home/edub/ros2_ws/build/mi_pkg_python/build install --record /home/edub/ros2_ws/build/mi_pkg_python/install.log --single-version-externally-managed install_data
[0.979s] running egg_info
[0.980s] creating ../../build/mi_pkg_python/mi_pkg_python.egg-info
[0.980s] writing ../../build/mi_pkg_python/mi_pkg_python.egg-info/PKG-INFO
[0.980s] writing dependency_links to ../../build/mi_pkg_python/mi_pkg_python.egg-info/dependency_links.txt
[0.981s] writing entry points to ../../build/mi_pkg_python/mi_pkg_python.egg-info/entry_points.txt
[0.981s] writing requirements to ../../build/mi_pkg_python/mi_pkg_python.egg-info/requires.txt
[0.981s] writing top-level names to ../../build/mi_pkg_python/mi_pkg_python.egg-info/top_level.txt
[0.981s] writing manifest file '../../build/mi_pkg_python/mi_pkg_python.egg-info/SOURCES.txt'
[0.985s] reading manifest file '../../build/mi_pkg_python/mi_pkg_python.egg-info/SOURCES.txt'
[0.985s] writing manifest file '../../build/mi_pkg_python/mi_pkg_python.egg-info/SOURCES.txt'
[0.985s] running build
[0.985s] running build_py
[0.985s] creating /home/edub/ros2_ws/build/mi_pkg_python/build
[0.985s] creating /home/edub/ros2_ws/build/mi_pkg_python/build/lib
[0.985s] creating /home/edub/ros2_ws/build/mi_pkg_python/build/lib/mi_pkg_python
[0.985s] copying mi_pkg_python/apriltag_2.py -> /home/edub/ros2_ws/build/mi_pkg_python/build/lib/mi_pkg_python
[0.986s] copying mi_pkg_python/apriltag_0.py -> /home/edub/ros2_ws/build/mi_pkg_python/build/lib/mi_pkg_python
[0.986s] copying mi_pkg_python/0_tf2.py -> /home/edub/ros2_ws/build/mi_pkg_python/build/lib/mi_pkg_python
[0.986s] copying mi_pkg_python/0_urdf_sub.py -> /home/edub/ros2_ws/build/mi_pkg_python/build/lib/mi_pkg_python
[0.986s] copying mi_pkg_python/urdf_mqtt.py -> /home/edub/ros2_ws/build/mi_pkg_python/build/lib/mi_pkg_python
[0.986s] copying mi_pkg_python/suscriptor.py -> /home/edub/ros2_ws/build/mi_pkg_python/build/lib/mi_pkg_python
[0.986s] copying mi_pkg_python/apriltag_1.py -> /home/edub/ros2_ws/build/mi_pkg_python/build/lib/mi_pkg_python
[0.986s] copying mi_pkg_python/puente_mqtt.py -> /home/edub/ros2_ws/build/mi_pkg_python/build/lib/mi_pkg_python
[0.986s] copying mi_pkg_python/__init__.py -> /home/edub/ros2_ws/build/mi_pkg_python/build/lib/mi_pkg_python
[0.989s] copying mi_pkg_python/publicador.py -> /home/edub/ros2_ws/build/mi_pkg_python/build/lib/mi_pkg_python
[0.989s] copying mi_pkg_python/0_urdf_pub.py -> /home/edub/ros2_ws/build/mi_pkg_python/build/lib/mi_pkg_python
[0.990s] creating /home/edub/ros2_ws/build/mi_pkg_python/build/lib/servicios
[0.990s] copying servicios/srv_servidor.py -> /home/edub/ros2_ws/build/mi_pkg_python/build/lib/servicios
[0.990s] copying servicios/srv_cliente.py -> /home/edub/ros2_ws/build/mi_pkg_python/build/lib/servicios
[0.990s] copying servicios/__init__.py -> /home/edub/ros2_ws/build/mi_pkg_python/build/lib/servicios
[0.990s] creating /home/edub/ros2_ws/build/mi_pkg_python/build/lib/acciones
[0.990s] copying acciones/action_client.py -> /home/edub/ros2_ws/build/mi_pkg_python/build/lib/acciones
[0.990s] copying acciones/__init__.py -> /home/edub/ros2_ws/build/mi_pkg_python/build/lib/acciones
[0.990s] copying acciones/action_server.py -> /home/edub/ros2_ws/build/mi_pkg_python/build/lib/acciones
[0.990s] creating /home/edub/ros2_ws/build/mi_pkg_python/build/lib/proyecto
[0.990s] copying proyecto/prueba_publicador.py -> /home/edub/ros2_ws/build/mi_pkg_python/build/lib/proyecto
[0.990s] copying proyecto/puente_mqtt_ros2.py -> /home/edub/ros2_ws/build/mi_pkg_python/build/lib/proyecto
[0.991s] copying proyecto/set.py -> /home/edub/ros2_ws/build/mi_pkg_python/build/lib/proyecto
[0.991s] copying proyecto/fsm.py -> /home/edub/ros2_ws/build/mi_pkg_python/build/lib/proyecto
[0.991s] copying proyecto/__init__.py -> /home/edub/ros2_ws/build/mi_pkg_python/build/lib/proyecto
[0.991s] running install
[0.991s] running install_lib
[0.991s] creating /home/edub/ros2_ws/install/mi_pkg_python/lib/python3.10/site-packages/mi_pkg_python
[0.991s] copying /home/edub/ros2_ws/build/mi_pkg_python/build/lib/mi_pkg_python/apriltag_2.py -> /home/edub/ros2_ws/install/mi_pkg_python/lib/python3.10/site-packages/mi_pkg_python
[0.991s] copying /home/edub/ros2_ws/build/mi_pkg_python/build/lib/mi_pkg_python/apriltag_0.py -> /home/edub/ros2_ws/install/mi_pkg_python/lib/python3.10/site-packages/mi_pkg_python
[0.992s] copying /home/edub/ros2_ws/build/mi_pkg_python/build/lib/mi_pkg_python/0_tf2.py -> /home/edub/ros2_ws/install/mi_pkg_python/lib/python3.10/site-packages/mi_pkg_python
[0.992s] copying /home/edub/ros2_ws/build/mi_pkg_python/build/lib/mi_pkg_python/0_urdf_sub.py -> /home/edub/ros2_ws/install/mi_pkg_python/lib/python3.10/site-packages/mi_pkg_python
[0.992s] copying /home/edub/ros2_ws/build/mi_pkg_python/build/lib/mi_pkg_python/urdf_mqtt.py -> /home/edub/ros2_ws/install/mi_pkg_python/lib/python3.10/site-packages/mi_pkg_python
[0.992s] copying /home/edub/ros2_ws/build/mi_pkg_python/build/lib/mi_pkg_python/suscriptor.py -> /home/edub/ros2_ws/install/mi_pkg_python/lib/python3.10/site-packages/mi_pkg_python
[0.992s] copying /home/edub/ros2_ws/build/mi_pkg_python/build/lib/mi_pkg_python/apriltag_1.py -> /home/edub/ros2_ws/install/mi_pkg_python/lib/python3.10/site-packages/mi_pkg_python
[0.992s] copying /home/edub/ros2_ws/build/mi_pkg_python/build/lib/mi_pkg_python/puente_mqtt.py -> /home/edub/ros2_ws/install/mi_pkg_python/lib/python3.10/site-packages/mi_pkg_python
[0.992s] copying /home/edub/ros2_ws/build/mi_pkg_python/build/lib/mi_pkg_python/__init__.py -> /home/edub/ros2_ws/install/mi_pkg_python/lib/python3.10/site-packages/mi_pkg_python
[0.992s] copying /home/edub/ros2_ws/build/mi_pkg_python/build/lib/mi_pkg_python/publicador.py -> /home/edub/ros2_ws/install/mi_pkg_python/lib/python3.10/site-packages/mi_pkg_python
[0.992s] copying /home/edub/ros2_ws/build/mi_pkg_python/build/lib/mi_pkg_python/0_urdf_pub.py -> /home/edub/ros2_ws/install/mi_pkg_python/lib/python3.10/site-packages/mi_pkg_python
[0.993s] creating /home/edub/ros2_ws/install/mi_pkg_python/lib/python3.10/site-packages/servicios
[0.993s] copying /home/edub/ros2_ws/build/mi_pkg_python/build/lib/servicios/srv_servidor.py -> /home/edub/ros2_ws/install/mi_pkg_python/lib/python3.10/site-packages/servicios
[0.993s] copying /home/edub/ros2_ws/build/mi_pkg_python/build/lib/servicios/srv_cliente.py -> /home/edub/ros2_ws/install/mi_pkg_python/lib/python3.10/site-packages/servicios
[0.993s] copying /home/edub/ros2_ws/build/mi_pkg_python/build/lib/servicios/__init__.py -> /home/edub/ros2_ws/install/mi_pkg_python/lib/python3.10/site-packages/servicios
[0.993s] creating /home/edub/ros2_ws/install/mi_pkg_python/lib/python3.10/site-packages/acciones
[0.993s] copying /home/edub/ros2_ws/build/mi_pkg_python/build/lib/acciones/action_client.py -> /home/edub/ros2_ws/install/mi_pkg_python/lib/python3.10/site-packages/acciones
[0.993s] copying /home/edub/ros2_ws/build/mi_pkg_python/build/lib/acciones/__init__.py -> /home/edub/ros2_ws/install/mi_pkg_python/lib/python3.10/site-packages/acciones
[0.993s] copying /home/edub/ros2_ws/build/mi_pkg_python/build/lib/acciones/action_server.py -> /home/edub/ros2_ws/install/mi_pkg_python/lib/python3.10/site-packages/acciones
[0.994s] creating /home/edub/ros2_ws/install/mi_pkg_python/lib/python3.10/site-packages/proyecto
[0.994s] copying /home/edub/ros2_ws/build/mi_pkg_python/build/lib/proyecto/prueba_publicador.py -> /home/edub/ros2_ws/install/mi_pkg_python/lib/python3.10/site-packages/proyecto
[0.994s] copying /home/edub/ros2_ws/build/mi_pkg_python/build/lib/proyecto/puente_mqtt_ros2.py -> /home/edub/ros2_ws/install/mi_pkg_python/lib/python3.10/site-packages/proyecto
[0.994s] copying /home/edub/ros2_ws/build/mi_pkg_python/build/lib/proyecto/set.py -> /home/edub/ros2_ws/install/mi_pkg_python/lib/python3.10/site-packages/proyecto
[0.994s] copying /home/edub/ros2_ws/build/mi_pkg_python/build/lib/proyecto/fsm.py -> /home/edub/ros2_ws/install/mi_pkg_python/lib/python3.10/site-packages/proyecto
[0.994s] copying /home/edub/ros2_ws/build/mi_pkg_python/build/lib/proyecto/__init__.py -> /home/edub/ros2_ws/install/mi_pkg_python/lib/python3.10/site-packages/proyecto
[0.994s] byte-compiling /home/edub/ros2_ws/install/mi_pkg_python/lib/python3.10/site-packages/mi_pkg_python/apriltag_2.py to apriltag_2.cpython-310.pyc
[0.994s] byte-compiling /home/edub/ros2_ws/install/mi_pkg_python/lib/python3.10/site-packages/mi_pkg_python/apriltag_0.py to apriltag_0.cpython-310.pyc
[0.994s] byte-compiling /home/edub/ros2_ws/install/mi_pkg_python/lib/python3.10/site-packages/mi_pkg_python/0_tf2.py to 0_tf2.cpython-310.pyc
[0.994s] byte-compiling /home/edub/ros2_ws/install/mi_pkg_python/lib/python3.10/site-packages/mi_pkg_python/0_urdf_sub.py to 0_urdf_sub.cpython-310.pyc
[0.995s] byte-compiling /home/edub/ros2_ws/install/mi_pkg_python/lib/python3.10/site-packages/mi_pkg_python/urdf_mqtt.py to urdf_mqtt.cpython-310.pyc
[0.995s] byte-compiling /home/edub/ros2_ws/install/mi_pkg_python/lib/python3.10/site-packages/mi_pkg_python/suscriptor.py to suscriptor.cpython-310.pyc
[0.995s] byte-compiling /home/edub/ros2_ws/install/mi_pkg_python/lib/python3.10/site-packages/mi_pkg_python/apriltag_1.py to apriltag_1.cpython-310.pyc
[0.997s] byte-compiling /home/edub/ros2_ws/install/mi_pkg_python/lib/python3.10/site-packages/mi_pkg_python/puente_mqtt.py to puente_mqtt.cpython-310.pyc
[0.997s] byte-compiling /home/edub/ros2_ws/install/mi_pkg_python/lib/python3.10/site-packages/mi_pkg_python/__init__.py to __init__.cpython-310.pyc
[0.998s] byte-compiling /home/edub/ros2_ws/install/mi_pkg_python/lib/python3.10/site-packages/mi_pkg_python/publicador.py to publicador.cpython-310.pyc
[0.998s] byte-compiling /home/edub/ros2_ws/install/mi_pkg_python/lib/python3.10/site-packages/mi_pkg_python/0_urdf_pub.py to 0_urdf_pub.cpython-310.pyc
[0.998s] byte-compiling /home/edub/ros2_ws/install/mi_pkg_python/lib/python3.10/site-packages/servicios/srv_servidor.py to srv_servidor.cpython-310.pyc
[0.998s] byte-compiling /home/edub/ros2_ws/install/mi_pkg_python/lib/python3.10/site-packages/servicios/srv_cliente.py to srv_cliente.cpython-310.pyc
[0.998s] byte-compiling /home/edub/ros2_ws/install/mi_pkg_python/lib/python3.10/site-packages/servicios/__init__.py to __init__.cpython-310.pyc
[0.998s] byte-compiling /home/edub/ros2_ws/install/mi_pkg_python/lib/python3.10/site-packages/acciones/action_client.py to action_client.cpython-310.pyc
[0.999s] byte-compiling /home/edub/ros2_ws/install/mi_pkg_python/lib/python3.10/site-packages/acciones/__init__.py to __init__.cpython-310.pyc
[0.999s] byte-compiling /home/edub/ros2_ws/install/mi_pkg_python/lib/python3.10/site-packages/acciones/action_server.py to action_server.cpython-310.pyc
[1.000s] byte-compiling /home/edub/ros2_ws/install/mi_pkg_python/lib/python3.10/site-packages/proyecto/prueba_publicador.py to prueba_publicador.cpython-310.pyc
[1.001s] byte-compiling /home/edub/ros2_ws/install/mi_pkg_python/lib/python3.10/site-packages/proyecto/puente_mqtt_ros2.py to puente_mqtt_ros2.cpython-310.pyc
[1.003s] byte-compiling /home/edub/ros2_ws/install/mi_pkg_python/lib/python3.10/site-packages/proyecto/set.py to set.cpython-310.pyc
[1.003s] byte-compiling /home/edub/ros2_ws/install/mi_pkg_python/lib/python3.10/site-packages/proyecto/fsm.py to fsm.cpython-310.pyc
[1.006s] byte-compiling /home/edub/ros2_ws/install/mi_pkg_python/lib/python3.10/site-packages/proyecto/__init__.py to __init__.cpython-310.pyc
[1.006s] running install_data
[1.006s] creating /home/edub/ros2_ws/install/mi_pkg_python/share/ament_index
[1.006s] creating /home/edub/ros2_ws/install/mi_pkg_python/share/ament_index/resource_index
[1.006s] creating /home/edub/ros2_ws/install/mi_pkg_python/share/ament_index/resource_index/packages
[1.006s] copying resource/mi_pkg_python -> /home/edub/ros2_ws/install/mi_pkg_python/share/ament_index/resource_index/packages
[1.006s] copying package.xml -> /home/edub/ros2_ws/install/mi_pkg_python/share/mi_pkg_python
[1.007s] creating /home/edub/ros2_ws/install/mi_pkg_python/share/mi_pkg_python/urdf
[1.007s] copying urdf/ensamblaje.urdf -> /home/edub/ros2_ws/install/mi_pkg_python/share/mi_pkg_python/urdf
[1.007s] copying urdf/ensamblaje.urdf.xacro -> /home/edub/ros2_ws/install/mi_pkg_python/share/mi_pkg_python/urdf
[1.007s] creating /home/edub/ros2_ws/install/mi_pkg_python/share/mi_pkg_python/urdf/meshes
[1.007s] copying urdf/meshes/base_link.STL -> /home/edub/ros2_ws/install/mi_pkg_python/share/mi_pkg_python/urdf/meshes
[1.016s] copying urdf/meshes/brazo_link.STL -> /home/edub/ros2_ws/install/mi_pkg_python/share/mi_pkg_python/urdf/meshes
[1.020s] copying urdf/meshes/antebrazo_link.STL -> /home/edub/ros2_ws/install/mi_pkg_python/share/mi_pkg_python/urdf/meshes
[1.024s] copying urdf/meshes/efector_link.STL -> /home/edub/ros2_ws/install/mi_pkg_python/share/mi_pkg_python/urdf/meshes
[1.024s] creating /home/edub/ros2_ws/install/mi_pkg_python/share/mi_pkg_python/launch
[1.024s] copying launch/visualizar_rviz.launch.py -> /home/edub/ros2_ws/install/mi_pkg_python/share/mi_pkg_python/launch
[1.025s] copying launch/proyecto_rviz2.launch.py -> /home/edub/ros2_ws/install/mi_pkg_python/share/mi_pkg_python/launch
[1.025s] running install_egg_info
[1.026s] Copying ../../build/mi_pkg_python/mi_pkg_python.egg-info to /home/edub/ros2_ws/install/mi_pkg_python/lib/python3.10/site-packages/mi_pkg_python-0.0.0-py3.10.egg-info
[1.028s] running install_scripts
[1.053s] Installing 0_tf2 script to /home/edub/ros2_ws/install/mi_pkg_python/lib/mi_pkg_python
[1.053s] Installing 0_urdf_pub script to /home/edub/ros2_ws/install/mi_pkg_python/lib/mi_pkg_python
[1.053s] Installing 0_urdf_sub script to /home/edub/ros2_ws/install/mi_pkg_python/lib/mi_pkg_python
[1.054s] Installing action_cliente script to /home/edub/ros2_ws/install/mi_pkg_python/lib/mi_pkg_python
[1.054s] Installing action_servidor script to /home/edub/ros2_ws/install/mi_pkg_python/lib/mi_pkg_python
[1.054s] Installing apriltag_1 script to /home/edub/ros2_ws/install/mi_pkg_python/lib/mi_pkg_python
[1.054s] Installing apriltag_2 script to /home/edub/ros2_ws/install/mi_pkg_python/lib/mi_pkg_python
[1.054s] Installing cliente_1 script to /home/edub/ros2_ws/install/mi_pkg_python/lib/mi_pkg_python
[1.055s] Installing p_fsm script to /home/edub/ros2_ws/install/mi_pkg_python/lib/mi_pkg_python
[1.055s] Installing p_prueba script to /home/edub/ros2_ws/install/mi_pkg_python/lib/mi_pkg_python
[1.055s] Installing p_puente script to /home/edub/ros2_ws/install/mi_pkg_python/lib/mi_pkg_python
[1.055s] Installing p_set script to /home/edub/ros2_ws/install/mi_pkg_python/lib/mi_pkg_python
[1.055s] Installing publicador1 script to /home/edub/ros2_ws/install/mi_pkg_python/lib/mi_pkg_python
[1.055s] Installing puente_mqtt script to /home/edub/ros2_ws/install/mi_pkg_python/lib/mi_pkg_python
[1.055s] Installing servidor_1 script to /home/edub/ros2_ws/install/mi_pkg_python/lib/mi_pkg_python
[1.055s] Installing suscriptor1 script to /home/edub/ros2_ws/install/mi_pkg_python/lib/mi_pkg_python
[1.058s] Installing urdf_mqtt script to /home/edub/ros2_ws/install/mi_pkg_python/lib/mi_pkg_python
[1.058s] writing list of installed files to '/home/edub/ros2_ws/build/mi_pkg_python/install.log'
[1.110s] Invoked command in '/home/edub/ros2_ws/src/mi_pkg_python' returned '0': AMENT_PREFIX_PATH=/home/edub/ros2_ws/install/avig_msg:${AMENT_PREFIX_PATH} CMAKE_PREFIX_PATH=/home/edub/ros2_ws/install/avig_msg LD_LIBRARY_PATH=/home/edub/ros2_ws/install/avig_msg/lib:${LD_LIBRARY_PATH} PYTHONPATH=/home/edub/ros2_ws/build/mi_pkg_python/prefix_override:/usr/lib/python3/dist-packages/colcon_core/task/python/colcon_distutils_commands:/home/edub/ros2_ws/install/mi_pkg_python/lib/python3.10/site-packages:/home/edub/ros2_ws/install/avig_msg/local/lib/python3.10/dist-packages:${PYTHONPATH} /usr/bin/python3 -W ignore:setup.py install is deprecated -W ignore:easy_install command is deprecated setup.py egg_info --egg-base ../../build/mi_pkg_python build --build-base /home/edub/ros2_ws/build/mi_pkg_python/build install --record /home/edub/ros2_ws/build/mi_pkg_python/install.log --single-version-externally-managed install_data
