[0.099s] DEBUG:colcon:Command line arguments: ['/usr/bin/colcon', 'build']
[0.099s] DEBUG:colcon:Parsed command line arguments: Namespace(log_base=None, log_level=None, verb_name='build', build_base='build', install_base='install', merge_install=False, symlink_install=False, test_result_base=None, continue_on_error=False, executor='parallel', parallel_workers=6, event_handlers=None, ignore_user_meta=False, metas=['./colcon.meta'], base_paths=['.'], packages_ignore=None, packages_ignore_regex=None, paths=None, packages_up_to=None, packages_up_to_regex=None, packages_above=None, packages_above_and_dependencies=None, packages_above_depth=None, packages_select_by_dep=None, packages_skip_by_dep=None, packages_skip_up_to=None, packages_select_build_failed=False, packages_skip_build_finished=False, packages_select_test_failures=False, packages_skip_test_passed=False, packages_select=None, packages_skip=None, packages_select_regex=None, packages_skip_regex=None, packages_start=None, packages_end=None, allow_overriding=[], cmake_args=None, cmake_target=None, cmake_target_skip_unavailable=False, cmake_clean_cache=False, cmake_clean_first=False, cmake_force_configure=False, ament_cmake_args=None, catkin_cmake_args=None, catkin_skip_building_tests=False, verb_parser=<colcon_defaults.argument_parser.defaults.DefaultArgumentsDecorator object at 0x7de85395c040>, verb_extension=<colcon_core.verb.build.BuildVerb object at 0x7de853a5c310>, main=<bound method BuildVerb.main of <colcon_core.verb.build.BuildVerb object at 0x7de853a5c310>>)
[0.257s] Level 1:colcon.colcon_core.package_discovery:discover_packages(colcon_meta) check parameters
[0.257s] Level 1:colcon.colcon_core.package_discovery:discover_packages(recursive) check parameters
[0.257s] Level 1:colcon.colcon_core.package_discovery:discover_packages(ignore) check parameters
[0.257s] Level 1:colcon.colcon_core.package_discovery:discover_packages(path) check parameters
[0.257s] Level 1:colcon.colcon_core.package_discovery:discover_packages(colcon_meta) discover
[0.257s] Level 1:colcon.colcon_core.package_discovery:discover_packages(recursive) discover
[0.257s] INFO:colcon.colcon_core.package_discovery:Crawling recursively for packages in '/home/edub/ros2_ws'
[0.257s] Level 1:colcon.colcon_core.package_identification:_identify(.) by extensions ['ignore', 'ignore_ament_install']
[0.257s] Level 1:colcon.colcon_core.package_identification:_identify(.) by extension 'ignore'
[0.257s] Level 1:colcon.colcon_core.package_identification:_identify(.) by extension 'ignore_ament_install'
[0.257s] Level 1:colcon.colcon_core.package_identification:_identify(.) by extensions ['colcon_pkg']
[0.257s] Level 1:colcon.colcon_core.package_identification:_identify(.) by extension 'colcon_pkg'
[0.257s] Level 1:colcon.colcon_core.package_identification:_identify(.) by extensions ['colcon_meta']
[0.257s] Level 1:colcon.colcon_core.package_identification:_identify(.) by extension 'colcon_meta'
[0.257s] Level 1:colcon.colcon_core.package_identification:_identify(.) by extensions ['ros']
[0.257s] Level 1:colcon.colcon_core.package_identification:_identify(.) by extension 'ros'
[0.268s] Level 1:colcon.colcon_core.package_identification:_identify(.) by extensions ['cmake', 'python']
[0.268s] Level 1:colcon.colcon_core.package_identification:_identify(.) by extension 'cmake'
[0.268s] Level 1:colcon.colcon_core.package_identification:_identify(.) by extension 'python'
[0.268s] Level 1:colcon.colcon_core.package_identification:_identify(.) by extensions ['python_setup_py']
[0.268s] Level 1:colcon.colcon_core.package_identification:_identify(.) by extension 'python_setup_py'
[0.268s] Level 1:colcon.colcon_core.package_identification:_identify(build) by extensions ['ignore', 'ignore_ament_install']
[0.269s] Level 1:colcon.colcon_core.package_identification:_identify(build) by extension 'ignore'
[0.269s] Level 1:colcon.colcon_core.package_identification:_identify(build) ignored
[0.269s] Level 1:colcon.colcon_core.package_identification:_identify(install) by extensions ['ignore', 'ignore_ament_install']
[0.269s] Level 1:colcon.colcon_core.package_identification:_identify(install) by extension 'ignore'
[0.269s] Level 1:colcon.colcon_core.package_identification:_identify(install) ignored
[0.269s] Level 1:colcon.colcon_core.package_identification:_identify(log) by extensions ['ignore', 'ignore_ament_install']
[0.269s] Level 1:colcon.colcon_core.package_identification:_identify(log) by extension 'ignore'
[0.269s] Level 1:colcon.colcon_core.package_identification:_identify(log) ignored
[0.269s] Level 1:colcon.colcon_core.package_identification:_identify(src) by extensions ['ignore', 'ignore_ament_install']
[0.269s] Level 1:colcon.colcon_core.package_identification:_identify(src) by extension 'ignore'
[0.269s] Level 1:colcon.colcon_core.package_identification:_identify(src) by extension 'ignore_ament_install'
[0.269s] Level 1:colcon.colcon_core.package_identification:_identify(src) by extensions ['colcon_pkg']
[0.269s] Level 1:colcon.colcon_core.package_identification:_identify(src) by extension 'colcon_pkg'
[0.269s] Level 1:colcon.colcon_core.package_identification:_identify(src) by extensions ['colcon_meta']
[0.269s] Level 1:colcon.colcon_core.package_identification:_identify(src) by extension 'colcon_meta'
[0.269s] Level 1:colcon.colcon_core.package_identification:_identify(src) by extensions ['ros']
[0.269s] Level 1:colcon.colcon_core.package_identification:_identify(src) by extension 'ros'
[0.269s] Level 1:colcon.colcon_core.package_identification:_identify(src) by extensions ['cmake', 'python']
[0.269s] Level 1:colcon.colcon_core.package_identification:_identify(src) by extension 'cmake'
[0.269s] Level 1:colcon.colcon_core.package_identification:_identify(src) by extension 'python'
[0.270s] Level 1:colcon.colcon_core.package_identification:_identify(src) by extensions ['python_setup_py']
[0.270s] Level 1:colcon.colcon_core.package_identification:_identify(src) by extension 'python_setup_py'
[0.270s] Level 1:colcon.colcon_core.package_identification:_identify(src/avig_msg) by extensions ['ignore', 'ignore_ament_install']
[0.270s] Level 1:colcon.colcon_core.package_identification:_identify(src/avig_msg) by extension 'ignore'
[0.270s] Level 1:colcon.colcon_core.package_identification:_identify(src/avig_msg) by extension 'ignore_ament_install'
[0.270s] Level 1:colcon.colcon_core.package_identification:_identify(src/avig_msg) by extensions ['colcon_pkg']
[0.270s] Level 1:colcon.colcon_core.package_identification:_identify(src/avig_msg) by extension 'colcon_pkg'
[0.270s] Level 1:colcon.colcon_core.package_identification:_identify(src/avig_msg) by extensions ['colcon_meta']
[0.270s] Level 1:colcon.colcon_core.package_identification:_identify(src/avig_msg) by extension 'colcon_meta'
[0.270s] Level 1:colcon.colcon_core.package_identification:_identify(src/avig_msg) by extensions ['ros']
[0.270s] Level 1:colcon.colcon_core.package_identification:_identify(src/avig_msg) by extension 'ros'
[0.272s] DEBUG:colcon.colcon_core.package_identification:Package 'src/avig_msg' with type 'ros.ament_cmake' and name 'avig_msg'
[0.272s] Level 1:colcon.colcon_core.package_identification:_identify(src/mi_pkg_python) by extensions ['ignore', 'ignore_ament_install']
[0.272s] Level 1:colcon.colcon_core.package_identification:_identify(src/mi_pkg_python) by extension 'ignore'
[0.272s] Level 1:colcon.colcon_core.package_identification:_identify(src/mi_pkg_python) by extension 'ignore_ament_install'
[0.272s] Level 1:colcon.colcon_core.package_identification:_identify(src/mi_pkg_python) by extensions ['colcon_pkg']
[0.272s] Level 1:colcon.colcon_core.package_identification:_identify(src/mi_pkg_python) by extension 'colcon_pkg'
[0.272s] Level 1:colcon.colcon_core.package_identification:_identify(src/mi_pkg_python) by extensions ['colcon_meta']
[0.273s] Level 1:colcon.colcon_core.package_identification:_identify(src/mi_pkg_python) by extension 'colcon_meta'
[0.273s] Level 1:colcon.colcon_core.package_identification:_identify(src/mi_pkg_python) by extensions ['ros']
[0.273s] Level 1:colcon.colcon_core.package_identification:_identify(src/mi_pkg_python) by extension 'ros'
[0.273s] DEBUG:colcon.colcon_core.package_identification:Package 'src/mi_pkg_python' with type 'ros.ament_python' and name 'mi_pkg_python'
[0.273s] Level 1:colcon.colcon_core.package_discovery:discover_packages(recursive) using defaults
[0.273s] Level 1:colcon.colcon_core.package_discovery:discover_packages(ignore) discover
[0.273s] Level 1:colcon.colcon_core.package_discovery:discover_packages(ignore) using defaults
[0.273s] Level 1:colcon.colcon_core.package_discovery:discover_packages(path) discover
[0.274s] Level 1:colcon.colcon_core.package_discovery:discover_packages(path) using defaults
[0.293s] Level 1:colcon.colcon_core.package_discovery:discover_packages(prefix_path) check parameters
[0.293s] Level 1:colcon.colcon_core.package_discovery:discover_packages(prefix_path) discover
[0.295s] DEBUG:colcon.colcon_installed_package_information.package_discovery:Found 2 installed packages in /home/edub/ros2_ws/install
[0.296s] DEBUG:colcon.colcon_installed_package_information.package_discovery:Found 275 installed packages in /opt/ros/humble
[0.298s] Level 1:colcon.colcon_core.package_discovery:discover_packages(prefix_path) using defaults
[0.341s] Level 5:colcon.colcon_core.verb:set package 'avig_msg' build argument 'cmake_args' from command line to 'None'
[0.341s] Level 5:colcon.colcon_core.verb:set package 'avig_msg' build argument 'cmake_target' from command line to 'None'
[0.341s] Level 5:colcon.colcon_core.verb:set package 'avig_msg' build argument 'cmake_target_skip_unavailable' from command line to 'False'
[0.341s] Level 5:colcon.colcon_core.verb:set package 'avig_msg' build argument 'cmake_clean_cache' from command line to 'False'
[0.341s] Level 5:colcon.colcon_core.verb:set package 'avig_msg' build argument 'cmake_clean_first' from command line to 'False'
[0.341s] Level 5:colcon.colcon_core.verb:set package 'avig_msg' build argument 'cmake_force_configure' from command line to 'False'
[0.341s] Level 5:colcon.colcon_core.verb:set package 'avig_msg' build argument 'ament_cmake_args' from command line to 'None'
[0.341s] Level 5:colcon.colcon_core.verb:set package 'avig_msg' build argument 'catkin_cmake_args' from command line to 'None'
[0.341s] Level 5:colcon.colcon_core.verb:set package 'avig_msg' build argument 'catkin_skip_building_tests' from command line to 'False'
[0.341s] DEBUG:colcon.colcon_core.verb:Building package 'avig_msg' with the following arguments: {'ament_cmake_args': None, 'build_base': '/home/edub/ros2_ws/build/avig_msg', 'catkin_cmake_args': None, 'catkin_skip_building_tests': False, 'cmake_args': None, 'cmake_clean_cache': False, 'cmake_clean_first': False, 'cmake_force_configure': False, 'cmake_target': None, 'cmake_target_skip_unavailable': False, 'install_base': '/home/edub/ros2_ws/install/avig_msg', 'merge_install': False, 'path': '/home/edub/ros2_ws/src/avig_msg', 'symlink_install': False, 'test_result_base': None}
[0.342s] Level 5:colcon.colcon_core.verb:set package 'mi_pkg_python' build argument 'cmake_args' from command line to 'None'
[0.342s] Level 5:colcon.colcon_core.verb:set package 'mi_pkg_python' build argument 'cmake_target' from command line to 'None'
[0.342s] Level 5:colcon.colcon_core.verb:set package 'mi_pkg_python' build argument 'cmake_target_skip_unavailable' from command line to 'False'
[0.342s] Level 5:colcon.colcon_core.verb:set package 'mi_pkg_python' build argument 'cmake_clean_cache' from command line to 'False'
[0.342s] Level 5:colcon.colcon_core.verb:set package 'mi_pkg_python' build argument 'cmake_clean_first' from command line to 'False'
[0.342s] Level 5:colcon.colcon_core.verb:set package 'mi_pkg_python' build argument 'cmake_force_configure' from command line to 'False'
[0.342s] Level 5:colcon.colcon_core.verb:set package 'mi_pkg_python' build argument 'ament_cmake_args' from command line to 'None'
[0.342s] Level 5:colcon.colcon_core.verb:set package 'mi_pkg_python' build argument 'catkin_cmake_args' from command line to 'None'
[0.342s] Level 5:colcon.colcon_core.verb:set package 'mi_pkg_python' build argument 'catkin_skip_building_tests' from command line to 'False'
[0.342s] DEBUG:colcon.colcon_core.verb:Building package 'mi_pkg_python' with the following arguments: {'ament_cmake_args': None, 'build_base': '/home/edub/ros2_ws/build/mi_pkg_python', 'catkin_cmake_args': None, 'catkin_skip_building_tests': False, 'cmake_args': None, 'cmake_clean_cache': False, 'cmake_clean_first': False, 'cmake_force_configure': False, 'cmake_target': None, 'cmake_target_skip_unavailable': False, 'install_base': '/home/edub/ros2_ws/install/mi_pkg_python', 'merge_install': False, 'path': '/home/edub/ros2_ws/src/mi_pkg_python', 'symlink_install': False, 'test_result_base': None}
[0.342s] INFO:colcon.colcon_core.executor:Executing jobs using 'parallel' executor
[0.343s] DEBUG:colcon.colcon_parallel_executor.executor.parallel:run_until_complete
[0.344s] INFO:colcon.colcon_ros.task.ament_cmake.build:Building ROS package in '/home/edub/ros2_ws/src/avig_msg' with build type 'ament_cmake'
[0.344s] INFO:colcon.colcon_cmake.task.cmake.build:Building CMake package in '/home/edub/ros2_ws/src/avig_msg'
[0.346s] INFO:colcon.colcon_core.plugin_system:Skipping extension 'colcon_core.shell.bat': Not used on non-Windows systems
[0.346s] INFO:colcon.colcon_core.shell:Skip shell extension 'powershell' for command environment: Not usable outside of PowerShell
[0.346s] DEBUG:colcon.colcon_core.shell:Skip shell extension 'dsv' for command environment
[0.349s] INFO:colcon.colcon_ros.task.ament_python.build:Building ROS package in '/home/edub/ros2_ws/src/mi_pkg_python' with build type 'ament_python'
[0.350s] Level 1:colcon.colcon_core.shell:create_environment_hook('mi_pkg_python', 'ament_prefix_path')
[0.350s] INFO:colcon.colcon_core.shell:Creating environment hook '/home/edub/ros2_ws/install/mi_pkg_python/share/mi_pkg_python/hook/ament_prefix_path.ps1'
[0.351s] INFO:colcon.colcon_core.shell:Creating environment descriptor '/home/edub/ros2_ws/install/mi_pkg_python/share/mi_pkg_python/hook/ament_prefix_path.dsv'
[0.351s] INFO:colcon.colcon_core.shell:Creating environment hook '/home/edub/ros2_ws/install/mi_pkg_python/share/mi_pkg_python/hook/ament_prefix_path.sh'
[0.353s] INFO:colcon.colcon_core.shell:Skip shell extension 'powershell' for command environment: Not usable outside of PowerShell
[0.353s] DEBUG:colcon.colcon_core.shell:Skip shell extension 'dsv' for command environment
[0.362s] DEBUG:colcon.colcon_core.event_handler.log_command:Invoking command in '/home/edub/ros2_ws/build/avig_msg': CMAKE_PREFIX_PATH=${CMAKE_PREFIX_PATH}:/home/edub/ros2_ws/install/mi_pkg_python:/opt/ros/humble /usr/bin/cmake --build /home/edub/ros2_ws/build/avig_msg -- -j6 -l6
[0.631s] INFO:colcon.colcon_core.task.python.build:Building Python package in '/home/edub/ros2_ws/src/mi_pkg_python'
[0.632s] INFO:colcon.colcon_core.shell:Skip shell extension 'powershell' for command environment: Not usable outside of PowerShell
[0.632s] DEBUG:colcon.colcon_core.shell:Skip shell extension 'dsv' for command environment
[0.959s] DEBUG:colcon.colcon_core.event_handler.log_command:Invoking command in '/home/edub/ros2_ws/src/mi_pkg_python': PYTHONPATH=/home/edub/ros2_ws/build/mi_pkg_python/prefix_override:/usr/lib/python3/dist-packages/colcon_core/task/python/colcon_distutils_commands:/home/edub/ros2_ws/install/mi_pkg_python/lib/python3.10/site-packages:${PYTHONPATH} /usr/bin/python3 -W ignore:setup.py install is deprecated -W ignore:easy_install command is deprecated setup.py egg_info --egg-base ../../build/mi_pkg_python build --build-base /home/edub/ros2_ws/build/mi_pkg_python/build install --record /home/edub/ros2_ws/build/mi_pkg_python/install.log --single-version-externally-managed install_data
[1.023s] DEBUG:colcon.colcon_core.event_handler.log_command:Invoked command in '/home/edub/ros2_ws/build/avig_msg' returned '0': CMAKE_PREFIX_PATH=${CMAKE_PREFIX_PATH}:/home/edub/ros2_ws/install/mi_pkg_python:/opt/ros/humble /usr/bin/cmake --build /home/edub/ros2_ws/build/avig_msg -- -j6 -l6
[1.032s] DEBUG:colcon.colcon_core.event_handler.log_command:Invoking command in '/home/edub/ros2_ws/build/avig_msg': CMAKE_PREFIX_PATH=${CMAKE_PREFIX_PATH}:/home/edub/ros2_ws/install/mi_pkg_python:/opt/ros/humble /usr/bin/cmake --install /home/edub/ros2_ws/build/avig_msg
[1.100s] Level 1:colcon.colcon_core.environment:create_environment_scripts_only(avig_msg)
[1.102s] Level 1:colcon.colcon_core.environment:checking '/home/edub/ros2_ws/install/avig_msg' for CMake module files
[1.102s] Level 1:colcon.colcon_core.environment:checking '/home/edub/ros2_ws/install/avig_msg' for CMake config files
[1.103s] Level 1:colcon.colcon_core.shell:create_environment_hook('avig_msg', 'cmake_prefix_path')
[1.103s] INFO:colcon.colcon_core.shell:Creating environment hook '/home/edub/ros2_ws/install/avig_msg/share/avig_msg/hook/cmake_prefix_path.ps1'
[1.103s] DEBUG:colcon.colcon_core.event_handler.log_command:Invoked command in '/home/edub/ros2_ws/build/avig_msg' returned '0': CMAKE_PREFIX_PATH=${CMAKE_PREFIX_PATH}:/home/edub/ros2_ws/install/mi_pkg_python:/opt/ros/humble /usr/bin/cmake --install /home/edub/ros2_ws/build/avig_msg
[1.104s] INFO:colcon.colcon_core.shell:Creating environment descriptor '/home/edub/ros2_ws/install/avig_msg/share/avig_msg/hook/cmake_prefix_path.dsv'
[1.104s] INFO:colcon.colcon_core.shell:Creating environment hook '/home/edub/ros2_ws/install/avig_msg/share/avig_msg/hook/cmake_prefix_path.sh'
[1.105s] Level 1:colcon.colcon_core.environment:checking '/home/edub/ros2_ws/install/avig_msg/lib'
[1.105s] Level 1:colcon.colcon_core.shell:create_environment_hook('avig_msg', 'ld_library_path_lib')
[1.105s] INFO:colcon.colcon_core.shell:Creating environment hook '/home/edub/ros2_ws/install/avig_msg/share/avig_msg/hook/ld_library_path_lib.ps1'
[1.105s] INFO:colcon.colcon_core.shell:Creating environment descriptor '/home/edub/ros2_ws/install/avig_msg/share/avig_msg/hook/ld_library_path_lib.dsv'
[1.106s] INFO:colcon.colcon_core.shell:Creating environment hook '/home/edub/ros2_ws/install/avig_msg/share/avig_msg/hook/ld_library_path_lib.sh'
[1.106s] Level 1:colcon.colcon_core.environment:checking '/home/edub/ros2_ws/install/avig_msg/bin'
[1.106s] Level 1:colcon.colcon_core.environment:checking '/home/edub/ros2_ws/install/avig_msg/lib/pkgconfig/avig_msg.pc'
[1.106s] Level 1:colcon.colcon_core.environment:checking '/home/edub/ros2_ws/install/avig_msg/lib/python3.10/site-packages'
[1.107s] Level 1:colcon.colcon_core.environment:checking '/home/edub/ros2_ws/install/avig_msg/bin'
[1.107s] INFO:colcon.colcon_core.shell:Creating package script '/home/edub/ros2_ws/install/avig_msg/share/avig_msg/package.ps1'
[1.108s] INFO:colcon.colcon_core.shell:Creating package descriptor '/home/edub/ros2_ws/install/avig_msg/share/avig_msg/package.dsv'
[1.108s] INFO:colcon.colcon_core.shell:Creating package script '/home/edub/ros2_ws/install/avig_msg/share/avig_msg/package.sh'
[1.109s] INFO:colcon.colcon_core.shell:Creating package script '/home/edub/ros2_ws/install/avig_msg/share/avig_msg/package.bash'
[1.110s] INFO:colcon.colcon_core.shell:Creating package script '/home/edub/ros2_ws/install/avig_msg/share/avig_msg/package.zsh'
[1.110s] Level 1:colcon.colcon_core.environment:create_file_with_runtime_dependencies(/home/edub/ros2_ws/install/avig_msg/share/colcon-core/packages/avig_msg)
[1.111s] Level 1:colcon.colcon_core.environment:create_environment_scripts_only(avig_msg)
[1.111s] Level 1:colcon.colcon_core.environment:checking '/home/edub/ros2_ws/install/avig_msg' for CMake module files
[1.112s] Level 1:colcon.colcon_core.environment:checking '/home/edub/ros2_ws/install/avig_msg' for CMake config files
[1.112s] Level 1:colcon.colcon_core.shell:create_environment_hook('avig_msg', 'cmake_prefix_path')
[1.112s] INFO:colcon.colcon_core.shell:Creating environment hook '/home/edub/ros2_ws/install/avig_msg/share/avig_msg/hook/cmake_prefix_path.ps1'
[1.113s] INFO:colcon.colcon_core.shell:Creating environment descriptor '/home/edub/ros2_ws/install/avig_msg/share/avig_msg/hook/cmake_prefix_path.dsv'
[1.113s] INFO:colcon.colcon_core.shell:Creating environment hook '/home/edub/ros2_ws/install/avig_msg/share/avig_msg/hook/cmake_prefix_path.sh'
[1.114s] Level 1:colcon.colcon_core.environment:checking '/home/edub/ros2_ws/install/avig_msg/lib'
[1.114s] Level 1:colcon.colcon_core.shell:create_environment_hook('avig_msg', 'ld_library_path_lib')
[1.114s] INFO:colcon.colcon_core.shell:Creating environment hook '/home/edub/ros2_ws/install/avig_msg/share/avig_msg/hook/ld_library_path_lib.ps1'
[1.115s] INFO:colcon.colcon_core.shell:Creating environment descriptor '/home/edub/ros2_ws/install/avig_msg/share/avig_msg/hook/ld_library_path_lib.dsv'
[1.115s] INFO:colcon.colcon_core.shell:Creating environment hook '/home/edub/ros2_ws/install/avig_msg/share/avig_msg/hook/ld_library_path_lib.sh'
[1.115s] Level 1:colcon.colcon_core.environment:checking '/home/edub/ros2_ws/install/avig_msg/bin'
[1.115s] Level 1:colcon.colcon_core.environment:checking '/home/edub/ros2_ws/install/avig_msg/lib/pkgconfig/avig_msg.pc'
[1.116s] Level 1:colcon.colcon_core.environment:checking '/home/edub/ros2_ws/install/avig_msg/lib/python3.10/site-packages'
[1.116s] Level 1:colcon.colcon_core.environment:checking '/home/edub/ros2_ws/install/avig_msg/bin'
[1.116s] INFO:colcon.colcon_core.shell:Creating package script '/home/edub/ros2_ws/install/avig_msg/share/avig_msg/package.ps1'
[1.117s] INFO:colcon.colcon_core.shell:Creating package descriptor '/home/edub/ros2_ws/install/avig_msg/share/avig_msg/package.dsv'
[1.117s] INFO:colcon.colcon_core.shell:Creating package script '/home/edub/ros2_ws/install/avig_msg/share/avig_msg/package.sh'
[1.118s] INFO:colcon.colcon_core.shell:Creating package script '/home/edub/ros2_ws/install/avig_msg/share/avig_msg/package.bash'
[1.118s] INFO:colcon.colcon_core.shell:Creating package script '/home/edub/ros2_ws/install/avig_msg/share/avig_msg/package.zsh'
[1.118s] Level 1:colcon.colcon_core.environment:create_file_with_runtime_dependencies(/home/edub/ros2_ws/install/avig_msg/share/colcon-core/packages/avig_msg)
[1.267s] Level 1:colcon.colcon_core.environment:checking '/home/edub/ros2_ws/install/mi_pkg_python' for CMake module files
[1.267s] DEBUG:colcon.colcon_core.event_handler.log_command:Invoked command in '/home/edub/ros2_ws/src/mi_pkg_python' returned '0': PYTHONPATH=/home/edub/ros2_ws/build/mi_pkg_python/prefix_override:/usr/lib/python3/dist-packages/colcon_core/task/python/colcon_distutils_commands:/home/edub/ros2_ws/install/mi_pkg_python/lib/python3.10/site-packages:${PYTHONPATH} /usr/bin/python3 -W ignore:setup.py install is deprecated -W ignore:easy_install command is deprecated setup.py egg_info --egg-base ../../build/mi_pkg_python build --build-base /home/edub/ros2_ws/build/mi_pkg_python/build install --record /home/edub/ros2_ws/build/mi_pkg_python/install.log --single-version-externally-managed install_data
[1.268s] Level 1:colcon.colcon_core.environment:checking '/home/edub/ros2_ws/install/mi_pkg_python' for CMake config files
[1.268s] Level 1:colcon.colcon_core.environment:checking '/home/edub/ros2_ws/install/mi_pkg_python/lib'
[1.268s] Level 1:colcon.colcon_core.environment:checking '/home/edub/ros2_ws/install/mi_pkg_python/bin'
[1.268s] Level 1:colcon.colcon_core.environment:checking '/home/edub/ros2_ws/install/mi_pkg_python/lib/pkgconfig/mi_pkg_python.pc'
[1.268s] Level 1:colcon.colcon_core.environment:checking '/home/edub/ros2_ws/install/mi_pkg_python/lib/python3.10/site-packages'
[1.269s] Level 1:colcon.colcon_core.shell:create_environment_hook('mi_pkg_python', 'pythonpath')
[1.269s] INFO:colcon.colcon_core.shell:Creating environment hook '/home/edub/ros2_ws/install/mi_pkg_python/share/mi_pkg_python/hook/pythonpath.ps1'
[1.269s] INFO:colcon.colcon_core.shell:Creating environment descriptor '/home/edub/ros2_ws/install/mi_pkg_python/share/mi_pkg_python/hook/pythonpath.dsv'
[1.270s] INFO:colcon.colcon_core.shell:Creating environment hook '/home/edub/ros2_ws/install/mi_pkg_python/share/mi_pkg_python/hook/pythonpath.sh'
[1.270s] Level 1:colcon.colcon_core.environment:checking '/home/edub/ros2_ws/install/mi_pkg_python/bin'
[1.270s] Level 1:colcon.colcon_core.environment:create_environment_scripts_only(mi_pkg_python)
[1.271s] INFO:colcon.colcon_core.shell:Creating package script '/home/edub/ros2_ws/install/mi_pkg_python/share/mi_pkg_python/package.ps1'
[1.271s] INFO:colcon.colcon_core.shell:Creating package descriptor '/home/edub/ros2_ws/install/mi_pkg_python/share/mi_pkg_python/package.dsv'
[1.271s] INFO:colcon.colcon_core.shell:Creating package script '/home/edub/ros2_ws/install/mi_pkg_python/share/mi_pkg_python/package.sh'
[1.272s] INFO:colcon.colcon_core.shell:Creating package script '/home/edub/ros2_ws/install/mi_pkg_python/share/mi_pkg_python/package.bash'
[1.272s] INFO:colcon.colcon_core.shell:Creating package script '/home/edub/ros2_ws/install/mi_pkg_python/share/mi_pkg_python/package.zsh'
[1.272s] Level 1:colcon.colcon_core.environment:create_file_with_runtime_dependencies(/home/edub/ros2_ws/install/mi_pkg_python/share/colcon-core/packages/mi_pkg_python)
[1.273s] DEBUG:colcon.colcon_parallel_executor.executor.parallel:closing loop
[1.273s] DEBUG:colcon.colcon_parallel_executor.executor.parallel:loop closed
[1.273s] DEBUG:colcon.colcon_parallel_executor.executor.parallel:run_until_complete finished with '0'
[1.273s] DEBUG:colcon.colcon_core.event_reactor:joining thread
[1.278s] INFO:colcon.colcon_core.plugin_system:Skipping extension 'colcon_notification.desktop_notification.terminal_notifier': Not used on non-Darwin systems
[1.278s] INFO:colcon.colcon_core.plugin_system:Skipping extension 'colcon_notification.desktop_notification.win32': Not used on non-Windows systems
[1.278s] INFO:colcon.colcon_notification.desktop_notification:Sending desktop notification using 'notify2'
[1.291s] DEBUG:colcon.colcon_core.event_reactor:joined thread
[1.291s] INFO:colcon.colcon_core.shell:Creating prefix script '/home/edub/ros2_ws/install/local_setup.ps1'
[1.292s] INFO:colcon.colcon_core.shell:Creating prefix util module '/home/edub/ros2_ws/install/_local_setup_util_ps1.py'
[1.293s] INFO:colcon.colcon_core.shell:Creating prefix chain script '/home/edub/ros2_ws/install/setup.ps1'
[1.294s] INFO:colcon.colcon_core.shell:Creating prefix script '/home/edub/ros2_ws/install/local_setup.sh'
[1.295s] INFO:colcon.colcon_core.shell:Creating prefix util module '/home/edub/ros2_ws/install/_local_setup_util_sh.py'
[1.296s] INFO:colcon.colcon_core.shell:Creating prefix chain script '/home/edub/ros2_ws/install/setup.sh'
[1.297s] INFO:colcon.colcon_core.shell:Creating prefix script '/home/edub/ros2_ws/install/local_setup.bash'
[1.298s] INFO:colcon.colcon_core.shell:Creating prefix chain script '/home/edub/ros2_ws/install/setup.bash'
[1.300s] INFO:colcon.colcon_core.shell:Creating prefix script '/home/edub/ros2_ws/install/local_setup.zsh'
[1.301s] INFO:colcon.colcon_core.shell:Creating prefix chain script '/home/edub/ros2_ws/install/setup.zsh'
