[0.011s] Invoking command in '/home/edub/ros2_ws/build/avig_msg': CMAKE_PREFIX_PATH=${CMAKE_PREFIX_PATH}:/home/edub/ros2_ws/install/mi_pkg_python:/opt/ros/humble /usr/bin/cmake --build /home/edub/ros2_ws/build/avig_msg -- -j6 -l6
[0.065s] [ 10%] Built target avig_msg__rosidl_generator_c
[0.066s] [ 12%] Built target avig_msg__cpp
[0.077s] [ 12%] Built target ament_cmake_python_copy_avig_msg
[0.090s] [ 23%] Built target avig_msg__rosidl_typesupport_c
[0.091s] [ 34%] Built target avig_msg__rosidl_typesupport_fastrtps_c
[0.092s] [ 45%] Built target avig_msg__rosidl_typesupport_introspection_c
[0.095s] [ 56%] Built target avig_msg__rosidl_typesupport_cpp
[0.095s] [ 67%] Built target avig_msg__rosidl_typesupport_fastrtps_cpp
[0.102s] [ 78%] Built target avig_msg__rosidl_typesupport_introspection_cpp
[0.122s] [ 78%] Built target avig_msg
[0.149s] [ 80%] Built target avig_msg__py
[0.171s] [ 89%] Built target avig_msg__rosidl_generator_py
[0.194s] [ 92%] Built target avig_msg__rosidl_typesupport_fastrtps_c__pyext
[0.194s] [100%] Built target avig_msg__rosidl_typesupport_c__pyext
[0.195s] [100%] Built target avig_msg__rosidl_typesupport_introspection_c__pyext
[0.349s] running egg_info
[0.350s] writing avig_msg.egg-info/PKG-INFO
[0.350s] writing dependency_links to avig_msg.egg-info/dependency_links.txt
[0.351s] writing top-level names to avig_msg.egg-info/top_level.txt
[0.353s] reading manifest file 'avig_msg.egg-info/SOURCES.txt'
[0.354s] writing manifest file 'avig_msg.egg-info/SOURCES.txt'
[0.381s] [100%] Built target ament_cmake_python_build_avig_msg_egg
[0.393s] Invoked command in '/home/edub/ros2_ws/build/avig_msg' returned '0': CMAKE_PREFIX_PATH=${CMAKE_PREFIX_PATH}:/home/edub/ros2_ws/install/mi_pkg_python:/opt/ros/humble /usr/bin/cmake --build /home/edub/ros2_ws/build/avig_msg -- -j6 -l6
[0.401s] Invoking command in '/home/edub/ros2_ws/build/avig_msg': CMAKE_PREFIX_PATH=${CMAKE_PREFIX_PATH}:/home/edub/ros2_ws/install/mi_pkg_python:/opt/ros/humble /usr/bin/cmake --install /home/edub/ros2_ws/build/avig_msg
[0.408s] -- Install configuration: ""
[0.408s] -- Up-to-date: /home/edub/ros2_ws/install/avig_msg/share/ament_index/resource_index/rosidl_interfaces/avig_msg
[0.408s] -- Up-to-date: /home/edub/ros2_ws/install/avig_msg/include/avig_msg/avig_msg
[0.408s] -- Up-to-date: /home/edub/ros2_ws/install/avig_msg/include/avig_msg/avig_msg/action
[0.408s] -- Up-to-date: /home/edub/ros2_ws/install/avig_msg/include/avig_msg/avig_msg/action/detail
[0.408s] -- Up-to-date: /home/edub/ros2_ws/install/avig_msg/include/avig_msg/avig_msg/action/detail/mover_a__functions.h
[0.409s] -- Up-to-date: /home/edub/ros2_ws/install/avig_msg/include/avig_msg/avig_msg/action/detail/mover_a__functions.c
[0.409s] -- Up-to-date: /home/edub/ros2_ws/install/avig_msg/include/avig_msg/avig_msg/action/detail/mover_a__type_support.h
[0.409s] -- Up-to-date: /home/edub/ros2_ws/install/avig_msg/include/avig_msg/avig_msg/action/detail/mover_a__struct.h
[0.409s] -- Up-to-date: /home/edub/ros2_ws/install/avig_msg/include/avig_msg/avig_msg/action/mover_a.h
[0.409s] -- Up-to-date: /home/edub/ros2_ws/install/avig_msg/include/avig_msg/avig_msg/srv
[0.409s] -- Up-to-date: /home/edub/ros2_ws/install/avig_msg/include/avig_msg/avig_msg/srv/detail
[0.409s] -- Up-to-date: /home/edub/ros2_ws/install/avig_msg/include/avig_msg/avig_msg/srv/detail/heuristica__functions.h
[0.409s] -- Up-to-date: /home/edub/ros2_ws/install/avig_msg/include/avig_msg/avig_msg/srv/detail/heuristica__struct.h
[0.409s] -- Up-to-date: /home/edub/ros2_ws/install/avig_msg/include/avig_msg/avig_msg/srv/detail/heuristica__functions.c
[0.409s] -- Up-to-date: /home/edub/ros2_ws/install/avig_msg/include/avig_msg/avig_msg/srv/detail/heuristica__type_support.h
[0.410s] -- Up-to-date: /home/edub/ros2_ws/install/avig_msg/include/avig_msg/avig_msg/srv/heuristica.h
[0.410s] -- Up-to-date: /home/edub/ros2_ws/install/avig_msg/include/avig_msg/avig_msg/msg
[0.410s] -- Up-to-date: /home/edub/ros2_ws/install/avig_msg/include/avig_msg/avig_msg/msg/detail
[0.410s] -- Up-to-date: /home/edub/ros2_ws/install/avig_msg/include/avig_msg/avig_msg/msg/detail/april_tag_pixel_array__functions.c
[0.410s] -- Up-to-date: /home/edub/ros2_ws/install/avig_msg/include/avig_msg/avig_msg/msg/detail/april_tag_pixel_array__struct.h
[0.410s] -- Up-to-date: /home/edub/ros2_ws/install/avig_msg/include/avig_msg/avig_msg/msg/detail/april_tag_pixel__functions.c
[0.410s] -- Up-to-date: /home/edub/ros2_ws/install/avig_msg/include/avig_msg/avig_msg/msg/detail/april_tag_pixel__struct.h
[0.410s] -- Up-to-date: /home/edub/ros2_ws/install/avig_msg/include/avig_msg/avig_msg/msg/detail/april_tag_pixel_array__functions.h
[0.410s] -- Up-to-date: /home/edub/ros2_ws/install/avig_msg/include/avig_msg/avig_msg/msg/detail/april_tag_pixel_array__type_support.h
[0.410s] -- Up-to-date: /home/edub/ros2_ws/install/avig_msg/include/avig_msg/avig_msg/msg/detail/april_tag_pixel__type_support.h
[0.410s] -- Up-to-date: /home/edub/ros2_ws/install/avig_msg/include/avig_msg/avig_msg/msg/detail/april_tag_pixel__functions.h
[0.410s] -- Up-to-date: /home/edub/ros2_ws/install/avig_msg/include/avig_msg/avig_msg/msg/april_tag_pixel.h
[0.411s] -- Up-to-date: /home/edub/ros2_ws/install/avig_msg/include/avig_msg/avig_msg/msg/april_tag_pixel_array.h
[0.411s] -- Up-to-date: /home/edub/ros2_ws/install/avig_msg/include/avig_msg/avig_msg/msg/rosidl_generator_c__visibility_control.h
[0.411s] -- Up-to-date: /home/edub/ros2_ws/install/avig_msg/share/avig_msg/environment/library_path.sh
[0.411s] -- Up-to-date: /home/edub/ros2_ws/install/avig_msg/share/avig_msg/environment/library_path.dsv
[0.411s] -- Up-to-date: /home/edub/ros2_ws/install/avig_msg/lib/libavig_msg__rosidl_generator_c.so
[0.411s] -- Up-to-date: /home/edub/ros2_ws/install/avig_msg/include/avig_msg/avig_msg
[0.411s] -- Up-to-date: /home/edub/ros2_ws/install/avig_msg/include/avig_msg/avig_msg/action
[0.411s] -- Up-to-date: /home/edub/ros2_ws/install/avig_msg/include/avig_msg/avig_msg/action/detail
[0.411s] -- Up-to-date: /home/edub/ros2_ws/install/avig_msg/include/avig_msg/avig_msg/action/detail/mover_a__rosidl_typesupport_fastrtps_c.h
[0.411s] -- Up-to-date: /home/edub/ros2_ws/install/avig_msg/include/avig_msg/avig_msg/srv
[0.411s] -- Up-to-date: /home/edub/ros2_ws/install/avig_msg/include/avig_msg/avig_msg/srv/detail
[0.411s] -- Up-to-date: /home/edub/ros2_ws/install/avig_msg/include/avig_msg/avig_msg/srv/detail/heuristica__rosidl_typesupport_fastrtps_c.h
[0.411s] -- Up-to-date: /home/edub/ros2_ws/install/avig_msg/include/avig_msg/avig_msg/msg
[0.411s] -- Up-to-date: /home/edub/ros2_ws/install/avig_msg/include/avig_msg/avig_msg/msg/detail
[0.411s] -- Up-to-date: /home/edub/ros2_ws/install/avig_msg/include/avig_msg/avig_msg/msg/detail/april_tag_pixel_array__rosidl_typesupport_fastrtps_c.h
[0.411s] -- Up-to-date: /home/edub/ros2_ws/install/avig_msg/include/avig_msg/avig_msg/msg/detail/april_tag_pixel__rosidl_typesupport_fastrtps_c.h
[0.411s] -- Up-to-date: /home/edub/ros2_ws/install/avig_msg/include/avig_msg/avig_msg/msg/rosidl_typesupport_fastrtps_c__visibility_control.h
[0.411s] -- Up-to-date: /home/edub/ros2_ws/install/avig_msg/lib/libavig_msg__rosidl_typesupport_fastrtps_c.so
[0.412s] -- Up-to-date: /home/edub/ros2_ws/install/avig_msg/include/avig_msg/avig_msg
[0.412s] -- Up-to-date: /home/edub/ros2_ws/install/avig_msg/include/avig_msg/avig_msg/action
[0.412s] -- Up-to-date: /home/edub/ros2_ws/install/avig_msg/include/avig_msg/avig_msg/action/detail
[0.412s] -- Up-to-date: /home/edub/ros2_ws/install/avig_msg/include/avig_msg/avig_msg/action/detail/mover_a__rosidl_typesupport_introspection_c.h
[0.412s] -- Up-to-date: /home/edub/ros2_ws/install/avig_msg/include/avig_msg/avig_msg/action/detail/mover_a__type_support.c
[0.412s] -- Up-to-date: /home/edub/ros2_ws/install/avig_msg/include/avig_msg/avig_msg/srv
[0.412s] -- Up-to-date: /home/edub/ros2_ws/install/avig_msg/include/avig_msg/avig_msg/srv/detail
[0.412s] -- Up-to-date: /home/edub/ros2_ws/install/avig_msg/include/avig_msg/avig_msg/srv/detail/heuristica__rosidl_typesupport_introspection_c.h
[0.412s] -- Up-to-date: /home/edub/ros2_ws/install/avig_msg/include/avig_msg/avig_msg/srv/detail/heuristica__type_support.c
[0.412s] -- Up-to-date: /home/edub/ros2_ws/install/avig_msg/include/avig_msg/avig_msg/msg
[0.412s] -- Up-to-date: /home/edub/ros2_ws/install/avig_msg/include/avig_msg/avig_msg/msg/rosidl_typesupport_introspection_c__visibility_control.h
[0.412s] -- Up-to-date: /home/edub/ros2_ws/install/avig_msg/include/avig_msg/avig_msg/msg/detail
[0.412s] -- Up-to-date: /home/edub/ros2_ws/install/avig_msg/include/avig_msg/avig_msg/msg/detail/april_tag_pixel_array__type_support.c
[0.412s] -- Up-to-date: /home/edub/ros2_ws/install/avig_msg/include/avig_msg/avig_msg/msg/detail/april_tag_pixel__rosidl_typesupport_introspection_c.h
[0.412s] -- Up-to-date: /home/edub/ros2_ws/install/avig_msg/include/avig_msg/avig_msg/msg/detail/april_tag_pixel__type_support.c
[0.413s] -- Up-to-date: /home/edub/ros2_ws/install/avig_msg/include/avig_msg/avig_msg/msg/detail/april_tag_pixel_array__rosidl_typesupport_introspection_c.h
[0.413s] -- Up-to-date: /home/edub/ros2_ws/install/avig_msg/lib/libavig_msg__rosidl_typesupport_introspection_c.so
[0.413s] -- Up-to-date: /home/edub/ros2_ws/install/avig_msg/lib/libavig_msg__rosidl_typesupport_c.so
[0.413s] -- Up-to-date: /home/edub/ros2_ws/install/avig_msg/include/avig_msg/avig_msg
[0.413s] -- Up-to-date: /home/edub/ros2_ws/install/avig_msg/include/avig_msg/avig_msg/action
[0.413s] -- Up-to-date: /home/edub/ros2_ws/install/avig_msg/include/avig_msg/avig_msg/action/mover_a.hpp
[0.413s] -- Up-to-date: /home/edub/ros2_ws/install/avig_msg/include/avig_msg/avig_msg/action/detail
[0.413s] -- Up-to-date: /home/edub/ros2_ws/install/avig_msg/include/avig_msg/avig_msg/action/detail/mover_a__struct.hpp
[0.413s] -- Up-to-date: /home/edub/ros2_ws/install/avig_msg/include/avig_msg/avig_msg/action/detail/mover_a__traits.hpp
[0.413s] -- Up-to-date: /home/edub/ros2_ws/install/avig_msg/include/avig_msg/avig_msg/action/detail/mover_a__type_support.hpp
[0.413s] -- Up-to-date: /home/edub/ros2_ws/install/avig_msg/include/avig_msg/avig_msg/action/detail/mover_a__builder.hpp
[0.413s] -- Up-to-date: /home/edub/ros2_ws/install/avig_msg/include/avig_msg/avig_msg/srv
[0.413s] -- Up-to-date: /home/edub/ros2_ws/install/avig_msg/include/avig_msg/avig_msg/srv/detail
[0.413s] -- Up-to-date: /home/edub/ros2_ws/install/avig_msg/include/avig_msg/avig_msg/srv/detail/heuristica__traits.hpp
[0.413s] -- Up-to-date: /home/edub/ros2_ws/install/avig_msg/include/avig_msg/avig_msg/srv/detail/heuristica__struct.hpp
[0.413s] -- Up-to-date: /home/edub/ros2_ws/install/avig_msg/include/avig_msg/avig_msg/srv/detail/heuristica__builder.hpp
[0.414s] -- Up-to-date: /home/edub/ros2_ws/install/avig_msg/include/avig_msg/avig_msg/srv/detail/heuristica__type_support.hpp
[0.414s] -- Up-to-date: /home/edub/ros2_ws/install/avig_msg/include/avig_msg/avig_msg/srv/heuristica.hpp
[0.414s] -- Up-to-date: /home/edub/ros2_ws/install/avig_msg/include/avig_msg/avig_msg/msg
[0.414s] -- Up-to-date: /home/edub/ros2_ws/install/avig_msg/include/avig_msg/avig_msg/msg/april_tag_pixel_array.hpp
[0.414s] -- Up-to-date: /home/edub/ros2_ws/install/avig_msg/include/avig_msg/avig_msg/msg/rosidl_generator_cpp__visibility_control.hpp
[0.414s] -- Up-to-date: /home/edub/ros2_ws/install/avig_msg/include/avig_msg/avig_msg/msg/detail
[0.414s] -- Up-to-date: /home/edub/ros2_ws/install/avig_msg/include/avig_msg/avig_msg/msg/detail/april_tag_pixel_array__type_support.hpp
[0.414s] -- Up-to-date: /home/edub/ros2_ws/install/avig_msg/include/avig_msg/avig_msg/msg/detail/april_tag_pixel_array__traits.hpp
[0.414s] -- Up-to-date: /home/edub/ros2_ws/install/avig_msg/include/avig_msg/avig_msg/msg/detail/april_tag_pixel_array__builder.hpp
[0.414s] -- Up-to-date: /home/edub/ros2_ws/install/avig_msg/include/avig_msg/avig_msg/msg/detail/april_tag_pixel_array__struct.hpp
[0.414s] -- Up-to-date: /home/edub/ros2_ws/install/avig_msg/include/avig_msg/avig_msg/msg/detail/april_tag_pixel__builder.hpp
[0.414s] -- Up-to-date: /home/edub/ros2_ws/install/avig_msg/include/avig_msg/avig_msg/msg/detail/april_tag_pixel__traits.hpp
[0.414s] -- Up-to-date: /home/edub/ros2_ws/install/avig_msg/include/avig_msg/avig_msg/msg/detail/april_tag_pixel__struct.hpp
[0.414s] -- Up-to-date: /home/edub/ros2_ws/install/avig_msg/include/avig_msg/avig_msg/msg/detail/april_tag_pixel__type_support.hpp
[0.414s] -- Up-to-date: /home/edub/ros2_ws/install/avig_msg/include/avig_msg/avig_msg/msg/april_tag_pixel.hpp
[0.414s] -- Up-to-date: /home/edub/ros2_ws/install/avig_msg/include/avig_msg/avig_msg
[0.414s] -- Up-to-date: /home/edub/ros2_ws/install/avig_msg/include/avig_msg/avig_msg/action
[0.414s] -- Up-to-date: /home/edub/ros2_ws/install/avig_msg/include/avig_msg/avig_msg/action/detail
[0.414s] -- Up-to-date: /home/edub/ros2_ws/install/avig_msg/include/avig_msg/avig_msg/action/detail/dds_fastrtps
[0.415s] -- Up-to-date: /home/edub/ros2_ws/install/avig_msg/include/avig_msg/avig_msg/action/detail/mover_a__rosidl_typesupport_fastrtps_cpp.hpp
[0.415s] -- Up-to-date: /home/edub/ros2_ws/install/avig_msg/include/avig_msg/avig_msg/srv
[0.415s] -- Up-to-date: /home/edub/ros2_ws/install/avig_msg/include/avig_msg/avig_msg/srv/detail
[0.415s] -- Up-to-date: /home/edub/ros2_ws/install/avig_msg/include/avig_msg/avig_msg/srv/detail/dds_fastrtps
[0.415s] -- Up-to-date: /home/edub/ros2_ws/install/avig_msg/include/avig_msg/avig_msg/srv/detail/heuristica__rosidl_typesupport_fastrtps_cpp.hpp
[0.415s] -- Up-to-date: /home/edub/ros2_ws/install/avig_msg/include/avig_msg/avig_msg/msg
[0.415s] -- Up-to-date: /home/edub/ros2_ws/install/avig_msg/include/avig_msg/avig_msg/msg/rosidl_typesupport_fastrtps_cpp__visibility_control.h
[0.415s] -- Up-to-date: /home/edub/ros2_ws/install/avig_msg/include/avig_msg/avig_msg/msg/detail
[0.415s] -- Up-to-date: /home/edub/ros2_ws/install/avig_msg/include/avig_msg/avig_msg/msg/detail/april_tag_pixel__rosidl_typesupport_fastrtps_cpp.hpp
[0.415s] -- Up-to-date: /home/edub/ros2_ws/install/avig_msg/include/avig_msg/avig_msg/msg/detail/dds_fastrtps
[0.415s] -- Up-to-date: /home/edub/ros2_ws/install/avig_msg/include/avig_msg/avig_msg/msg/detail/april_tag_pixel_array__rosidl_typesupport_fastrtps_cpp.hpp
[0.415s] -- Up-to-date: /home/edub/ros2_ws/install/avig_msg/lib/libavig_msg__rosidl_typesupport_fastrtps_cpp.so
[0.415s] -- Up-to-date: /home/edub/ros2_ws/install/avig_msg/include/avig_msg/avig_msg
[0.415s] -- Up-to-date: /home/edub/ros2_ws/install/avig_msg/include/avig_msg/avig_msg/action
[0.415s] -- Up-to-date: /home/edub/ros2_ws/install/avig_msg/include/avig_msg/avig_msg/action/detail
[0.416s] -- Up-to-date: /home/edub/ros2_ws/install/avig_msg/include/avig_msg/avig_msg/action/detail/mover_a__rosidl_typesupport_introspection_cpp.hpp
[0.416s] -- Up-to-date: /home/edub/ros2_ws/install/avig_msg/include/avig_msg/avig_msg/action/detail/mover_a__type_support.cpp
[0.416s] -- Up-to-date: /home/edub/ros2_ws/install/avig_msg/include/avig_msg/avig_msg/srv
[0.416s] -- Up-to-date: /home/edub/ros2_ws/install/avig_msg/include/avig_msg/avig_msg/srv/detail
[0.416s] -- Up-to-date: /home/edub/ros2_ws/install/avig_msg/include/avig_msg/avig_msg/srv/detail/heuristica__rosidl_typesupport_introspection_cpp.hpp
[0.416s] -- Up-to-date: /home/edub/ros2_ws/install/avig_msg/include/avig_msg/avig_msg/srv/detail/heuristica__type_support.cpp
[0.416s] -- Up-to-date: /home/edub/ros2_ws/install/avig_msg/include/avig_msg/avig_msg/msg
[0.416s] -- Up-to-date: /home/edub/ros2_ws/install/avig_msg/include/avig_msg/avig_msg/msg/detail
[0.416s] -- Up-to-date: /home/edub/ros2_ws/install/avig_msg/include/avig_msg/avig_msg/msg/detail/april_tag_pixel_array__type_support.cpp
[0.416s] -- Up-to-date: /home/edub/ros2_ws/install/avig_msg/include/avig_msg/avig_msg/msg/detail/april_tag_pixel_array__rosidl_typesupport_introspection_cpp.hpp
[0.416s] -- Up-to-date: /home/edub/ros2_ws/install/avig_msg/include/avig_msg/avig_msg/msg/detail/april_tag_pixel__type_support.cpp
[0.416s] -- Up-to-date: /home/edub/ros2_ws/install/avig_msg/include/avig_msg/avig_msg/msg/detail/april_tag_pixel__rosidl_typesupport_introspection_cpp.hpp
[0.416s] -- Up-to-date: /home/edub/ros2_ws/install/avig_msg/lib/libavig_msg__rosidl_typesupport_introspection_cpp.so
[0.417s] -- Up-to-date: /home/edub/ros2_ws/install/avig_msg/lib/libavig_msg__rosidl_typesupport_cpp.so
[0.417s] -- Up-to-date: /home/edub/ros2_ws/install/avig_msg/share/avig_msg/environment/pythonpath.sh
[0.417s] -- Up-to-date: /home/edub/ros2_ws/install/avig_msg/share/avig_msg/environment/pythonpath.dsv
[0.417s] -- Up-to-date: /home/edub/ros2_ws/install/avig_msg/local/lib/python3.10/dist-packages/avig_msg-0.0.0-py3.10.egg-info
[0.417s] -- Installing: /home/edub/ros2_ws/install/avig_msg/local/lib/python3.10/dist-packages/avig_msg-0.0.0-py3.10.egg-info/dependency_links.txt
[0.417s] -- Installing: /home/edub/ros2_ws/install/avig_msg/local/lib/python3.10/dist-packages/avig_msg-0.0.0-py3.10.egg-info/PKG-INFO
[0.417s] -- Installing: /home/edub/ros2_ws/install/avig_msg/local/lib/python3.10/dist-packages/avig_msg-0.0.0-py3.10.egg-info/top_level.txt
[0.417s] -- Installing: /home/edub/ros2_ws/install/avig_msg/local/lib/python3.10/dist-packages/avig_msg-0.0.0-py3.10.egg-info/SOURCES.txt
[0.417s] -- Up-to-date: /home/edub/ros2_ws/install/avig_msg/local/lib/python3.10/dist-packages/avig_msg
[0.417s] -- Up-to-date: /home/edub/ros2_ws/install/avig_msg/local/lib/python3.10/dist-packages/avig_msg/action
[0.417s] -- Up-to-date: /home/edub/ros2_ws/install/avig_msg/local/lib/python3.10/dist-packages/avig_msg/action/_mover_a.py
[0.417s] -- Up-to-date: /home/edub/ros2_ws/install/avig_msg/local/lib/python3.10/dist-packages/avig_msg/action/_mover_a_s.c
[0.417s] -- Up-to-date: /home/edub/ros2_ws/install/avig_msg/local/lib/python3.10/dist-packages/avig_msg/action/__init__.py
[0.417s] -- Up-to-date: /home/edub/ros2_ws/install/avig_msg/local/lib/python3.10/dist-packages/avig_msg/avig_msg_s__rosidl_typesupport_introspection_c.cpython-310-x86_64-linux-gnu.so
[0.417s] -- Up-to-date: /home/edub/ros2_ws/install/avig_msg/local/lib/python3.10/dist-packages/avig_msg/srv
[0.417s] -- Up-to-date: /home/edub/ros2_ws/install/avig_msg/local/lib/python3.10/dist-packages/avig_msg/srv/_heuristica_s.c
[0.417s] -- Up-to-date: /home/edub/ros2_ws/install/avig_msg/local/lib/python3.10/dist-packages/avig_msg/srv/_heuristica.py
[0.417s] -- Up-to-date: /home/edub/ros2_ws/install/avig_msg/local/lib/python3.10/dist-packages/avig_msg/srv/__init__.py
[0.417s] -- Up-to-date: /home/edub/ros2_ws/install/avig_msg/local/lib/python3.10/dist-packages/avig_msg/avig_msg_s__rosidl_typesupport_c.cpython-310-x86_64-linux-gnu.so
[0.417s] -- Up-to-date: /home/edub/ros2_ws/install/avig_msg/local/lib/python3.10/dist-packages/avig_msg/avig_msg_s__rosidl_typesupport_fastrtps_c.cpython-310-x86_64-linux-gnu.so
[0.417s] -- Up-to-date: /home/edub/ros2_ws/install/avig_msg/local/lib/python3.10/dist-packages/avig_msg/_avig_msg_s.ep.rosidl_typesupport_fastrtps_c.c
[0.417s] -- Up-to-date: /home/edub/ros2_ws/install/avig_msg/local/lib/python3.10/dist-packages/avig_msg/_avig_msg_s.ep.rosidl_typesupport_c.c
[0.417s] -- Up-to-date: /home/edub/ros2_ws/install/avig_msg/local/lib/python3.10/dist-packages/avig_msg/libavig_msg__rosidl_generator_py.so
[0.418s] -- Up-to-date: /home/edub/ros2_ws/install/avig_msg/local/lib/python3.10/dist-packages/avig_msg/msg
[0.418s] -- Up-to-date: /home/edub/ros2_ws/install/avig_msg/local/lib/python3.10/dist-packages/avig_msg/msg/_april_tag_pixel_array.py
[0.418s] -- Up-to-date: /home/edub/ros2_ws/install/avig_msg/local/lib/python3.10/dist-packages/avig_msg/msg/_april_tag_pixel_array_s.c
[0.418s] -- Up-to-date: /home/edub/ros2_ws/install/avig_msg/local/lib/python3.10/dist-packages/avig_msg/msg/_april_tag_pixel.py
[0.418s] -- Up-to-date: /home/edub/ros2_ws/install/avig_msg/local/lib/python3.10/dist-packages/avig_msg/msg/__init__.py
[0.418s] -- Up-to-date: /home/edub/ros2_ws/install/avig_msg/local/lib/python3.10/dist-packages/avig_msg/msg/_april_tag_pixel_s.c
[0.418s] -- Up-to-date: /home/edub/ros2_ws/install/avig_msg/local/lib/python3.10/dist-packages/avig_msg/__init__.py
[0.418s] -- Up-to-date: /home/edub/ros2_ws/install/avig_msg/local/lib/python3.10/dist-packages/avig_msg/_avig_msg_s.ep.rosidl_typesupport_introspection_c.c
[0.443s] Listing '/home/edub/ros2_ws/install/avig_msg/local/lib/python3.10/dist-packages/avig_msg'...
[0.443s] Listing '/home/edub/ros2_ws/install/avig_msg/local/lib/python3.10/dist-packages/avig_msg/action'...
[0.443s] Listing '/home/edub/ros2_ws/install/avig_msg/local/lib/python3.10/dist-packages/avig_msg/msg'...
[0.443s] Listing '/home/edub/ros2_ws/install/avig_msg/local/lib/python3.10/dist-packages/avig_msg/srv'...
[0.447s] -- Up-to-date: /home/edub/ros2_ws/install/avig_msg/local/lib/python3.10/dist-packages/avig_msg/avig_msg_s__rosidl_typesupport_fastrtps_c.cpython-310-x86_64-linux-gnu.so
[0.447s] -- Up-to-date: /home/edub/ros2_ws/install/avig_msg/local/lib/python3.10/dist-packages/avig_msg/avig_msg_s__rosidl_typesupport_introspection_c.cpython-310-x86_64-linux-gnu.so
[0.450s] -- Up-to-date: /home/edub/ros2_ws/install/avig_msg/local/lib/python3.10/dist-packages/avig_msg/avig_msg_s__rosidl_typesupport_c.cpython-310-x86_64-linux-gnu.so
[0.450s] -- Up-to-date: /home/edub/ros2_ws/install/avig_msg/lib/libavig_msg__rosidl_generator_py.so
[0.450s] -- Up-to-date: /home/edub/ros2_ws/install/avig_msg/share/avig_msg/msg/AprilTagPixel.idl
[0.450s] -- Up-to-date: /home/edub/ros2_ws/install/avig_msg/share/avig_msg/msg/AprilTagPixelArray.idl
[0.450s] -- Up-to-date: /home/edub/ros2_ws/install/avig_msg/share/avig_msg/srv/Heuristica.idl
[0.450s] -- Up-to-date: /home/edub/ros2_ws/install/avig_msg/share/avig_msg/action/MoverA.idl
[0.450s] -- Up-to-date: /home/edub/ros2_ws/install/avig_msg/share/avig_msg/msg/AprilTagPixel.msg
[0.450s] -- Up-to-date: /home/edub/ros2_ws/install/avig_msg/share/avig_msg/msg/AprilTagPixelArray.msg
[0.451s] -- Up-to-date: /home/edub/ros2_ws/install/avig_msg/share/avig_msg/srv/Heuristica.srv
[0.451s] -- Up-to-date: /home/edub/ros2_ws/install/avig_msg/share/avig_msg/srv/Heuristica_Request.msg
[0.451s] -- Up-to-date: /home/edub/ros2_ws/install/avig_msg/share/avig_msg/srv/Heuristica_Response.msg
[0.451s] -- Up-to-date: /home/edub/ros2_ws/install/avig_msg/share/avig_msg/action/MoverA.action
[0.451s] -- Up-to-date: /home/edub/ros2_ws/install/avig_msg/share/ament_index/resource_index/package_run_dependencies/avig_msg
[0.451s] -- Up-to-date: /home/edub/ros2_ws/install/avig_msg/share/ament_index/resource_index/parent_prefix_path/avig_msg
[0.451s] -- Up-to-date: /home/edub/ros2_ws/install/avig_msg/share/avig_msg/environment/ament_prefix_path.sh
[0.451s] -- Up-to-date: /home/edub/ros2_ws/install/avig_msg/share/avig_msg/environment/ament_prefix_path.dsv
[0.451s] -- Up-to-date: /home/edub/ros2_ws/install/avig_msg/share/avig_msg/environment/path.sh
[0.451s] -- Up-to-date: /home/edub/ros2_ws/install/avig_msg/share/avig_msg/environment/path.dsv
[0.451s] -- Up-to-date: /home/edub/ros2_ws/install/avig_msg/share/avig_msg/local_setup.bash
[0.451s] -- Up-to-date: /home/edub/ros2_ws/install/avig_msg/share/avig_msg/local_setup.sh
[0.451s] -- Up-to-date: /home/edub/ros2_ws/install/avig_msg/share/avig_msg/local_setup.zsh
[0.451s] -- Up-to-date: /home/edub/ros2_ws/install/avig_msg/share/avig_msg/local_setup.dsv
[0.451s] -- Installing: /home/edub/ros2_ws/install/avig_msg/share/avig_msg/package.dsv
[0.451s] -- Up-to-date: /home/edub/ros2_ws/install/avig_msg/share/ament_index/resource_index/packages/avig_msg
[0.452s] -- Up-to-date: /home/edub/ros2_ws/install/avig_msg/share/avig_msg/cmake/export_avig_msg__rosidl_generator_cExport.cmake
[0.452s] -- Up-to-date: /home/edub/ros2_ws/install/avig_msg/share/avig_msg/cmake/export_avig_msg__rosidl_generator_cExport-noconfig.cmake
[0.452s] -- Up-to-date: /home/edub/ros2_ws/install/avig_msg/share/avig_msg/cmake/export_avig_msg__rosidl_typesupport_fastrtps_cExport.cmake
[0.452s] -- Up-to-date: /home/edub/ros2_ws/install/avig_msg/share/avig_msg/cmake/export_avig_msg__rosidl_typesupport_fastrtps_cExport-noconfig.cmake
[0.452s] -- Up-to-date: /home/edub/ros2_ws/install/avig_msg/share/avig_msg/cmake/avig_msg__rosidl_typesupport_introspection_cExport.cmake
[0.452s] -- Up-to-date: /home/edub/ros2_ws/install/avig_msg/share/avig_msg/cmake/avig_msg__rosidl_typesupport_introspection_cExport-noconfig.cmake
[0.452s] -- Up-to-date: /home/edub/ros2_ws/install/avig_msg/share/avig_msg/cmake/avig_msg__rosidl_typesupport_cExport.cmake
[0.452s] -- Up-to-date: /home/edub/ros2_ws/install/avig_msg/share/avig_msg/cmake/avig_msg__rosidl_typesupport_cExport-noconfig.cmake
[0.452s] -- Up-to-date: /home/edub/ros2_ws/install/avig_msg/share/avig_msg/cmake/export_avig_msg__rosidl_generator_cppExport.cmake
[0.452s] -- Up-to-date: /home/edub/ros2_ws/install/avig_msg/share/avig_msg/cmake/export_avig_msg__rosidl_typesupport_fastrtps_cppExport.cmake
[0.452s] -- Up-to-date: /home/edub/ros2_ws/install/avig_msg/share/avig_msg/cmake/export_avig_msg__rosidl_typesupport_fastrtps_cppExport-noconfig.cmake
[0.452s] -- Up-to-date: /home/edub/ros2_ws/install/avig_msg/share/avig_msg/cmake/avig_msg__rosidl_typesupport_introspection_cppExport.cmake
[0.452s] -- Up-to-date: /home/edub/ros2_ws/install/avig_msg/share/avig_msg/cmake/avig_msg__rosidl_typesupport_introspection_cppExport-noconfig.cmake
[0.452s] -- Up-to-date: /home/edub/ros2_ws/install/avig_msg/share/avig_msg/cmake/avig_msg__rosidl_typesupport_cppExport.cmake
[0.452s] -- Up-to-date: /home/edub/ros2_ws/install/avig_msg/share/avig_msg/cmake/avig_msg__rosidl_typesupport_cppExport-noconfig.cmake
[0.453s] -- Up-to-date: /home/edub/ros2_ws/install/avig_msg/share/avig_msg/cmake/export_avig_msg__rosidl_generator_pyExport.cmake
[0.453s] -- Up-to-date: /home/edub/ros2_ws/install/avig_msg/share/avig_msg/cmake/export_avig_msg__rosidl_generator_pyExport-noconfig.cmake
[0.453s] -- Up-to-date: /home/edub/ros2_ws/install/avig_msg/share/avig_msg/cmake/rosidl_cmake-extras.cmake
[0.453s] -- Up-to-date: /home/edub/ros2_ws/install/avig_msg/share/avig_msg/cmake/ament_cmake_export_dependencies-extras.cmake
[0.453s] -- Up-to-date: /home/edub/ros2_ws/install/avig_msg/share/avig_msg/cmake/ament_cmake_export_include_directories-extras.cmake
[0.453s] -- Up-to-date: /home/edub/ros2_ws/install/avig_msg/share/avig_msg/cmake/ament_cmake_export_libraries-extras.cmake
[0.453s] -- Up-to-date: /home/edub/ros2_ws/install/avig_msg/share/avig_msg/cmake/ament_cmake_export_targets-extras.cmake
[0.453s] -- Up-to-date: /home/edub/ros2_ws/install/avig_msg/share/avig_msg/cmake/rosidl_cmake_export_typesupport_targets-extras.cmake
[0.453s] -- Up-to-date: /home/edub/ros2_ws/install/avig_msg/share/avig_msg/cmake/rosidl_cmake_export_typesupport_libraries-extras.cmake
[0.453s] -- Up-to-date: /home/edub/ros2_ws/install/avig_msg/share/avig_msg/cmake/avig_msgConfig.cmake
[0.453s] -- Up-to-date: /home/edub/ros2_ws/install/avig_msg/share/avig_msg/cmake/avig_msgConfig-version.cmake
[0.453s] -- Up-to-date: /home/edub/ros2_ws/install/avig_msg/share/avig_msg/package.xml
[0.455s] Invoked command in '/home/edub/ros2_ws/build/avig_msg' returned '0': CMAKE_PREFIX_PATH=${CMAKE_PREFIX_PATH}:/home/edub/ros2_ws/install/mi_pkg_python:/opt/ros/humble /usr/bin/cmake --install /home/edub/ros2_ws/build/avig_msg
