[0.016s] Invoking command in '/home/edub/ros2_ws/build/avig_msg': CMAKE_PREFIX_PATH=${CMAKE_PREFIX_PATH}:/home/edub/ros2_ws/install/mi_pkg_python:/opt/ros/humble /usr/bin/cmake --build /home/edub/ros2_ws/build/avig_msg -- -j6 -l6
[0.078s] [  1%] Built target avig_msg__cpp
[0.112s] [  1%] Built target ament_cmake_python_copy_avig_msg
[0.141s] [ 12%] Built target avig_msg__rosidl_typesupport_introspection_cpp
[0.512s] running egg_info
[0.514s] writing avig_msg.egg-info/PKG-INFO
[0.514s] writing dependency_links to avig_msg.egg-info/dependency_links.txt
[0.514s] writing top-level names to avig_msg.egg-info/top_level.txt
[0.519s] reading manifest file 'avig_msg.egg-info/SOURCES.txt'
[0.519s] writing manifest file 'avig_msg.egg-info/SOURCES.txt'
[0.566s] [ 12%] Built target ament_cmake_python_build_avig_msg_egg
[0.602s] [ 23%] Built target avig_msg__rosidl_typesupport_fastrtps_cpp
[0.634s] [ 34%] Built target avig_msg__rosidl_typesupport_cpp
[0.667s] [ 46%] Built target avig_msg__rosidl_generator_c
[0.697s] [ 57%] Built target avig_msg__rosidl_typesupport_fastrtps_c
[0.724s] [ 68%] Built target avig_msg__rosidl_typesupport_c
[0.757s] [ 79%] Built target avig_msg__rosidl_typesupport_introspection_c
[0.782s] [ 79%] Built target avig_msg
[0.809s] [ 80%] Built target avig_msg__py
[0.848s] [ 90%] Built target avig_msg__rosidl_generator_py
[0.898s] [ 93%] Built target avig_msg__rosidl_typesupport_fastrtps_c__pyext
[0.952s] [ 96%] Built target avig_msg__rosidl_typesupport_c__pyext
[0.993s] [100%] Built target avig_msg__rosidl_typesupport_introspection_c__pyext
[1.024s] Invoked command in '/home/edub/ros2_ws/build/avig_msg' returned '0': CMAKE_PREFIX_PATH=${CMAKE_PREFIX_PATH}:/home/edub/ros2_ws/install/mi_pkg_python:/opt/ros/humble /usr/bin/cmake --build /home/edub/ros2_ws/build/avig_msg -- -j6 -l6
[1.053s] Invoking command in '/home/edub/ros2_ws/build/avig_msg': CMAKE_PREFIX_PATH=${CMAKE_PREFIX_PATH}:/home/edub/ros2_ws/install/mi_pkg_python:/opt/ros/humble /usr/bin/cmake --install /home/edub/ros2_ws/build/avig_msg
[1.073s] -- Install configuration: ""
[1.073s] -- Up-to-date: /home/edub/ros2_ws/install/avig_msg/share/ament_index/resource_index/rosidl_interfaces/avig_msg
[1.073s] -- Up-to-date: /home/edub/ros2_ws/install/avig_msg/include/avig_msg/avig_msg
[1.074s] -- Up-to-date: /home/edub/ros2_ws/install/avig_msg/include/avig_msg/avig_msg/action
[1.074s] -- Up-to-date: /home/edub/ros2_ws/install/avig_msg/include/avig_msg/avig_msg/action/detail
[1.074s] -- Up-to-date: /home/edub/ros2_ws/install/avig_msg/include/avig_msg/avig_msg/action/detail/mover_a__functions.h
[1.074s] -- Up-to-date: /home/edub/ros2_ws/install/avig_msg/include/avig_msg/avig_msg/action/detail/mover_a__functions.c
[1.074s] -- Up-to-date: /home/edub/ros2_ws/install/avig_msg/include/avig_msg/avig_msg/action/detail/mover_a__type_support.h
[1.075s] -- Up-to-date: /home/edub/ros2_ws/install/avig_msg/include/avig_msg/avig_msg/action/detail/mover_a__struct.h
[1.075s] -- Up-to-date: /home/edub/ros2_ws/install/avig_msg/include/avig_msg/avig_msg/action/mover_a.h
[1.075s] -- Up-to-date: /home/edub/ros2_ws/install/avig_msg/include/avig_msg/avig_msg/srv
[1.075s] -- Up-to-date: /home/edub/ros2_ws/install/avig_msg/include/avig_msg/avig_msg/srv/detail
[1.076s] -- Up-to-date: /home/edub/ros2_ws/install/avig_msg/include/avig_msg/avig_msg/srv/detail/heuristica__functions.h
[1.076s] -- Up-to-date: /home/edub/ros2_ws/install/avig_msg/include/avig_msg/avig_msg/srv/detail/heuristica__struct.h
[1.076s] -- Up-to-date: /home/edub/ros2_ws/install/avig_msg/include/avig_msg/avig_msg/srv/detail/heuristica__functions.c
[1.076s] -- Up-to-date: /home/edub/ros2_ws/install/avig_msg/include/avig_msg/avig_msg/srv/detail/heuristica__type_support.h
[1.076s] -- Up-to-date: /home/edub/ros2_ws/install/avig_msg/include/avig_msg/avig_msg/srv/heuristica.h
[1.078s] -- Up-to-date: /home/edub/ros2_ws/install/avig_msg/include/avig_msg/avig_msg/msg
[1.078s] -- Up-to-date: /home/edub/ros2_ws/install/avig_msg/include/avig_msg/avig_msg/msg/detail
[1.079s] -- Up-to-date: /home/edub/ros2_ws/install/avig_msg/include/avig_msg/avig_msg/msg/detail/april_tag_pixel_array__functions.c
[1.079s] -- Up-to-date: /home/edub/ros2_ws/install/avig_msg/include/avig_msg/avig_msg/msg/detail/april_tag_pixel_array__struct.h
[1.079s] -- Up-to-date: /home/edub/ros2_ws/install/avig_msg/include/avig_msg/avig_msg/msg/detail/obj_detect__struct.h
[1.079s] -- Up-to-date: /home/edub/ros2_ws/install/avig_msg/include/avig_msg/avig_msg/msg/detail/obj_detect__functions.h
[1.079s] -- Up-to-date: /home/edub/ros2_ws/install/avig_msg/include/avig_msg/avig_msg/msg/detail/obj_detect__type_support.h
[1.079s] -- Up-to-date: /home/edub/ros2_ws/install/avig_msg/include/avig_msg/avig_msg/msg/detail/april_tag_pixel__functions.c
[1.080s] -- Up-to-date: /home/edub/ros2_ws/install/avig_msg/include/avig_msg/avig_msg/msg/detail/april_tag_pixel__struct.h
[1.080s] -- Up-to-date: /home/edub/ros2_ws/install/avig_msg/include/avig_msg/avig_msg/msg/detail/april_tag_pixel_array__functions.h
[1.081s] -- Up-to-date: /home/edub/ros2_ws/install/avig_msg/include/avig_msg/avig_msg/msg/detail/april_tag_pixel_array__type_support.h
[1.081s] -- Up-to-date: /home/edub/ros2_ws/install/avig_msg/include/avig_msg/avig_msg/msg/detail/april_tag_pixel__type_support.h
[1.081s] -- Up-to-date: /home/edub/ros2_ws/install/avig_msg/include/avig_msg/avig_msg/msg/detail/obj_detect__functions.c
[1.081s] -- Up-to-date: /home/edub/ros2_ws/install/avig_msg/include/avig_msg/avig_msg/msg/detail/april_tag_pixel__functions.h
[1.085s] -- Up-to-date: /home/edub/ros2_ws/install/avig_msg/include/avig_msg/avig_msg/msg/april_tag_pixel.h
[1.085s] -- Up-to-date: /home/edub/ros2_ws/install/avig_msg/include/avig_msg/avig_msg/msg/april_tag_pixel_array.h
[1.085s] -- Up-to-date: /home/edub/ros2_ws/install/avig_msg/include/avig_msg/avig_msg/msg/obj_detect.h
[1.085s] -- Up-to-date: /home/edub/ros2_ws/install/avig_msg/include/avig_msg/avig_msg/msg/rosidl_generator_c__visibility_control.h
[1.085s] -- Up-to-date: /home/edub/ros2_ws/install/avig_msg/share/avig_msg/environment/library_path.sh
[1.085s] -- Up-to-date: /home/edub/ros2_ws/install/avig_msg/share/avig_msg/environment/library_path.dsv
[1.086s] -- Up-to-date: /home/edub/ros2_ws/install/avig_msg/lib/libavig_msg__rosidl_generator_c.so
[1.086s] -- Up-to-date: /home/edub/ros2_ws/install/avig_msg/include/avig_msg/avig_msg
[1.086s] -- Up-to-date: /home/edub/ros2_ws/install/avig_msg/include/avig_msg/avig_msg/action
[1.086s] -- Up-to-date: /home/edub/ros2_ws/install/avig_msg/include/avig_msg/avig_msg/action/detail
[1.086s] -- Up-to-date: /home/edub/ros2_ws/install/avig_msg/include/avig_msg/avig_msg/action/detail/mover_a__rosidl_typesupport_fastrtps_c.h
[1.086s] -- Up-to-date: /home/edub/ros2_ws/install/avig_msg/include/avig_msg/avig_msg/srv
[1.087s] -- Up-to-date: /home/edub/ros2_ws/install/avig_msg/include/avig_msg/avig_msg/srv/detail
[1.087s] -- Up-to-date: /home/edub/ros2_ws/install/avig_msg/include/avig_msg/avig_msg/srv/detail/heuristica__rosidl_typesupport_fastrtps_c.h
[1.087s] -- Up-to-date: /home/edub/ros2_ws/install/avig_msg/include/avig_msg/avig_msg/msg
[1.087s] -- Up-to-date: /home/edub/ros2_ws/install/avig_msg/include/avig_msg/avig_msg/msg/detail
[1.087s] -- Up-to-date: /home/edub/ros2_ws/install/avig_msg/include/avig_msg/avig_msg/msg/detail/april_tag_pixel_array__rosidl_typesupport_fastrtps_c.h
[1.087s] -- Up-to-date: /home/edub/ros2_ws/install/avig_msg/include/avig_msg/avig_msg/msg/detail/obj_detect__rosidl_typesupport_fastrtps_c.h
[1.088s] -- Up-to-date: /home/edub/ros2_ws/install/avig_msg/include/avig_msg/avig_msg/msg/detail/april_tag_pixel__rosidl_typesupport_fastrtps_c.h
[1.088s] -- Up-to-date: /home/edub/ros2_ws/install/avig_msg/include/avig_msg/avig_msg/msg/rosidl_typesupport_fastrtps_c__visibility_control.h
[1.088s] -- Up-to-date: /home/edub/ros2_ws/install/avig_msg/lib/libavig_msg__rosidl_typesupport_fastrtps_c.so
[1.088s] -- Up-to-date: /home/edub/ros2_ws/install/avig_msg/include/avig_msg/avig_msg
[1.091s] -- Up-to-date: /home/edub/ros2_ws/install/avig_msg/include/avig_msg/avig_msg/action
[1.091s] -- Up-to-date: /home/edub/ros2_ws/install/avig_msg/include/avig_msg/avig_msg/action/detail
[1.092s] -- Up-to-date: /home/edub/ros2_ws/install/avig_msg/include/avig_msg/avig_msg/action/detail/mover_a__rosidl_typesupport_introspection_c.h
[1.092s] -- Up-to-date: /home/edub/ros2_ws/install/avig_msg/include/avig_msg/avig_msg/action/detail/mover_a__type_support.c
[1.092s] -- Up-to-date: /home/edub/ros2_ws/install/avig_msg/include/avig_msg/avig_msg/srv
[1.092s] -- Up-to-date: /home/edub/ros2_ws/install/avig_msg/include/avig_msg/avig_msg/srv/detail
[1.092s] -- Up-to-date: /home/edub/ros2_ws/install/avig_msg/include/avig_msg/avig_msg/srv/detail/heuristica__rosidl_typesupport_introspection_c.h
[1.092s] -- Up-to-date: /home/edub/ros2_ws/install/avig_msg/include/avig_msg/avig_msg/srv/detail/heuristica__type_support.c
[1.092s] -- Up-to-date: /home/edub/ros2_ws/install/avig_msg/include/avig_msg/avig_msg/msg
[1.092s] -- Up-to-date: /home/edub/ros2_ws/install/avig_msg/include/avig_msg/avig_msg/msg/rosidl_typesupport_introspection_c__visibility_control.h
[1.092s] -- Up-to-date: /home/edub/ros2_ws/install/avig_msg/include/avig_msg/avig_msg/msg/detail
[1.092s] -- Up-to-date: /home/edub/ros2_ws/install/avig_msg/include/avig_msg/avig_msg/msg/detail/april_tag_pixel_array__type_support.c
[1.092s] -- Up-to-date: /home/edub/ros2_ws/install/avig_msg/include/avig_msg/avig_msg/msg/detail/obj_detect__rosidl_typesupport_introspection_c.h
[1.092s] -- Up-to-date: /home/edub/ros2_ws/install/avig_msg/include/avig_msg/avig_msg/msg/detail/april_tag_pixel__rosidl_typesupport_introspection_c.h
[1.093s] -- Up-to-date: /home/edub/ros2_ws/install/avig_msg/include/avig_msg/avig_msg/msg/detail/april_tag_pixel__type_support.c
[1.093s] -- Up-to-date: /home/edub/ros2_ws/install/avig_msg/include/avig_msg/avig_msg/msg/detail/april_tag_pixel_array__rosidl_typesupport_introspection_c.h
[1.093s] -- Up-to-date: /home/edub/ros2_ws/install/avig_msg/include/avig_msg/avig_msg/msg/detail/obj_detect__type_support.c
[1.093s] -- Up-to-date: /home/edub/ros2_ws/install/avig_msg/lib/libavig_msg__rosidl_typesupport_introspection_c.so
[1.094s] -- Up-to-date: /home/edub/ros2_ws/install/avig_msg/lib/libavig_msg__rosidl_typesupport_c.so
[1.095s] -- Up-to-date: /home/edub/ros2_ws/install/avig_msg/include/avig_msg/avig_msg
[1.095s] -- Up-to-date: /home/edub/ros2_ws/install/avig_msg/include/avig_msg/avig_msg/action
[1.096s] -- Up-to-date: /home/edub/ros2_ws/install/avig_msg/include/avig_msg/avig_msg/action/mover_a.hpp
[1.096s] -- Up-to-date: /home/edub/ros2_ws/install/avig_msg/include/avig_msg/avig_msg/action/detail
[1.096s] -- Up-to-date: /home/edub/ros2_ws/install/avig_msg/include/avig_msg/avig_msg/action/detail/mover_a__struct.hpp
[1.096s] -- Up-to-date: /home/edub/ros2_ws/install/avig_msg/include/avig_msg/avig_msg/action/detail/mover_a__traits.hpp
[1.096s] -- Up-to-date: /home/edub/ros2_ws/install/avig_msg/include/avig_msg/avig_msg/action/detail/mover_a__type_support.hpp
[1.096s] -- Up-to-date: /home/edub/ros2_ws/install/avig_msg/include/avig_msg/avig_msg/action/detail/mover_a__builder.hpp
[1.096s] -- Up-to-date: /home/edub/ros2_ws/install/avig_msg/include/avig_msg/avig_msg/srv
[1.097s] -- Up-to-date: /home/edub/ros2_ws/install/avig_msg/include/avig_msg/avig_msg/srv/detail
[1.097s] -- Up-to-date: /home/edub/ros2_ws/install/avig_msg/include/avig_msg/avig_msg/srv/detail/heuristica__traits.hpp
[1.097s] -- Up-to-date: /home/edub/ros2_ws/install/avig_msg/include/avig_msg/avig_msg/srv/detail/heuristica__struct.hpp
[1.097s] -- Up-to-date: /home/edub/ros2_ws/install/avig_msg/include/avig_msg/avig_msg/srv/detail/heuristica__builder.hpp
[1.097s] -- Up-to-date: /home/edub/ros2_ws/install/avig_msg/include/avig_msg/avig_msg/srv/detail/heuristica__type_support.hpp
[1.097s] -- Up-to-date: /home/edub/ros2_ws/install/avig_msg/include/avig_msg/avig_msg/srv/heuristica.hpp
[1.098s] -- Up-to-date: /home/edub/ros2_ws/install/avig_msg/include/avig_msg/avig_msg/msg
[1.098s] -- Up-to-date: /home/edub/ros2_ws/install/avig_msg/include/avig_msg/avig_msg/msg/april_tag_pixel_array.hpp
[1.098s] -- Up-to-date: /home/edub/ros2_ws/install/avig_msg/include/avig_msg/avig_msg/msg/obj_detect.hpp
[1.098s] -- Up-to-date: /home/edub/ros2_ws/install/avig_msg/include/avig_msg/avig_msg/msg/rosidl_generator_cpp__visibility_control.hpp
[1.098s] -- Up-to-date: /home/edub/ros2_ws/install/avig_msg/include/avig_msg/avig_msg/msg/detail
[1.105s] -- Up-to-date: /home/edub/ros2_ws/install/avig_msg/include/avig_msg/avig_msg/msg/detail/april_tag_pixel_array__type_support.hpp
[1.106s] -- Up-to-date: /home/edub/ros2_ws/install/avig_msg/include/avig_msg/avig_msg/msg/detail/april_tag_pixel_array__traits.hpp
[1.106s] -- Up-to-date: /home/edub/ros2_ws/install/avig_msg/include/avig_msg/avig_msg/msg/detail/april_tag_pixel_array__builder.hpp
[1.106s] -- Up-to-date: /home/edub/ros2_ws/install/avig_msg/include/avig_msg/avig_msg/msg/detail/april_tag_pixel_array__struct.hpp
[1.106s] -- Up-to-date: /home/edub/ros2_ws/install/avig_msg/include/avig_msg/avig_msg/msg/detail/obj_detect__builder.hpp
[1.106s] -- Up-to-date: /home/edub/ros2_ws/install/avig_msg/include/avig_msg/avig_msg/msg/detail/obj_detect__struct.hpp
[1.106s] -- Up-to-date: /home/edub/ros2_ws/install/avig_msg/include/avig_msg/avig_msg/msg/detail/april_tag_pixel__builder.hpp
[1.106s] -- Up-to-date: /home/edub/ros2_ws/install/avig_msg/include/avig_msg/avig_msg/msg/detail/obj_detect__type_support.hpp
[1.107s] -- Up-to-date: /home/edub/ros2_ws/install/avig_msg/include/avig_msg/avig_msg/msg/detail/obj_detect__traits.hpp
[1.107s] -- Up-to-date: /home/edub/ros2_ws/install/avig_msg/include/avig_msg/avig_msg/msg/detail/april_tag_pixel__traits.hpp
[1.107s] -- Up-to-date: /home/edub/ros2_ws/install/avig_msg/include/avig_msg/avig_msg/msg/detail/april_tag_pixel__struct.hpp
[1.107s] -- Up-to-date: /home/edub/ros2_ws/install/avig_msg/include/avig_msg/avig_msg/msg/detail/april_tag_pixel__type_support.hpp
[1.107s] -- Up-to-date: /home/edub/ros2_ws/install/avig_msg/include/avig_msg/avig_msg/msg/april_tag_pixel.hpp
[1.107s] -- Up-to-date: /home/edub/ros2_ws/install/avig_msg/include/avig_msg/avig_msg
[1.107s] -- Up-to-date: /home/edub/ros2_ws/install/avig_msg/include/avig_msg/avig_msg/action
[1.108s] -- Up-to-date: /home/edub/ros2_ws/install/avig_msg/include/avig_msg/avig_msg/action/detail
[1.108s] -- Up-to-date: /home/edub/ros2_ws/install/avig_msg/include/avig_msg/avig_msg/action/detail/dds_fastrtps
[1.108s] -- Up-to-date: /home/edub/ros2_ws/install/avig_msg/include/avig_msg/avig_msg/action/detail/mover_a__rosidl_typesupport_fastrtps_cpp.hpp
[1.108s] -- Up-to-date: /home/edub/ros2_ws/install/avig_msg/include/avig_msg/avig_msg/srv
[1.108s] -- Up-to-date: /home/edub/ros2_ws/install/avig_msg/include/avig_msg/avig_msg/srv/detail
[1.108s] -- Up-to-date: /home/edub/ros2_ws/install/avig_msg/include/avig_msg/avig_msg/srv/detail/dds_fastrtps
[1.109s] -- Up-to-date: /home/edub/ros2_ws/install/avig_msg/include/avig_msg/avig_msg/srv/detail/heuristica__rosidl_typesupport_fastrtps_cpp.hpp
[1.109s] -- Up-to-date: /home/edub/ros2_ws/install/avig_msg/include/avig_msg/avig_msg/msg
[1.109s] -- Up-to-date: /home/edub/ros2_ws/install/avig_msg/include/avig_msg/avig_msg/msg/rosidl_typesupport_fastrtps_cpp__visibility_control.h
[1.109s] -- Up-to-date: /home/edub/ros2_ws/install/avig_msg/include/avig_msg/avig_msg/msg/detail
[1.110s] -- Up-to-date: /home/edub/ros2_ws/install/avig_msg/include/avig_msg/avig_msg/msg/detail/april_tag_pixel__rosidl_typesupport_fastrtps_cpp.hpp
[1.111s] -- Up-to-date: /home/edub/ros2_ws/install/avig_msg/include/avig_msg/avig_msg/msg/detail/dds_fastrtps
[1.111s] -- Up-to-date: /home/edub/ros2_ws/install/avig_msg/include/avig_msg/avig_msg/msg/detail/april_tag_pixel_array__rosidl_typesupport_fastrtps_cpp.hpp
[1.112s] -- Up-to-date: /home/edub/ros2_ws/install/avig_msg/include/avig_msg/avig_msg/msg/detail/obj_detect__rosidl_typesupport_fastrtps_cpp.hpp
[1.113s] -- Up-to-date: /home/edub/ros2_ws/install/avig_msg/lib/libavig_msg__rosidl_typesupport_fastrtps_cpp.so
[1.113s] -- Up-to-date: /home/edub/ros2_ws/install/avig_msg/include/avig_msg/avig_msg
[1.113s] -- Up-to-date: /home/edub/ros2_ws/install/avig_msg/include/avig_msg/avig_msg/action
[1.113s] -- Up-to-date: /home/edub/ros2_ws/install/avig_msg/include/avig_msg/avig_msg/action/detail
[1.113s] -- Up-to-date: /home/edub/ros2_ws/install/avig_msg/include/avig_msg/avig_msg/action/detail/mover_a__rosidl_typesupport_introspection_cpp.hpp
[1.114s] -- Up-to-date: /home/edub/ros2_ws/install/avig_msg/include/avig_msg/avig_msg/action/detail/mover_a__type_support.cpp
[1.114s] -- Up-to-date: /home/edub/ros2_ws/install/avig_msg/include/avig_msg/avig_msg/srv
[1.114s] -- Up-to-date: /home/edub/ros2_ws/install/avig_msg/include/avig_msg/avig_msg/srv/detail
[1.114s] -- Up-to-date: /home/edub/ros2_ws/install/avig_msg/include/avig_msg/avig_msg/srv/detail/heuristica__rosidl_typesupport_introspection_cpp.hpp
[1.114s] -- Up-to-date: /home/edub/ros2_ws/install/avig_msg/include/avig_msg/avig_msg/srv/detail/heuristica__type_support.cpp
[1.115s] -- Up-to-date: /home/edub/ros2_ws/install/avig_msg/include/avig_msg/avig_msg/msg
[1.115s] -- Up-to-date: /home/edub/ros2_ws/install/avig_msg/include/avig_msg/avig_msg/msg/detail
[1.115s] -- Up-to-date: /home/edub/ros2_ws/install/avig_msg/include/avig_msg/avig_msg/msg/detail/april_tag_pixel_array__type_support.cpp
[1.115s] -- Up-to-date: /home/edub/ros2_ws/install/avig_msg/include/avig_msg/avig_msg/msg/detail/april_tag_pixel_array__rosidl_typesupport_introspection_cpp.hpp
[1.115s] -- Up-to-date: /home/edub/ros2_ws/install/avig_msg/include/avig_msg/avig_msg/msg/detail/april_tag_pixel__type_support.cpp
[1.115s] -- Up-to-date: /home/edub/ros2_ws/install/avig_msg/include/avig_msg/avig_msg/msg/detail/april_tag_pixel__rosidl_typesupport_introspection_cpp.hpp
[1.115s] -- Up-to-date: /home/edub/ros2_ws/install/avig_msg/include/avig_msg/avig_msg/msg/detail/obj_detect__rosidl_typesupport_introspection_cpp.hpp
[1.116s] -- Up-to-date: /home/edub/ros2_ws/install/avig_msg/include/avig_msg/avig_msg/msg/detail/obj_detect__type_support.cpp
[1.116s] -- Up-to-date: /home/edub/ros2_ws/install/avig_msg/lib/libavig_msg__rosidl_typesupport_introspection_cpp.so
[1.116s] -- Up-to-date: /home/edub/ros2_ws/install/avig_msg/lib/libavig_msg__rosidl_typesupport_cpp.so
[1.116s] -- Up-to-date: /home/edub/ros2_ws/install/avig_msg/share/avig_msg/environment/pythonpath.sh
[1.116s] -- Up-to-date: /home/edub/ros2_ws/install/avig_msg/share/avig_msg/environment/pythonpath.dsv
[1.116s] -- Up-to-date: /home/edub/ros2_ws/install/avig_msg/local/lib/python3.10/dist-packages/avig_msg-0.0.0-py3.10.egg-info
[1.117s] -- Installing: /home/edub/ros2_ws/install/avig_msg/local/lib/python3.10/dist-packages/avig_msg-0.0.0-py3.10.egg-info/dependency_links.txt
[1.118s] -- Installing: /home/edub/ros2_ws/install/avig_msg/local/lib/python3.10/dist-packages/avig_msg-0.0.0-py3.10.egg-info/PKG-INFO
[1.118s] -- Installing: /home/edub/ros2_ws/install/avig_msg/local/lib/python3.10/dist-packages/avig_msg-0.0.0-py3.10.egg-info/top_level.txt
[1.119s] -- Installing: /home/edub/ros2_ws/install/avig_msg/local/lib/python3.10/dist-packages/avig_msg-0.0.0-py3.10.egg-info/SOURCES.txt
[1.119s] -- Up-to-date: /home/edub/ros2_ws/install/avig_msg/local/lib/python3.10/dist-packages/avig_msg
[1.119s] -- Up-to-date: /home/edub/ros2_ws/install/avig_msg/local/lib/python3.10/dist-packages/avig_msg/action
[1.119s] -- Up-to-date: /home/edub/ros2_ws/install/avig_msg/local/lib/python3.10/dist-packages/avig_msg/action/_mover_a.py
[1.119s] -- Up-to-date: /home/edub/ros2_ws/install/avig_msg/local/lib/python3.10/dist-packages/avig_msg/action/_mover_a_s.c
[1.119s] -- Up-to-date: /home/edub/ros2_ws/install/avig_msg/local/lib/python3.10/dist-packages/avig_msg/action/__init__.py
[1.119s] -- Up-to-date: /home/edub/ros2_ws/install/avig_msg/local/lib/python3.10/dist-packages/avig_msg/avig_msg_s__rosidl_typesupport_introspection_c.cpython-310-x86_64-linux-gnu.so
[1.120s] -- Up-to-date: /home/edub/ros2_ws/install/avig_msg/local/lib/python3.10/dist-packages/avig_msg/srv
[1.120s] -- Up-to-date: /home/edub/ros2_ws/install/avig_msg/local/lib/python3.10/dist-packages/avig_msg/srv/_heuristica_s.c
[1.120s] -- Up-to-date: /home/edub/ros2_ws/install/avig_msg/local/lib/python3.10/dist-packages/avig_msg/srv/_heuristica.py
[1.120s] -- Up-to-date: /home/edub/ros2_ws/install/avig_msg/local/lib/python3.10/dist-packages/avig_msg/srv/__init__.py
[1.120s] -- Up-to-date: /home/edub/ros2_ws/install/avig_msg/local/lib/python3.10/dist-packages/avig_msg/avig_msg_s__rosidl_typesupport_c.cpython-310-x86_64-linux-gnu.so
[1.120s] -- Up-to-date: /home/edub/ros2_ws/install/avig_msg/local/lib/python3.10/dist-packages/avig_msg/avig_msg_s__rosidl_typesupport_fastrtps_c.cpython-310-x86_64-linux-gnu.so
[1.121s] -- Up-to-date: /home/edub/ros2_ws/install/avig_msg/local/lib/python3.10/dist-packages/avig_msg/_avig_msg_s.ep.rosidl_typesupport_fastrtps_c.c
[1.121s] -- Up-to-date: /home/edub/ros2_ws/install/avig_msg/local/lib/python3.10/dist-packages/avig_msg/_avig_msg_s.ep.rosidl_typesupport_c.c
[1.121s] -- Up-to-date: /home/edub/ros2_ws/install/avig_msg/local/lib/python3.10/dist-packages/avig_msg/libavig_msg__rosidl_generator_py.so
[1.121s] -- Up-to-date: /home/edub/ros2_ws/install/avig_msg/local/lib/python3.10/dist-packages/avig_msg/msg
[1.121s] -- Up-to-date: /home/edub/ros2_ws/install/avig_msg/local/lib/python3.10/dist-packages/avig_msg/msg/_april_tag_pixel_array.py
[1.121s] -- Up-to-date: /home/edub/ros2_ws/install/avig_msg/local/lib/python3.10/dist-packages/avig_msg/msg/_obj_detect_s.c
[1.121s] -- Up-to-date: /home/edub/ros2_ws/install/avig_msg/local/lib/python3.10/dist-packages/avig_msg/msg/_obj_detect.py
[1.121s] -- Up-to-date: /home/edub/ros2_ws/install/avig_msg/local/lib/python3.10/dist-packages/avig_msg/msg/_april_tag_pixel_array_s.c
[1.121s] -- Up-to-date: /home/edub/ros2_ws/install/avig_msg/local/lib/python3.10/dist-packages/avig_msg/msg/_april_tag_pixel.py
[1.122s] -- Up-to-date: /home/edub/ros2_ws/install/avig_msg/local/lib/python3.10/dist-packages/avig_msg/msg/__init__.py
[1.122s] -- Up-to-date: /home/edub/ros2_ws/install/avig_msg/local/lib/python3.10/dist-packages/avig_msg/msg/_april_tag_pixel_s.c
[1.122s] -- Up-to-date: /home/edub/ros2_ws/install/avig_msg/local/lib/python3.10/dist-packages/avig_msg/__init__.py
[1.122s] -- Up-to-date: /home/edub/ros2_ws/install/avig_msg/local/lib/python3.10/dist-packages/avig_msg/_avig_msg_s.ep.rosidl_typesupport_introspection_c.c
[1.173s] Listing '/home/edub/ros2_ws/install/avig_msg/local/lib/python3.10/dist-packages/avig_msg'...
[1.173s] Listing '/home/edub/ros2_ws/install/avig_msg/local/lib/python3.10/dist-packages/avig_msg/action'...
[1.173s] Listing '/home/edub/ros2_ws/install/avig_msg/local/lib/python3.10/dist-packages/avig_msg/msg'...
[1.174s] Listing '/home/edub/ros2_ws/install/avig_msg/local/lib/python3.10/dist-packages/avig_msg/srv'...
[1.190s] -- Up-to-date: /home/edub/ros2_ws/install/avig_msg/local/lib/python3.10/dist-packages/avig_msg/avig_msg_s__rosidl_typesupport_fastrtps_c.cpython-310-x86_64-linux-gnu.so
[1.191s] -- Up-to-date: /home/edub/ros2_ws/install/avig_msg/local/lib/python3.10/dist-packages/avig_msg/avig_msg_s__rosidl_typesupport_introspection_c.cpython-310-x86_64-linux-gnu.so
[1.191s] -- Up-to-date: /home/edub/ros2_ws/install/avig_msg/local/lib/python3.10/dist-packages/avig_msg/avig_msg_s__rosidl_typesupport_c.cpython-310-x86_64-linux-gnu.so
[1.191s] -- Up-to-date: /home/edub/ros2_ws/install/avig_msg/lib/libavig_msg__rosidl_generator_py.so
[1.191s] -- Up-to-date: /home/edub/ros2_ws/install/avig_msg/share/avig_msg/msg/AprilTagPixel.idl
[1.191s] -- Up-to-date: /home/edub/ros2_ws/install/avig_msg/share/avig_msg/msg/AprilTagPixelArray.idl
[1.191s] -- Up-to-date: /home/edub/ros2_ws/install/avig_msg/share/avig_msg/srv/Heuristica.idl
[1.192s] -- Up-to-date: /home/edub/ros2_ws/install/avig_msg/share/avig_msg/action/MoverA.idl
[1.192s] -- Up-to-date: /home/edub/ros2_ws/install/avig_msg/share/avig_msg/msg/ObjDetect.idl
[1.192s] -- Up-to-date: /home/edub/ros2_ws/install/avig_msg/share/avig_msg/msg/AprilTagPixel.msg
[1.192s] -- Up-to-date: /home/edub/ros2_ws/install/avig_msg/share/avig_msg/msg/AprilTagPixelArray.msg
[1.192s] -- Up-to-date: /home/edub/ros2_ws/install/avig_msg/share/avig_msg/srv/Heuristica.srv
[1.192s] -- Up-to-date: /home/edub/ros2_ws/install/avig_msg/share/avig_msg/srv/Heuristica_Request.msg
[1.192s] -- Up-to-date: /home/edub/ros2_ws/install/avig_msg/share/avig_msg/srv/Heuristica_Response.msg
[1.192s] -- Up-to-date: /home/edub/ros2_ws/install/avig_msg/share/avig_msg/action/MoverA.action
[1.192s] -- Up-to-date: /home/edub/ros2_ws/install/avig_msg/share/avig_msg/msg/ObjDetect.msg
[1.193s] -- Up-to-date: /home/edub/ros2_ws/install/avig_msg/share/ament_index/resource_index/package_run_dependencies/avig_msg
[1.193s] -- Up-to-date: /home/edub/ros2_ws/install/avig_msg/share/ament_index/resource_index/parent_prefix_path/avig_msg
[1.193s] -- Up-to-date: /home/edub/ros2_ws/install/avig_msg/share/avig_msg/environment/ament_prefix_path.sh
[1.193s] -- Up-to-date: /home/edub/ros2_ws/install/avig_msg/share/avig_msg/environment/ament_prefix_path.dsv
[1.194s] -- Up-to-date: /home/edub/ros2_ws/install/avig_msg/share/avig_msg/environment/path.sh
[1.194s] -- Up-to-date: /home/edub/ros2_ws/install/avig_msg/share/avig_msg/environment/path.dsv
[1.195s] -- Up-to-date: /home/edub/ros2_ws/install/avig_msg/share/avig_msg/local_setup.bash
[1.195s] -- Up-to-date: /home/edub/ros2_ws/install/avig_msg/share/avig_msg/local_setup.sh
[1.196s] -- Up-to-date: /home/edub/ros2_ws/install/avig_msg/share/avig_msg/local_setup.zsh
[1.196s] -- Up-to-date: /home/edub/ros2_ws/install/avig_msg/share/avig_msg/local_setup.dsv
[1.196s] -- Installing: /home/edub/ros2_ws/install/avig_msg/share/avig_msg/package.dsv
[1.196s] -- Up-to-date: /home/edub/ros2_ws/install/avig_msg/share/ament_index/resource_index/packages/avig_msg
[1.198s] -- Up-to-date: /home/edub/ros2_ws/install/avig_msg/share/avig_msg/cmake/export_avig_msg__rosidl_generator_cExport.cmake
[1.198s] -- Up-to-date: /home/edub/ros2_ws/install/avig_msg/share/avig_msg/cmake/export_avig_msg__rosidl_generator_cExport-noconfig.cmake
[1.198s] -- Up-to-date: /home/edub/ros2_ws/install/avig_msg/share/avig_msg/cmake/export_avig_msg__rosidl_typesupport_fastrtps_cExport.cmake
[1.199s] -- Up-to-date: /home/edub/ros2_ws/install/avig_msg/share/avig_msg/cmake/export_avig_msg__rosidl_typesupport_fastrtps_cExport-noconfig.cmake
[1.199s] -- Up-to-date: /home/edub/ros2_ws/install/avig_msg/share/avig_msg/cmake/avig_msg__rosidl_typesupport_introspection_cExport.cmake
[1.199s] -- Up-to-date: /home/edub/ros2_ws/install/avig_msg/share/avig_msg/cmake/avig_msg__rosidl_typesupport_introspection_cExport-noconfig.cmake
[1.199s] -- Up-to-date: /home/edub/ros2_ws/install/avig_msg/share/avig_msg/cmake/avig_msg__rosidl_typesupport_cExport.cmake
[1.199s] -- Up-to-date: /home/edub/ros2_ws/install/avig_msg/share/avig_msg/cmake/avig_msg__rosidl_typesupport_cExport-noconfig.cmake
[1.200s] -- Up-to-date: /home/edub/ros2_ws/install/avig_msg/share/avig_msg/cmake/export_avig_msg__rosidl_generator_cppExport.cmake
[1.200s] -- Up-to-date: /home/edub/ros2_ws/install/avig_msg/share/avig_msg/cmake/export_avig_msg__rosidl_typesupport_fastrtps_cppExport.cmake
[1.200s] -- Up-to-date: /home/edub/ros2_ws/install/avig_msg/share/avig_msg/cmake/export_avig_msg__rosidl_typesupport_fastrtps_cppExport-noconfig.cmake
[1.200s] -- Up-to-date: /home/edub/ros2_ws/install/avig_msg/share/avig_msg/cmake/avig_msg__rosidl_typesupport_introspection_cppExport.cmake
[1.200s] -- Up-to-date: /home/edub/ros2_ws/install/avig_msg/share/avig_msg/cmake/avig_msg__rosidl_typesupport_introspection_cppExport-noconfig.cmake
[1.201s] -- Up-to-date: /home/edub/ros2_ws/install/avig_msg/share/avig_msg/cmake/avig_msg__rosidl_typesupport_cppExport.cmake
[1.201s] -- Up-to-date: /home/edub/ros2_ws/install/avig_msg/share/avig_msg/cmake/avig_msg__rosidl_typesupport_cppExport-noconfig.cmake
[1.201s] -- Up-to-date: /home/edub/ros2_ws/install/avig_msg/share/avig_msg/cmake/export_avig_msg__rosidl_generator_pyExport.cmake
[1.201s] -- Up-to-date: /home/edub/ros2_ws/install/avig_msg/share/avig_msg/cmake/export_avig_msg__rosidl_generator_pyExport-noconfig.cmake
[1.201s] -- Up-to-date: /home/edub/ros2_ws/install/avig_msg/share/avig_msg/cmake/rosidl_cmake-extras.cmake
[1.201s] -- Up-to-date: /home/edub/ros2_ws/install/avig_msg/share/avig_msg/cmake/ament_cmake_export_dependencies-extras.cmake
[1.201s] -- Up-to-date: /home/edub/ros2_ws/install/avig_msg/share/avig_msg/cmake/ament_cmake_export_include_directories-extras.cmake
[1.201s] -- Up-to-date: /home/edub/ros2_ws/install/avig_msg/share/avig_msg/cmake/ament_cmake_export_libraries-extras.cmake
[1.201s] -- Up-to-date: /home/edub/ros2_ws/install/avig_msg/share/avig_msg/cmake/ament_cmake_export_targets-extras.cmake
[1.201s] -- Up-to-date: /home/edub/ros2_ws/install/avig_msg/share/avig_msg/cmake/rosidl_cmake_export_typesupport_targets-extras.cmake
[1.202s] -- Up-to-date: /home/edub/ros2_ws/install/avig_msg/share/avig_msg/cmake/rosidl_cmake_export_typesupport_libraries-extras.cmake
[1.202s] -- Up-to-date: /home/edub/ros2_ws/install/avig_msg/share/avig_msg/cmake/avig_msgConfig.cmake
[1.202s] -- Up-to-date: /home/edub/ros2_ws/install/avig_msg/share/avig_msg/cmake/avig_msgConfig-version.cmake
[1.202s] -- Up-to-date: /home/edub/ros2_ws/install/avig_msg/share/avig_msg/package.xml
[1.204s] Invoked command in '/home/edub/ros2_ws/build/avig_msg' returned '0': CMAKE_PREFIX_PATH=${CMAKE_PREFIX_PATH}:/home/edub/ros2_ws/install/mi_pkg_python:/opt/ros/humble /usr/bin/cmake --install /home/edub/ros2_ws/build/avig_msg
