[0.044s] Invoking command in '/home/edub/ros2_ws/build/avig_msg': CMAKE_PREFIX_PATH=${CMAKE_PREFIX_PATH}:/home/edub/ros2_ws/install/mi_pkg_python:/opt/ros/humble /usr/bin/cmake --build /home/edub/ros2_ws/build/avig_msg -- -j6 -l6
[0.433s] [  1%] Built target avig_msg__cpp
[0.529s] [  1%] Built target ament_cmake_python_copy_avig_msg
[0.695s] [ 12%] Built target avig_msg__rosidl_typesupport_introspection_cpp
[1.299s] running egg_info
[1.301s] writing avig_msg.egg-info/PKG-INFO
[1.301s] writing dependency_links to avig_msg.egg-info/dependency_links.txt
[1.305s] writing top-level names to avig_msg.egg-info/top_level.txt
[1.309s] reading manifest file 'avig_msg.egg-info/SOURCES.txt'
[1.325s] writing manifest file 'avig_msg.egg-info/SOURCES.txt'
[1.394s] [ 12%] Built target ament_cmake_python_build_avig_msg_egg
[1.493s] [ 23%] Built target avig_msg__rosidl_typesupport_fastrtps_cpp
[1.583s] [ 34%] Built target avig_msg__rosidl_typesupport_cpp
[1.644s] [ 46%] Built target avig_msg__rosidl_generator_c
[1.720s] [ 57%] Built target avig_msg__rosidl_typesupport_fastrtps_c
[1.770s] [ 68%] Built target avig_msg__rosidl_typesupport_c
[1.822s] [ 79%] Built target avig_msg__rosidl_typesupport_introspection_c
[1.884s] [ 79%] Built target avig_msg
[1.934s] [ 80%] Built target avig_msg__py
[2.025s] [ 90%] Built target avig_msg__rosidl_generator_py
[2.096s] [ 93%] Built target avig_msg__rosidl_typesupport_fastrtps_c__pyext
[2.137s] [ 96%] Built target avig_msg__rosidl_typesupport_c__pyext
[2.201s] [100%] Built target avig_msg__rosidl_typesupport_introspection_c__pyext
[2.226s] Invoked command in '/home/edub/ros2_ws/build/avig_msg' returned '0': CMAKE_PREFIX_PATH=${CMAKE_PREFIX_PATH}:/home/edub/ros2_ws/install/mi_pkg_python:/opt/ros/humble /usr/bin/cmake --build /home/edub/ros2_ws/build/avig_msg -- -j6 -l6
[2.239s] Invoking command in '/home/edub/ros2_ws/build/avig_msg': CMAKE_PREFIX_PATH=${CMAKE_PREFIX_PATH}:/home/edub/ros2_ws/install/mi_pkg_python:/opt/ros/humble /usr/bin/cmake --install /home/edub/ros2_ws/build/avig_msg
[2.254s] -- Install configuration: ""
[2.256s] -- Up-to-date: /home/edub/ros2_ws/install/avig_msg/share/ament_index/resource_index/rosidl_interfaces/avig_msg
[2.259s] -- Up-to-date: /home/edub/ros2_ws/install/avig_msg/include/avig_msg/avig_msg
[2.259s] -- Up-to-date: /home/edub/ros2_ws/install/avig_msg/include/avig_msg/avig_msg/action
[2.265s] -- Up-to-date: /home/edub/ros2_ws/install/avig_msg/include/avig_msg/avig_msg/action/detail
[2.265s] -- Up-to-date: /home/edub/ros2_ws/install/avig_msg/include/avig_msg/avig_msg/action/detail/mover_a__functions.h
[2.265s] -- Up-to-date: /home/edub/ros2_ws/install/avig_msg/include/avig_msg/avig_msg/action/detail/mover_a__functions.c
[2.265s] -- Up-to-date: /home/edub/ros2_ws/install/avig_msg/include/avig_msg/avig_msg/action/detail/mover_a__type_support.h
[2.266s] -- Up-to-date: /home/edub/ros2_ws/install/avig_msg/include/avig_msg/avig_msg/action/detail/mover_a__struct.h
[2.266s] -- Up-to-date: /home/edub/ros2_ws/install/avig_msg/include/avig_msg/avig_msg/action/mover_a.h
[2.266s] -- Up-to-date: /home/edub/ros2_ws/install/avig_msg/include/avig_msg/avig_msg/srv
[2.267s] -- Up-to-date: /home/edub/ros2_ws/install/avig_msg/include/avig_msg/avig_msg/srv/detail
[2.269s] -- Up-to-date: /home/edub/ros2_ws/install/avig_msg/include/avig_msg/avig_msg/srv/detail/heuristica__functions.h
[2.270s] -- Up-to-date: /home/edub/ros2_ws/install/avig_msg/include/avig_msg/avig_msg/srv/detail/heuristica__struct.h
[2.270s] -- Up-to-date: /home/edub/ros2_ws/install/avig_msg/include/avig_msg/avig_msg/srv/detail/heuristica__functions.c
[2.270s] -- Up-to-date: /home/edub/ros2_ws/install/avig_msg/include/avig_msg/avig_msg/srv/detail/heuristica__type_support.h
[2.270s] -- Up-to-date: /home/edub/ros2_ws/install/avig_msg/include/avig_msg/avig_msg/srv/heuristica.h
[2.270s] -- Up-to-date: /home/edub/ros2_ws/install/avig_msg/include/avig_msg/avig_msg/msg
[2.271s] -- Up-to-date: /home/edub/ros2_ws/install/avig_msg/include/avig_msg/avig_msg/msg/detail
[2.272s] -- Up-to-date: /home/edub/ros2_ws/install/avig_msg/include/avig_msg/avig_msg/msg/detail/april_tag_pixel_array__functions.c
[2.272s] -- Up-to-date: /home/edub/ros2_ws/install/avig_msg/include/avig_msg/avig_msg/msg/detail/april_tag_pixel_array__struct.h
[2.272s] -- Up-to-date: /home/edub/ros2_ws/install/avig_msg/include/avig_msg/avig_msg/msg/detail/obj_detect__struct.h
[2.272s] -- Up-to-date: /home/edub/ros2_ws/install/avig_msg/include/avig_msg/avig_msg/msg/detail/obj_detect__functions.h
[2.273s] -- Up-to-date: /home/edub/ros2_ws/install/avig_msg/include/avig_msg/avig_msg/msg/detail/obj_detect__type_support.h
[2.273s] -- Up-to-date: /home/edub/ros2_ws/install/avig_msg/include/avig_msg/avig_msg/msg/detail/april_tag_pixel__functions.c
[2.278s] -- Up-to-date: /home/edub/ros2_ws/install/avig_msg/include/avig_msg/avig_msg/msg/detail/april_tag_pixel__struct.h
[2.278s] -- Up-to-date: /home/edub/ros2_ws/install/avig_msg/include/avig_msg/avig_msg/msg/detail/april_tag_pixel_array__functions.h
[2.278s] -- Up-to-date: /home/edub/ros2_ws/install/avig_msg/include/avig_msg/avig_msg/msg/detail/april_tag_pixel_array__type_support.h
[2.278s] -- Up-to-date: /home/edub/ros2_ws/install/avig_msg/include/avig_msg/avig_msg/msg/detail/april_tag_pixel__type_support.h
[2.278s] -- Up-to-date: /home/edub/ros2_ws/install/avig_msg/include/avig_msg/avig_msg/msg/detail/obj_detect__functions.c
[2.278s] -- Up-to-date: /home/edub/ros2_ws/install/avig_msg/include/avig_msg/avig_msg/msg/detail/april_tag_pixel__functions.h
[2.278s] -- Up-to-date: /home/edub/ros2_ws/install/avig_msg/include/avig_msg/avig_msg/msg/april_tag_pixel.h
[2.279s] -- Up-to-date: /home/edub/ros2_ws/install/avig_msg/include/avig_msg/avig_msg/msg/april_tag_pixel_array.h
[2.279s] -- Up-to-date: /home/edub/ros2_ws/install/avig_msg/include/avig_msg/avig_msg/msg/obj_detect.h
[2.279s] -- Up-to-date: /home/edub/ros2_ws/install/avig_msg/include/avig_msg/avig_msg/msg/rosidl_generator_c__visibility_control.h
[2.279s] -- Up-to-date: /home/edub/ros2_ws/install/avig_msg/share/avig_msg/environment/library_path.sh
[2.279s] -- Up-to-date: /home/edub/ros2_ws/install/avig_msg/share/avig_msg/environment/library_path.dsv
[2.279s] -- Up-to-date: /home/edub/ros2_ws/install/avig_msg/lib/libavig_msg__rosidl_generator_c.so
[2.279s] -- Up-to-date: /home/edub/ros2_ws/install/avig_msg/include/avig_msg/avig_msg
[2.279s] -- Up-to-date: /home/edub/ros2_ws/install/avig_msg/include/avig_msg/avig_msg/action
[2.282s] -- Up-to-date: /home/edub/ros2_ws/install/avig_msg/include/avig_msg/avig_msg/action/detail
[2.283s] -- Up-to-date: /home/edub/ros2_ws/install/avig_msg/include/avig_msg/avig_msg/action/detail/mover_a__rosidl_typesupport_fastrtps_c.h
[2.286s] -- Up-to-date: /home/edub/ros2_ws/install/avig_msg/include/avig_msg/avig_msg/srv
[2.286s] -- Up-to-date: /home/edub/ros2_ws/install/avig_msg/include/avig_msg/avig_msg/srv/detail
[2.286s] -- Up-to-date: /home/edub/ros2_ws/install/avig_msg/include/avig_msg/avig_msg/srv/detail/heuristica__rosidl_typesupport_fastrtps_c.h
[2.286s] -- Up-to-date: /home/edub/ros2_ws/install/avig_msg/include/avig_msg/avig_msg/msg
[2.286s] -- Up-to-date: /home/edub/ros2_ws/install/avig_msg/include/avig_msg/avig_msg/msg/detail
[2.287s] -- Up-to-date: /home/edub/ros2_ws/install/avig_msg/include/avig_msg/avig_msg/msg/detail/april_tag_pixel_array__rosidl_typesupport_fastrtps_c.h
[2.287s] -- Up-to-date: /home/edub/ros2_ws/install/avig_msg/include/avig_msg/avig_msg/msg/detail/obj_detect__rosidl_typesupport_fastrtps_c.h
[2.287s] -- Up-to-date: /home/edub/ros2_ws/install/avig_msg/include/avig_msg/avig_msg/msg/detail/april_tag_pixel__rosidl_typesupport_fastrtps_c.h
[2.287s] -- Up-to-date: /home/edub/ros2_ws/install/avig_msg/include/avig_msg/avig_msg/msg/rosidl_typesupport_fastrtps_c__visibility_control.h
[2.287s] -- Up-to-date: /home/edub/ros2_ws/install/avig_msg/lib/libavig_msg__rosidl_typesupport_fastrtps_c.so
[2.287s] -- Up-to-date: /home/edub/ros2_ws/install/avig_msg/include/avig_msg/avig_msg
[2.288s] -- Up-to-date: /home/edub/ros2_ws/install/avig_msg/include/avig_msg/avig_msg/action
[2.288s] -- Up-to-date: /home/edub/ros2_ws/install/avig_msg/include/avig_msg/avig_msg/action/detail
[2.288s] -- Up-to-date: /home/edub/ros2_ws/install/avig_msg/include/avig_msg/avig_msg/action/detail/mover_a__rosidl_typesupport_introspection_c.h
[2.288s] -- Up-to-date: /home/edub/ros2_ws/install/avig_msg/include/avig_msg/avig_msg/action/detail/mover_a__type_support.c
[2.288s] -- Up-to-date: /home/edub/ros2_ws/install/avig_msg/include/avig_msg/avig_msg/srv
[2.291s] -- Up-to-date: /home/edub/ros2_ws/install/avig_msg/include/avig_msg/avig_msg/srv/detail
[2.291s] -- Up-to-date: /home/edub/ros2_ws/install/avig_msg/include/avig_msg/avig_msg/srv/detail/heuristica__rosidl_typesupport_introspection_c.h
[2.291s] -- Up-to-date: /home/edub/ros2_ws/install/avig_msg/include/avig_msg/avig_msg/srv/detail/heuristica__type_support.c
[2.292s] -- Up-to-date: /home/edub/ros2_ws/install/avig_msg/include/avig_msg/avig_msg/msg
[2.292s] -- Up-to-date: /home/edub/ros2_ws/install/avig_msg/include/avig_msg/avig_msg/msg/rosidl_typesupport_introspection_c__visibility_control.h
[2.292s] -- Up-to-date: /home/edub/ros2_ws/install/avig_msg/include/avig_msg/avig_msg/msg/detail
[2.292s] -- Up-to-date: /home/edub/ros2_ws/install/avig_msg/include/avig_msg/avig_msg/msg/detail/april_tag_pixel_array__type_support.c
[2.292s] -- Up-to-date: /home/edub/ros2_ws/install/avig_msg/include/avig_msg/avig_msg/msg/detail/obj_detect__rosidl_typesupport_introspection_c.h
[2.292s] -- Up-to-date: /home/edub/ros2_ws/install/avig_msg/include/avig_msg/avig_msg/msg/detail/april_tag_pixel__rosidl_typesupport_introspection_c.h
[2.292s] -- Up-to-date: /home/edub/ros2_ws/install/avig_msg/include/avig_msg/avig_msg/msg/detail/april_tag_pixel__type_support.c
[2.292s] -- Up-to-date: /home/edub/ros2_ws/install/avig_msg/include/avig_msg/avig_msg/msg/detail/april_tag_pixel_array__rosidl_typesupport_introspection_c.h
[2.292s] -- Up-to-date: /home/edub/ros2_ws/install/avig_msg/include/avig_msg/avig_msg/msg/detail/obj_detect__type_support.c
[2.292s] -- Up-to-date: /home/edub/ros2_ws/install/avig_msg/lib/libavig_msg__rosidl_typesupport_introspection_c.so
[2.293s] -- Up-to-date: /home/edub/ros2_ws/install/avig_msg/lib/libavig_msg__rosidl_typesupport_c.so
[2.293s] -- Up-to-date: /home/edub/ros2_ws/install/avig_msg/include/avig_msg/avig_msg
[2.293s] -- Up-to-date: /home/edub/ros2_ws/install/avig_msg/include/avig_msg/avig_msg/action
[2.293s] -- Up-to-date: /home/edub/ros2_ws/install/avig_msg/include/avig_msg/avig_msg/action/mover_a.hpp
[2.293s] -- Up-to-date: /home/edub/ros2_ws/install/avig_msg/include/avig_msg/avig_msg/action/detail
[2.293s] -- Up-to-date: /home/edub/ros2_ws/install/avig_msg/include/avig_msg/avig_msg/action/detail/mover_a__struct.hpp
[2.293s] -- Up-to-date: /home/edub/ros2_ws/install/avig_msg/include/avig_msg/avig_msg/action/detail/mover_a__traits.hpp
[2.293s] -- Up-to-date: /home/edub/ros2_ws/install/avig_msg/include/avig_msg/avig_msg/action/detail/mover_a__type_support.hpp
[2.293s] -- Up-to-date: /home/edub/ros2_ws/install/avig_msg/include/avig_msg/avig_msg/action/detail/mover_a__builder.hpp
[2.294s] -- Up-to-date: /home/edub/ros2_ws/install/avig_msg/include/avig_msg/avig_msg/srv
[2.294s] -- Up-to-date: /home/edub/ros2_ws/install/avig_msg/include/avig_msg/avig_msg/srv/detail
[2.294s] -- Up-to-date: /home/edub/ros2_ws/install/avig_msg/include/avig_msg/avig_msg/srv/detail/heuristica__traits.hpp
[2.294s] -- Up-to-date: /home/edub/ros2_ws/install/avig_msg/include/avig_msg/avig_msg/srv/detail/heuristica__struct.hpp
[2.294s] -- Up-to-date: /home/edub/ros2_ws/install/avig_msg/include/avig_msg/avig_msg/srv/detail/heuristica__builder.hpp
[2.294s] -- Up-to-date: /home/edub/ros2_ws/install/avig_msg/include/avig_msg/avig_msg/srv/detail/heuristica__type_support.hpp
[2.294s] -- Up-to-date: /home/edub/ros2_ws/install/avig_msg/include/avig_msg/avig_msg/srv/heuristica.hpp
[2.294s] -- Up-to-date: /home/edub/ros2_ws/install/avig_msg/include/avig_msg/avig_msg/msg
[2.300s] -- Up-to-date: /home/edub/ros2_ws/install/avig_msg/include/avig_msg/avig_msg/msg/april_tag_pixel_array.hpp
[2.300s] -- Up-to-date: /home/edub/ros2_ws/install/avig_msg/include/avig_msg/avig_msg/msg/obj_detect.hpp
[2.300s] -- Up-to-date: /home/edub/ros2_ws/install/avig_msg/include/avig_msg/avig_msg/msg/rosidl_generator_cpp__visibility_control.hpp
[2.301s] -- Up-to-date: /home/edub/ros2_ws/install/avig_msg/include/avig_msg/avig_msg/msg/detail
[2.301s] -- Up-to-date: /home/edub/ros2_ws/install/avig_msg/include/avig_msg/avig_msg/msg/detail/april_tag_pixel_array__type_support.hpp
[2.301s] -- Up-to-date: /home/edub/ros2_ws/install/avig_msg/include/avig_msg/avig_msg/msg/detail/april_tag_pixel_array__traits.hpp
[2.307s] -- Up-to-date: /home/edub/ros2_ws/install/avig_msg/include/avig_msg/avig_msg/msg/detail/april_tag_pixel_array__builder.hpp
[2.308s] -- Up-to-date: /home/edub/ros2_ws/install/avig_msg/include/avig_msg/avig_msg/msg/detail/april_tag_pixel_array__struct.hpp
[2.308s] -- Up-to-date: /home/edub/ros2_ws/install/avig_msg/include/avig_msg/avig_msg/msg/detail/obj_detect__builder.hpp
[2.308s] -- Up-to-date: /home/edub/ros2_ws/install/avig_msg/include/avig_msg/avig_msg/msg/detail/obj_detect__struct.hpp
[2.308s] -- Up-to-date: /home/edub/ros2_ws/install/avig_msg/include/avig_msg/avig_msg/msg/detail/april_tag_pixel__builder.hpp
[2.308s] -- Up-to-date: /home/edub/ros2_ws/install/avig_msg/include/avig_msg/avig_msg/msg/detail/obj_detect__type_support.hpp
[2.308s] -- Up-to-date: /home/edub/ros2_ws/install/avig_msg/include/avig_msg/avig_msg/msg/detail/obj_detect__traits.hpp
[2.308s] -- Up-to-date: /home/edub/ros2_ws/install/avig_msg/include/avig_msg/avig_msg/msg/detail/april_tag_pixel__traits.hpp
[2.308s] -- Up-to-date: /home/edub/ros2_ws/install/avig_msg/include/avig_msg/avig_msg/msg/detail/april_tag_pixel__struct.hpp
[2.308s] -- Up-to-date: /home/edub/ros2_ws/install/avig_msg/include/avig_msg/avig_msg/msg/detail/april_tag_pixel__type_support.hpp
[2.308s] -- Up-to-date: /home/edub/ros2_ws/install/avig_msg/include/avig_msg/avig_msg/msg/april_tag_pixel.hpp
[2.309s] -- Up-to-date: /home/edub/ros2_ws/install/avig_msg/include/avig_msg/avig_msg
[2.309s] -- Up-to-date: /home/edub/ros2_ws/install/avig_msg/include/avig_msg/avig_msg/action
[2.309s] -- Up-to-date: /home/edub/ros2_ws/install/avig_msg/include/avig_msg/avig_msg/action/detail
[2.309s] -- Up-to-date: /home/edub/ros2_ws/install/avig_msg/include/avig_msg/avig_msg/action/detail/dds_fastrtps
[2.309s] -- Up-to-date: /home/edub/ros2_ws/install/avig_msg/include/avig_msg/avig_msg/action/detail/mover_a__rosidl_typesupport_fastrtps_cpp.hpp
[2.309s] -- Up-to-date: /home/edub/ros2_ws/install/avig_msg/include/avig_msg/avig_msg/srv
[2.309s] -- Up-to-date: /home/edub/ros2_ws/install/avig_msg/include/avig_msg/avig_msg/srv/detail
[2.309s] -- Up-to-date: /home/edub/ros2_ws/install/avig_msg/include/avig_msg/avig_msg/srv/detail/dds_fastrtps
[2.309s] -- Up-to-date: /home/edub/ros2_ws/install/avig_msg/include/avig_msg/avig_msg/srv/detail/heuristica__rosidl_typesupport_fastrtps_cpp.hpp
[2.312s] -- Up-to-date: /home/edub/ros2_ws/install/avig_msg/include/avig_msg/avig_msg/msg
[2.313s] -- Up-to-date: /home/edub/ros2_ws/install/avig_msg/include/avig_msg/avig_msg/msg/rosidl_typesupport_fastrtps_cpp__visibility_control.h
[2.313s] -- Up-to-date: /home/edub/ros2_ws/install/avig_msg/include/avig_msg/avig_msg/msg/detail
[2.313s] -- Up-to-date: /home/edub/ros2_ws/install/avig_msg/include/avig_msg/avig_msg/msg/detail/april_tag_pixel__rosidl_typesupport_fastrtps_cpp.hpp
[2.313s] -- Up-to-date: /home/edub/ros2_ws/install/avig_msg/include/avig_msg/avig_msg/msg/detail/dds_fastrtps
[2.313s] -- Up-to-date: /home/edub/ros2_ws/install/avig_msg/include/avig_msg/avig_msg/msg/detail/april_tag_pixel_array__rosidl_typesupport_fastrtps_cpp.hpp
[2.313s] -- Up-to-date: /home/edub/ros2_ws/install/avig_msg/include/avig_msg/avig_msg/msg/detail/obj_detect__rosidl_typesupport_fastrtps_cpp.hpp
[2.313s] -- Up-to-date: /home/edub/ros2_ws/install/avig_msg/lib/libavig_msg__rosidl_typesupport_fastrtps_cpp.so
[2.313s] -- Up-to-date: /home/edub/ros2_ws/install/avig_msg/include/avig_msg/avig_msg
[2.313s] -- Up-to-date: /home/edub/ros2_ws/install/avig_msg/include/avig_msg/avig_msg/action
[2.313s] -- Up-to-date: /home/edub/ros2_ws/install/avig_msg/include/avig_msg/avig_msg/action/detail
[2.313s] -- Up-to-date: /home/edub/ros2_ws/install/avig_msg/include/avig_msg/avig_msg/action/detail/mover_a__rosidl_typesupport_introspection_cpp.hpp
[2.313s] -- Up-to-date: /home/edub/ros2_ws/install/avig_msg/include/avig_msg/avig_msg/action/detail/mover_a__type_support.cpp
[2.313s] -- Up-to-date: /home/edub/ros2_ws/install/avig_msg/include/avig_msg/avig_msg/srv
[2.313s] -- Up-to-date: /home/edub/ros2_ws/install/avig_msg/include/avig_msg/avig_msg/srv/detail
[2.313s] -- Up-to-date: /home/edub/ros2_ws/install/avig_msg/include/avig_msg/avig_msg/srv/detail/heuristica__rosidl_typesupport_introspection_cpp.hpp
[2.314s] -- Up-to-date: /home/edub/ros2_ws/install/avig_msg/include/avig_msg/avig_msg/srv/detail/heuristica__type_support.cpp
[2.314s] -- Up-to-date: /home/edub/ros2_ws/install/avig_msg/include/avig_msg/avig_msg/msg
[2.314s] -- Up-to-date: /home/edub/ros2_ws/install/avig_msg/include/avig_msg/avig_msg/msg/detail
[2.314s] -- Up-to-date: /home/edub/ros2_ws/install/avig_msg/include/avig_msg/avig_msg/msg/detail/april_tag_pixel_array__type_support.cpp
[2.314s] -- Up-to-date: /home/edub/ros2_ws/install/avig_msg/include/avig_msg/avig_msg/msg/detail/april_tag_pixel_array__rosidl_typesupport_introspection_cpp.hpp
[2.314s] -- Up-to-date: /home/edub/ros2_ws/install/avig_msg/include/avig_msg/avig_msg/msg/detail/april_tag_pixel__type_support.cpp
[2.314s] -- Up-to-date: /home/edub/ros2_ws/install/avig_msg/include/avig_msg/avig_msg/msg/detail/april_tag_pixel__rosidl_typesupport_introspection_cpp.hpp
[2.314s] -- Up-to-date: /home/edub/ros2_ws/install/avig_msg/include/avig_msg/avig_msg/msg/detail/obj_detect__rosidl_typesupport_introspection_cpp.hpp
[2.315s] -- Up-to-date: /home/edub/ros2_ws/install/avig_msg/include/avig_msg/avig_msg/msg/detail/obj_detect__type_support.cpp
[2.315s] -- Up-to-date: /home/edub/ros2_ws/install/avig_msg/lib/libavig_msg__rosidl_typesupport_introspection_cpp.so
[2.315s] -- Up-to-date: /home/edub/ros2_ws/install/avig_msg/lib/libavig_msg__rosidl_typesupport_cpp.so
[2.315s] -- Up-to-date: /home/edub/ros2_ws/install/avig_msg/share/avig_msg/environment/pythonpath.sh
[2.316s] -- Up-to-date: /home/edub/ros2_ws/install/avig_msg/share/avig_msg/environment/pythonpath.dsv
[2.316s] -- Up-to-date: /home/edub/ros2_ws/install/avig_msg/local/lib/python3.10/dist-packages/avig_msg-0.0.0-py3.10.egg-info
[2.316s] -- Installing: /home/edub/ros2_ws/install/avig_msg/local/lib/python3.10/dist-packages/avig_msg-0.0.0-py3.10.egg-info/dependency_links.txt
[2.316s] -- Installing: /home/edub/ros2_ws/install/avig_msg/local/lib/python3.10/dist-packages/avig_msg-0.0.0-py3.10.egg-info/PKG-INFO
[2.316s] -- Installing: /home/edub/ros2_ws/install/avig_msg/local/lib/python3.10/dist-packages/avig_msg-0.0.0-py3.10.egg-info/top_level.txt
[2.317s] -- Installing: /home/edub/ros2_ws/install/avig_msg/local/lib/python3.10/dist-packages/avig_msg-0.0.0-py3.10.egg-info/SOURCES.txt
[2.317s] -- Up-to-date: /home/edub/ros2_ws/install/avig_msg/local/lib/python3.10/dist-packages/avig_msg
[2.317s] -- Up-to-date: /home/edub/ros2_ws/install/avig_msg/local/lib/python3.10/dist-packages/avig_msg/action
[2.317s] -- Up-to-date: /home/edub/ros2_ws/install/avig_msg/local/lib/python3.10/dist-packages/avig_msg/action/_mover_a.py
[2.317s] -- Up-to-date: /home/edub/ros2_ws/install/avig_msg/local/lib/python3.10/dist-packages/avig_msg/action/_mover_a_s.c
[2.317s] -- Up-to-date: /home/edub/ros2_ws/install/avig_msg/local/lib/python3.10/dist-packages/avig_msg/action/__init__.py
[2.317s] -- Up-to-date: /home/edub/ros2_ws/install/avig_msg/local/lib/python3.10/dist-packages/avig_msg/avig_msg_s__rosidl_typesupport_introspection_c.cpython-310-x86_64-linux-gnu.so
[2.317s] -- Up-to-date: /home/edub/ros2_ws/install/avig_msg/local/lib/python3.10/dist-packages/avig_msg/srv
[2.317s] -- Up-to-date: /home/edub/ros2_ws/install/avig_msg/local/lib/python3.10/dist-packages/avig_msg/srv/_heuristica_s.c
[2.317s] -- Up-to-date: /home/edub/ros2_ws/install/avig_msg/local/lib/python3.10/dist-packages/avig_msg/srv/_heuristica.py
[2.318s] -- Up-to-date: /home/edub/ros2_ws/install/avig_msg/local/lib/python3.10/dist-packages/avig_msg/srv/__init__.py
[2.318s] -- Up-to-date: /home/edub/ros2_ws/install/avig_msg/local/lib/python3.10/dist-packages/avig_msg/avig_msg_s__rosidl_typesupport_c.cpython-310-x86_64-linux-gnu.so
[2.318s] -- Up-to-date: /home/edub/ros2_ws/install/avig_msg/local/lib/python3.10/dist-packages/avig_msg/avig_msg_s__rosidl_typesupport_fastrtps_c.cpython-310-x86_64-linux-gnu.so
[2.318s] -- Up-to-date: /home/edub/ros2_ws/install/avig_msg/local/lib/python3.10/dist-packages/avig_msg/_avig_msg_s.ep.rosidl_typesupport_fastrtps_c.c
[2.318s] -- Up-to-date: /home/edub/ros2_ws/install/avig_msg/local/lib/python3.10/dist-packages/avig_msg/_avig_msg_s.ep.rosidl_typesupport_c.c
[2.318s] -- Up-to-date: /home/edub/ros2_ws/install/avig_msg/local/lib/python3.10/dist-packages/avig_msg/libavig_msg__rosidl_generator_py.so
[2.318s] -- Up-to-date: /home/edub/ros2_ws/install/avig_msg/local/lib/python3.10/dist-packages/avig_msg/msg
[2.318s] -- Up-to-date: /home/edub/ros2_ws/install/avig_msg/local/lib/python3.10/dist-packages/avig_msg/msg/_april_tag_pixel_array.py
[2.318s] -- Up-to-date: /home/edub/ros2_ws/install/avig_msg/local/lib/python3.10/dist-packages/avig_msg/msg/_obj_detect_s.c
[2.319s] -- Up-to-date: /home/edub/ros2_ws/install/avig_msg/local/lib/python3.10/dist-packages/avig_msg/msg/_obj_detect.py
[2.319s] -- Up-to-date: /home/edub/ros2_ws/install/avig_msg/local/lib/python3.10/dist-packages/avig_msg/msg/_april_tag_pixel_array_s.c
[2.319s] -- Up-to-date: /home/edub/ros2_ws/install/avig_msg/local/lib/python3.10/dist-packages/avig_msg/msg/_april_tag_pixel.py
[2.321s] -- Up-to-date: /home/edub/ros2_ws/install/avig_msg/local/lib/python3.10/dist-packages/avig_msg/msg/__init__.py
[2.321s] -- Up-to-date: /home/edub/ros2_ws/install/avig_msg/local/lib/python3.10/dist-packages/avig_msg/msg/_april_tag_pixel_s.c
[2.321s] -- Up-to-date: /home/edub/ros2_ws/install/avig_msg/local/lib/python3.10/dist-packages/avig_msg/__init__.py
[2.321s] -- Up-to-date: /home/edub/ros2_ws/install/avig_msg/local/lib/python3.10/dist-packages/avig_msg/_avig_msg_s.ep.rosidl_typesupport_introspection_c.c
[2.360s] Listing '/home/edub/ros2_ws/install/avig_msg/local/lib/python3.10/dist-packages/avig_msg'...
[2.360s] Listing '/home/edub/ros2_ws/install/avig_msg/local/lib/python3.10/dist-packages/avig_msg/action'...
[2.360s] Listing '/home/edub/ros2_ws/install/avig_msg/local/lib/python3.10/dist-packages/avig_msg/msg'...
[2.360s] Listing '/home/edub/ros2_ws/install/avig_msg/local/lib/python3.10/dist-packages/avig_msg/srv'...
[2.375s] -- Up-to-date: /home/edub/ros2_ws/install/avig_msg/local/lib/python3.10/dist-packages/avig_msg/avig_msg_s__rosidl_typesupport_fastrtps_c.cpython-310-x86_64-linux-gnu.so
[2.376s] -- Up-to-date: /home/edub/ros2_ws/install/avig_msg/local/lib/python3.10/dist-packages/avig_msg/avig_msg_s__rosidl_typesupport_introspection_c.cpython-310-x86_64-linux-gnu.so
[2.377s] -- Up-to-date: /home/edub/ros2_ws/install/avig_msg/local/lib/python3.10/dist-packages/avig_msg/avig_msg_s__rosidl_typesupport_c.cpython-310-x86_64-linux-gnu.so
[2.377s] -- Up-to-date: /home/edub/ros2_ws/install/avig_msg/lib/libavig_msg__rosidl_generator_py.so
[2.378s] -- Up-to-date: /home/edub/ros2_ws/install/avig_msg/share/avig_msg/msg/AprilTagPixel.idl
[2.378s] -- Up-to-date: /home/edub/ros2_ws/install/avig_msg/share/avig_msg/msg/AprilTagPixelArray.idl
[2.378s] -- Up-to-date: /home/edub/ros2_ws/install/avig_msg/share/avig_msg/srv/Heuristica.idl
[2.379s] -- Up-to-date: /home/edub/ros2_ws/install/avig_msg/share/avig_msg/action/MoverA.idl
[2.379s] -- Up-to-date: /home/edub/ros2_ws/install/avig_msg/share/avig_msg/msg/ObjDetect.idl
[2.379s] -- Up-to-date: /home/edub/ros2_ws/install/avig_msg/share/avig_msg/msg/AprilTagPixel.msg
[2.379s] -- Up-to-date: /home/edub/ros2_ws/install/avig_msg/share/avig_msg/msg/AprilTagPixelArray.msg
[2.379s] -- Up-to-date: /home/edub/ros2_ws/install/avig_msg/share/avig_msg/srv/Heuristica.srv
[2.380s] -- Up-to-date: /home/edub/ros2_ws/install/avig_msg/share/avig_msg/srv/Heuristica_Request.msg
[2.380s] -- Up-to-date: /home/edub/ros2_ws/install/avig_msg/share/avig_msg/srv/Heuristica_Response.msg
[2.380s] -- Up-to-date: /home/edub/ros2_ws/install/avig_msg/share/avig_msg/action/MoverA.action
[2.380s] -- Up-to-date: /home/edub/ros2_ws/install/avig_msg/share/avig_msg/msg/ObjDetect.msg
[2.380s] -- Up-to-date: /home/edub/ros2_ws/install/avig_msg/share/ament_index/resource_index/package_run_dependencies/avig_msg
[2.380s] -- Up-to-date: /home/edub/ros2_ws/install/avig_msg/share/ament_index/resource_index/parent_prefix_path/avig_msg
[2.380s] -- Up-to-date: /home/edub/ros2_ws/install/avig_msg/share/avig_msg/environment/ament_prefix_path.sh
[2.380s] -- Up-to-date: /home/edub/ros2_ws/install/avig_msg/share/avig_msg/environment/ament_prefix_path.dsv
[2.381s] -- Up-to-date: /home/edub/ros2_ws/install/avig_msg/share/avig_msg/environment/path.sh
[2.381s] -- Up-to-date: /home/edub/ros2_ws/install/avig_msg/share/avig_msg/environment/path.dsv
[2.381s] -- Up-to-date: /home/edub/ros2_ws/install/avig_msg/share/avig_msg/local_setup.bash
[2.381s] -- Up-to-date: /home/edub/ros2_ws/install/avig_msg/share/avig_msg/local_setup.sh
[2.381s] -- Up-to-date: /home/edub/ros2_ws/install/avig_msg/share/avig_msg/local_setup.zsh
[2.383s] -- Up-to-date: /home/edub/ros2_ws/install/avig_msg/share/avig_msg/local_setup.dsv
[2.383s] -- Installing: /home/edub/ros2_ws/install/avig_msg/share/avig_msg/package.dsv
[2.383s] -- Up-to-date: /home/edub/ros2_ws/install/avig_msg/share/ament_index/resource_index/packages/avig_msg
[2.386s] -- Up-to-date: /home/edub/ros2_ws/install/avig_msg/share/avig_msg/cmake/export_avig_msg__rosidl_generator_cExport.cmake
[2.386s] -- Up-to-date: /home/edub/ros2_ws/install/avig_msg/share/avig_msg/cmake/export_avig_msg__rosidl_generator_cExport-noconfig.cmake
[2.387s] -- Up-to-date: /home/edub/ros2_ws/install/avig_msg/share/avig_msg/cmake/export_avig_msg__rosidl_typesupport_fastrtps_cExport.cmake
[2.387s] -- Up-to-date: /home/edub/ros2_ws/install/avig_msg/share/avig_msg/cmake/export_avig_msg__rosidl_typesupport_fastrtps_cExport-noconfig.cmake
[2.389s] -- Up-to-date: /home/edub/ros2_ws/install/avig_msg/share/avig_msg/cmake/avig_msg__rosidl_typesupport_introspection_cExport.cmake
[2.389s] -- Up-to-date: /home/edub/ros2_ws/install/avig_msg/share/avig_msg/cmake/avig_msg__rosidl_typesupport_introspection_cExport-noconfig.cmake
[2.390s] -- Up-to-date: /home/edub/ros2_ws/install/avig_msg/share/avig_msg/cmake/avig_msg__rosidl_typesupport_cExport.cmake
[2.390s] -- Up-to-date: /home/edub/ros2_ws/install/avig_msg/share/avig_msg/cmake/avig_msg__rosidl_typesupport_cExport-noconfig.cmake
[2.391s] -- Up-to-date: /home/edub/ros2_ws/install/avig_msg/share/avig_msg/cmake/export_avig_msg__rosidl_generator_cppExport.cmake
[2.393s] -- Up-to-date: /home/edub/ros2_ws/install/avig_msg/share/avig_msg/cmake/export_avig_msg__rosidl_typesupport_fastrtps_cppExport.cmake
[2.393s] -- Up-to-date: /home/edub/ros2_ws/install/avig_msg/share/avig_msg/cmake/export_avig_msg__rosidl_typesupport_fastrtps_cppExport-noconfig.cmake
[2.395s] -- Up-to-date: /home/edub/ros2_ws/install/avig_msg/share/avig_msg/cmake/avig_msg__rosidl_typesupport_introspection_cppExport.cmake
[2.395s] -- Up-to-date: /home/edub/ros2_ws/install/avig_msg/share/avig_msg/cmake/avig_msg__rosidl_typesupport_introspection_cppExport-noconfig.cmake
[2.395s] -- Up-to-date: /home/edub/ros2_ws/install/avig_msg/share/avig_msg/cmake/avig_msg__rosidl_typesupport_cppExport.cmake
[2.395s] -- Up-to-date: /home/edub/ros2_ws/install/avig_msg/share/avig_msg/cmake/avig_msg__rosidl_typesupport_cppExport-noconfig.cmake
[2.397s] -- Up-to-date: /home/edub/ros2_ws/install/avig_msg/share/avig_msg/cmake/export_avig_msg__rosidl_generator_pyExport.cmake
[2.397s] -- Up-to-date: /home/edub/ros2_ws/install/avig_msg/share/avig_msg/cmake/export_avig_msg__rosidl_generator_pyExport-noconfig.cmake
[2.397s] -- Up-to-date: /home/edub/ros2_ws/install/avig_msg/share/avig_msg/cmake/rosidl_cmake-extras.cmake
[2.397s] -- Up-to-date: /home/edub/ros2_ws/install/avig_msg/share/avig_msg/cmake/ament_cmake_export_dependencies-extras.cmake
[2.397s] -- Up-to-date: /home/edub/ros2_ws/install/avig_msg/share/avig_msg/cmake/ament_cmake_export_include_directories-extras.cmake
[2.397s] -- Up-to-date: /home/edub/ros2_ws/install/avig_msg/share/avig_msg/cmake/ament_cmake_export_libraries-extras.cmake
[2.399s] -- Up-to-date: /home/edub/ros2_ws/install/avig_msg/share/avig_msg/cmake/ament_cmake_export_targets-extras.cmake
[2.399s] -- Up-to-date: /home/edub/ros2_ws/install/avig_msg/share/avig_msg/cmake/rosidl_cmake_export_typesupport_targets-extras.cmake
[2.399s] -- Up-to-date: /home/edub/ros2_ws/install/avig_msg/share/avig_msg/cmake/rosidl_cmake_export_typesupport_libraries-extras.cmake
[2.399s] -- Up-to-date: /home/edub/ros2_ws/install/avig_msg/share/avig_msg/cmake/avig_msgConfig.cmake
[2.399s] -- Up-to-date: /home/edub/ros2_ws/install/avig_msg/share/avig_msg/cmake/avig_msgConfig-version.cmake
[2.404s] -- Up-to-date: /home/edub/ros2_ws/install/avig_msg/share/avig_msg/package.xml
[2.404s] Invoked command in '/home/edub/ros2_ws/build/avig_msg' returned '0': CMAKE_PREFIX_PATH=${CMAKE_PREFIX_PATH}:/home/edub/ros2_ws/install/mi_pkg_python:/opt/ros/humble /usr/bin/cmake --install /home/edub/ros2_ws/build/avig_msg
