[0.544s] Invoking command in '/home/edub/ros2_ws/src/mi_pkg_python': PYTHONPATH=/home/edub/ros2_ws/build/mi_pkg_python/prefix_override:/usr/lib/python3/dist-packages/colcon_core/task/python/colcon_distutils_commands:/home/edub/ros2_ws/install/mi_pkg_python/lib/python3.10/site-packages:${PYTHONPATH} /usr/bin/python3 -W ignore:setup.py install is deprecated -W ignore:easy_install command is deprecated setup.py egg_info --egg-base ../../build/mi_pkg_python build --build-base /home/edub/ros2_ws/build/mi_pkg_python/build install --record /home/edub/ros2_ws/build/mi_pkg_python/install.log --single-version-externally-managed install_data
[0.753s] running egg_info
[0.753s] writing ../../build/mi_pkg_python/mi_pkg_python.egg-info/PKG-INFO
[0.754s] writing dependency_links to ../../build/mi_pkg_python/mi_pkg_python.egg-info/dependency_links.txt
[0.754s] writing entry points to ../../build/mi_pkg_python/mi_pkg_python.egg-info/entry_points.txt
[0.754s] writing requirements to ../../build/mi_pkg_python/mi_pkg_python.egg-info/requires.txt
[0.754s] writing top-level names to ../../build/mi_pkg_python/mi_pkg_python.egg-info/top_level.txt
[0.757s] reading manifest file '../../build/mi_pkg_python/mi_pkg_python.egg-info/SOURCES.txt'
[0.757s] writing manifest file '../../build/mi_pkg_python/mi_pkg_python.egg-info/SOURCES.txt'
[0.757s] running build
[0.757s] running build_py
[0.762s] running install
[0.762s] running install_lib
[0.762s] running install_data
[0.762s] running install_egg_info
[0.763s] removing '/home/edub/ros2_ws/install/mi_pkg_python/lib/python3.10/site-packages/mi_pkg_python-0.0.0-py3.10.egg-info' (and everything under it)
[0.765s] Copying ../../build/mi_pkg_python/mi_pkg_python.egg-info to /home/edub/ros2_ws/install/mi_pkg_python/lib/python3.10/site-packages/mi_pkg_python-0.0.0-py3.10.egg-info
[0.769s] running install_scripts
[0.786s] Installing 0_tf2 script to /home/edub/ros2_ws/install/mi_pkg_python/lib/mi_pkg_python
[0.786s] Installing 0_urdf_pub script to /home/edub/ros2_ws/install/mi_pkg_python/lib/mi_pkg_python
[0.786s] Installing 0_urdf_sub script to /home/edub/ros2_ws/install/mi_pkg_python/lib/mi_pkg_python
[0.786s] Installing action_cliente script to /home/edub/ros2_ws/install/mi_pkg_python/lib/mi_pkg_python
[0.786s] Installing action_servidor script to /home/edub/ros2_ws/install/mi_pkg_python/lib/mi_pkg_python
[0.786s] Installing apriltag_1 script to /home/edub/ros2_ws/install/mi_pkg_python/lib/mi_pkg_python
[0.786s] Installing apriltag_2 script to /home/edub/ros2_ws/install/mi_pkg_python/lib/mi_pkg_python
[0.787s] Installing cliente_1 script to /home/edub/ros2_ws/install/mi_pkg_python/lib/mi_pkg_python
[0.787s] Installing p_fsm script to /home/edub/ros2_ws/install/mi_pkg_python/lib/mi_pkg_python
[0.787s] Installing p_orientacion2juntas script to /home/edub/ros2_ws/install/mi_pkg_python/lib/mi_pkg_python
[0.787s] Installing p_prueba script to /home/edub/ros2_ws/install/mi_pkg_python/lib/mi_pkg_python
[0.787s] Installing p_puente script to /home/edub/ros2_ws/install/mi_pkg_python/lib/mi_pkg_python
[0.787s] Installing p_set script to /home/edub/ros2_ws/install/mi_pkg_python/lib/mi_pkg_python
[0.788s] Installing p_vision2riz script to /home/edub/ros2_ws/install/mi_pkg_python/lib/mi_pkg_python
[0.788s] Installing publicador1 script to /home/edub/ros2_ws/install/mi_pkg_python/lib/mi_pkg_python
[0.788s] Installing puente_mqtt script to /home/edub/ros2_ws/install/mi_pkg_python/lib/mi_pkg_python
[0.788s] Installing servidor_1 script to /home/edub/ros2_ws/install/mi_pkg_python/lib/mi_pkg_python
[0.788s] Installing suscriptor1 script to /home/edub/ros2_ws/install/mi_pkg_python/lib/mi_pkg_python
[0.788s] Installing urdf_mqtt script to /home/edub/ros2_ws/install/mi_pkg_python/lib/mi_pkg_python
[0.791s] writing list of installed files to '/home/edub/ros2_ws/build/mi_pkg_python/install.log'
[0.817s] Invoked command in '/home/edub/ros2_ws/src/mi_pkg_python' returned '0': PYTHONPATH=/home/edub/ros2_ws/build/mi_pkg_python/prefix_override:/usr/lib/python3/dist-packages/colcon_core/task/python/colcon_distutils_commands:/home/edub/ros2_ws/install/mi_pkg_python/lib/python3.10/site-packages:${PYTHONPATH} /usr/bin/python3 -W ignore:setup.py install is deprecated -W ignore:easy_install command is deprecated setup.py egg_info --egg-base ../../build/mi_pkg_python build --build-base /home/edub/ros2_ws/build/mi_pkg_python/build install --record /home/edub/ros2_ws/build/mi_pkg_python/install.log --single-version-externally-managed install_data
