[0.091s] DEBUG:colcon:Command line arguments: ['/usr/bin/colcon', 'build']
[0.091s] DEBUG:colcon:Parsed command line arguments: Namespace(log_base=None, log_level=None, verb_name='build', build_base='build', install_base='install', merge_install=False, symlink_install=False, test_result_base=None, continue_on_error=False, executor='parallel', parallel_workers=6, event_handlers=None, ignore_user_meta=False, metas=['./colcon.meta'], base_paths=['.'], packages_ignore=None, packages_ignore_regex=None, paths=None, packages_up_to=None, packages_up_to_regex=None, packages_above=None, packages_above_and_dependencies=None, packages_above_depth=None, packages_select_by_dep=None, packages_skip_by_dep=None, packages_skip_up_to=None, packages_select_build_failed=False, packages_skip_build_finished=False, packages_select_test_failures=False, packages_skip_test_passed=False, packages_select=None, packages_skip=None, packages_select_regex=None, packages_skip_regex=None, packages_start=None, packages_end=None, allow_overriding=[], cmake_args=None, cmake_target=None, cmake_target_skip_unavailable=False, cmake_clean_cache=False, cmake_clean_first=False, cmake_force_configure=False, ament_cmake_args=None, catkin_cmake_args=None, catkin_skip_building_tests=False, verb_parser=<colcon_defaults.argument_parser.defaults.DefaultArgumentsDecorator object at 0x713b252c7fd0>, verb_extension=<colcon_core.verb.build.BuildVerb object at 0x713b254602e0>, main=<bound method BuildVerb.main of <colcon_core.verb.build.BuildVerb object at 0x713b254602e0>>)
[0.231s] Level 1:colcon.colcon_core.package_discovery:discover_packages(colcon_meta) check parameters
[0.231s] Level 1:colcon.colcon_core.package_discovery:discover_packages(recursive) check parameters
[0.231s] Level 1:colcon.colcon_core.package_discovery:discover_packages(ignore) check parameters
[0.231s] Level 1:colcon.colcon_core.package_discovery:discover_packages(path) check parameters
[0.231s] Level 1:colcon.colcon_core.package_discovery:discover_packages(colcon_meta) discover
[0.231s] Level 1:colcon.colcon_core.package_discovery:discover_packages(recursive) discover
[0.231s] INFO:colcon.colcon_core.package_discovery:Crawling recursively for packages in '/home/edub/ros2_ws'
[0.232s] Level 1:colcon.colcon_core.package_identification:_identify(.) by extensions ['ignore', 'ignore_ament_install']
[0.232s] Level 1:colcon.colcon_core.package_identification:_identify(.) by extension 'ignore'
[0.232s] Level 1:colcon.colcon_core.package_identification:_identify(.) by extension 'ignore_ament_install'
[0.232s] Level 1:colcon.colcon_core.package_identification:_identify(.) by extensions ['colcon_pkg']
[0.232s] Level 1:colcon.colcon_core.package_identification:_identify(.) by extension 'colcon_pkg'
[0.232s] Level 1:colcon.colcon_core.package_identification:_identify(.) by extensions ['colcon_meta']
[0.232s] Level 1:colcon.colcon_core.package_identification:_identify(.) by extension 'colcon_meta'
[0.232s] Level 1:colcon.colcon_core.package_identification:_identify(.) by extensions ['ros']
[0.232s] Level 1:colcon.colcon_core.package_identification:_identify(.) by extension 'ros'
[0.242s] Level 1:colcon.colcon_core.package_identification:_identify(.) by extensions ['cmake', 'python']
[0.242s] Level 1:colcon.colcon_core.package_identification:_identify(.) by extension 'cmake'
[0.242s] Level 1:colcon.colcon_core.package_identification:_identify(.) by extension 'python'
[0.242s] Level 1:colcon.colcon_core.package_identification:_identify(.) by extensions ['python_setup_py']
[0.242s] Level 1:colcon.colcon_core.package_identification:_identify(.) by extension 'python_setup_py'
[0.242s] Level 1:colcon.colcon_core.package_identification:_identify(build) by extensions ['ignore', 'ignore_ament_install']
[0.242s] Level 1:colcon.colcon_core.package_identification:_identify(build) by extension 'ignore'
[0.242s] Level 1:colcon.colcon_core.package_identification:_identify(build) ignored
[0.242s] Level 1:colcon.colcon_core.package_identification:_identify(install) by extensions ['ignore', 'ignore_ament_install']
[0.242s] Level 1:colcon.colcon_core.package_identification:_identify(install) by extension 'ignore'
[0.242s] Level 1:colcon.colcon_core.package_identification:_identify(install) ignored
[0.242s] Level 1:colcon.colcon_core.package_identification:_identify(log) by extensions ['ignore', 'ignore_ament_install']
[0.242s] Level 1:colcon.colcon_core.package_identification:_identify(log) by extension 'ignore'
[0.242s] Level 1:colcon.colcon_core.package_identification:_identify(log) ignored
[0.242s] Level 1:colcon.colcon_core.package_identification:_identify(src) by extensions ['ignore', 'ignore_ament_install']
[0.243s] Level 1:colcon.colcon_core.package_identification:_identify(src) by extension 'ignore'
[0.243s] Level 1:colcon.colcon_core.package_identification:_identify(src) by extension 'ignore_ament_install'
[0.243s] Level 1:colcon.colcon_core.package_identification:_identify(src) by extensions ['colcon_pkg']
[0.243s] Level 1:colcon.colcon_core.package_identification:_identify(src) by extension 'colcon_pkg'
[0.243s] Level 1:colcon.colcon_core.package_identification:_identify(src) by extensions ['colcon_meta']
[0.243s] Level 1:colcon.colcon_core.package_identification:_identify(src) by extension 'colcon_meta'
[0.243s] Level 1:colcon.colcon_core.package_identification:_identify(src) by extensions ['ros']
[0.243s] Level 1:colcon.colcon_core.package_identification:_identify(src) by extension 'ros'
[0.243s] Level 1:colcon.colcon_core.package_identification:_identify(src) by extensions ['cmake', 'python']
[0.243s] Level 1:colcon.colcon_core.package_identification:_identify(src) by extension 'cmake'
[0.243s] Level 1:colcon.colcon_core.package_identification:_identify(src) by extension 'python'
[0.243s] Level 1:colcon.colcon_core.package_identification:_identify(src) by extensions ['python_setup_py']
[0.243s] Level 1:colcon.colcon_core.package_identification:_identify(src) by extension 'python_setup_py'
[0.243s] Level 1:colcon.colcon_core.package_identification:_identify(src/avig_msg) by extensions ['ignore', 'ignore_ament_install']
[0.243s] Level 1:colcon.colcon_core.package_identification:_identify(src/avig_msg) by extension 'ignore'
[0.243s] Level 1:colcon.colcon_core.package_identification:_identify(src/avig_msg) by extension 'ignore_ament_install'
[0.243s] Level 1:colcon.colcon_core.package_identification:_identify(src/avig_msg) by extensions ['colcon_pkg']
[0.243s] Level 1:colcon.colcon_core.package_identification:_identify(src/avig_msg) by extension 'colcon_pkg'
[0.243s] Level 1:colcon.colcon_core.package_identification:_identify(src/avig_msg) by extensions ['colcon_meta']
[0.243s] Level 1:colcon.colcon_core.package_identification:_identify(src/avig_msg) by extension 'colcon_meta'
[0.243s] Level 1:colcon.colcon_core.package_identification:_identify(src/avig_msg) by extensions ['ros']
[0.243s] Level 1:colcon.colcon_core.package_identification:_identify(src/avig_msg) by extension 'ros'
[0.245s] DEBUG:colcon.colcon_core.package_identification:Package 'src/avig_msg' with type 'ros.ament_cmake' and name 'avig_msg'
[0.245s] Level 1:colcon.colcon_core.package_identification:_identify(src/mi_pkg_python) by extensions ['ignore', 'ignore_ament_install']
[0.246s] Level 1:colcon.colcon_core.package_identification:_identify(src/mi_pkg_python) by extension 'ignore'
[0.246s] Level 1:colcon.colcon_core.package_identification:_identify(src/mi_pkg_python) by extension 'ignore_ament_install'
[0.246s] Level 1:colcon.colcon_core.package_identification:_identify(src/mi_pkg_python) by extensions ['colcon_pkg']
[0.246s] Level 1:colcon.colcon_core.package_identification:_identify(src/mi_pkg_python) by extension 'colcon_pkg'
[0.246s] Level 1:colcon.colcon_core.package_identification:_identify(src/mi_pkg_python) by extensions ['colcon_meta']
[0.246s] Level 1:colcon.colcon_core.package_identification:_identify(src/mi_pkg_python) by extension 'colcon_meta'
[0.246s] Level 1:colcon.colcon_core.package_identification:_identify(src/mi_pkg_python) by extensions ['ros']
[0.246s] Level 1:colcon.colcon_core.package_identification:_identify(src/mi_pkg_python) by extension 'ros'
[0.247s] DEBUG:colcon.colcon_core.package_identification:Package 'src/mi_pkg_python' with type 'ros.ament_python' and name 'mi_pkg_python'
[0.247s] Level 1:colcon.colcon_core.package_discovery:discover_packages(recursive) using defaults
[0.247s] Level 1:colcon.colcon_core.package_discovery:discover_packages(ignore) discover
[0.247s] Level 1:colcon.colcon_core.package_discovery:discover_packages(ignore) using defaults
[0.247s] Level 1:colcon.colcon_core.package_discovery:discover_packages(path) discover
[0.247s] Level 1:colcon.colcon_core.package_discovery:discover_packages(path) using defaults
[0.264s] Level 1:colcon.colcon_core.package_discovery:discover_packages(prefix_path) check parameters
[0.264s] Level 1:colcon.colcon_core.package_discovery:discover_packages(prefix_path) discover
[0.265s] DEBUG:colcon.colcon_installed_package_information.package_discovery:Found 2 installed packages in /home/edub/ros2_ws/install
[0.266s] DEBUG:colcon.colcon_installed_package_information.package_discovery:Found 275 installed packages in /opt/ros/humble
[0.268s] Level 1:colcon.colcon_core.package_discovery:discover_packages(prefix_path) using defaults
[0.307s] Level 5:colcon.colcon_core.verb:set package 'avig_msg' build argument 'cmake_args' from command line to 'None'
[0.307s] Level 5:colcon.colcon_core.verb:set package 'avig_msg' build argument 'cmake_target' from command line to 'None'
[0.307s] Level 5:colcon.colcon_core.verb:set package 'avig_msg' build argument 'cmake_target_skip_unavailable' from command line to 'False'
[0.307s] Level 5:colcon.colcon_core.verb:set package 'avig_msg' build argument 'cmake_clean_cache' from command line to 'False'
[0.307s] Level 5:colcon.colcon_core.verb:set package 'avig_msg' build argument 'cmake_clean_first' from command line to 'False'
[0.307s] Level 5:colcon.colcon_core.verb:set package 'avig_msg' build argument 'cmake_force_configure' from command line to 'False'
[0.307s] Level 5:colcon.colcon_core.verb:set package 'avig_msg' build argument 'ament_cmake_args' from command line to 'None'
[0.307s] Level 5:colcon.colcon_core.verb:set package 'avig_msg' build argument 'catkin_cmake_args' from command line to 'None'
[0.307s] Level 5:colcon.colcon_core.verb:set package 'avig_msg' build argument 'catkin_skip_building_tests' from command line to 'False'
[0.307s] DEBUG:colcon.colcon_core.verb:Building package 'avig_msg' with the following arguments: {'ament_cmake_args': None, 'build_base': '/home/edub/ros2_ws/build/avig_msg', 'catkin_cmake_args': None, 'catkin_skip_building_tests': False, 'cmake_args': None, 'cmake_clean_cache': False, 'cmake_clean_first': False, 'cmake_force_configure': False, 'cmake_target': None, 'cmake_target_skip_unavailable': False, 'install_base': '/home/edub/ros2_ws/install/avig_msg', 'merge_install': False, 'path': '/home/edub/ros2_ws/src/avig_msg', 'symlink_install': False, 'test_result_base': None}
[0.308s] Level 5:colcon.colcon_core.verb:set package 'mi_pkg_python' build argument 'cmake_args' from command line to 'None'
[0.308s] Level 5:colcon.colcon_core.verb:set package 'mi_pkg_python' build argument 'cmake_target' from command line to 'None'
[0.308s] Level 5:colcon.colcon_core.verb:set package 'mi_pkg_python' build argument 'cmake_target_skip_unavailable' from command line to 'False'
[0.308s] Level 5:colcon.colcon_core.verb:set package 'mi_pkg_python' build argument 'cmake_clean_cache' from command line to 'False'
[0.308s] Level 5:colcon.colcon_core.verb:set package 'mi_pkg_python' build argument 'cmake_clean_first' from command line to 'False'
[0.308s] Level 5:colcon.colcon_core.verb:set package 'mi_pkg_python' build argument 'cmake_force_configure' from command line to 'False'
[0.308s] Level 5:colcon.colcon_core.verb:set package 'mi_pkg_python' build argument 'ament_cmake_args' from command line to 'None'
[0.308s] Level 5:colcon.colcon_core.verb:set package 'mi_pkg_python' build argument 'catkin_cmake_args' from command line to 'None'
[0.308s] Level 5:colcon.colcon_core.verb:set package 'mi_pkg_python' build argument 'catkin_skip_building_tests' from command line to 'False'
[0.308s] DEBUG:colcon.colcon_core.verb:Building package 'mi_pkg_python' with the following arguments: {'ament_cmake_args': None, 'build_base': '/home/edub/ros2_ws/build/mi_pkg_python', 'catkin_cmake_args': None, 'catkin_skip_building_tests': False, 'cmake_args': None, 'cmake_clean_cache': False, 'cmake_clean_first': False, 'cmake_force_configure': False, 'cmake_target': None, 'cmake_target_skip_unavailable': False, 'install_base': '/home/edub/ros2_ws/install/mi_pkg_python', 'merge_install': False, 'path': '/home/edub/ros2_ws/src/mi_pkg_python', 'symlink_install': False, 'test_result_base': None}
[0.308s] INFO:colcon.colcon_core.executor:Executing jobs using 'parallel' executor
[0.309s] DEBUG:colcon.colcon_parallel_executor.executor.parallel:run_until_complete
[0.309s] INFO:colcon.colcon_ros.task.ament_cmake.build:Building ROS package in '/home/edub/ros2_ws/src/avig_msg' with build type 'ament_cmake'
[0.309s] INFO:colcon.colcon_cmake.task.cmake.build:Building CMake package in '/home/edub/ros2_ws/src/avig_msg'
[0.311s] INFO:colcon.colcon_core.plugin_system:Skipping extension 'colcon_core.shell.bat': Not used on non-Windows systems
[0.312s] INFO:colcon.colcon_core.shell:Skip shell extension 'powershell' for command environment: Not usable outside of PowerShell
[0.312s] DEBUG:colcon.colcon_core.shell:Skip shell extension 'dsv' for command environment
[0.315s] INFO:colcon.colcon_ros.task.ament_python.build:Building ROS package in '/home/edub/ros2_ws/src/mi_pkg_python' with build type 'ament_python'
[0.316s] Level 1:colcon.colcon_core.shell:create_environment_hook('mi_pkg_python', 'ament_prefix_path')
[0.316s] INFO:colcon.colcon_core.shell:Creating environment hook '/home/edub/ros2_ws/install/mi_pkg_python/share/mi_pkg_python/hook/ament_prefix_path.ps1'
[0.317s] INFO:colcon.colcon_core.shell:Creating environment descriptor '/home/edub/ros2_ws/install/mi_pkg_python/share/mi_pkg_python/hook/ament_prefix_path.dsv'
[0.318s] INFO:colcon.colcon_core.shell:Creating environment hook '/home/edub/ros2_ws/install/mi_pkg_python/share/mi_pkg_python/hook/ament_prefix_path.sh'
[0.319s] INFO:colcon.colcon_core.shell:Skip shell extension 'powershell' for command environment: Not usable outside of PowerShell
[0.319s] DEBUG:colcon.colcon_core.shell:Skip shell extension 'dsv' for command environment
[0.329s] DEBUG:colcon.colcon_core.event_handler.log_command:Invoking command in '/home/edub/ros2_ws/build/avig_msg': CMAKE_PREFIX_PATH=${CMAKE_PREFIX_PATH}:/home/edub/ros2_ws/install/mi_pkg_python:/opt/ros/humble /usr/bin/cmake --build /home/edub/ros2_ws/build/avig_msg -- -j6 -l6
[0.584s] INFO:colcon.colcon_core.task.python.build:Building Python package in '/home/edub/ros2_ws/src/mi_pkg_python'
[0.585s] INFO:colcon.colcon_core.shell:Skip shell extension 'powershell' for command environment: Not usable outside of PowerShell
[0.585s] DEBUG:colcon.colcon_core.shell:Skip shell extension 'dsv' for command environment
[0.895s] DEBUG:colcon.colcon_core.event_handler.log_command:Invoking command in '/home/edub/ros2_ws/src/mi_pkg_python': PYTHONPATH=/home/edub/ros2_ws/build/mi_pkg_python/prefix_override:/usr/lib/python3/dist-packages/colcon_core/task/python/colcon_distutils_commands:/home/edub/ros2_ws/install/mi_pkg_python/lib/python3.10/site-packages:${PYTHONPATH} /usr/bin/python3 -W ignore:setup.py install is deprecated -W ignore:easy_install command is deprecated setup.py egg_info --egg-base ../../build/mi_pkg_python build --build-base /home/edub/ros2_ws/build/mi_pkg_python/build install --record /home/edub/ros2_ws/build/mi_pkg_python/install.log --single-version-externally-managed install_data
[0.965s] DEBUG:colcon.colcon_core.event_handler.log_command:Invoked command in '/home/edub/ros2_ws/build/avig_msg' returned '0': CMAKE_PREFIX_PATH=${CMAKE_PREFIX_PATH}:/home/edub/ros2_ws/install/mi_pkg_python:/opt/ros/humble /usr/bin/cmake --build /home/edub/ros2_ws/build/avig_msg -- -j6 -l6
[0.976s] DEBUG:colcon.colcon_core.event_handler.log_command:Invoking command in '/home/edub/ros2_ws/build/avig_msg': CMAKE_PREFIX_PATH=${CMAKE_PREFIX_PATH}:/home/edub/ros2_ws/install/mi_pkg_python:/opt/ros/humble /usr/bin/cmake --install /home/edub/ros2_ws/build/avig_msg
[1.027s] Level 1:colcon.colcon_core.environment:create_environment_scripts_only(avig_msg)
[1.027s] DEBUG:colcon.colcon_core.event_handler.log_command:Invoked command in '/home/edub/ros2_ws/build/avig_msg' returned '0': CMAKE_PREFIX_PATH=${CMAKE_PREFIX_PATH}:/home/edub/ros2_ws/install/mi_pkg_python:/opt/ros/humble /usr/bin/cmake --install /home/edub/ros2_ws/build/avig_msg
[1.029s] Level 1:colcon.colcon_core.environment:checking '/home/edub/ros2_ws/install/avig_msg' for CMake module files
[1.030s] Level 1:colcon.colcon_core.environment:checking '/home/edub/ros2_ws/install/avig_msg' for CMake config files
[1.030s] Level 1:colcon.colcon_core.shell:create_environment_hook('avig_msg', 'cmake_prefix_path')
[1.030s] INFO:colcon.colcon_core.shell:Creating environment hook '/home/edub/ros2_ws/install/avig_msg/share/avig_msg/hook/cmake_prefix_path.ps1'
[1.031s] INFO:colcon.colcon_core.shell:Creating environment descriptor '/home/edub/ros2_ws/install/avig_msg/share/avig_msg/hook/cmake_prefix_path.dsv'
[1.031s] INFO:colcon.colcon_core.shell:Creating environment hook '/home/edub/ros2_ws/install/avig_msg/share/avig_msg/hook/cmake_prefix_path.sh'
[1.032s] Level 1:colcon.colcon_core.environment:checking '/home/edub/ros2_ws/install/avig_msg/lib'
[1.032s] Level 1:colcon.colcon_core.shell:create_environment_hook('avig_msg', 'ld_library_path_lib')
[1.032s] INFO:colcon.colcon_core.shell:Creating environment hook '/home/edub/ros2_ws/install/avig_msg/share/avig_msg/hook/ld_library_path_lib.ps1'
[1.033s] INFO:colcon.colcon_core.shell:Creating environment descriptor '/home/edub/ros2_ws/install/avig_msg/share/avig_msg/hook/ld_library_path_lib.dsv'
[1.033s] INFO:colcon.colcon_core.shell:Creating environment hook '/home/edub/ros2_ws/install/avig_msg/share/avig_msg/hook/ld_library_path_lib.sh'
[1.033s] Level 1:colcon.colcon_core.environment:checking '/home/edub/ros2_ws/install/avig_msg/bin'
[1.033s] Level 1:colcon.colcon_core.environment:checking '/home/edub/ros2_ws/install/avig_msg/lib/pkgconfig/avig_msg.pc'
[1.034s] Level 1:colcon.colcon_core.environment:checking '/home/edub/ros2_ws/install/avig_msg/lib/python3.10/site-packages'
[1.034s] Level 1:colcon.colcon_core.environment:checking '/home/edub/ros2_ws/install/avig_msg/bin'
[1.034s] INFO:colcon.colcon_core.shell:Creating package script '/home/edub/ros2_ws/install/avig_msg/share/avig_msg/package.ps1'
[1.035s] INFO:colcon.colcon_core.shell:Creating package descriptor '/home/edub/ros2_ws/install/avig_msg/share/avig_msg/package.dsv'
[1.036s] INFO:colcon.colcon_core.shell:Creating package script '/home/edub/ros2_ws/install/avig_msg/share/avig_msg/package.sh'
[1.036s] INFO:colcon.colcon_core.shell:Creating package script '/home/edub/ros2_ws/install/avig_msg/share/avig_msg/package.bash'
[1.037s] INFO:colcon.colcon_core.shell:Creating package script '/home/edub/ros2_ws/install/avig_msg/share/avig_msg/package.zsh'
[1.038s] Level 1:colcon.colcon_core.environment:create_file_with_runtime_dependencies(/home/edub/ros2_ws/install/avig_msg/share/colcon-core/packages/avig_msg)
[1.039s] Level 1:colcon.colcon_core.environment:create_environment_scripts_only(avig_msg)
[1.040s] Level 1:colcon.colcon_core.environment:checking '/home/edub/ros2_ws/install/avig_msg' for CMake module files
[1.040s] Level 1:colcon.colcon_core.environment:checking '/home/edub/ros2_ws/install/avig_msg' for CMake config files
[1.040s] Level 1:colcon.colcon_core.shell:create_environment_hook('avig_msg', 'cmake_prefix_path')
[1.041s] INFO:colcon.colcon_core.shell:Creating environment hook '/home/edub/ros2_ws/install/avig_msg/share/avig_msg/hook/cmake_prefix_path.ps1'
[1.041s] INFO:colcon.colcon_core.shell:Creating environment descriptor '/home/edub/ros2_ws/install/avig_msg/share/avig_msg/hook/cmake_prefix_path.dsv'
[1.042s] INFO:colcon.colcon_core.shell:Creating environment hook '/home/edub/ros2_ws/install/avig_msg/share/avig_msg/hook/cmake_prefix_path.sh'
[1.042s] Level 1:colcon.colcon_core.environment:checking '/home/edub/ros2_ws/install/avig_msg/lib'
[1.042s] Level 1:colcon.colcon_core.shell:create_environment_hook('avig_msg', 'ld_library_path_lib')
[1.043s] INFO:colcon.colcon_core.shell:Creating environment hook '/home/edub/ros2_ws/install/avig_msg/share/avig_msg/hook/ld_library_path_lib.ps1'
[1.043s] INFO:colcon.colcon_core.shell:Creating environment descriptor '/home/edub/ros2_ws/install/avig_msg/share/avig_msg/hook/ld_library_path_lib.dsv'
[1.043s] INFO:colcon.colcon_core.shell:Creating environment hook '/home/edub/ros2_ws/install/avig_msg/share/avig_msg/hook/ld_library_path_lib.sh'
[1.044s] Level 1:colcon.colcon_core.environment:checking '/home/edub/ros2_ws/install/avig_msg/bin'
[1.044s] Level 1:colcon.colcon_core.environment:checking '/home/edub/ros2_ws/install/avig_msg/lib/pkgconfig/avig_msg.pc'
[1.044s] Level 1:colcon.colcon_core.environment:checking '/home/edub/ros2_ws/install/avig_msg/lib/python3.10/site-packages'
[1.044s] Level 1:colcon.colcon_core.environment:checking '/home/edub/ros2_ws/install/avig_msg/bin'
[1.045s] INFO:colcon.colcon_core.shell:Creating package script '/home/edub/ros2_ws/install/avig_msg/share/avig_msg/package.ps1'
[1.045s] INFO:colcon.colcon_core.shell:Creating package descriptor '/home/edub/ros2_ws/install/avig_msg/share/avig_msg/package.dsv'
[1.047s] INFO:colcon.colcon_core.shell:Creating package script '/home/edub/ros2_ws/install/avig_msg/share/avig_msg/package.sh'
[1.048s] INFO:colcon.colcon_core.shell:Creating package script '/home/edub/ros2_ws/install/avig_msg/share/avig_msg/package.bash'
[1.048s] INFO:colcon.colcon_core.shell:Creating package script '/home/edub/ros2_ws/install/avig_msg/share/avig_msg/package.zsh'
[1.049s] Level 1:colcon.colcon_core.environment:create_file_with_runtime_dependencies(/home/edub/ros2_ws/install/avig_msg/share/colcon-core/packages/avig_msg)
[1.190s] Level 1:colcon.colcon_core.environment:checking '/home/edub/ros2_ws/install/mi_pkg_python' for CMake module files
[1.190s] DEBUG:colcon.colcon_core.event_handler.log_command:Invoked command in '/home/edub/ros2_ws/src/mi_pkg_python' returned '0': PYTHONPATH=/home/edub/ros2_ws/build/mi_pkg_python/prefix_override:/usr/lib/python3/dist-packages/colcon_core/task/python/colcon_distutils_commands:/home/edub/ros2_ws/install/mi_pkg_python/lib/python3.10/site-packages:${PYTHONPATH} /usr/bin/python3 -W ignore:setup.py install is deprecated -W ignore:easy_install command is deprecated setup.py egg_info --egg-base ../../build/mi_pkg_python build --build-base /home/edub/ros2_ws/build/mi_pkg_python/build install --record /home/edub/ros2_ws/build/mi_pkg_python/install.log --single-version-externally-managed install_data
[1.191s] Level 1:colcon.colcon_core.environment:checking '/home/edub/ros2_ws/install/mi_pkg_python' for CMake config files
[1.191s] Level 1:colcon.colcon_core.environment:checking '/home/edub/ros2_ws/install/mi_pkg_python/lib'
[1.192s] Level 1:colcon.colcon_core.environment:checking '/home/edub/ros2_ws/install/mi_pkg_python/bin'
[1.192s] Level 1:colcon.colcon_core.environment:checking '/home/edub/ros2_ws/install/mi_pkg_python/lib/pkgconfig/mi_pkg_python.pc'
[1.192s] Level 1:colcon.colcon_core.environment:checking '/home/edub/ros2_ws/install/mi_pkg_python/lib/python3.10/site-packages'
[1.192s] Level 1:colcon.colcon_core.shell:create_environment_hook('mi_pkg_python', 'pythonpath')
[1.192s] INFO:colcon.colcon_core.shell:Creating environment hook '/home/edub/ros2_ws/install/mi_pkg_python/share/mi_pkg_python/hook/pythonpath.ps1'
[1.192s] INFO:colcon.colcon_core.shell:Creating environment descriptor '/home/edub/ros2_ws/install/mi_pkg_python/share/mi_pkg_python/hook/pythonpath.dsv'
[1.193s] INFO:colcon.colcon_core.shell:Creating environment hook '/home/edub/ros2_ws/install/mi_pkg_python/share/mi_pkg_python/hook/pythonpath.sh'
[1.194s] Level 1:colcon.colcon_core.environment:checking '/home/edub/ros2_ws/install/mi_pkg_python/bin'
[1.195s] Level 1:colcon.colcon_core.environment:create_environment_scripts_only(mi_pkg_python)
[1.195s] INFO:colcon.colcon_core.shell:Creating package script '/home/edub/ros2_ws/install/mi_pkg_python/share/mi_pkg_python/package.ps1'
[1.196s] INFO:colcon.colcon_core.shell:Creating package descriptor '/home/edub/ros2_ws/install/mi_pkg_python/share/mi_pkg_python/package.dsv'
[1.196s] INFO:colcon.colcon_core.shell:Creating package script '/home/edub/ros2_ws/install/mi_pkg_python/share/mi_pkg_python/package.sh'
[1.197s] INFO:colcon.colcon_core.shell:Creating package script '/home/edub/ros2_ws/install/mi_pkg_python/share/mi_pkg_python/package.bash'
[1.197s] INFO:colcon.colcon_core.shell:Creating package script '/home/edub/ros2_ws/install/mi_pkg_python/share/mi_pkg_python/package.zsh'
[1.197s] Level 1:colcon.colcon_core.environment:create_file_with_runtime_dependencies(/home/edub/ros2_ws/install/mi_pkg_python/share/colcon-core/packages/mi_pkg_python)
[1.197s] DEBUG:colcon.colcon_parallel_executor.executor.parallel:closing loop
[1.198s] DEBUG:colcon.colcon_parallel_executor.executor.parallel:loop closed
[1.198s] DEBUG:colcon.colcon_parallel_executor.executor.parallel:run_until_complete finished with '0'
[1.198s] DEBUG:colcon.colcon_core.event_reactor:joining thread
[1.203s] INFO:colcon.colcon_core.plugin_system:Skipping extension 'colcon_notification.desktop_notification.terminal_notifier': Not used on non-Darwin systems
[1.203s] INFO:colcon.colcon_core.plugin_system:Skipping extension 'colcon_notification.desktop_notification.win32': Not used on non-Windows systems
[1.203s] INFO:colcon.colcon_notification.desktop_notification:Sending desktop notification using 'notify2'
[1.214s] DEBUG:colcon.colcon_core.event_reactor:joined thread
[1.215s] INFO:colcon.colcon_core.shell:Creating prefix script '/home/edub/ros2_ws/install/local_setup.ps1'
[1.216s] INFO:colcon.colcon_core.shell:Creating prefix util module '/home/edub/ros2_ws/install/_local_setup_util_ps1.py'
[1.217s] INFO:colcon.colcon_core.shell:Creating prefix chain script '/home/edub/ros2_ws/install/setup.ps1'
[1.218s] INFO:colcon.colcon_core.shell:Creating prefix script '/home/edub/ros2_ws/install/local_setup.sh'
[1.218s] INFO:colcon.colcon_core.shell:Creating prefix util module '/home/edub/ros2_ws/install/_local_setup_util_sh.py'
[1.219s] INFO:colcon.colcon_core.shell:Creating prefix chain script '/home/edub/ros2_ws/install/setup.sh'
[1.220s] INFO:colcon.colcon_core.shell:Creating prefix script '/home/edub/ros2_ws/install/local_setup.bash'
[1.220s] INFO:colcon.colcon_core.shell:Creating prefix chain script '/home/edub/ros2_ws/install/setup.bash'
[1.221s] INFO:colcon.colcon_core.shell:Creating prefix script '/home/edub/ros2_ws/install/local_setup.zsh'
[1.222s] INFO:colcon.colcon_core.shell:Creating prefix chain script '/home/edub/ros2_ws/install/setup.zsh'
