[0.018s] Invoking command in '/home/edub/ros2_ws/build/avig_msg': CMAKE_PREFIX_PATH=${CMAKE_PREFIX_PATH}:/home/edub/ros2_ws/install/mi_pkg_python:/opt/ros/humble /usr/bin/cmake --build /home/edub/ros2_ws/build/avig_msg -- -j6 -l6
[0.122s] -- Found ament_cmake: 1.3.12 (/opt/ros/humble/share/ament_cmake/cmake)
[0.282s] -- Found rosidl_default_generators: 1.2.0 (/opt/ros/humble/share/rosidl_default_generators/cmake)
[0.285s] -- Using all available rosidl_typesupport_c: rosidl_typesupport_fastrtps_c;rosidl_typesupport_introspection_c
[0.291s] -- Found rosidl_adapter: 3.1.8 (/opt/ros/humble/share/rosidl_adapter/cmake)
[0.337s] -- Using all available rosidl_typesupport_cpp: rosidl_typesupport_fastrtps_cpp;rosidl_typesupport_introspection_cpp
[0.376s] -- Found builtin_interfaces: 1.2.2 (/opt/ros/humble/share/builtin_interfaces/cmake)
[0.695s] -- Found ament_cmake_ros: 0.10.0 (/opt/ros/humble/share/ament_cmake_ros/cmake)
[0.881s] -- Using all available rosidl_typesupport_c: rosidl_typesupport_fastrtps_c;rosidl_typesupport_introspection_c
[1.122s] -- Using all available rosidl_typesupport_cpp: rosidl_typesupport_fastrtps_cpp;rosidl_typesupport_introspection_cpp
[1.146s] -- Found python_cmake_module: 0.10.0 (/opt/ros/humble/share/python_cmake_module/cmake)
[1.171s] -- Using PYTHON_EXECUTABLE: /usr/bin/python3
[1.172s] -- Using PYTHON_INCLUDE_DIRS: /usr/include/python3.10
[1.172s] -- Using PYTHON_LIBRARIES: /usr/lib/x86_64-linux-gnu/libpython3.10.so
[1.193s] -- Found ament_lint_auto: 0.12.14 (/opt/ros/humble/share/ament_lint_auto/cmake)
[1.221s] -- Added test 'lint_cmake' to check CMake code style
[1.223s] -- Added test 'xmllint' to check XML markup files
[1.227s] -- Configuring done
[1.302s] -- Generating done
[1.315s] -- Build files have been written to: /home/edub/ros2_ws/build/avig_msg
[1.341s] [  1%] [34m[1mGenerating C code for ROS interfaces[0m
[1.355s] [  3%] [34m[1mGenerating C++ code for ROS interfaces[0m
[1.375s] [  3%] Built target ament_cmake_python_copy_avig_msg
[1.603s] running egg_info
[1.604s] writing avig_msg.egg-info/PKG-INFO
[1.604s] writing dependency_links to avig_msg.egg-info/dependency_links.txt
[1.604s] writing top-level names to avig_msg.egg-info/top_level.txt
[1.608s] reading manifest file 'avig_msg.egg-info/SOURCES.txt'
[1.609s] writing manifest file 'avig_msg.egg-info/SOURCES.txt'
[1.638s] [  3%] Built target ament_cmake_python_build_avig_msg_egg
[1.993s] [35m[1mConsolidate compiler generated dependencies of target avig_msg__rosidl_generator_c[0m
[2.015s] [  5%] [32mBuilding C object CMakeFiles/avig_msg__rosidl_generator_c.dir/rosidl_generator_c/avig_msg/msg/detail/april_tag_pixel__functions.c.o[0m
[2.023s] [  7%] [32mBuilding C object CMakeFiles/avig_msg__rosidl_generator_c.dir/rosidl_generator_c/avig_msg/msg/detail/april_tag_pixel_array__functions.c.o[0m
[2.027s] [  9%] [32mBuilding C object CMakeFiles/avig_msg__rosidl_generator_c.dir/rosidl_generator_c/avig_msg/srv/detail/heuristica__functions.c.o[0m
[2.029s] [ 10%] [32mBuilding C object CMakeFiles/avig_msg__rosidl_generator_c.dir/rosidl_generator_c/avig_msg/action/detail/mover_a__functions.c.o[0m
[2.030s] [ 10%] Built target avig_msg__cpp
[2.042s] [ 12%] [34m[1mGenerating C++ type support for eProsima Fast-RTPS[0m
[2.042s] [ 14%] [34m[1mGenerating C++ type support dispatch for ROS interfaces[0m
[2.159s] [ 16%] [34m[1mGenerating C++ introspection for ROS interfaces[0m
[2.218s] [ 18%] [32m[1mLinking C shared library libavig_msg__rosidl_generator_c.so[0m
[2.275s] [ 18%] Built target avig_msg__rosidl_generator_c
[2.288s] [ 20%] [34m[1mGenerating C type support dispatch for ROS interfaces[0m
[2.289s] [ 21%] [34m[1mGenerating C type support for eProsima Fast-RTPS[0m
[2.296s] [ 23%] [34m[1mGenerating C introspection for ROS interfaces[0m
[2.613s] [35m[1mConsolidate compiler generated dependencies of target avig_msg__rosidl_typesupport_cpp[0m
[2.642s] [ 25%] [32mBuilding CXX object CMakeFiles/avig_msg__rosidl_typesupport_cpp.dir/rosidl_typesupport_cpp/avig_msg/msg/april_tag_pixel__type_support.cpp.o[0m
[2.837s] [35m[1mConsolidate compiler generated dependencies of target avig_msg__rosidl_typesupport_c[0m
[2.849s] [ 27%] [32mBuilding CXX object CMakeFiles/avig_msg__rosidl_typesupport_c.dir/rosidl_typesupport_c/avig_msg/msg/april_tag_pixel__type_support.cpp.o[0m
[2.853s] [35m[1mConsolidate compiler generated dependencies of target avig_msg__rosidl_typesupport_introspection_cpp[0m
[2.875s] [ 29%] [32mBuilding CXX object CMakeFiles/avig_msg__rosidl_typesupport_introspection_cpp.dir/rosidl_typesupport_introspection_cpp/avig_msg/msg/detail/april_tag_pixel__type_support.cpp.o[0m
[2.930s] [ 30%] [32mBuilding CXX object CMakeFiles/avig_msg__rosidl_typesupport_c.dir/rosidl_typesupport_c/avig_msg/msg/april_tag_pixel_array__type_support.cpp.o[0m
[2.966s] [ 32%] [32mBuilding CXX object CMakeFiles/avig_msg__rosidl_typesupport_c.dir/rosidl_typesupport_c/avig_msg/srv/heuristica__type_support.cpp.o[0m
[2.973s] [35m[1mConsolidate compiler generated dependencies of target avig_msg__rosidl_typesupport_fastrtps_cpp[0m
[2.990s] [ 34%] [32mBuilding CXX object CMakeFiles/avig_msg__rosidl_typesupport_fastrtps_cpp.dir/rosidl_typesupport_fastrtps_cpp/avig_msg/msg/detail/dds_fastrtps/april_tag_pixel__type_support.cpp.o[0m
[3.013s] [ 36%] [32mBuilding CXX object CMakeFiles/avig_msg__rosidl_typesupport_c.dir/rosidl_typesupport_c/avig_msg/action/mover_a__type_support.cpp.o[0m
[3.078s] [ 38%] [32m[1mLinking CXX shared library libavig_msg__rosidl_typesupport_c.so[0m
[3.147s] [ 38%] Built target avig_msg__rosidl_typesupport_c
[3.160s] [ 40%] [32mBuilding CXX object CMakeFiles/avig_msg__rosidl_typesupport_fastrtps_cpp.dir/rosidl_typesupport_fastrtps_cpp/avig_msg/msg/detail/dds_fastrtps/april_tag_pixel_array__type_support.cpp.o[0m
[3.177s] [ 41%] [32mBuilding CXX object CMakeFiles/avig_msg__rosidl_typesupport_cpp.dir/rosidl_typesupport_cpp/avig_msg/msg/april_tag_pixel_array__type_support.cpp.o[0m
[3.196s] [35m[1mConsolidate compiler generated dependencies of target avig_msg__rosidl_typesupport_introspection_c[0m
[3.212s] [ 43%] [32mBuilding C object CMakeFiles/avig_msg__rosidl_typesupport_introspection_c.dir/rosidl_typesupport_introspection_c/avig_msg/msg/detail/april_tag_pixel__type_support.c.o[0m
[3.261s] [ 45%] [32mBuilding C object CMakeFiles/avig_msg__rosidl_typesupport_introspection_c.dir/rosidl_typesupport_introspection_c/avig_msg/msg/detail/april_tag_pixel_array__type_support.c.o[0m
[3.314s] [35m[1mConsolidate compiler generated dependencies of target avig_msg__rosidl_typesupport_fastrtps_c[0m
[3.316s] [ 47%] [32mBuilding C object CMakeFiles/avig_msg__rosidl_typesupport_introspection_c.dir/rosidl_typesupport_introspection_c/avig_msg/srv/detail/heuristica__type_support.c.o[0m
[3.336s] [ 49%] [32mBuilding CXX object CMakeFiles/avig_msg__rosidl_typesupport_fastrtps_c.dir/rosidl_typesupport_fastrtps_c/avig_msg/msg/detail/april_tag_pixel__type_support_c.cpp.o[0m
[3.375s] [ 50%] [32mBuilding C object CMakeFiles/avig_msg__rosidl_typesupport_introspection_c.dir/rosidl_typesupport_introspection_c/avig_msg/action/detail/mover_a__type_support.c.o[0m
[3.450s] [ 52%] [32m[1mLinking C shared library libavig_msg__rosidl_typesupport_introspection_c.so[0m
[3.487s] [ 54%] [32mBuilding CXX object CMakeFiles/avig_msg__rosidl_typesupport_introspection_cpp.dir/rosidl_typesupport_introspection_cpp/avig_msg/msg/detail/april_tag_pixel_array__type_support.cpp.o[0m
[3.494s] [ 54%] Built target avig_msg__rosidl_typesupport_introspection_c
[3.506s] [ 56%] [32mBuilding CXX object CMakeFiles/avig_msg__rosidl_typesupport_cpp.dir/rosidl_typesupport_cpp/avig_msg/srv/heuristica__type_support.cpp.o[0m
[3.525s] [ 58%] [32mBuilding CXX object CMakeFiles/avig_msg__rosidl_typesupport_fastrtps_c.dir/rosidl_typesupport_fastrtps_c/avig_msg/msg/detail/april_tag_pixel_array__type_support_c.cpp.o[0m
[3.604s] [ 60%] [32mBuilding CXX object CMakeFiles/avig_msg__rosidl_typesupport_fastrtps_cpp.dir/rosidl_typesupport_fastrtps_cpp/avig_msg/srv/detail/dds_fastrtps/heuristica__type_support.cpp.o[0m
[3.724s] [ 61%] [32mBuilding CXX object CMakeFiles/avig_msg__rosidl_typesupport_fastrtps_cpp.dir/rosidl_typesupport_fastrtps_cpp/avig_msg/action/detail/dds_fastrtps/mover_a__type_support.cpp.o[0m
[3.844s] [ 63%] [32mBuilding CXX object CMakeFiles/avig_msg__rosidl_typesupport_fastrtps_c.dir/rosidl_typesupport_fastrtps_c/avig_msg/srv/detail/heuristica__type_support_c.cpp.o[0m
[3.947s] [ 65%] [32mBuilding CXX object CMakeFiles/avig_msg__rosidl_typesupport_cpp.dir/rosidl_typesupport_cpp/avig_msg/action/mover_a__type_support.cpp.o[0m
[4.137s] [ 67%] [32mBuilding CXX object CMakeFiles/avig_msg__rosidl_typesupport_fastrtps_c.dir/rosidl_typesupport_fastrtps_c/avig_msg/action/detail/mover_a__type_support_c.cpp.o[0m
[4.155s] [ 69%] [32mBuilding CXX object CMakeFiles/avig_msg__rosidl_typesupport_introspection_cpp.dir/rosidl_typesupport_introspection_cpp/avig_msg/srv/detail/heuristica__type_support.cpp.o[0m
[4.323s] [ 70%] [32mBuilding CXX object CMakeFiles/avig_msg__rosidl_typesupport_introspection_cpp.dir/rosidl_typesupport_introspection_cpp/avig_msg/action/detail/mover_a__type_support.cpp.o[0m
[4.673s] [ 72%] [32m[1mLinking CXX shared library libavig_msg__rosidl_typesupport_fastrtps_cpp.so[0m
[4.742s] [ 74%] [32m[1mLinking CXX shared library libavig_msg__rosidl_typesupport_cpp.so[0m
[4.762s] [ 76%] [32m[1mLinking CXX shared library libavig_msg__rosidl_typesupport_fastrtps_c.so[0m
[4.791s] [ 76%] Built target avig_msg__rosidl_typesupport_cpp
[4.797s] [ 76%] Built target avig_msg__rosidl_typesupport_fastrtps_cpp
[4.855s] [ 76%] Built target avig_msg__rosidl_typesupport_fastrtps_c
[5.086s] [ 78%] [32m[1mLinking CXX shared library libavig_msg__rosidl_typesupport_introspection_cpp.so[0m
[5.160s] [ 78%] Built target avig_msg__rosidl_typesupport_introspection_cpp
[5.177s] [ 78%] Built target avig_msg
[5.195s] [ 80%] [34m[1mGenerating Python code for ROS interfaces[0m
[6.196s] [ 80%] Built target avig_msg__py
[6.210s] [35m[1mConsolidate compiler generated dependencies of target avig_msg__rosidl_generator_py[0m
[6.228s] [ 81%] [32mBuilding C object CMakeFiles/avig_msg__rosidl_generator_py.dir/rosidl_generator_py/avig_msg/msg/_april_tag_pixel_s.c.o[0m
[6.228s] [ 83%] [32mBuilding C object CMakeFiles/avig_msg__rosidl_generator_py.dir/rosidl_generator_py/avig_msg/action/_mover_a_s.c.o[0m
[6.228s] [ 85%] [32mBuilding C object CMakeFiles/avig_msg__rosidl_generator_py.dir/rosidl_generator_py/avig_msg/msg/_april_tag_pixel_array_s.c.o[0m
[6.229s] [ 87%] [32mBuilding C object CMakeFiles/avig_msg__rosidl_generator_py.dir/rosidl_generator_py/avig_msg/srv/_heuristica_s.c.o[0m
[6.404s] [ 89%] [32m[1mLinking C shared library rosidl_generator_py/avig_msg/libavig_msg__rosidl_generator_py.so[0m
[6.443s] [ 89%] Built target avig_msg__rosidl_generator_py
[6.454s] [35m[1mConsolidate compiler generated dependencies of target avig_msg__rosidl_typesupport_introspection_c__pyext[0m
[6.455s] [35m[1mConsolidate compiler generated dependencies of target avig_msg__rosidl_typesupport_fastrtps_c__pyext[0m
[6.455s] [35m[1mConsolidate compiler generated dependencies of target avig_msg__rosidl_typesupport_c__pyext[0m
[6.466s] [ 94%] [32mBuilding C object CMakeFiles/avig_msg__rosidl_typesupport_introspection_c__pyext.dir/rosidl_generator_py/avig_msg/_avig_msg_s.ep.rosidl_typesupport_introspection_c.c.o[0m
[6.466s] [ 94%] [32mBuilding C object CMakeFiles/avig_msg__rosidl_typesupport_c__pyext.dir/rosidl_generator_py/avig_msg/_avig_msg_s.ep.rosidl_typesupport_c.c.o[0m
[6.466s] [ 94%] [32mBuilding C object CMakeFiles/avig_msg__rosidl_typesupport_fastrtps_c__pyext.dir/rosidl_generator_py/avig_msg/_avig_msg_s.ep.rosidl_typesupport_fastrtps_c.c.o[0m
[6.584s] [ 96%] [32m[1mLinking C shared library rosidl_generator_py/avig_msg/avig_msg_s__rosidl_typesupport_introspection_c.cpython-310-x86_64-linux-gnu.so[0m
[6.593s] [ 98%] [32m[1mLinking C shared library rosidl_generator_py/avig_msg/avig_msg_s__rosidl_typesupport_c.cpython-310-x86_64-linux-gnu.so[0m
[6.593s] [100%] [32m[1mLinking C shared library rosidl_generator_py/avig_msg/avig_msg_s__rosidl_typesupport_fastrtps_c.cpython-310-x86_64-linux-gnu.so[0m
[6.623s] [100%] Built target avig_msg__rosidl_typesupport_introspection_c__pyext
[6.633s] [100%] Built target avig_msg__rosidl_typesupport_fastrtps_c__pyext
[6.633s] [100%] Built target avig_msg__rosidl_typesupport_c__pyext
[6.644s] Invoked command in '/home/edub/ros2_ws/build/avig_msg' returned '0': CMAKE_PREFIX_PATH=${CMAKE_PREFIX_PATH}:/home/edub/ros2_ws/install/mi_pkg_python:/opt/ros/humble /usr/bin/cmake --build /home/edub/ros2_ws/build/avig_msg -- -j6 -l6
[6.656s] Invoking command in '/home/edub/ros2_ws/build/avig_msg': CMAKE_PREFIX_PATH=${CMAKE_PREFIX_PATH}:/home/edub/ros2_ws/install/mi_pkg_python:/opt/ros/humble /usr/bin/cmake --install /home/edub/ros2_ws/build/avig_msg
[6.662s] -- Install configuration: ""
[6.663s] -- Up-to-date: /home/edub/ros2_ws/install/avig_msg/share/ament_index/resource_index/rosidl_interfaces/avig_msg
[6.663s] -- Up-to-date: /home/edub/ros2_ws/install/avig_msg/include/avig_msg/avig_msg
[6.663s] -- Up-to-date: /home/edub/ros2_ws/install/avig_msg/include/avig_msg/avig_msg/action
[6.664s] -- Up-to-date: /home/edub/ros2_ws/install/avig_msg/include/avig_msg/avig_msg/action/detail
[6.664s] -- Installing: /home/edub/ros2_ws/install/avig_msg/include/avig_msg/avig_msg/action/detail/mover_a__functions.h
[6.664s] -- Installing: /home/edub/ros2_ws/install/avig_msg/include/avig_msg/avig_msg/action/detail/mover_a__functions.c
[6.664s] -- Installing: /home/edub/ros2_ws/install/avig_msg/include/avig_msg/avig_msg/action/detail/mover_a__type_support.h
[6.664s] -- Installing: /home/edub/ros2_ws/install/avig_msg/include/avig_msg/avig_msg/action/detail/mover_a__struct.h
[6.664s] -- Installing: /home/edub/ros2_ws/install/avig_msg/include/avig_msg/avig_msg/action/mover_a.h
[6.664s] -- Up-to-date: /home/edub/ros2_ws/install/avig_msg/include/avig_msg/avig_msg/srv
[6.665s] -- Up-to-date: /home/edub/ros2_ws/install/avig_msg/include/avig_msg/avig_msg/srv/detail
[6.665s] -- Installing: /home/edub/ros2_ws/install/avig_msg/include/avig_msg/avig_msg/srv/detail/heuristica__functions.h
[6.665s] -- Installing: /home/edub/ros2_ws/install/avig_msg/include/avig_msg/avig_msg/srv/detail/heuristica__struct.h
[6.665s] -- Installing: /home/edub/ros2_ws/install/avig_msg/include/avig_msg/avig_msg/srv/detail/heuristica__functions.c
[6.665s] -- Installing: /home/edub/ros2_ws/install/avig_msg/include/avig_msg/avig_msg/srv/detail/heuristica__type_support.h
[6.665s] -- Installing: /home/edub/ros2_ws/install/avig_msg/include/avig_msg/avig_msg/srv/heuristica.h
[6.665s] -- Up-to-date: /home/edub/ros2_ws/install/avig_msg/include/avig_msg/avig_msg/msg
[6.665s] -- Up-to-date: /home/edub/ros2_ws/install/avig_msg/include/avig_msg/avig_msg/msg/detail
[6.666s] -- Installing: /home/edub/ros2_ws/install/avig_msg/include/avig_msg/avig_msg/msg/detail/april_tag_pixel_array__functions.c
[6.666s] -- Installing: /home/edub/ros2_ws/install/avig_msg/include/avig_msg/avig_msg/msg/detail/april_tag_pixel_array__struct.h
[6.666s] -- Installing: /home/edub/ros2_ws/install/avig_msg/include/avig_msg/avig_msg/msg/detail/april_tag_pixel__functions.c
[6.666s] -- Installing: /home/edub/ros2_ws/install/avig_msg/include/avig_msg/avig_msg/msg/detail/april_tag_pixel__struct.h
[6.666s] -- Installing: /home/edub/ros2_ws/install/avig_msg/include/avig_msg/avig_msg/msg/detail/april_tag_pixel_array__functions.h
[6.666s] -- Installing: /home/edub/ros2_ws/install/avig_msg/include/avig_msg/avig_msg/msg/detail/april_tag_pixel_array__type_support.h
[6.666s] -- Installing: /home/edub/ros2_ws/install/avig_msg/include/avig_msg/avig_msg/msg/detail/april_tag_pixel__type_support.h
[6.666s] -- Installing: /home/edub/ros2_ws/install/avig_msg/include/avig_msg/avig_msg/msg/detail/april_tag_pixel__functions.h
[6.666s] -- Installing: /home/edub/ros2_ws/install/avig_msg/include/avig_msg/avig_msg/msg/april_tag_pixel.h
[6.666s] -- Installing: /home/edub/ros2_ws/install/avig_msg/include/avig_msg/avig_msg/msg/april_tag_pixel_array.h
[6.666s] -- Up-to-date: /home/edub/ros2_ws/install/avig_msg/include/avig_msg/avig_msg/msg/rosidl_generator_c__visibility_control.h
[6.667s] -- Up-to-date: /home/edub/ros2_ws/install/avig_msg/share/avig_msg/environment/library_path.sh
[6.667s] -- Installing: /home/edub/ros2_ws/install/avig_msg/share/avig_msg/environment/library_path.dsv
[6.669s] -- Installing: /home/edub/ros2_ws/install/avig_msg/lib/libavig_msg__rosidl_generator_c.so
[6.669s] -- Set runtime path of "/home/edub/ros2_ws/install/avig_msg/lib/libavig_msg__rosidl_generator_c.so" to ""
[6.669s] -- Up-to-date: /home/edub/ros2_ws/install/avig_msg/include/avig_msg/avig_msg
[6.669s] -- Up-to-date: /home/edub/ros2_ws/install/avig_msg/include/avig_msg/avig_msg/action
[6.669s] -- Up-to-date: /home/edub/ros2_ws/install/avig_msg/include/avig_msg/avig_msg/action/detail
[6.669s] -- Installing: /home/edub/ros2_ws/install/avig_msg/include/avig_msg/avig_msg/action/detail/mover_a__rosidl_typesupport_fastrtps_c.h
[6.669s] -- Up-to-date: /home/edub/ros2_ws/install/avig_msg/include/avig_msg/avig_msg/srv
[6.669s] -- Up-to-date: /home/edub/ros2_ws/install/avig_msg/include/avig_msg/avig_msg/srv/detail
[6.670s] -- Installing: /home/edub/ros2_ws/install/avig_msg/include/avig_msg/avig_msg/srv/detail/heuristica__rosidl_typesupport_fastrtps_c.h
[6.670s] -- Up-to-date: /home/edub/ros2_ws/install/avig_msg/include/avig_msg/avig_msg/msg
[6.670s] -- Up-to-date: /home/edub/ros2_ws/install/avig_msg/include/avig_msg/avig_msg/msg/detail
[6.670s] -- Installing: /home/edub/ros2_ws/install/avig_msg/include/avig_msg/avig_msg/msg/detail/april_tag_pixel_array__rosidl_typesupport_fastrtps_c.h
[6.670s] -- Installing: /home/edub/ros2_ws/install/avig_msg/include/avig_msg/avig_msg/msg/detail/april_tag_pixel__rosidl_typesupport_fastrtps_c.h
[6.670s] -- Up-to-date: /home/edub/ros2_ws/install/avig_msg/include/avig_msg/avig_msg/msg/rosidl_typesupport_fastrtps_c__visibility_control.h
[6.670s] -- Installing: /home/edub/ros2_ws/install/avig_msg/lib/libavig_msg__rosidl_typesupport_fastrtps_c.so
[6.670s] -- Set runtime path of "/home/edub/ros2_ws/install/avig_msg/lib/libavig_msg__rosidl_typesupport_fastrtps_c.so" to ""
[6.670s] -- Up-to-date: /home/edub/ros2_ws/install/avig_msg/include/avig_msg/avig_msg
[6.670s] -- Up-to-date: /home/edub/ros2_ws/install/avig_msg/include/avig_msg/avig_msg/action
[6.674s] -- Up-to-date: /home/edub/ros2_ws/install/avig_msg/include/avig_msg/avig_msg/action/detail
[6.674s] -- Installing: /home/edub/ros2_ws/install/avig_msg/include/avig_msg/avig_msg/action/detail/mover_a__rosidl_typesupport_introspection_c.h
[6.674s] -- Installing: /home/edub/ros2_ws/install/avig_msg/include/avig_msg/avig_msg/action/detail/mover_a__type_support.c
[6.674s] -- Up-to-date: /home/edub/ros2_ws/install/avig_msg/include/avig_msg/avig_msg/srv
[6.674s] -- Up-to-date: /home/edub/ros2_ws/install/avig_msg/include/avig_msg/avig_msg/srv/detail
[6.674s] -- Installing: /home/edub/ros2_ws/install/avig_msg/include/avig_msg/avig_msg/srv/detail/heuristica__rosidl_typesupport_introspection_c.h
[6.674s] -- Installing: /home/edub/ros2_ws/install/avig_msg/include/avig_msg/avig_msg/srv/detail/heuristica__type_support.c
[6.675s] -- Up-to-date: /home/edub/ros2_ws/install/avig_msg/include/avig_msg/avig_msg/msg
[6.675s] -- Up-to-date: /home/edub/ros2_ws/install/avig_msg/include/avig_msg/avig_msg/msg/rosidl_typesupport_introspection_c__visibility_control.h
[6.675s] -- Up-to-date: /home/edub/ros2_ws/install/avig_msg/include/avig_msg/avig_msg/msg/detail
[6.675s] -- Installing: /home/edub/ros2_ws/install/avig_msg/include/avig_msg/avig_msg/msg/detail/april_tag_pixel_array__type_support.c
[6.675s] -- Installing: /home/edub/ros2_ws/install/avig_msg/include/avig_msg/avig_msg/msg/detail/april_tag_pixel__rosidl_typesupport_introspection_c.h
[6.675s] -- Installing: /home/edub/ros2_ws/install/avig_msg/include/avig_msg/avig_msg/msg/detail/april_tag_pixel__type_support.c
[6.675s] -- Installing: /home/edub/ros2_ws/install/avig_msg/include/avig_msg/avig_msg/msg/detail/april_tag_pixel_array__rosidl_typesupport_introspection_c.h
[6.677s] -- Installing: /home/edub/ros2_ws/install/avig_msg/lib/libavig_msg__rosidl_typesupport_introspection_c.so
[6.677s] -- Set runtime path of "/home/edub/ros2_ws/install/avig_msg/lib/libavig_msg__rosidl_typesupport_introspection_c.so" to ""
[6.678s] -- Installing: /home/edub/ros2_ws/install/avig_msg/lib/libavig_msg__rosidl_typesupport_c.so
[6.678s] -- Set runtime path of "/home/edub/ros2_ws/install/avig_msg/lib/libavig_msg__rosidl_typesupport_c.so" to ""
[6.678s] -- Up-to-date: /home/edub/ros2_ws/install/avig_msg/include/avig_msg/avig_msg
[6.678s] -- Up-to-date: /home/edub/ros2_ws/install/avig_msg/include/avig_msg/avig_msg/action
[6.678s] -- Installing: /home/edub/ros2_ws/install/avig_msg/include/avig_msg/avig_msg/action/mover_a.hpp
[6.679s] -- Up-to-date: /home/edub/ros2_ws/install/avig_msg/include/avig_msg/avig_msg/action/detail
[6.679s] -- Installing: /home/edub/ros2_ws/install/avig_msg/include/avig_msg/avig_msg/action/detail/mover_a__struct.hpp
[6.679s] -- Installing: /home/edub/ros2_ws/install/avig_msg/include/avig_msg/avig_msg/action/detail/mover_a__traits.hpp
[6.679s] -- Installing: /home/edub/ros2_ws/install/avig_msg/include/avig_msg/avig_msg/action/detail/mover_a__type_support.hpp
[6.679s] -- Installing: /home/edub/ros2_ws/install/avig_msg/include/avig_msg/avig_msg/action/detail/mover_a__builder.hpp
[6.679s] -- Up-to-date: /home/edub/ros2_ws/install/avig_msg/include/avig_msg/avig_msg/srv
[6.679s] -- Up-to-date: /home/edub/ros2_ws/install/avig_msg/include/avig_msg/avig_msg/srv/detail
[6.679s] -- Installing: /home/edub/ros2_ws/install/avig_msg/include/avig_msg/avig_msg/srv/detail/heuristica__traits.hpp
[6.679s] -- Installing: /home/edub/ros2_ws/install/avig_msg/include/avig_msg/avig_msg/srv/detail/heuristica__struct.hpp
[6.679s] -- Installing: /home/edub/ros2_ws/install/avig_msg/include/avig_msg/avig_msg/srv/detail/heuristica__builder.hpp
[6.679s] -- Installing: /home/edub/ros2_ws/install/avig_msg/include/avig_msg/avig_msg/srv/detail/heuristica__type_support.hpp
[6.679s] -- Installing: /home/edub/ros2_ws/install/avig_msg/include/avig_msg/avig_msg/srv/heuristica.hpp
[6.679s] -- Up-to-date: /home/edub/ros2_ws/install/avig_msg/include/avig_msg/avig_msg/msg
[6.680s] -- Installing: /home/edub/ros2_ws/install/avig_msg/include/avig_msg/avig_msg/msg/april_tag_pixel_array.hpp
[6.680s] -- Up-to-date: /home/edub/ros2_ws/install/avig_msg/include/avig_msg/avig_msg/msg/rosidl_generator_cpp__visibility_control.hpp
[6.680s] -- Up-to-date: /home/edub/ros2_ws/install/avig_msg/include/avig_msg/avig_msg/msg/detail
[6.680s] -- Installing: /home/edub/ros2_ws/install/avig_msg/include/avig_msg/avig_msg/msg/detail/april_tag_pixel_array__type_support.hpp
[6.680s] -- Installing: /home/edub/ros2_ws/install/avig_msg/include/avig_msg/avig_msg/msg/detail/april_tag_pixel_array__traits.hpp
[6.680s] -- Installing: /home/edub/ros2_ws/install/avig_msg/include/avig_msg/avig_msg/msg/detail/april_tag_pixel_array__builder.hpp
[6.680s] -- Installing: /home/edub/ros2_ws/install/avig_msg/include/avig_msg/avig_msg/msg/detail/april_tag_pixel_array__struct.hpp
[6.680s] -- Installing: /home/edub/ros2_ws/install/avig_msg/include/avig_msg/avig_msg/msg/detail/april_tag_pixel__builder.hpp
[6.680s] -- Installing: /home/edub/ros2_ws/install/avig_msg/include/avig_msg/avig_msg/msg/detail/april_tag_pixel__traits.hpp
[6.680s] -- Installing: /home/edub/ros2_ws/install/avig_msg/include/avig_msg/avig_msg/msg/detail/april_tag_pixel__struct.hpp
[6.680s] -- Installing: /home/edub/ros2_ws/install/avig_msg/include/avig_msg/avig_msg/msg/detail/april_tag_pixel__type_support.hpp
[6.680s] -- Installing: /home/edub/ros2_ws/install/avig_msg/include/avig_msg/avig_msg/msg/april_tag_pixel.hpp
[6.680s] -- Up-to-date: /home/edub/ros2_ws/install/avig_msg/include/avig_msg/avig_msg
[6.680s] -- Up-to-date: /home/edub/ros2_ws/install/avig_msg/include/avig_msg/avig_msg/action
[6.681s] -- Up-to-date: /home/edub/ros2_ws/install/avig_msg/include/avig_msg/avig_msg/action/detail
[6.681s] -- Up-to-date: /home/edub/ros2_ws/install/avig_msg/include/avig_msg/avig_msg/action/detail/dds_fastrtps
[6.681s] -- Installing: /home/edub/ros2_ws/install/avig_msg/include/avig_msg/avig_msg/action/detail/mover_a__rosidl_typesupport_fastrtps_cpp.hpp
[6.681s] -- Up-to-date: /home/edub/ros2_ws/install/avig_msg/include/avig_msg/avig_msg/srv
[6.681s] -- Up-to-date: /home/edub/ros2_ws/install/avig_msg/include/avig_msg/avig_msg/srv/detail
[6.681s] -- Up-to-date: /home/edub/ros2_ws/install/avig_msg/include/avig_msg/avig_msg/srv/detail/dds_fastrtps
[6.681s] -- Installing: /home/edub/ros2_ws/install/avig_msg/include/avig_msg/avig_msg/srv/detail/heuristica__rosidl_typesupport_fastrtps_cpp.hpp
[6.681s] -- Up-to-date: /home/edub/ros2_ws/install/avig_msg/include/avig_msg/avig_msg/msg
[6.681s] -- Up-to-date: /home/edub/ros2_ws/install/avig_msg/include/avig_msg/avig_msg/msg/rosidl_typesupport_fastrtps_cpp__visibility_control.h
[6.681s] -- Up-to-date: /home/edub/ros2_ws/install/avig_msg/include/avig_msg/avig_msg/msg/detail
[6.681s] -- Installing: /home/edub/ros2_ws/install/avig_msg/include/avig_msg/avig_msg/msg/detail/april_tag_pixel__rosidl_typesupport_fastrtps_cpp.hpp
[6.681s] -- Up-to-date: /home/edub/ros2_ws/install/avig_msg/include/avig_msg/avig_msg/msg/detail/dds_fastrtps
[6.681s] -- Installing: /home/edub/ros2_ws/install/avig_msg/include/avig_msg/avig_msg/msg/detail/april_tag_pixel_array__rosidl_typesupport_fastrtps_cpp.hpp
[6.682s] -- Installing: /home/edub/ros2_ws/install/avig_msg/lib/libavig_msg__rosidl_typesupport_fastrtps_cpp.so
[6.683s] -- Set runtime path of "/home/edub/ros2_ws/install/avig_msg/lib/libavig_msg__rosidl_typesupport_fastrtps_cpp.so" to ""
[6.683s] -- Up-to-date: /home/edub/ros2_ws/install/avig_msg/include/avig_msg/avig_msg
[6.683s] -- Up-to-date: /home/edub/ros2_ws/install/avig_msg/include/avig_msg/avig_msg/action
[6.683s] -- Up-to-date: /home/edub/ros2_ws/install/avig_msg/include/avig_msg/avig_msg/action/detail
[6.683s] -- Installing: /home/edub/ros2_ws/install/avig_msg/include/avig_msg/avig_msg/action/detail/mover_a__rosidl_typesupport_introspection_cpp.hpp
[6.683s] -- Installing: /home/edub/ros2_ws/install/avig_msg/include/avig_msg/avig_msg/action/detail/mover_a__type_support.cpp
[6.683s] -- Up-to-date: /home/edub/ros2_ws/install/avig_msg/include/avig_msg/avig_msg/srv
[6.683s] -- Up-to-date: /home/edub/ros2_ws/install/avig_msg/include/avig_msg/avig_msg/srv/detail
[6.683s] -- Installing: /home/edub/ros2_ws/install/avig_msg/include/avig_msg/avig_msg/srv/detail/heuristica__rosidl_typesupport_introspection_cpp.hpp
[6.683s] -- Installing: /home/edub/ros2_ws/install/avig_msg/include/avig_msg/avig_msg/srv/detail/heuristica__type_support.cpp
[6.683s] -- Up-to-date: /home/edub/ros2_ws/install/avig_msg/include/avig_msg/avig_msg/msg
[6.684s] -- Up-to-date: /home/edub/ros2_ws/install/avig_msg/include/avig_msg/avig_msg/msg/detail
[6.684s] -- Installing: /home/edub/ros2_ws/install/avig_msg/include/avig_msg/avig_msg/msg/detail/april_tag_pixel_array__type_support.cpp
[6.684s] -- Installing: /home/edub/ros2_ws/install/avig_msg/include/avig_msg/avig_msg/msg/detail/april_tag_pixel_array__rosidl_typesupport_introspection_cpp.hpp
[6.684s] -- Installing: /home/edub/ros2_ws/install/avig_msg/include/avig_msg/avig_msg/msg/detail/april_tag_pixel__type_support.cpp
[6.684s] -- Installing: /home/edub/ros2_ws/install/avig_msg/include/avig_msg/avig_msg/msg/detail/april_tag_pixel__rosidl_typesupport_introspection_cpp.hpp
[6.685s] -- Installing: /home/edub/ros2_ws/install/avig_msg/lib/libavig_msg__rosidl_typesupport_introspection_cpp.so
[6.685s] -- Set runtime path of "/home/edub/ros2_ws/install/avig_msg/lib/libavig_msg__rosidl_typesupport_introspection_cpp.so" to ""
[6.686s] -- Installing: /home/edub/ros2_ws/install/avig_msg/lib/libavig_msg__rosidl_typesupport_cpp.so
[6.686s] -- Set runtime path of "/home/edub/ros2_ws/install/avig_msg/lib/libavig_msg__rosidl_typesupport_cpp.so" to ""
[6.686s] -- Up-to-date: /home/edub/ros2_ws/install/avig_msg/share/avig_msg/environment/pythonpath.sh
[6.686s] -- Installing: /home/edub/ros2_ws/install/avig_msg/share/avig_msg/environment/pythonpath.dsv
[6.689s] -- Up-to-date: /home/edub/ros2_ws/install/avig_msg/local/lib/python3.10/dist-packages/avig_msg-0.0.0-py3.10.egg-info
[6.689s] -- Installing: /home/edub/ros2_ws/install/avig_msg/local/lib/python3.10/dist-packages/avig_msg-0.0.0-py3.10.egg-info/dependency_links.txt
[6.689s] -- Installing: /home/edub/ros2_ws/install/avig_msg/local/lib/python3.10/dist-packages/avig_msg-0.0.0-py3.10.egg-info/PKG-INFO
[6.689s] -- Installing: /home/edub/ros2_ws/install/avig_msg/local/lib/python3.10/dist-packages/avig_msg-0.0.0-py3.10.egg-info/top_level.txt
[6.689s] -- Installing: /home/edub/ros2_ws/install/avig_msg/local/lib/python3.10/dist-packages/avig_msg-0.0.0-py3.10.egg-info/SOURCES.txt
[6.689s] -- Up-to-date: /home/edub/ros2_ws/install/avig_msg/local/lib/python3.10/dist-packages/avig_msg
[6.689s] -- Up-to-date: /home/edub/ros2_ws/install/avig_msg/local/lib/python3.10/dist-packages/avig_msg/action
[6.689s] -- Installing: /home/edub/ros2_ws/install/avig_msg/local/lib/python3.10/dist-packages/avig_msg/action/_mover_a.py
[6.689s] -- Installing: /home/edub/ros2_ws/install/avig_msg/local/lib/python3.10/dist-packages/avig_msg/action/_mover_a_s.c
[6.689s] -- Installing: /home/edub/ros2_ws/install/avig_msg/local/lib/python3.10/dist-packages/avig_msg/action/__init__.py
[6.690s] -- Installing: /home/edub/ros2_ws/install/avig_msg/local/lib/python3.10/dist-packages/avig_msg/avig_msg_s__rosidl_typesupport_introspection_c.cpython-310-x86_64-linux-gnu.so
[6.690s] -- Up-to-date: /home/edub/ros2_ws/install/avig_msg/local/lib/python3.10/dist-packages/avig_msg/srv
[6.690s] -- Installing: /home/edub/ros2_ws/install/avig_msg/local/lib/python3.10/dist-packages/avig_msg/srv/_heuristica_s.c
[6.690s] -- Installing: /home/edub/ros2_ws/install/avig_msg/local/lib/python3.10/dist-packages/avig_msg/srv/_heuristica.py
[6.690s] -- Installing: /home/edub/ros2_ws/install/avig_msg/local/lib/python3.10/dist-packages/avig_msg/srv/__init__.py
[6.690s] -- Installing: /home/edub/ros2_ws/install/avig_msg/local/lib/python3.10/dist-packages/avig_msg/avig_msg_s__rosidl_typesupport_c.cpython-310-x86_64-linux-gnu.so
[6.690s] -- Installing: /home/edub/ros2_ws/install/avig_msg/local/lib/python3.10/dist-packages/avig_msg/avig_msg_s__rosidl_typesupport_fastrtps_c.cpython-310-x86_64-linux-gnu.so
[6.690s] -- Installing: /home/edub/ros2_ws/install/avig_msg/local/lib/python3.10/dist-packages/avig_msg/_avig_msg_s.ep.rosidl_typesupport_fastrtps_c.c
[6.690s] -- Installing: /home/edub/ros2_ws/install/avig_msg/local/lib/python3.10/dist-packages/avig_msg/_avig_msg_s.ep.rosidl_typesupport_c.c
[6.690s] -- Installing: /home/edub/ros2_ws/install/avig_msg/local/lib/python3.10/dist-packages/avig_msg/libavig_msg__rosidl_generator_py.so
[6.690s] -- Up-to-date: /home/edub/ros2_ws/install/avig_msg/local/lib/python3.10/dist-packages/avig_msg/msg
[6.690s] -- Installing: /home/edub/ros2_ws/install/avig_msg/local/lib/python3.10/dist-packages/avig_msg/msg/_april_tag_pixel_array.py
[6.690s] -- Installing: /home/edub/ros2_ws/install/avig_msg/local/lib/python3.10/dist-packages/avig_msg/msg/_april_tag_pixel_array_s.c
[6.690s] -- Installing: /home/edub/ros2_ws/install/avig_msg/local/lib/python3.10/dist-packages/avig_msg/msg/_april_tag_pixel.py
[6.690s] -- Installing: /home/edub/ros2_ws/install/avig_msg/local/lib/python3.10/dist-packages/avig_msg/msg/__init__.py
[6.690s] -- Installing: /home/edub/ros2_ws/install/avig_msg/local/lib/python3.10/dist-packages/avig_msg/msg/_april_tag_pixel_s.c
[6.690s] -- Installing: /home/edub/ros2_ws/install/avig_msg/local/lib/python3.10/dist-packages/avig_msg/__init__.py
[6.690s] -- Installing: /home/edub/ros2_ws/install/avig_msg/local/lib/python3.10/dist-packages/avig_msg/_avig_msg_s.ep.rosidl_typesupport_introspection_c.c
[6.731s] Listing '/home/edub/ros2_ws/install/avig_msg/local/lib/python3.10/dist-packages/avig_msg'...
[6.732s] Compiling '/home/edub/ros2_ws/install/avig_msg/local/lib/python3.10/dist-packages/avig_msg/__init__.py'...
[6.732s] Listing '/home/edub/ros2_ws/install/avig_msg/local/lib/python3.10/dist-packages/avig_msg/action'...
[6.732s] Compiling '/home/edub/ros2_ws/install/avig_msg/local/lib/python3.10/dist-packages/avig_msg/action/__init__.py'...
[6.732s] Compiling '/home/edub/ros2_ws/install/avig_msg/local/lib/python3.10/dist-packages/avig_msg/action/_mover_a.py'...
[6.732s] Listing '/home/edub/ros2_ws/install/avig_msg/local/lib/python3.10/dist-packages/avig_msg/msg'...
[6.732s] Compiling '/home/edub/ros2_ws/install/avig_msg/local/lib/python3.10/dist-packages/avig_msg/msg/__init__.py'...
[6.732s] Compiling '/home/edub/ros2_ws/install/avig_msg/local/lib/python3.10/dist-packages/avig_msg/msg/_april_tag_pixel.py'...
[6.732s] Compiling '/home/edub/ros2_ws/install/avig_msg/local/lib/python3.10/dist-packages/avig_msg/msg/_april_tag_pixel_array.py'...
[6.732s] Listing '/home/edub/ros2_ws/install/avig_msg/local/lib/python3.10/dist-packages/avig_msg/srv'...
[6.732s] Compiling '/home/edub/ros2_ws/install/avig_msg/local/lib/python3.10/dist-packages/avig_msg/srv/__init__.py'...
[6.732s] Compiling '/home/edub/ros2_ws/install/avig_msg/local/lib/python3.10/dist-packages/avig_msg/srv/_heuristica.py'...
[6.736s] -- Installing: /home/edub/ros2_ws/install/avig_msg/local/lib/python3.10/dist-packages/avig_msg/avig_msg_s__rosidl_typesupport_fastrtps_c.cpython-310-x86_64-linux-gnu.so
[6.736s] -- Set runtime path of "/home/edub/ros2_ws/install/avig_msg/local/lib/python3.10/dist-packages/avig_msg/avig_msg_s__rosidl_typesupport_fastrtps_c.cpython-310-x86_64-linux-gnu.so" to ""
[6.736s] -- Installing: /home/edub/ros2_ws/install/avig_msg/local/lib/python3.10/dist-packages/avig_msg/avig_msg_s__rosidl_typesupport_introspection_c.cpython-310-x86_64-linux-gnu.so
[6.736s] -- Set runtime path of "/home/edub/ros2_ws/install/avig_msg/local/lib/python3.10/dist-packages/avig_msg/avig_msg_s__rosidl_typesupport_introspection_c.cpython-310-x86_64-linux-gnu.so" to ""
[6.737s] -- Installing: /home/edub/ros2_ws/install/avig_msg/local/lib/python3.10/dist-packages/avig_msg/avig_msg_s__rosidl_typesupport_c.cpython-310-x86_64-linux-gnu.so
[6.737s] -- Set runtime path of "/home/edub/ros2_ws/install/avig_msg/local/lib/python3.10/dist-packages/avig_msg/avig_msg_s__rosidl_typesupport_c.cpython-310-x86_64-linux-gnu.so" to ""
[6.738s] -- Installing: /home/edub/ros2_ws/install/avig_msg/lib/libavig_msg__rosidl_generator_py.so
[6.738s] -- Set runtime path of "/home/edub/ros2_ws/install/avig_msg/lib/libavig_msg__rosidl_generator_py.so" to ""
[6.740s] -- Installing: /home/edub/ros2_ws/install/avig_msg/share/avig_msg/msg/AprilTagPixel.idl
[6.740s] -- Up-to-date: /home/edub/ros2_ws/install/avig_msg/share/avig_msg/msg/AprilTagPixelArray.idl
[6.740s] -- Up-to-date: /home/edub/ros2_ws/install/avig_msg/share/avig_msg/srv/Heuristica.idl
[6.740s] -- Up-to-date: /home/edub/ros2_ws/install/avig_msg/share/avig_msg/action/MoverA.idl
[6.740s] -- Installing: /home/edub/ros2_ws/install/avig_msg/share/avig_msg/msg/AprilTagPixel.msg
[6.741s] -- Up-to-date: /home/edub/ros2_ws/install/avig_msg/share/avig_msg/msg/AprilTagPixelArray.msg
[6.741s] -- Up-to-date: /home/edub/ros2_ws/install/avig_msg/share/avig_msg/srv/Heuristica.srv
[6.741s] -- Up-to-date: /home/edub/ros2_ws/install/avig_msg/share/avig_msg/srv/Heuristica_Request.msg
[6.741s] -- Up-to-date: /home/edub/ros2_ws/install/avig_msg/share/avig_msg/srv/Heuristica_Response.msg
[6.741s] -- Up-to-date: /home/edub/ros2_ws/install/avig_msg/share/avig_msg/action/MoverA.action
[6.741s] -- Up-to-date: /home/edub/ros2_ws/install/avig_msg/share/ament_index/resource_index/package_run_dependencies/avig_msg
[6.742s] -- Installing: /home/edub/ros2_ws/install/avig_msg/share/ament_index/resource_index/parent_prefix_path/avig_msg
[6.742s] -- Up-to-date: /home/edub/ros2_ws/install/avig_msg/share/avig_msg/environment/ament_prefix_path.sh
[6.742s] -- Installing: /home/edub/ros2_ws/install/avig_msg/share/avig_msg/environment/ament_prefix_path.dsv
[6.742s] -- Up-to-date: /home/edub/ros2_ws/install/avig_msg/share/avig_msg/environment/path.sh
[6.742s] -- Installing: /home/edub/ros2_ws/install/avig_msg/share/avig_msg/environment/path.dsv
[6.742s] -- Up-to-date: /home/edub/ros2_ws/install/avig_msg/share/avig_msg/local_setup.bash
[6.742s] -- Up-to-date: /home/edub/ros2_ws/install/avig_msg/share/avig_msg/local_setup.sh
[6.742s] -- Up-to-date: /home/edub/ros2_ws/install/avig_msg/share/avig_msg/local_setup.zsh
[6.742s] -- Installing: /home/edub/ros2_ws/install/avig_msg/share/avig_msg/local_setup.dsv
[6.742s] -- Installing: /home/edub/ros2_ws/install/avig_msg/share/avig_msg/package.dsv
[6.743s] -- Up-to-date: /home/edub/ros2_ws/install/avig_msg/share/ament_index/resource_index/packages/avig_msg
[6.743s] -- Up-to-date: /home/edub/ros2_ws/install/avig_msg/share/avig_msg/cmake/export_avig_msg__rosidl_generator_cExport.cmake
[6.743s] -- Up-to-date: /home/edub/ros2_ws/install/avig_msg/share/avig_msg/cmake/export_avig_msg__rosidl_generator_cExport-noconfig.cmake
[6.744s] -- Up-to-date: /home/edub/ros2_ws/install/avig_msg/share/avig_msg/cmake/export_avig_msg__rosidl_typesupport_fastrtps_cExport.cmake
[6.744s] -- Up-to-date: /home/edub/ros2_ws/install/avig_msg/share/avig_msg/cmake/export_avig_msg__rosidl_typesupport_fastrtps_cExport-noconfig.cmake
[6.744s] -- Up-to-date: /home/edub/ros2_ws/install/avig_msg/share/avig_msg/cmake/avig_msg__rosidl_typesupport_introspection_cExport.cmake
[6.744s] -- Up-to-date: /home/edub/ros2_ws/install/avig_msg/share/avig_msg/cmake/avig_msg__rosidl_typesupport_introspection_cExport-noconfig.cmake
[6.745s] -- Up-to-date: /home/edub/ros2_ws/install/avig_msg/share/avig_msg/cmake/avig_msg__rosidl_typesupport_cExport.cmake
[6.745s] -- Up-to-date: /home/edub/ros2_ws/install/avig_msg/share/avig_msg/cmake/avig_msg__rosidl_typesupport_cExport-noconfig.cmake
[6.745s] -- Up-to-date: /home/edub/ros2_ws/install/avig_msg/share/avig_msg/cmake/export_avig_msg__rosidl_generator_cppExport.cmake
[6.746s] -- Up-to-date: /home/edub/ros2_ws/install/avig_msg/share/avig_msg/cmake/export_avig_msg__rosidl_typesupport_fastrtps_cppExport.cmake
[6.746s] -- Up-to-date: /home/edub/ros2_ws/install/avig_msg/share/avig_msg/cmake/export_avig_msg__rosidl_typesupport_fastrtps_cppExport-noconfig.cmake
[6.746s] -- Up-to-date: /home/edub/ros2_ws/install/avig_msg/share/avig_msg/cmake/avig_msg__rosidl_typesupport_introspection_cppExport.cmake
[6.746s] -- Up-to-date: /home/edub/ros2_ws/install/avig_msg/share/avig_msg/cmake/avig_msg__rosidl_typesupport_introspection_cppExport-noconfig.cmake
[6.746s] -- Up-to-date: /home/edub/ros2_ws/install/avig_msg/share/avig_msg/cmake/avig_msg__rosidl_typesupport_cppExport.cmake
[6.747s] -- Up-to-date: /home/edub/ros2_ws/install/avig_msg/share/avig_msg/cmake/avig_msg__rosidl_typesupport_cppExport-noconfig.cmake
[6.747s] -- Up-to-date: /home/edub/ros2_ws/install/avig_msg/share/avig_msg/cmake/export_avig_msg__rosidl_generator_pyExport.cmake
[6.747s] -- Up-to-date: /home/edub/ros2_ws/install/avig_msg/share/avig_msg/cmake/export_avig_msg__rosidl_generator_pyExport-noconfig.cmake
[6.747s] -- Up-to-date: /home/edub/ros2_ws/install/avig_msg/share/avig_msg/cmake/rosidl_cmake-extras.cmake
[6.747s] -- Up-to-date: /home/edub/ros2_ws/install/avig_msg/share/avig_msg/cmake/ament_cmake_export_dependencies-extras.cmake
[6.747s] -- Up-to-date: /home/edub/ros2_ws/install/avig_msg/share/avig_msg/cmake/ament_cmake_export_include_directories-extras.cmake
[6.747s] -- Up-to-date: /home/edub/ros2_ws/install/avig_msg/share/avig_msg/cmake/ament_cmake_export_libraries-extras.cmake
[6.747s] -- Up-to-date: /home/edub/ros2_ws/install/avig_msg/share/avig_msg/cmake/ament_cmake_export_targets-extras.cmake
[6.747s] -- Up-to-date: /home/edub/ros2_ws/install/avig_msg/share/avig_msg/cmake/rosidl_cmake_export_typesupport_targets-extras.cmake
[6.747s] -- Up-to-date: /home/edub/ros2_ws/install/avig_msg/share/avig_msg/cmake/rosidl_cmake_export_typesupport_libraries-extras.cmake
[6.747s] -- Up-to-date: /home/edub/ros2_ws/install/avig_msg/share/avig_msg/cmake/avig_msgConfig.cmake
[6.747s] -- Up-to-date: /home/edub/ros2_ws/install/avig_msg/share/avig_msg/cmake/avig_msgConfig-version.cmake
[6.747s] -- Up-to-date: /home/edub/ros2_ws/install/avig_msg/share/avig_msg/package.xml
[6.749s] Invoked command in '/home/edub/ros2_ws/build/avig_msg' returned '0': CMAKE_PREFIX_PATH=${CMAKE_PREFIX_PATH}:/home/edub/ros2_ws/install/mi_pkg_python:/opt/ros/humble /usr/bin/cmake --install /home/edub/ros2_ws/build/avig_msg
