/home/edub/ros2_ws/install/mi_pkg_python/lib/python3.10/site-packages/mi_pkg_python/apriltag_2.py
/home/edub/ros2_ws/install/mi_pkg_python/lib/python3.10/site-packages/mi_pkg_python/apriltag_0.py
/home/edub/ros2_ws/install/mi_pkg_python/lib/python3.10/site-packages/mi_pkg_python/0_tf2.py
/home/edub/ros2_ws/install/mi_pkg_python/lib/python3.10/site-packages/mi_pkg_python/0_urdf_sub.py
/home/edub/ros2_ws/install/mi_pkg_python/lib/python3.10/site-packages/mi_pkg_python/urdf_mqtt.py
/home/edub/ros2_ws/install/mi_pkg_python/lib/python3.10/site-packages/mi_pkg_python/suscriptor.py
/home/edub/ros2_ws/install/mi_pkg_python/lib/python3.10/site-packages/mi_pkg_python/apriltag_1.py
/home/edub/ros2_ws/install/mi_pkg_python/lib/python3.10/site-packages/mi_pkg_python/puente_mqtt.py
/home/edub/ros2_ws/install/mi_pkg_python/lib/python3.10/site-packages/mi_pkg_python/__init__.py
/home/edub/ros2_ws/install/mi_pkg_python/lib/python3.10/site-packages/mi_pkg_python/publicador.py
/home/edub/ros2_ws/install/mi_pkg_python/lib/python3.10/site-packages/mi_pkg_python/0_urdf_pub.py
/home/edub/ros2_ws/install/mi_pkg_python/lib/python3.10/site-packages/servicios/srv_servidor.py
/home/edub/ros2_ws/install/mi_pkg_python/lib/python3.10/site-packages/servicios/srv_cliente.py
/home/edub/ros2_ws/install/mi_pkg_python/lib/python3.10/site-packages/servicios/__init__.py
/home/edub/ros2_ws/install/mi_pkg_python/lib/python3.10/site-packages/acciones/action_client.py
/home/edub/ros2_ws/install/mi_pkg_python/lib/python3.10/site-packages/acciones/__init__.py
/home/edub/ros2_ws/install/mi_pkg_python/lib/python3.10/site-packages/acciones/action_server.py
/home/edub/ros2_ws/install/mi_pkg_python/lib/python3.10/site-packages/proyecto/prueba_publicador.py
/home/edub/ros2_ws/install/mi_pkg_python/lib/python3.10/site-packages/proyecto/orientacion_juntas_Scara2.py
/home/edub/ros2_ws/install/mi_pkg_python/lib/python3.10/site-packages/proyecto/orientacion_juntas.py
/home/edub/ros2_ws/install/mi_pkg_python/lib/python3.10/site-packages/proyecto/puente_mqtt_ros2.py
/home/edub/ros2_ws/install/mi_pkg_python/lib/python3.10/site-packages/proyecto/set.py
/home/edub/ros2_ws/install/mi_pkg_python/lib/python3.10/site-packages/proyecto/fsm.py
/home/edub/ros2_ws/install/mi_pkg_python/lib/python3.10/site-packages/proyecto/mega.py
/home/edub/ros2_ws/install/mi_pkg_python/lib/python3.10/site-packages/proyecto/__init__.py
/home/edub/ros2_ws/install/mi_pkg_python/lib/python3.10/site-packages/proyecto/vision_to_rviz.py
/home/edub/ros2_ws/install/mi_pkg_python/lib/python3.10/site-packages/proyecto/driver_scara.py
/home/edub/ros2_ws/install/mi_pkg_python/lib/python3.10/site-packages/proyecto/aprilCI.py
/home/edub/ros2_ws/install/mi_pkg_python/lib/python3.10/site-packages/mi_pkg_python/__pycache__/apriltag_2.cpython-310.pyc
/home/edub/ros2_ws/install/mi_pkg_python/lib/python3.10/site-packages/mi_pkg_python/__pycache__/apriltag_0.cpython-310.pyc
/home/edub/ros2_ws/install/mi_pkg_python/lib/python3.10/site-packages/mi_pkg_python/__pycache__/0_tf2.cpython-310.pyc
/home/edub/ros2_ws/install/mi_pkg_python/lib/python3.10/site-packages/mi_pkg_python/__pycache__/0_urdf_sub.cpython-310.pyc
/home/edub/ros2_ws/install/mi_pkg_python/lib/python3.10/site-packages/mi_pkg_python/__pycache__/urdf_mqtt.cpython-310.pyc
/home/edub/ros2_ws/install/mi_pkg_python/lib/python3.10/site-packages/mi_pkg_python/__pycache__/suscriptor.cpython-310.pyc
/home/edub/ros2_ws/install/mi_pkg_python/lib/python3.10/site-packages/mi_pkg_python/__pycache__/apriltag_1.cpython-310.pyc
/home/edub/ros2_ws/install/mi_pkg_python/lib/python3.10/site-packages/mi_pkg_python/__pycache__/puente_mqtt.cpython-310.pyc
/home/edub/ros2_ws/install/mi_pkg_python/lib/python3.10/site-packages/mi_pkg_python/__pycache__/__init__.cpython-310.pyc
/home/edub/ros2_ws/install/mi_pkg_python/lib/python3.10/site-packages/mi_pkg_python/__pycache__/publicador.cpython-310.pyc
/home/edub/ros2_ws/install/mi_pkg_python/lib/python3.10/site-packages/mi_pkg_python/__pycache__/0_urdf_pub.cpython-310.pyc
/home/edub/ros2_ws/install/mi_pkg_python/lib/python3.10/site-packages/servicios/__pycache__/srv_servidor.cpython-310.pyc
/home/edub/ros2_ws/install/mi_pkg_python/lib/python3.10/site-packages/servicios/__pycache__/srv_cliente.cpython-310.pyc
/home/edub/ros2_ws/install/mi_pkg_python/lib/python3.10/site-packages/servicios/__pycache__/__init__.cpython-310.pyc
/home/edub/ros2_ws/install/mi_pkg_python/lib/python3.10/site-packages/acciones/__pycache__/action_client.cpython-310.pyc
/home/edub/ros2_ws/install/mi_pkg_python/lib/python3.10/site-packages/acciones/__pycache__/__init__.cpython-310.pyc
/home/edub/ros2_ws/install/mi_pkg_python/lib/python3.10/site-packages/acciones/__pycache__/action_server.cpython-310.pyc
/home/edub/ros2_ws/install/mi_pkg_python/lib/python3.10/site-packages/proyecto/__pycache__/prueba_publicador.cpython-310.pyc
/home/edub/ros2_ws/install/mi_pkg_python/lib/python3.10/site-packages/proyecto/__pycache__/orientacion_juntas_Scara2.cpython-310.pyc
/home/edub/ros2_ws/install/mi_pkg_python/lib/python3.10/site-packages/proyecto/__pycache__/orientacion_juntas.cpython-310.pyc
/home/edub/ros2_ws/install/mi_pkg_python/lib/python3.10/site-packages/proyecto/__pycache__/puente_mqtt_ros2.cpython-310.pyc
/home/edub/ros2_ws/install/mi_pkg_python/lib/python3.10/site-packages/proyecto/__pycache__/set.cpython-310.pyc
/home/edub/ros2_ws/install/mi_pkg_python/lib/python3.10/site-packages/proyecto/__pycache__/fsm.cpython-310.pyc
/home/edub/ros2_ws/install/mi_pkg_python/lib/python3.10/site-packages/proyecto/__pycache__/mega.cpython-310.pyc
/home/edub/ros2_ws/install/mi_pkg_python/lib/python3.10/site-packages/proyecto/__pycache__/__init__.cpython-310.pyc
/home/edub/ros2_ws/install/mi_pkg_python/lib/python3.10/site-packages/proyecto/__pycache__/vision_to_rviz.cpython-310.pyc
/home/edub/ros2_ws/install/mi_pkg_python/lib/python3.10/site-packages/proyecto/__pycache__/driver_scara.cpython-310.pyc
/home/edub/ros2_ws/install/mi_pkg_python/lib/python3.10/site-packages/proyecto/__pycache__/aprilCI.cpython-310.pyc
/home/edub/ros2_ws/install/mi_pkg_python/share/ament_index/resource_index/packages/mi_pkg_python
/home/edub/ros2_ws/install/mi_pkg_python/share/mi_pkg_python/package.xml
/home/edub/ros2_ws/install/mi_pkg_python/share/mi_pkg_python/urdf/ensamblaje.urdf
/home/edub/ros2_ws/install/mi_pkg_python/share/mi_pkg_python/urdf/ensamblaje.urdf.xacro
/home/edub/ros2_ws/install/mi_pkg_python/share/mi_pkg_python/urdf/meshes/base_link.STL
/home/edub/ros2_ws/install/mi_pkg_python/share/mi_pkg_python/urdf/meshes/brazo_link.STL
/home/edub/ros2_ws/install/mi_pkg_python/share/mi_pkg_python/urdf/meshes/antebrazo_link.STL
/home/edub/ros2_ws/install/mi_pkg_python/share/mi_pkg_python/urdf/meshes/efector_link.STL
/home/edub/ros2_ws/install/mi_pkg_python/share/mi_pkg_python/launch/visualizar_rviz.launch.py
/home/edub/ros2_ws/install/mi_pkg_python/share/mi_pkg_python/launch/proyecto_rviz2.launch.py
/home/edub/ros2_ws/install/mi_pkg_python/share/mi_pkg_python/launch/todo_scara.launch.py
/home/edub/ros2_ws/install/mi_pkg_python/lib/python3.10/site-packages/mi_pkg_python-0.0.0-py3.10.egg-info/entry_points.txt
/home/edub/ros2_ws/install/mi_pkg_python/lib/python3.10/site-packages/mi_pkg_python-0.0.0-py3.10.egg-info/dependency_links.txt
/home/edub/ros2_ws/install/mi_pkg_python/lib/python3.10/site-packages/mi_pkg_python-0.0.0-py3.10.egg-info/PKG-INFO
/home/edub/ros2_ws/install/mi_pkg_python/lib/python3.10/site-packages/mi_pkg_python-0.0.0-py3.10.egg-info/requires.txt
/home/edub/ros2_ws/install/mi_pkg_python/lib/python3.10/site-packages/mi_pkg_python-0.0.0-py3.10.egg-info/zip-safe
/home/edub/ros2_ws/install/mi_pkg_python/lib/python3.10/site-packages/mi_pkg_python-0.0.0-py3.10.egg-info/top_level.txt
/home/edub/ros2_ws/install/mi_pkg_python/lib/python3.10/site-packages/mi_pkg_python-0.0.0-py3.10.egg-info/SOURCES.txt
/home/edub/ros2_ws/install/mi_pkg_python/lib/mi_pkg_python/0_tf2
/home/edub/ros2_ws/install/mi_pkg_python/lib/mi_pkg_python/0_urdf_pub
/home/edub/ros2_ws/install/mi_pkg_python/lib/mi_pkg_python/0_urdf_sub
/home/edub/ros2_ws/install/mi_pkg_python/lib/mi_pkg_python/action_cliente
/home/edub/ros2_ws/install/mi_pkg_python/lib/mi_pkg_python/action_servidor
/home/edub/ros2_ws/install/mi_pkg_python/lib/mi_pkg_python/apriltag_1
/home/edub/ros2_ws/install/mi_pkg_python/lib/mi_pkg_python/apriltag_2
/home/edub/ros2_ws/install/mi_pkg_python/lib/mi_pkg_python/cliente_1
/home/edub/ros2_ws/install/mi_pkg_python/lib/mi_pkg_python/p_fsm
/home/edub/ros2_ws/install/mi_pkg_python/lib/mi_pkg_python/p_mega
/home/edub/ros2_ws/install/mi_pkg_python/lib/mi_pkg_python/p_orientacion2juntas
/home/edub/ros2_ws/install/mi_pkg_python/lib/mi_pkg_python/p_orientacion2juntasSCARA2
/home/edub/ros2_ws/install/mi_pkg_python/lib/mi_pkg_python/p_prueba
/home/edub/ros2_ws/install/mi_pkg_python/lib/mi_pkg_python/p_puente
/home/edub/ros2_ws/install/mi_pkg_python/lib/mi_pkg_python/p_set
/home/edub/ros2_ws/install/mi_pkg_python/lib/mi_pkg_python/p_vision2riz
/home/edub/ros2_ws/install/mi_pkg_python/lib/mi_pkg_python/publicador1
/home/edub/ros2_ws/install/mi_pkg_python/lib/mi_pkg_python/puente_mqtt
/home/edub/ros2_ws/install/mi_pkg_python/lib/mi_pkg_python/servidor_1
/home/edub/ros2_ws/install/mi_pkg_python/lib/mi_pkg_python/suscriptor1
/home/edub/ros2_ws/install/mi_pkg_python/lib/mi_pkg_python/urdf_mqtt
