running egg_info
writing ../../build/mi_pkg_python/mi_pkg_python.egg-info/PKG-INFO
writing dependency_links to ../../build/mi_pkg_python/mi_pkg_python.egg-info/dependency_links.txt
writing entry points to ../../build/mi_pkg_python/mi_pkg_python.egg-info/entry_points.txt
writing requirements to ../../build/mi_pkg_python/mi_pkg_python.egg-info/requires.txt
writing top-level names to ../../build/mi_pkg_python/mi_pkg_python.egg-info/top_level.txt
reading manifest file '../../build/mi_pkg_python/mi_pkg_python.egg-info/SOURCES.txt'
writing manifest file '../../build/mi_pkg_python/mi_pkg_python.egg-info/SOURCES.txt'
running build
running build_py
running install
running install_lib
running install_data
running install_egg_info
removing '/home/edub/ros2_ws/install/mi_pkg_python/lib/python3.10/site-packages/mi_pkg_python-0.0.0-py3.10.egg-info' (and everything under it)
Copying ../../build/mi_pkg_python/mi_pkg_python.egg-info to /home/edub/ros2_ws/install/mi_pkg_python/lib/python3.10/site-packages/mi_pkg_python-0.0.0-py3.10.egg-info
running install_scripts
Installing 0_tf2 script to /home/edub/ros2_ws/install/mi_pkg_python/lib/mi_pkg_python
Installing 0_urdf_pub script to /home/edub/ros2_ws/install/mi_pkg_python/lib/mi_pkg_python
Installing 0_urdf_sub script to /home/edub/ros2_ws/install/mi_pkg_python/lib/mi_pkg_python
Installing action_cliente script to /home/edub/ros2_ws/install/mi_pkg_python/lib/mi_pkg_python
Installing action_servidor script to /home/edub/ros2_ws/install/mi_pkg_python/lib/mi_pkg_python
Installing apriltag_1 script to /home/edub/ros2_ws/install/mi_pkg_python/lib/mi_pkg_python
Installing apriltag_2 script to /home/edub/ros2_ws/install/mi_pkg_python/lib/mi_pkg_python
Installing cliente_1 script to /home/edub/ros2_ws/install/mi_pkg_python/lib/mi_pkg_python
Installing cubo_publisher script to /home/edub/ros2_ws/install/mi_pkg_python/lib/mi_pkg_python
Installing p_fsm script to /home/edub/ros2_ws/install/mi_pkg_python/lib/mi_pkg_python
Installing p_mega script to /home/edub/ros2_ws/install/mi_pkg_python/lib/mi_pkg_python
Installing p_orientacion2juntas script to /home/edub/ros2_ws/install/mi_pkg_python/lib/mi_pkg_python
Installing p_orientacion2juntasSCARA2 script to /home/edub/ros2_ws/install/mi_pkg_python/lib/mi_pkg_python
Installing p_prueba script to /home/edub/ros2_ws/install/mi_pkg_python/lib/mi_pkg_python
Installing p_puente script to /home/edub/ros2_ws/install/mi_pkg_python/lib/mi_pkg_python
Installing p_set script to /home/edub/ros2_ws/install/mi_pkg_python/lib/mi_pkg_python
Installing p_vision2riz script to /home/edub/ros2_ws/install/mi_pkg_python/lib/mi_pkg_python
Installing publicador1 script to /home/edub/ros2_ws/install/mi_pkg_python/lib/mi_pkg_python
Installing puente_mqtt script to /home/edub/ros2_ws/install/mi_pkg_python/lib/mi_pkg_python
Installing servidor_1 script to /home/edub/ros2_ws/install/mi_pkg_python/lib/mi_pkg_python
Installing suscriptor1 script to /home/edub/ros2_ws/install/mi_pkg_python/lib/mi_pkg_python
Installing urdf_mqtt script to /home/edub/ros2_ws/install/mi_pkg_python/lib/mi_pkg_python
writing list of installed files to '/home/edub/ros2_ws/build/mi_pkg_python/install.log'
