[0.022s] Invoking command in '/home/edub/ros2_ws/build/avig_msg': CMAKE_PREFIX_PATH=${CMAKE_PREFIX_PATH}:/home/edub/ros2_ws/install/mi_pkg_python:/opt/ros/humble /usr/bin/cmake --build /home/edub/ros2_ws/build/avig_msg -- -j6 -l6
[0.092s] [  1%] Built target avig_msg__cpp
[0.154s] [  1%] Built target ament_cmake_python_copy_avig_msg
[0.198s] [ 12%] Built target avig_msg__rosidl_typesupport_introspection_cpp
[0.625s] running egg_info
[0.626s] writing avig_msg.egg-info/PKG-INFO
[0.626s] writing dependency_links to avig_msg.egg-info/dependency_links.txt
[0.626s] writing top-level names to avig_msg.egg-info/top_level.txt
[0.633s] reading manifest file 'avig_msg.egg-info/SOURCES.txt'
[0.633s] writing manifest file 'avig_msg.egg-info/SOURCES.txt'
[0.676s] [ 12%] Built target ament_cmake_python_build_avig_msg_egg
[0.716s] [ 23%] Built target avig_msg__rosidl_typesupport_fastrtps_cpp
[0.755s] [ 34%] Built target avig_msg__rosidl_typesupport_cpp
[0.793s] [ 46%] Built target avig_msg__rosidl_generator_c
[0.837s] [ 57%] Built target avig_msg__rosidl_typesupport_fastrtps_c
[0.875s] [ 68%] Built target avig_msg__rosidl_typesupport_c
[0.915s] [ 79%] Built target avig_msg__rosidl_typesupport_introspection_c
[0.955s] [ 79%] Built target avig_msg
[0.993s] [ 80%] Built target avig_msg__py
[1.031s] [ 90%] Built target avig_msg__rosidl_generator_py
[1.066s] [ 93%] Built target avig_msg__rosidl_typesupport_fastrtps_c__pyext
[1.097s] [ 96%] Built target avig_msg__rosidl_typesupport_c__pyext
[1.126s] [100%] Built target avig_msg__rosidl_typesupport_introspection_c__pyext
[1.147s] Invoked command in '/home/edub/ros2_ws/build/avig_msg' returned '0': CMAKE_PREFIX_PATH=${CMAKE_PREFIX_PATH}:/home/edub/ros2_ws/install/mi_pkg_python:/opt/ros/humble /usr/bin/cmake --build /home/edub/ros2_ws/build/avig_msg -- -j6 -l6
[1.166s] Invoking command in '/home/edub/ros2_ws/build/avig_msg': CMAKE_PREFIX_PATH=${CMAKE_PREFIX_PATH}:/home/edub/ros2_ws/install/mi_pkg_python:/opt/ros/humble /usr/bin/cmake --install /home/edub/ros2_ws/build/avig_msg
[1.177s] -- Install configuration: ""
[1.178s] -- Up-to-date: /home/edub/ros2_ws/install/avig_msg/share/ament_index/resource_index/rosidl_interfaces/avig_msg
[1.178s] -- Up-to-date: /home/edub/ros2_ws/install/avig_msg/include/avig_msg/avig_msg
[1.178s] -- Up-to-date: /home/edub/ros2_ws/install/avig_msg/include/avig_msg/avig_msg/action
[1.178s] -- Up-to-date: /home/edub/ros2_ws/install/avig_msg/include/avig_msg/avig_msg/action/detail
[1.178s] -- Up-to-date: /home/edub/ros2_ws/install/avig_msg/include/avig_msg/avig_msg/action/detail/mover_a__functions.h
[1.179s] -- Up-to-date: /home/edub/ros2_ws/install/avig_msg/include/avig_msg/avig_msg/action/detail/mover_a__functions.c
[1.179s] -- Up-to-date: /home/edub/ros2_ws/install/avig_msg/include/avig_msg/avig_msg/action/detail/mover_a__type_support.h
[1.179s] -- Up-to-date: /home/edub/ros2_ws/install/avig_msg/include/avig_msg/avig_msg/action/detail/mover_a__struct.h
[1.179s] -- Up-to-date: /home/edub/ros2_ws/install/avig_msg/include/avig_msg/avig_msg/action/mover_a.h
[1.180s] -- Up-to-date: /home/edub/ros2_ws/install/avig_msg/include/avig_msg/avig_msg/srv
[1.180s] -- Up-to-date: /home/edub/ros2_ws/install/avig_msg/include/avig_msg/avig_msg/srv/detail
[1.180s] -- Up-to-date: /home/edub/ros2_ws/install/avig_msg/include/avig_msg/avig_msg/srv/detail/heuristica__functions.h
[1.180s] -- Up-to-date: /home/edub/ros2_ws/install/avig_msg/include/avig_msg/avig_msg/srv/detail/heuristica__struct.h
[1.181s] -- Up-to-date: /home/edub/ros2_ws/install/avig_msg/include/avig_msg/avig_msg/srv/detail/heuristica__functions.c
[1.181s] -- Up-to-date: /home/edub/ros2_ws/install/avig_msg/include/avig_msg/avig_msg/srv/detail/heuristica__type_support.h
[1.181s] -- Up-to-date: /home/edub/ros2_ws/install/avig_msg/include/avig_msg/avig_msg/srv/heuristica.h
[1.181s] -- Up-to-date: /home/edub/ros2_ws/install/avig_msg/include/avig_msg/avig_msg/msg
[1.181s] -- Up-to-date: /home/edub/ros2_ws/install/avig_msg/include/avig_msg/avig_msg/msg/detail
[1.181s] -- Up-to-date: /home/edub/ros2_ws/install/avig_msg/include/avig_msg/avig_msg/msg/detail/april_tag_pixel_array__functions.c
[1.181s] -- Up-to-date: /home/edub/ros2_ws/install/avig_msg/include/avig_msg/avig_msg/msg/detail/april_tag_pixel_array__struct.h
[1.181s] -- Up-to-date: /home/edub/ros2_ws/install/avig_msg/include/avig_msg/avig_msg/msg/detail/obj_detect__struct.h
[1.181s] -- Up-to-date: /home/edub/ros2_ws/install/avig_msg/include/avig_msg/avig_msg/msg/detail/obj_detect__functions.h
[1.181s] -- Up-to-date: /home/edub/ros2_ws/install/avig_msg/include/avig_msg/avig_msg/msg/detail/obj_detect__type_support.h
[1.182s] -- Up-to-date: /home/edub/ros2_ws/install/avig_msg/include/avig_msg/avig_msg/msg/detail/april_tag_pixel__functions.c
[1.182s] -- Up-to-date: /home/edub/ros2_ws/install/avig_msg/include/avig_msg/avig_msg/msg/detail/april_tag_pixel__struct.h
[1.182s] -- Up-to-date: /home/edub/ros2_ws/install/avig_msg/include/avig_msg/avig_msg/msg/detail/april_tag_pixel_array__functions.h
[1.182s] -- Up-to-date: /home/edub/ros2_ws/install/avig_msg/include/avig_msg/avig_msg/msg/detail/april_tag_pixel_array__type_support.h
[1.182s] -- Up-to-date: /home/edub/ros2_ws/install/avig_msg/include/avig_msg/avig_msg/msg/detail/april_tag_pixel__type_support.h
[1.182s] -- Up-to-date: /home/edub/ros2_ws/install/avig_msg/include/avig_msg/avig_msg/msg/detail/obj_detect__functions.c
[1.182s] -- Up-to-date: /home/edub/ros2_ws/install/avig_msg/include/avig_msg/avig_msg/msg/detail/april_tag_pixel__functions.h
[1.183s] -- Up-to-date: /home/edub/ros2_ws/install/avig_msg/include/avig_msg/avig_msg/msg/april_tag_pixel.h
[1.183s] -- Up-to-date: /home/edub/ros2_ws/install/avig_msg/include/avig_msg/avig_msg/msg/april_tag_pixel_array.h
[1.183s] -- Up-to-date: /home/edub/ros2_ws/install/avig_msg/include/avig_msg/avig_msg/msg/obj_detect.h
[1.183s] -- Up-to-date: /home/edub/ros2_ws/install/avig_msg/include/avig_msg/avig_msg/msg/rosidl_generator_c__visibility_control.h
[1.183s] -- Up-to-date: /home/edub/ros2_ws/install/avig_msg/share/avig_msg/environment/library_path.sh
[1.184s] -- Up-to-date: /home/edub/ros2_ws/install/avig_msg/share/avig_msg/environment/library_path.dsv
[1.184s] -- Up-to-date: /home/edub/ros2_ws/install/avig_msg/lib/libavig_msg__rosidl_generator_c.so
[1.184s] -- Up-to-date: /home/edub/ros2_ws/install/avig_msg/include/avig_msg/avig_msg
[1.184s] -- Up-to-date: /home/edub/ros2_ws/install/avig_msg/include/avig_msg/avig_msg/action
[1.184s] -- Up-to-date: /home/edub/ros2_ws/install/avig_msg/include/avig_msg/avig_msg/action/detail
[1.184s] -- Up-to-date: /home/edub/ros2_ws/install/avig_msg/include/avig_msg/avig_msg/action/detail/mover_a__rosidl_typesupport_fastrtps_c.h
[1.184s] -- Up-to-date: /home/edub/ros2_ws/install/avig_msg/include/avig_msg/avig_msg/srv
[1.184s] -- Up-to-date: /home/edub/ros2_ws/install/avig_msg/include/avig_msg/avig_msg/srv/detail
[1.185s] -- Up-to-date: /home/edub/ros2_ws/install/avig_msg/include/avig_msg/avig_msg/srv/detail/heuristica__rosidl_typesupport_fastrtps_c.h
[1.188s] -- Up-to-date: /home/edub/ros2_ws/install/avig_msg/include/avig_msg/avig_msg/msg
[1.188s] -- Up-to-date: /home/edub/ros2_ws/install/avig_msg/include/avig_msg/avig_msg/msg/detail
[1.188s] -- Up-to-date: /home/edub/ros2_ws/install/avig_msg/include/avig_msg/avig_msg/msg/detail/april_tag_pixel_array__rosidl_typesupport_fastrtps_c.h
[1.188s] -- Up-to-date: /home/edub/ros2_ws/install/avig_msg/include/avig_msg/avig_msg/msg/detail/obj_detect__rosidl_typesupport_fastrtps_c.h
[1.188s] -- Up-to-date: /home/edub/ros2_ws/install/avig_msg/include/avig_msg/avig_msg/msg/detail/april_tag_pixel__rosidl_typesupport_fastrtps_c.h
[1.188s] -- Up-to-date: /home/edub/ros2_ws/install/avig_msg/include/avig_msg/avig_msg/msg/rosidl_typesupport_fastrtps_c__visibility_control.h
[1.188s] -- Up-to-date: /home/edub/ros2_ws/install/avig_msg/lib/libavig_msg__rosidl_typesupport_fastrtps_c.so
[1.188s] -- Up-to-date: /home/edub/ros2_ws/install/avig_msg/include/avig_msg/avig_msg
[1.189s] -- Up-to-date: /home/edub/ros2_ws/install/avig_msg/include/avig_msg/avig_msg/action
[1.189s] -- Up-to-date: /home/edub/ros2_ws/install/avig_msg/include/avig_msg/avig_msg/action/detail
[1.189s] -- Up-to-date: /home/edub/ros2_ws/install/avig_msg/include/avig_msg/avig_msg/action/detail/mover_a__rosidl_typesupport_introspection_c.h
[1.189s] -- Up-to-date: /home/edub/ros2_ws/install/avig_msg/include/avig_msg/avig_msg/action/detail/mover_a__type_support.c
[1.189s] -- Up-to-date: /home/edub/ros2_ws/install/avig_msg/include/avig_msg/avig_msg/srv
[1.189s] -- Up-to-date: /home/edub/ros2_ws/install/avig_msg/include/avig_msg/avig_msg/srv/detail
[1.189s] -- Up-to-date: /home/edub/ros2_ws/install/avig_msg/include/avig_msg/avig_msg/srv/detail/heuristica__rosidl_typesupport_introspection_c.h
[1.189s] -- Up-to-date: /home/edub/ros2_ws/install/avig_msg/include/avig_msg/avig_msg/srv/detail/heuristica__type_support.c
[1.189s] -- Up-to-date: /home/edub/ros2_ws/install/avig_msg/include/avig_msg/avig_msg/msg
[1.189s] -- Up-to-date: /home/edub/ros2_ws/install/avig_msg/include/avig_msg/avig_msg/msg/rosidl_typesupport_introspection_c__visibility_control.h
[1.189s] -- Up-to-date: /home/edub/ros2_ws/install/avig_msg/include/avig_msg/avig_msg/msg/detail
[1.189s] -- Up-to-date: /home/edub/ros2_ws/install/avig_msg/include/avig_msg/avig_msg/msg/detail/april_tag_pixel_array__type_support.c
[1.189s] -- Up-to-date: /home/edub/ros2_ws/install/avig_msg/include/avig_msg/avig_msg/msg/detail/obj_detect__rosidl_typesupport_introspection_c.h
[1.189s] -- Up-to-date: /home/edub/ros2_ws/install/avig_msg/include/avig_msg/avig_msg/msg/detail/april_tag_pixel__rosidl_typesupport_introspection_c.h
[1.190s] -- Up-to-date: /home/edub/ros2_ws/install/avig_msg/include/avig_msg/avig_msg/msg/detail/april_tag_pixel__type_support.c
[1.190s] -- Up-to-date: /home/edub/ros2_ws/install/avig_msg/include/avig_msg/avig_msg/msg/detail/april_tag_pixel_array__rosidl_typesupport_introspection_c.h
[1.190s] -- Up-to-date: /home/edub/ros2_ws/install/avig_msg/include/avig_msg/avig_msg/msg/detail/obj_detect__type_support.c
[1.190s] -- Up-to-date: /home/edub/ros2_ws/install/avig_msg/lib/libavig_msg__rosidl_typesupport_introspection_c.so
[1.190s] -- Up-to-date: /home/edub/ros2_ws/install/avig_msg/lib/libavig_msg__rosidl_typesupport_c.so
[1.190s] -- Up-to-date: /home/edub/ros2_ws/install/avig_msg/include/avig_msg/avig_msg
[1.191s] -- Up-to-date: /home/edub/ros2_ws/install/avig_msg/include/avig_msg/avig_msg/action
[1.191s] -- Up-to-date: /home/edub/ros2_ws/install/avig_msg/include/avig_msg/avig_msg/action/mover_a.hpp
[1.191s] -- Up-to-date: /home/edub/ros2_ws/install/avig_msg/include/avig_msg/avig_msg/action/detail
[1.191s] -- Up-to-date: /home/edub/ros2_ws/install/avig_msg/include/avig_msg/avig_msg/action/detail/mover_a__struct.hpp
[1.191s] -- Up-to-date: /home/edub/ros2_ws/install/avig_msg/include/avig_msg/avig_msg/action/detail/mover_a__traits.hpp
[1.191s] -- Up-to-date: /home/edub/ros2_ws/install/avig_msg/include/avig_msg/avig_msg/action/detail/mover_a__type_support.hpp
[1.192s] -- Up-to-date: /home/edub/ros2_ws/install/avig_msg/include/avig_msg/avig_msg/action/detail/mover_a__builder.hpp
[1.192s] -- Up-to-date: /home/edub/ros2_ws/install/avig_msg/include/avig_msg/avig_msg/srv
[1.192s] -- Up-to-date: /home/edub/ros2_ws/install/avig_msg/include/avig_msg/avig_msg/srv/detail
[1.192s] -- Up-to-date: /home/edub/ros2_ws/install/avig_msg/include/avig_msg/avig_msg/srv/detail/heuristica__traits.hpp
[1.192s] -- Up-to-date: /home/edub/ros2_ws/install/avig_msg/include/avig_msg/avig_msg/srv/detail/heuristica__struct.hpp
[1.192s] -- Up-to-date: /home/edub/ros2_ws/install/avig_msg/include/avig_msg/avig_msg/srv/detail/heuristica__builder.hpp
[1.193s] -- Up-to-date: /home/edub/ros2_ws/install/avig_msg/include/avig_msg/avig_msg/srv/detail/heuristica__type_support.hpp
[1.193s] -- Up-to-date: /home/edub/ros2_ws/install/avig_msg/include/avig_msg/avig_msg/srv/heuristica.hpp
[1.193s] -- Up-to-date: /home/edub/ros2_ws/install/avig_msg/include/avig_msg/avig_msg/msg
[1.193s] -- Up-to-date: /home/edub/ros2_ws/install/avig_msg/include/avig_msg/avig_msg/msg/april_tag_pixel_array.hpp
[1.193s] -- Up-to-date: /home/edub/ros2_ws/install/avig_msg/include/avig_msg/avig_msg/msg/obj_detect.hpp
[1.193s] -- Up-to-date: /home/edub/ros2_ws/install/avig_msg/include/avig_msg/avig_msg/msg/rosidl_generator_cpp__visibility_control.hpp
[1.193s] -- Up-to-date: /home/edub/ros2_ws/install/avig_msg/include/avig_msg/avig_msg/msg/detail
[1.193s] -- Up-to-date: /home/edub/ros2_ws/install/avig_msg/include/avig_msg/avig_msg/msg/detail/april_tag_pixel_array__type_support.hpp
[1.194s] -- Up-to-date: /home/edub/ros2_ws/install/avig_msg/include/avig_msg/avig_msg/msg/detail/april_tag_pixel_array__traits.hpp
[1.194s] -- Up-to-date: /home/edub/ros2_ws/install/avig_msg/include/avig_msg/avig_msg/msg/detail/april_tag_pixel_array__builder.hpp
[1.194s] -- Up-to-date: /home/edub/ros2_ws/install/avig_msg/include/avig_msg/avig_msg/msg/detail/april_tag_pixel_array__struct.hpp
[1.194s] -- Up-to-date: /home/edub/ros2_ws/install/avig_msg/include/avig_msg/avig_msg/msg/detail/obj_detect__builder.hpp
[1.194s] -- Up-to-date: /home/edub/ros2_ws/install/avig_msg/include/avig_msg/avig_msg/msg/detail/obj_detect__struct.hpp
[1.194s] -- Up-to-date: /home/edub/ros2_ws/install/avig_msg/include/avig_msg/avig_msg/msg/detail/april_tag_pixel__builder.hpp
[1.194s] -- Up-to-date: /home/edub/ros2_ws/install/avig_msg/include/avig_msg/avig_msg/msg/detail/obj_detect__type_support.hpp
[1.194s] -- Up-to-date: /home/edub/ros2_ws/install/avig_msg/include/avig_msg/avig_msg/msg/detail/obj_detect__traits.hpp
[1.194s] -- Up-to-date: /home/edub/ros2_ws/install/avig_msg/include/avig_msg/avig_msg/msg/detail/april_tag_pixel__traits.hpp
[1.195s] -- Up-to-date: /home/edub/ros2_ws/install/avig_msg/include/avig_msg/avig_msg/msg/detail/april_tag_pixel__struct.hpp
[1.195s] -- Up-to-date: /home/edub/ros2_ws/install/avig_msg/include/avig_msg/avig_msg/msg/detail/april_tag_pixel__type_support.hpp
[1.195s] -- Up-to-date: /home/edub/ros2_ws/install/avig_msg/include/avig_msg/avig_msg/msg/april_tag_pixel.hpp
[1.195s] -- Up-to-date: /home/edub/ros2_ws/install/avig_msg/include/avig_msg/avig_msg
[1.195s] -- Up-to-date: /home/edub/ros2_ws/install/avig_msg/include/avig_msg/avig_msg/action
[1.195s] -- Up-to-date: /home/edub/ros2_ws/install/avig_msg/include/avig_msg/avig_msg/action/detail
[1.195s] -- Up-to-date: /home/edub/ros2_ws/install/avig_msg/include/avig_msg/avig_msg/action/detail/dds_fastrtps
[1.196s] -- Up-to-date: /home/edub/ros2_ws/install/avig_msg/include/avig_msg/avig_msg/action/detail/mover_a__rosidl_typesupport_fastrtps_cpp.hpp
[1.196s] -- Up-to-date: /home/edub/ros2_ws/install/avig_msg/include/avig_msg/avig_msg/srv
[1.196s] -- Up-to-date: /home/edub/ros2_ws/install/avig_msg/include/avig_msg/avig_msg/srv/detail
[1.196s] -- Up-to-date: /home/edub/ros2_ws/install/avig_msg/include/avig_msg/avig_msg/srv/detail/dds_fastrtps
[1.197s] -- Up-to-date: /home/edub/ros2_ws/install/avig_msg/include/avig_msg/avig_msg/srv/detail/heuristica__rosidl_typesupport_fastrtps_cpp.hpp
[1.197s] -- Up-to-date: /home/edub/ros2_ws/install/avig_msg/include/avig_msg/avig_msg/msg
[1.197s] -- Up-to-date: /home/edub/ros2_ws/install/avig_msg/include/avig_msg/avig_msg/msg/rosidl_typesupport_fastrtps_cpp__visibility_control.h
[1.197s] -- Up-to-date: /home/edub/ros2_ws/install/avig_msg/include/avig_msg/avig_msg/msg/detail
[1.197s] -- Up-to-date: /home/edub/ros2_ws/install/avig_msg/include/avig_msg/avig_msg/msg/detail/april_tag_pixel__rosidl_typesupport_fastrtps_cpp.hpp
[1.197s] -- Up-to-date: /home/edub/ros2_ws/install/avig_msg/include/avig_msg/avig_msg/msg/detail/dds_fastrtps
[1.197s] -- Up-to-date: /home/edub/ros2_ws/install/avig_msg/include/avig_msg/avig_msg/msg/detail/april_tag_pixel_array__rosidl_typesupport_fastrtps_cpp.hpp
[1.197s] -- Up-to-date: /home/edub/ros2_ws/install/avig_msg/include/avig_msg/avig_msg/msg/detail/obj_detect__rosidl_typesupport_fastrtps_cpp.hpp
[1.197s] -- Up-to-date: /home/edub/ros2_ws/install/avig_msg/lib/libavig_msg__rosidl_typesupport_fastrtps_cpp.so
[1.197s] -- Up-to-date: /home/edub/ros2_ws/install/avig_msg/include/avig_msg/avig_msg
[1.197s] -- Up-to-date: /home/edub/ros2_ws/install/avig_msg/include/avig_msg/avig_msg/action
[1.197s] -- Up-to-date: /home/edub/ros2_ws/install/avig_msg/include/avig_msg/avig_msg/action/detail
[1.198s] -- Up-to-date: /home/edub/ros2_ws/install/avig_msg/include/avig_msg/avig_msg/action/detail/mover_a__rosidl_typesupport_introspection_cpp.hpp
[1.198s] -- Up-to-date: /home/edub/ros2_ws/install/avig_msg/include/avig_msg/avig_msg/action/detail/mover_a__type_support.cpp
[1.198s] -- Up-to-date: /home/edub/ros2_ws/install/avig_msg/include/avig_msg/avig_msg/srv
[1.198s] -- Up-to-date: /home/edub/ros2_ws/install/avig_msg/include/avig_msg/avig_msg/srv/detail
[1.198s] -- Up-to-date: /home/edub/ros2_ws/install/avig_msg/include/avig_msg/avig_msg/srv/detail/heuristica__rosidl_typesupport_introspection_cpp.hpp
[1.198s] -- Up-to-date: /home/edub/ros2_ws/install/avig_msg/include/avig_msg/avig_msg/srv/detail/heuristica__type_support.cpp
[1.198s] -- Up-to-date: /home/edub/ros2_ws/install/avig_msg/include/avig_msg/avig_msg/msg
[1.198s] -- Up-to-date: /home/edub/ros2_ws/install/avig_msg/include/avig_msg/avig_msg/msg/detail
[1.198s] -- Up-to-date: /home/edub/ros2_ws/install/avig_msg/include/avig_msg/avig_msg/msg/detail/april_tag_pixel_array__type_support.cpp
[1.198s] -- Up-to-date: /home/edub/ros2_ws/install/avig_msg/include/avig_msg/avig_msg/msg/detail/april_tag_pixel_array__rosidl_typesupport_introspection_cpp.hpp
[1.198s] -- Up-to-date: /home/edub/ros2_ws/install/avig_msg/include/avig_msg/avig_msg/msg/detail/april_tag_pixel__type_support.cpp
[1.199s] -- Up-to-date: /home/edub/ros2_ws/install/avig_msg/include/avig_msg/avig_msg/msg/detail/april_tag_pixel__rosidl_typesupport_introspection_cpp.hpp
[1.199s] -- Up-to-date: /home/edub/ros2_ws/install/avig_msg/include/avig_msg/avig_msg/msg/detail/obj_detect__rosidl_typesupport_introspection_cpp.hpp
[1.199s] -- Up-to-date: /home/edub/ros2_ws/install/avig_msg/include/avig_msg/avig_msg/msg/detail/obj_detect__type_support.cpp
[1.199s] -- Up-to-date: /home/edub/ros2_ws/install/avig_msg/lib/libavig_msg__rosidl_typesupport_introspection_cpp.so
[1.199s] -- Up-to-date: /home/edub/ros2_ws/install/avig_msg/lib/libavig_msg__rosidl_typesupport_cpp.so
[1.199s] -- Up-to-date: /home/edub/ros2_ws/install/avig_msg/share/avig_msg/environment/pythonpath.sh
[1.199s] -- Up-to-date: /home/edub/ros2_ws/install/avig_msg/share/avig_msg/environment/pythonpath.dsv
[1.199s] -- Up-to-date: /home/edub/ros2_ws/install/avig_msg/local/lib/python3.10/dist-packages/avig_msg-0.0.0-py3.10.egg-info
[1.199s] -- Installing: /home/edub/ros2_ws/install/avig_msg/local/lib/python3.10/dist-packages/avig_msg-0.0.0-py3.10.egg-info/dependency_links.txt
[1.200s] -- Installing: /home/edub/ros2_ws/install/avig_msg/local/lib/python3.10/dist-packages/avig_msg-0.0.0-py3.10.egg-info/PKG-INFO
[1.200s] -- Installing: /home/edub/ros2_ws/install/avig_msg/local/lib/python3.10/dist-packages/avig_msg-0.0.0-py3.10.egg-info/top_level.txt
[1.200s] -- Installing: /home/edub/ros2_ws/install/avig_msg/local/lib/python3.10/dist-packages/avig_msg-0.0.0-py3.10.egg-info/SOURCES.txt
[1.200s] -- Up-to-date: /home/edub/ros2_ws/install/avig_msg/local/lib/python3.10/dist-packages/avig_msg
[1.200s] -- Up-to-date: /home/edub/ros2_ws/install/avig_msg/local/lib/python3.10/dist-packages/avig_msg/action
[1.200s] -- Up-to-date: /home/edub/ros2_ws/install/avig_msg/local/lib/python3.10/dist-packages/avig_msg/action/_mover_a.py
[1.200s] -- Up-to-date: /home/edub/ros2_ws/install/avig_msg/local/lib/python3.10/dist-packages/avig_msg/action/_mover_a_s.c
[1.200s] -- Up-to-date: /home/edub/ros2_ws/install/avig_msg/local/lib/python3.10/dist-packages/avig_msg/action/__init__.py
[1.200s] -- Up-to-date: /home/edub/ros2_ws/install/avig_msg/local/lib/python3.10/dist-packages/avig_msg/avig_msg_s__rosidl_typesupport_introspection_c.cpython-310-x86_64-linux-gnu.so
[1.200s] -- Up-to-date: /home/edub/ros2_ws/install/avig_msg/local/lib/python3.10/dist-packages/avig_msg/srv
[1.200s] -- Up-to-date: /home/edub/ros2_ws/install/avig_msg/local/lib/python3.10/dist-packages/avig_msg/srv/_heuristica_s.c
[1.200s] -- Up-to-date: /home/edub/ros2_ws/install/avig_msg/local/lib/python3.10/dist-packages/avig_msg/srv/_heuristica.py
[1.200s] -- Up-to-date: /home/edub/ros2_ws/install/avig_msg/local/lib/python3.10/dist-packages/avig_msg/srv/__init__.py
[1.201s] -- Up-to-date: /home/edub/ros2_ws/install/avig_msg/local/lib/python3.10/dist-packages/avig_msg/avig_msg_s__rosidl_typesupport_c.cpython-310-x86_64-linux-gnu.so
[1.201s] -- Up-to-date: /home/edub/ros2_ws/install/avig_msg/local/lib/python3.10/dist-packages/avig_msg/avig_msg_s__rosidl_typesupport_fastrtps_c.cpython-310-x86_64-linux-gnu.so
[1.201s] -- Up-to-date: /home/edub/ros2_ws/install/avig_msg/local/lib/python3.10/dist-packages/avig_msg/_avig_msg_s.ep.rosidl_typesupport_fastrtps_c.c
[1.201s] -- Up-to-date: /home/edub/ros2_ws/install/avig_msg/local/lib/python3.10/dist-packages/avig_msg/_avig_msg_s.ep.rosidl_typesupport_c.c
[1.201s] -- Up-to-date: /home/edub/ros2_ws/install/avig_msg/local/lib/python3.10/dist-packages/avig_msg/libavig_msg__rosidl_generator_py.so
[1.201s] -- Up-to-date: /home/edub/ros2_ws/install/avig_msg/local/lib/python3.10/dist-packages/avig_msg/msg
[1.201s] -- Up-to-date: /home/edub/ros2_ws/install/avig_msg/local/lib/python3.10/dist-packages/avig_msg/msg/_april_tag_pixel_array.py
[1.201s] -- Up-to-date: /home/edub/ros2_ws/install/avig_msg/local/lib/python3.10/dist-packages/avig_msg/msg/_obj_detect_s.c
[1.201s] -- Up-to-date: /home/edub/ros2_ws/install/avig_msg/local/lib/python3.10/dist-packages/avig_msg/msg/_obj_detect.py
[1.201s] -- Up-to-date: /home/edub/ros2_ws/install/avig_msg/local/lib/python3.10/dist-packages/avig_msg/msg/_april_tag_pixel_array_s.c
[1.201s] -- Up-to-date: /home/edub/ros2_ws/install/avig_msg/local/lib/python3.10/dist-packages/avig_msg/msg/_april_tag_pixel.py
[1.201s] -- Up-to-date: /home/edub/ros2_ws/install/avig_msg/local/lib/python3.10/dist-packages/avig_msg/msg/__init__.py
[1.201s] -- Up-to-date: /home/edub/ros2_ws/install/avig_msg/local/lib/python3.10/dist-packages/avig_msg/msg/_april_tag_pixel_s.c
[1.201s] -- Up-to-date: /home/edub/ros2_ws/install/avig_msg/local/lib/python3.10/dist-packages/avig_msg/__init__.py
[1.201s] -- Up-to-date: /home/edub/ros2_ws/install/avig_msg/local/lib/python3.10/dist-packages/avig_msg/_avig_msg_s.ep.rosidl_typesupport_introspection_c.c
[1.232s] Listing '/home/edub/ros2_ws/install/avig_msg/local/lib/python3.10/dist-packages/avig_msg'...
[1.233s] Listing '/home/edub/ros2_ws/install/avig_msg/local/lib/python3.10/dist-packages/avig_msg/action'...
[1.233s] Listing '/home/edub/ros2_ws/install/avig_msg/local/lib/python3.10/dist-packages/avig_msg/msg'...
[1.233s] Listing '/home/edub/ros2_ws/install/avig_msg/local/lib/python3.10/dist-packages/avig_msg/srv'...
[1.245s] -- Up-to-date: /home/edub/ros2_ws/install/avig_msg/local/lib/python3.10/dist-packages/avig_msg/avig_msg_s__rosidl_typesupport_fastrtps_c.cpython-310-x86_64-linux-gnu.so
[1.245s] -- Up-to-date: /home/edub/ros2_ws/install/avig_msg/local/lib/python3.10/dist-packages/avig_msg/avig_msg_s__rosidl_typesupport_introspection_c.cpython-310-x86_64-linux-gnu.so
[1.245s] -- Up-to-date: /home/edub/ros2_ws/install/avig_msg/local/lib/python3.10/dist-packages/avig_msg/avig_msg_s__rosidl_typesupport_c.cpython-310-x86_64-linux-gnu.so
[1.245s] -- Up-to-date: /home/edub/ros2_ws/install/avig_msg/lib/libavig_msg__rosidl_generator_py.so
[1.246s] -- Up-to-date: /home/edub/ros2_ws/install/avig_msg/share/avig_msg/msg/AprilTagPixel.idl
[1.246s] -- Up-to-date: /home/edub/ros2_ws/install/avig_msg/share/avig_msg/msg/AprilTagPixelArray.idl
[1.246s] -- Up-to-date: /home/edub/ros2_ws/install/avig_msg/share/avig_msg/srv/Heuristica.idl
[1.246s] -- Up-to-date: /home/edub/ros2_ws/install/avig_msg/share/avig_msg/action/MoverA.idl
[1.246s] -- Up-to-date: /home/edub/ros2_ws/install/avig_msg/share/avig_msg/msg/ObjDetect.idl
[1.246s] -- Up-to-date: /home/edub/ros2_ws/install/avig_msg/share/avig_msg/msg/AprilTagPixel.msg
[1.246s] -- Up-to-date: /home/edub/ros2_ws/install/avig_msg/share/avig_msg/msg/AprilTagPixelArray.msg
[1.246s] -- Up-to-date: /home/edub/ros2_ws/install/avig_msg/share/avig_msg/srv/Heuristica.srv
[1.246s] -- Up-to-date: /home/edub/ros2_ws/install/avig_msg/share/avig_msg/srv/Heuristica_Request.msg
[1.246s] -- Up-to-date: /home/edub/ros2_ws/install/avig_msg/share/avig_msg/srv/Heuristica_Response.msg
[1.247s] -- Up-to-date: /home/edub/ros2_ws/install/avig_msg/share/avig_msg/action/MoverA.action
[1.247s] -- Up-to-date: /home/edub/ros2_ws/install/avig_msg/share/avig_msg/msg/ObjDetect.msg
[1.247s] -- Up-to-date: /home/edub/ros2_ws/install/avig_msg/share/ament_index/resource_index/package_run_dependencies/avig_msg
[1.247s] -- Up-to-date: /home/edub/ros2_ws/install/avig_msg/share/ament_index/resource_index/parent_prefix_path/avig_msg
[1.247s] -- Up-to-date: /home/edub/ros2_ws/install/avig_msg/share/avig_msg/environment/ament_prefix_path.sh
[1.247s] -- Up-to-date: /home/edub/ros2_ws/install/avig_msg/share/avig_msg/environment/ament_prefix_path.dsv
[1.247s] -- Up-to-date: /home/edub/ros2_ws/install/avig_msg/share/avig_msg/environment/path.sh
[1.247s] -- Up-to-date: /home/edub/ros2_ws/install/avig_msg/share/avig_msg/environment/path.dsv
[1.247s] -- Up-to-date: /home/edub/ros2_ws/install/avig_msg/share/avig_msg/local_setup.bash
[1.248s] -- Up-to-date: /home/edub/ros2_ws/install/avig_msg/share/avig_msg/local_setup.sh
[1.248s] -- Up-to-date: /home/edub/ros2_ws/install/avig_msg/share/avig_msg/local_setup.zsh
[1.248s] -- Up-to-date: /home/edub/ros2_ws/install/avig_msg/share/avig_msg/local_setup.dsv
[1.248s] -- Installing: /home/edub/ros2_ws/install/avig_msg/share/avig_msg/package.dsv
[1.248s] -- Up-to-date: /home/edub/ros2_ws/install/avig_msg/share/ament_index/resource_index/packages/avig_msg
[1.248s] -- Up-to-date: /home/edub/ros2_ws/install/avig_msg/share/avig_msg/cmake/export_avig_msg__rosidl_generator_cExport.cmake
[1.248s] -- Up-to-date: /home/edub/ros2_ws/install/avig_msg/share/avig_msg/cmake/export_avig_msg__rosidl_generator_cExport-noconfig.cmake
[1.248s] -- Up-to-date: /home/edub/ros2_ws/install/avig_msg/share/avig_msg/cmake/export_avig_msg__rosidl_typesupport_fastrtps_cExport.cmake
[1.248s] -- Up-to-date: /home/edub/ros2_ws/install/avig_msg/share/avig_msg/cmake/export_avig_msg__rosidl_typesupport_fastrtps_cExport-noconfig.cmake
[1.249s] -- Up-to-date: /home/edub/ros2_ws/install/avig_msg/share/avig_msg/cmake/avig_msg__rosidl_typesupport_introspection_cExport.cmake
[1.249s] -- Up-to-date: /home/edub/ros2_ws/install/avig_msg/share/avig_msg/cmake/avig_msg__rosidl_typesupport_introspection_cExport-noconfig.cmake
[1.249s] -- Up-to-date: /home/edub/ros2_ws/install/avig_msg/share/avig_msg/cmake/avig_msg__rosidl_typesupport_cExport.cmake
[1.249s] -- Up-to-date: /home/edub/ros2_ws/install/avig_msg/share/avig_msg/cmake/avig_msg__rosidl_typesupport_cExport-noconfig.cmake
[1.249s] -- Up-to-date: /home/edub/ros2_ws/install/avig_msg/share/avig_msg/cmake/export_avig_msg__rosidl_generator_cppExport.cmake
[1.250s] -- Up-to-date: /home/edub/ros2_ws/install/avig_msg/share/avig_msg/cmake/export_avig_msg__rosidl_typesupport_fastrtps_cppExport.cmake
[1.250s] -- Up-to-date: /home/edub/ros2_ws/install/avig_msg/share/avig_msg/cmake/export_avig_msg__rosidl_typesupport_fastrtps_cppExport-noconfig.cmake
[1.250s] -- Up-to-date: /home/edub/ros2_ws/install/avig_msg/share/avig_msg/cmake/avig_msg__rosidl_typesupport_introspection_cppExport.cmake
[1.250s] -- Up-to-date: /home/edub/ros2_ws/install/avig_msg/share/avig_msg/cmake/avig_msg__rosidl_typesupport_introspection_cppExport-noconfig.cmake
[1.250s] -- Up-to-date: /home/edub/ros2_ws/install/avig_msg/share/avig_msg/cmake/avig_msg__rosidl_typesupport_cppExport.cmake
[1.250s] -- Up-to-date: /home/edub/ros2_ws/install/avig_msg/share/avig_msg/cmake/avig_msg__rosidl_typesupport_cppExport-noconfig.cmake
[1.250s] -- Up-to-date: /home/edub/ros2_ws/install/avig_msg/share/avig_msg/cmake/export_avig_msg__rosidl_generator_pyExport.cmake
[1.250s] -- Up-to-date: /home/edub/ros2_ws/install/avig_msg/share/avig_msg/cmake/export_avig_msg__rosidl_generator_pyExport-noconfig.cmake
[1.250s] -- Up-to-date: /home/edub/ros2_ws/install/avig_msg/share/avig_msg/cmake/rosidl_cmake-extras.cmake
[1.250s] -- Up-to-date: /home/edub/ros2_ws/install/avig_msg/share/avig_msg/cmake/ament_cmake_export_dependencies-extras.cmake
[1.250s] -- Up-to-date: /home/edub/ros2_ws/install/avig_msg/share/avig_msg/cmake/ament_cmake_export_include_directories-extras.cmake
[1.251s] -- Up-to-date: /home/edub/ros2_ws/install/avig_msg/share/avig_msg/cmake/ament_cmake_export_libraries-extras.cmake
[1.251s] -- Up-to-date: /home/edub/ros2_ws/install/avig_msg/share/avig_msg/cmake/ament_cmake_export_targets-extras.cmake
[1.251s] -- Up-to-date: /home/edub/ros2_ws/install/avig_msg/share/avig_msg/cmake/rosidl_cmake_export_typesupport_targets-extras.cmake
[1.251s] -- Up-to-date: /home/edub/ros2_ws/install/avig_msg/share/avig_msg/cmake/rosidl_cmake_export_typesupport_libraries-extras.cmake
[1.251s] -- Up-to-date: /home/edub/ros2_ws/install/avig_msg/share/avig_msg/cmake/avig_msgConfig.cmake
[1.251s] -- Up-to-date: /home/edub/ros2_ws/install/avig_msg/share/avig_msg/cmake/avig_msgConfig-version.cmake
[1.251s] -- Up-to-date: /home/edub/ros2_ws/install/avig_msg/share/avig_msg/package.xml
[1.254s] Invoked command in '/home/edub/ros2_ws/build/avig_msg' returned '0': CMAKE_PREFIX_PATH=${CMAKE_PREFIX_PATH}:/home/edub/ros2_ws/install/mi_pkg_python:/opt/ros/humble /usr/bin/cmake --install /home/edub/ros2_ws/build/avig_msg
