[0.020s] Invoking command in '/home/edub/ros2_ws/build/avig_msg': CMAKE_PREFIX_PATH=${CMAKE_PREFIX_PATH}:/home/edub/ros2_ws/install/mi_pkg_python:/opt/ros/humble /usr/bin/cmake /home/edub/ros2_ws/src/avig_msg -DCMAKE_INSTALL_PREFIX=/home/edub/ros2_ws/install/avig_msg
[0.168s] -- The C compiler identification is GNU 11.4.0
[0.289s] -- The CXX compiler identification is GNU 11.4.0
[0.302s] -- Detecting C compiler ABI info
[0.369s] -- Detecting C compiler ABI info - done
[0.376s] -- Check for working C compiler: /usr/bin/cc - skipped
[0.377s] -- Detecting C compile features
[0.378s] -- Detecting C compile features - done
[0.383s] -- Detecting CXX compiler ABI info
[0.461s] -- Detecting CXX compiler ABI info - done
[0.471s] -- Check for working CXX compiler: /usr/bin/c++ - skipped
[0.471s] -- Detecting CXX compile features
[0.471s] -- Detecting CXX compile features - done
[0.475s] -- Found ament_cmake: 1.3.12 (/opt/ros/humble/share/ament_cmake/cmake)
[0.629s] -- Found Python3: /usr/bin/python3 (found version "3.10.12") found components: Interpreter 
[0.741s] -- Found rosidl_default_generators: 1.2.0 (/opt/ros/humble/share/rosidl_default_generators/cmake)
[0.747s] -- Using all available rosidl_typesupport_c: rosidl_typesupport_fastrtps_c;rosidl_typesupport_introspection_c
[0.756s] -- Found rosidl_adapter: 3.1.8 (/opt/ros/humble/share/rosidl_adapter/cmake)
[0.812s] -- Using all available rosidl_typesupport_cpp: rosidl_typesupport_fastrtps_cpp;rosidl_typesupport_introspection_cpp
[0.861s] -- Found builtin_interfaces: 1.2.2 (/opt/ros/humble/share/builtin_interfaces/cmake)
[1.199s] -- Found ament_cmake_ros: 0.10.0 (/opt/ros/humble/share/ament_cmake_ros/cmake)
[1.387s] -- Using all available rosidl_typesupport_c: rosidl_typesupport_fastrtps_c;rosidl_typesupport_introspection_c
[1.622s] -- Using all available rosidl_typesupport_cpp: rosidl_typesupport_fastrtps_cpp;rosidl_typesupport_introspection_cpp
[1.645s] -- Found PythonInterp: /usr/bin/python3 (found suitable version "3.10.12", minimum required is "3.6") 
[1.648s] -- Found python_cmake_module: 0.10.0 (/opt/ros/humble/share/python_cmake_module/cmake)
[1.675s] -- Found PythonLibs: /usr/lib/x86_64-linux-gnu/libpython3.10.so (found suitable version "3.10.12", minimum required is "3.5") 
[1.675s] -- Using PYTHON_EXECUTABLE: /usr/bin/python3
[1.675s] -- Using PYTHON_INCLUDE_DIRS: /usr/include/python3.10
[1.675s] -- Using PYTHON_LIBRARIES: /usr/lib/x86_64-linux-gnu/libpython3.10.so
[1.695s] -- Found PythonExtra: .so  
[1.742s] -- Found ament_lint_auto: 0.12.14 (/opt/ros/humble/share/ament_lint_auto/cmake)
[1.773s] -- Added test 'lint_cmake' to check CMake code style
[1.775s] -- Added test 'xmllint' to check XML markup files
[1.778s] -- Configuring done
[1.812s] -- Generating done
[1.824s] -- Build files have been written to: /home/edub/ros2_ws/build/avig_msg
[1.830s] Invoked command in '/home/edub/ros2_ws/build/avig_msg' returned '0': CMAKE_PREFIX_PATH=${CMAKE_PREFIX_PATH}:/home/edub/ros2_ws/install/mi_pkg_python:/opt/ros/humble /usr/bin/cmake /home/edub/ros2_ws/src/avig_msg -DCMAKE_INSTALL_PREFIX=/home/edub/ros2_ws/install/avig_msg
[1.832s] Invoking command in '/home/edub/ros2_ws/build/avig_msg': CMAKE_PREFIX_PATH=${CMAKE_PREFIX_PATH}:/home/edub/ros2_ws/install/mi_pkg_python:/opt/ros/humble /usr/bin/cmake --build /home/edub/ros2_ws/build/avig_msg -- -j6 -l6
[1.867s] [  1%] [34m[1mGenerating C code for ROS interfaces[0m
[1.879s] [  3%] [34m[1mGenerating C++ code for ROS interfaces[0m
[1.884s] [  3%] Built target ament_cmake_python_copy_avig_msg
[2.134s] running egg_info
[2.135s] creating avig_msg.egg-info
[2.135s] writing avig_msg.egg-info/PKG-INFO
[2.135s] writing dependency_links to avig_msg.egg-info/dependency_links.txt
[2.135s] writing top-level names to avig_msg.egg-info/top_level.txt
[2.136s] writing manifest file 'avig_msg.egg-info/SOURCES.txt'
[2.139s] reading manifest file 'avig_msg.egg-info/SOURCES.txt'
[2.140s] writing manifest file 'avig_msg.egg-info/SOURCES.txt'
[2.169s] [  3%] Built target ament_cmake_python_build_avig_msg_egg
[2.634s] [  4%] [32mBuilding C object CMakeFiles/avig_msg__rosidl_generator_c.dir/rosidl_generator_c/avig_msg/action/detail/mover_a__functions.c.o[0m
[2.634s] [  6%] [32mBuilding C object CMakeFiles/avig_msg__rosidl_generator_c.dir/rosidl_generator_c/avig_msg/msg/detail/april_tag_pixel_array__functions.c.o[0m
[2.634s] [  7%] [32mBuilding C object CMakeFiles/avig_msg__rosidl_generator_c.dir/rosidl_generator_c/avig_msg/srv/detail/heuristica__functions.c.o[0m
[2.635s] [  9%] Built target avig_msg__cpp
[2.635s] [ 11%] [32mBuilding C object CMakeFiles/avig_msg__rosidl_generator_c.dir/rosidl_generator_c/avig_msg/msg/detail/april_tag_pixel__functions.c.o[0m
[2.635s] [ 11%] [32mBuilding C object CMakeFiles/avig_msg__rosidl_generator_c.dir/rosidl_generator_c/avig_msg/msg/detail/obj_detect__functions.c.o[0m
[2.647s] [ 12%] [34m[1mGenerating C++ type support dispatch for ROS interfaces[0m
[2.734s] [ 14%] [34m[1mGenerating C++ type support for eProsima Fast-RTPS[0m
[2.734s] [ 15%] [34m[1mGenerating C++ introspection for ROS interfaces[0m
[2.825s] [ 17%] [32m[1mLinking C shared library libavig_msg__rosidl_generator_c.so[0m
[2.872s] [ 17%] Built target avig_msg__rosidl_generator_c
[2.885s] [ 19%] [34m[1mGenerating C introspection for ROS interfaces[0m
[2.885s] [ 20%] [34m[1mGenerating C type support for eProsima Fast-RTPS[0m
[2.886s] [ 22%] [34m[1mGenerating C type support dispatch for ROS interfaces[0m
[3.277s] [ 23%] [32mBuilding CXX object CMakeFiles/avig_msg__rosidl_typesupport_cpp.dir/rosidl_typesupport_cpp/avig_msg/msg/april_tag_pixel__type_support.cpp.o[0m
[3.649s] [ 25%] [32mBuilding CXX object CMakeFiles/avig_msg__rosidl_typesupport_c.dir/rosidl_typesupport_c/avig_msg/msg/april_tag_pixel__type_support.cpp.o[0m
[3.662s] [ 26%] [32mBuilding CXX object CMakeFiles/avig_msg__rosidl_typesupport_introspection_cpp.dir/rosidl_typesupport_introspection_cpp/avig_msg/msg/detail/april_tag_pixel__type_support.cpp.o[0m
[3.692s] [ 28%] [32mBuilding CXX object CMakeFiles/avig_msg__rosidl_typesupport_c.dir/rosidl_typesupport_c/avig_msg/msg/april_tag_pixel_array__type_support.cpp.o[0m
[3.711s] [ 30%] [32mBuilding CXX object CMakeFiles/avig_msg__rosidl_typesupport_fastrtps_cpp.dir/rosidl_typesupport_fastrtps_cpp/avig_msg/msg/detail/dds_fastrtps/april_tag_pixel__type_support.cpp.o[0m
[3.740s] [ 33%] [32mBuilding CXX object CMakeFiles/avig_msg__rosidl_typesupport_cpp.dir/rosidl_typesupport_cpp/avig_msg/msg/april_tag_pixel_array__type_support.cpp.o[0m
[3.740s] [ 33%] [32mBuilding CXX object CMakeFiles/avig_msg__rosidl_typesupport_c.dir/rosidl_typesupport_c/avig_msg/srv/heuristica__type_support.cpp.o[0m
[3.786s] [ 34%] [32mBuilding CXX object CMakeFiles/avig_msg__rosidl_typesupport_c.dir/rosidl_typesupport_c/avig_msg/action/mover_a__type_support.cpp.o[0m
[3.853s] [ 36%] [32mBuilding CXX object CMakeFiles/avig_msg__rosidl_typesupport_c.dir/rosidl_typesupport_c/avig_msg/msg/obj_detect__type_support.cpp.o[0m
[3.896s] [ 38%] [32m[1mLinking CXX shared library libavig_msg__rosidl_typesupport_c.so[0m
[3.936s] [ 39%] [32mBuilding C object CMakeFiles/avig_msg__rosidl_typesupport_introspection_c.dir/rosidl_typesupport_introspection_c/avig_msg/msg/detail/april_tag_pixel__type_support.c.o[0m
[3.968s] [ 39%] Built target avig_msg__rosidl_typesupport_c
[3.979s] [ 42%] [32mBuilding CXX object CMakeFiles/avig_msg__rosidl_typesupport_fastrtps_cpp.dir/rosidl_typesupport_fastrtps_cpp/avig_msg/msg/detail/dds_fastrtps/april_tag_pixel_array__type_support.cpp.o[0m
[3.979s] [ 42%] [32mBuilding C object CMakeFiles/avig_msg__rosidl_typesupport_introspection_c.dir/rosidl_typesupport_introspection_c/avig_msg/msg/detail/april_tag_pixel_array__type_support.c.o[0m
[4.050s] [ 44%] [32mBuilding C object CMakeFiles/avig_msg__rosidl_typesupport_introspection_c.dir/rosidl_typesupport_introspection_c/avig_msg/srv/detail/heuristica__type_support.c.o[0m
[4.151s] [ 46%] [32mBuilding C object CMakeFiles/avig_msg__rosidl_typesupport_introspection_c.dir/rosidl_typesupport_introspection_c/avig_msg/action/detail/mover_a__type_support.c.o[0m
[4.214s] [ 47%] [32mBuilding CXX object CMakeFiles/avig_msg__rosidl_typesupport_fastrtps_c.dir/rosidl_typesupport_fastrtps_c/avig_msg/msg/detail/april_tag_pixel__type_support_c.cpp.o[0m
[4.256s] [ 49%] [32mBuilding C object CMakeFiles/avig_msg__rosidl_typesupport_introspection_c.dir/rosidl_typesupport_introspection_c/avig_msg/msg/detail/obj_detect__type_support.c.o[0m
[4.293s] [ 50%] [32mBuilding CXX object CMakeFiles/avig_msg__rosidl_typesupport_cpp.dir/rosidl_typesupport_cpp/avig_msg/srv/heuristica__type_support.cpp.o[0m
[4.298s] [ 52%] [32mBuilding CXX object CMakeFiles/avig_msg__rosidl_typesupport_introspection_cpp.dir/rosidl_typesupport_introspection_cpp/avig_msg/msg/detail/april_tag_pixel_array__type_support.cpp.o[0m
[4.302s] [ 53%] [32m[1mLinking C shared library libavig_msg__rosidl_typesupport_introspection_c.so[0m
[4.355s] [ 53%] Built target avig_msg__rosidl_typesupport_introspection_c
[4.367s] [ 55%] [32mBuilding CXX object CMakeFiles/avig_msg__rosidl_typesupport_introspection_cpp.dir/rosidl_typesupport_introspection_cpp/avig_msg/srv/detail/heuristica__type_support.cpp.o[0m
[4.414s] [ 57%] [32mBuilding CXX object CMakeFiles/avig_msg__rosidl_typesupport_fastrtps_cpp.dir/rosidl_typesupport_fastrtps_cpp/avig_msg/srv/detail/dds_fastrtps/heuristica__type_support.cpp.o[0m
[4.680s] [ 58%] [32mBuilding CXX object CMakeFiles/avig_msg__rosidl_typesupport_cpp.dir/rosidl_typesupport_cpp/avig_msg/action/mover_a__type_support.cpp.o[0m
[4.729s] [ 60%] [32mBuilding CXX object CMakeFiles/avig_msg__rosidl_typesupport_fastrtps_cpp.dir/rosidl_typesupport_fastrtps_cpp/avig_msg/action/detail/dds_fastrtps/mover_a__type_support.cpp.o[0m
[4.734s] [ 61%] [32mBuilding CXX object CMakeFiles/avig_msg__rosidl_typesupport_fastrtps_c.dir/rosidl_typesupport_fastrtps_c/avig_msg/msg/detail/april_tag_pixel_array__type_support_c.cpp.o[0m
[4.967s] [ 63%] [32mBuilding CXX object CMakeFiles/avig_msg__rosidl_typesupport_introspection_cpp.dir/rosidl_typesupport_introspection_cpp/avig_msg/action/detail/mover_a__type_support.cpp.o[0m
[5.038s] [ 65%] [32mBuilding CXX object CMakeFiles/avig_msg__rosidl_typesupport_introspection_cpp.dir/rosidl_typesupport_introspection_cpp/avig_msg/msg/detail/obj_detect__type_support.cpp.o[0m
[5.122s] [ 66%] [32mBuilding CXX object CMakeFiles/avig_msg__rosidl_typesupport_fastrtps_cpp.dir/rosidl_typesupport_fastrtps_cpp/avig_msg/msg/detail/dds_fastrtps/obj_detect__type_support.cpp.o[0m
[5.283s] [ 68%] [32mBuilding CXX object CMakeFiles/avig_msg__rosidl_typesupport_fastrtps_c.dir/rosidl_typesupport_fastrtps_c/avig_msg/srv/detail/heuristica__type_support_c.cpp.o[0m
[5.403s] [ 69%] [32mBuilding CXX object CMakeFiles/avig_msg__rosidl_typesupport_cpp.dir/rosidl_typesupport_cpp/avig_msg/msg/obj_detect__type_support.cpp.o[0m
[5.643s] [ 71%] [32mBuilding CXX object CMakeFiles/avig_msg__rosidl_typesupport_fastrtps_c.dir/rosidl_typesupport_fastrtps_c/avig_msg/action/detail/mover_a__type_support_c.cpp.o[0m
[5.706s] [ 73%] [32mBuilding CXX object CMakeFiles/avig_msg__rosidl_typesupport_fastrtps_c.dir/rosidl_typesupport_fastrtps_c/avig_msg/msg/detail/obj_detect__type_support_c.cpp.o[0m
[5.793s] [ 74%] [32m[1mLinking CXX shared library libavig_msg__rosidl_typesupport_fastrtps_cpp.so[0m
[5.804s] [ 76%] [32m[1mLinking CXX shared library libavig_msg__rosidl_typesupport_cpp.so[0m
[5.862s] [ 77%] [32m[1mLinking CXX shared library libavig_msg__rosidl_typesupport_introspection_cpp.so[0m
[5.864s] [ 77%] Built target avig_msg__rosidl_typesupport_cpp
[5.923s] [ 77%] Built target avig_msg__rosidl_typesupport_fastrtps_cpp
[5.975s] [ 77%] Built target avig_msg__rosidl_typesupport_introspection_cpp
[6.122s] [ 79%] [32m[1mLinking CXX shared library libavig_msg__rosidl_typesupport_fastrtps_c.so[0m
[6.220s] [ 79%] Built target avig_msg__rosidl_typesupport_fastrtps_c
[6.242s] [ 79%] Built target avig_msg
[6.262s] [ 80%] [34m[1mGenerating Python code for ROS interfaces[0m
[7.705s] [ 80%] Built target avig_msg__py
[7.725s] [ 82%] [32mBuilding C object CMakeFiles/avig_msg__rosidl_generator_py.dir/rosidl_generator_py/avig_msg/action/_mover_a_s.c.o[0m
[7.725s] [ 84%] [32mBuilding C object CMakeFiles/avig_msg__rosidl_generator_py.dir/rosidl_generator_py/avig_msg/msg/_april_tag_pixel_s.c.o[0m
[7.725s] [ 88%] [32mBuilding C object CMakeFiles/avig_msg__rosidl_generator_py.dir/rosidl_generator_py/avig_msg/srv/_heuristica_s.c.o[0m
[7.725s] [ 88%] [32mBuilding C object CMakeFiles/avig_msg__rosidl_generator_py.dir/rosidl_generator_py/avig_msg/msg/_april_tag_pixel_array_s.c.o[0m
[7.725s] [ 88%] [32mBuilding C object CMakeFiles/avig_msg__rosidl_generator_py.dir/rosidl_generator_py/avig_msg/msg/_obj_detect_s.c.o[0m
[7.943s] [ 90%] [32m[1mLinking C shared library rosidl_generator_py/avig_msg/libavig_msg__rosidl_generator_py.so[0m
[7.981s] [ 90%] Built target avig_msg__rosidl_generator_py
[8.000s] [ 92%] [32mBuilding C object CMakeFiles/avig_msg__rosidl_typesupport_introspection_c__pyext.dir/rosidl_generator_py/avig_msg/_avig_msg_s.ep.rosidl_typesupport_introspection_c.c.o[0m
[8.002s] [ 93%] [32mBuilding C object CMakeFiles/avig_msg__rosidl_typesupport_c__pyext.dir/rosidl_generator_py/avig_msg/_avig_msg_s.ep.rosidl_typesupport_c.c.o[0m
[8.002s] [ 95%] [32mBuilding C object CMakeFiles/avig_msg__rosidl_typesupport_fastrtps_c__pyext.dir/rosidl_generator_py/avig_msg/_avig_msg_s.ep.rosidl_typesupport_fastrtps_c.c.o[0m
[8.146s] [ 98%] [32m[1mLinking C shared library rosidl_generator_py/avig_msg/avig_msg_s__rosidl_typesupport_introspection_c.cpython-310-x86_64-linux-gnu.so[0m
[8.146s] [ 98%] [32m[1mLinking C shared library rosidl_generator_py/avig_msg/avig_msg_s__rosidl_typesupport_c.cpython-310-x86_64-linux-gnu.so[0m
[8.155s] [100%] [32m[1mLinking C shared library rosidl_generator_py/avig_msg/avig_msg_s__rosidl_typesupport_fastrtps_c.cpython-310-x86_64-linux-gnu.so[0m
[8.186s] [100%] Built target avig_msg__rosidl_typesupport_introspection_c__pyext
[8.191s] [100%] Built target avig_msg__rosidl_typesupport_c__pyext
[8.200s] [100%] Built target avig_msg__rosidl_typesupport_fastrtps_c__pyext
[8.211s] Invoked command in '/home/edub/ros2_ws/build/avig_msg' returned '0': CMAKE_PREFIX_PATH=${CMAKE_PREFIX_PATH}:/home/edub/ros2_ws/install/mi_pkg_python:/opt/ros/humble /usr/bin/cmake --build /home/edub/ros2_ws/build/avig_msg -- -j6 -l6
[8.221s] Invoking command in '/home/edub/ros2_ws/build/avig_msg': CMAKE_PREFIX_PATH=${CMAKE_PREFIX_PATH}:/home/edub/ros2_ws/install/mi_pkg_python:/opt/ros/humble /usr/bin/cmake --install /home/edub/ros2_ws/build/avig_msg
[8.229s] -- Install configuration: ""
[8.229s] -- Installing: /home/edub/ros2_ws/install/avig_msg/share/ament_index/resource_index/rosidl_interfaces/avig_msg
[8.230s] -- Installing: /home/edub/ros2_ws/install/avig_msg/include/avig_msg/avig_msg
[8.230s] -- Installing: /home/edub/ros2_ws/install/avig_msg/include/avig_msg/avig_msg/action
[8.230s] -- Installing: /home/edub/ros2_ws/install/avig_msg/include/avig_msg/avig_msg/action/detail
[8.230s] -- Installing: /home/edub/ros2_ws/install/avig_msg/include/avig_msg/avig_msg/action/detail/mover_a__functions.h
[8.230s] -- Installing: /home/edub/ros2_ws/install/avig_msg/include/avig_msg/avig_msg/action/detail/mover_a__functions.c
[8.230s] -- Installing: /home/edub/ros2_ws/install/avig_msg/include/avig_msg/avig_msg/action/detail/mover_a__type_support.h
[8.231s] -- Installing: /home/edub/ros2_ws/install/avig_msg/include/avig_msg/avig_msg/action/detail/mover_a__struct.h
[8.231s] -- Installing: /home/edub/ros2_ws/install/avig_msg/include/avig_msg/avig_msg/action/mover_a.h
[8.231s] -- Installing: /home/edub/ros2_ws/install/avig_msg/include/avig_msg/avig_msg/srv
[8.231s] -- Installing: /home/edub/ros2_ws/install/avig_msg/include/avig_msg/avig_msg/srv/detail
[8.231s] -- Installing: /home/edub/ros2_ws/install/avig_msg/include/avig_msg/avig_msg/srv/detail/heuristica__functions.h
[8.231s] -- Installing: /home/edub/ros2_ws/install/avig_msg/include/avig_msg/avig_msg/srv/detail/heuristica__struct.h
[8.231s] -- Installing: /home/edub/ros2_ws/install/avig_msg/include/avig_msg/avig_msg/srv/detail/heuristica__functions.c
[8.231s] -- Installing: /home/edub/ros2_ws/install/avig_msg/include/avig_msg/avig_msg/srv/detail/heuristica__type_support.h
[8.231s] -- Installing: /home/edub/ros2_ws/install/avig_msg/include/avig_msg/avig_msg/srv/heuristica.h
[8.232s] -- Installing: /home/edub/ros2_ws/install/avig_msg/include/avig_msg/avig_msg/msg
[8.232s] -- Installing: /home/edub/ros2_ws/install/avig_msg/include/avig_msg/avig_msg/msg/detail
[8.232s] -- Installing: /home/edub/ros2_ws/install/avig_msg/include/avig_msg/avig_msg/msg/detail/april_tag_pixel_array__functions.c
[8.232s] -- Installing: /home/edub/ros2_ws/install/avig_msg/include/avig_msg/avig_msg/msg/detail/april_tag_pixel_array__struct.h
[8.232s] -- Installing: /home/edub/ros2_ws/install/avig_msg/include/avig_msg/avig_msg/msg/detail/obj_detect__struct.h
[8.232s] -- Installing: /home/edub/ros2_ws/install/avig_msg/include/avig_msg/avig_msg/msg/detail/obj_detect__functions.h
[8.232s] -- Installing: /home/edub/ros2_ws/install/avig_msg/include/avig_msg/avig_msg/msg/detail/obj_detect__type_support.h
[8.232s] -- Installing: /home/edub/ros2_ws/install/avig_msg/include/avig_msg/avig_msg/msg/detail/april_tag_pixel__functions.c
[8.232s] -- Installing: /home/edub/ros2_ws/install/avig_msg/include/avig_msg/avig_msg/msg/detail/april_tag_pixel__struct.h
[8.233s] -- Installing: /home/edub/ros2_ws/install/avig_msg/include/avig_msg/avig_msg/msg/detail/april_tag_pixel_array__functions.h
[8.233s] -- Installing: /home/edub/ros2_ws/install/avig_msg/include/avig_msg/avig_msg/msg/detail/april_tag_pixel_array__type_support.h
[8.233s] -- Installing: /home/edub/ros2_ws/install/avig_msg/include/avig_msg/avig_msg/msg/detail/april_tag_pixel__type_support.h
[8.233s] -- Installing: /home/edub/ros2_ws/install/avig_msg/include/avig_msg/avig_msg/msg/detail/obj_detect__functions.c
[8.233s] -- Installing: /home/edub/ros2_ws/install/avig_msg/include/avig_msg/avig_msg/msg/detail/april_tag_pixel__functions.h
[8.233s] -- Installing: /home/edub/ros2_ws/install/avig_msg/include/avig_msg/avig_msg/msg/april_tag_pixel.h
[8.233s] -- Installing: /home/edub/ros2_ws/install/avig_msg/include/avig_msg/avig_msg/msg/april_tag_pixel_array.h
[8.233s] -- Installing: /home/edub/ros2_ws/install/avig_msg/include/avig_msg/avig_msg/msg/obj_detect.h
[8.233s] -- Installing: /home/edub/ros2_ws/install/avig_msg/include/avig_msg/avig_msg/msg/rosidl_generator_c__visibility_control.h
[8.233s] -- Installing: /home/edub/ros2_ws/install/avig_msg/share/avig_msg/environment/library_path.sh
[8.233s] -- Installing: /home/edub/ros2_ws/install/avig_msg/share/avig_msg/environment/library_path.dsv
[8.233s] -- Installing: /home/edub/ros2_ws/install/avig_msg/lib/libavig_msg__rosidl_generator_c.so
[8.233s] -- Set runtime path of "/home/edub/ros2_ws/install/avig_msg/lib/libavig_msg__rosidl_generator_c.so" to ""
[8.234s] -- Up-to-date: /home/edub/ros2_ws/install/avig_msg/include/avig_msg/avig_msg
[8.234s] -- Up-to-date: /home/edub/ros2_ws/install/avig_msg/include/avig_msg/avig_msg/action
[8.234s] -- Up-to-date: /home/edub/ros2_ws/install/avig_msg/include/avig_msg/avig_msg/action/detail
[8.234s] -- Installing: /home/edub/ros2_ws/install/avig_msg/include/avig_msg/avig_msg/action/detail/mover_a__rosidl_typesupport_fastrtps_c.h
[8.234s] -- Up-to-date: /home/edub/ros2_ws/install/avig_msg/include/avig_msg/avig_msg/srv
[8.234s] -- Up-to-date: /home/edub/ros2_ws/install/avig_msg/include/avig_msg/avig_msg/srv/detail
[8.234s] -- Installing: /home/edub/ros2_ws/install/avig_msg/include/avig_msg/avig_msg/srv/detail/heuristica__rosidl_typesupport_fastrtps_c.h
[8.234s] -- Up-to-date: /home/edub/ros2_ws/install/avig_msg/include/avig_msg/avig_msg/msg
[8.234s] -- Up-to-date: /home/edub/ros2_ws/install/avig_msg/include/avig_msg/avig_msg/msg/detail
[8.234s] -- Installing: /home/edub/ros2_ws/install/avig_msg/include/avig_msg/avig_msg/msg/detail/april_tag_pixel_array__rosidl_typesupport_fastrtps_c.h
[8.234s] -- Installing: /home/edub/ros2_ws/install/avig_msg/include/avig_msg/avig_msg/msg/detail/obj_detect__rosidl_typesupport_fastrtps_c.h
[8.234s] -- Installing: /home/edub/ros2_ws/install/avig_msg/include/avig_msg/avig_msg/msg/detail/april_tag_pixel__rosidl_typesupport_fastrtps_c.h
[8.234s] -- Installing: /home/edub/ros2_ws/install/avig_msg/include/avig_msg/avig_msg/msg/rosidl_typesupport_fastrtps_c__visibility_control.h
[8.234s] -- Installing: /home/edub/ros2_ws/install/avig_msg/lib/libavig_msg__rosidl_typesupport_fastrtps_c.so
[8.234s] -- Set runtime path of "/home/edub/ros2_ws/install/avig_msg/lib/libavig_msg__rosidl_typesupport_fastrtps_c.so" to ""
[8.235s] -- Up-to-date: /home/edub/ros2_ws/install/avig_msg/include/avig_msg/avig_msg
[8.235s] -- Up-to-date: /home/edub/ros2_ws/install/avig_msg/include/avig_msg/avig_msg/action
[8.235s] -- Up-to-date: /home/edub/ros2_ws/install/avig_msg/include/avig_msg/avig_msg/action/detail
[8.235s] -- Installing: /home/edub/ros2_ws/install/avig_msg/include/avig_msg/avig_msg/action/detail/mover_a__rosidl_typesupport_introspection_c.h
[8.235s] -- Installing: /home/edub/ros2_ws/install/avig_msg/include/avig_msg/avig_msg/action/detail/mover_a__type_support.c
[8.235s] -- Up-to-date: /home/edub/ros2_ws/install/avig_msg/include/avig_msg/avig_msg/srv
[8.235s] -- Up-to-date: /home/edub/ros2_ws/install/avig_msg/include/avig_msg/avig_msg/srv/detail
[8.235s] -- Installing: /home/edub/ros2_ws/install/avig_msg/include/avig_msg/avig_msg/srv/detail/heuristica__rosidl_typesupport_introspection_c.h
[8.235s] -- Installing: /home/edub/ros2_ws/install/avig_msg/include/avig_msg/avig_msg/srv/detail/heuristica__type_support.c
[8.235s] -- Up-to-date: /home/edub/ros2_ws/install/avig_msg/include/avig_msg/avig_msg/msg
[8.235s] -- Installing: /home/edub/ros2_ws/install/avig_msg/include/avig_msg/avig_msg/msg/rosidl_typesupport_introspection_c__visibility_control.h
[8.235s] -- Up-to-date: /home/edub/ros2_ws/install/avig_msg/include/avig_msg/avig_msg/msg/detail
[8.235s] -- Installing: /home/edub/ros2_ws/install/avig_msg/include/avig_msg/avig_msg/msg/detail/april_tag_pixel_array__type_support.c
[8.235s] -- Installing: /home/edub/ros2_ws/install/avig_msg/include/avig_msg/avig_msg/msg/detail/obj_detect__rosidl_typesupport_introspection_c.h
[8.235s] -- Installing: /home/edub/ros2_ws/install/avig_msg/include/avig_msg/avig_msg/msg/detail/april_tag_pixel__rosidl_typesupport_introspection_c.h
[8.236s] -- Installing: /home/edub/ros2_ws/install/avig_msg/include/avig_msg/avig_msg/msg/detail/april_tag_pixel__type_support.c
[8.236s] -- Installing: /home/edub/ros2_ws/install/avig_msg/include/avig_msg/avig_msg/msg/detail/april_tag_pixel_array__rosidl_typesupport_introspection_c.h
[8.236s] -- Installing: /home/edub/ros2_ws/install/avig_msg/include/avig_msg/avig_msg/msg/detail/obj_detect__type_support.c
[8.236s] -- Installing: /home/edub/ros2_ws/install/avig_msg/lib/libavig_msg__rosidl_typesupport_introspection_c.so
[8.236s] -- Set runtime path of "/home/edub/ros2_ws/install/avig_msg/lib/libavig_msg__rosidl_typesupport_introspection_c.so" to ""
[8.236s] -- Installing: /home/edub/ros2_ws/install/avig_msg/lib/libavig_msg__rosidl_typesupport_c.so
[8.238s] -- Set runtime path of "/home/edub/ros2_ws/install/avig_msg/lib/libavig_msg__rosidl_typesupport_c.so" to ""
[8.238s] -- Up-to-date: /home/edub/ros2_ws/install/avig_msg/include/avig_msg/avig_msg
[8.238s] -- Up-to-date: /home/edub/ros2_ws/install/avig_msg/include/avig_msg/avig_msg/action
[8.238s] -- Installing: /home/edub/ros2_ws/install/avig_msg/include/avig_msg/avig_msg/action/mover_a.hpp
[8.238s] -- Up-to-date: /home/edub/ros2_ws/install/avig_msg/include/avig_msg/avig_msg/action/detail
[8.238s] -- Installing: /home/edub/ros2_ws/install/avig_msg/include/avig_msg/avig_msg/action/detail/mover_a__struct.hpp
[8.239s] -- Installing: /home/edub/ros2_ws/install/avig_msg/include/avig_msg/avig_msg/action/detail/mover_a__traits.hpp
[8.239s] -- Installing: /home/edub/ros2_ws/install/avig_msg/include/avig_msg/avig_msg/action/detail/mover_a__type_support.hpp
[8.239s] -- Installing: /home/edub/ros2_ws/install/avig_msg/include/avig_msg/avig_msg/action/detail/mover_a__builder.hpp
[8.239s] -- Up-to-date: /home/edub/ros2_ws/install/avig_msg/include/avig_msg/avig_msg/srv
[8.239s] -- Up-to-date: /home/edub/ros2_ws/install/avig_msg/include/avig_msg/avig_msg/srv/detail
[8.239s] -- Installing: /home/edub/ros2_ws/install/avig_msg/include/avig_msg/avig_msg/srv/detail/heuristica__traits.hpp
[8.239s] -- Installing: /home/edub/ros2_ws/install/avig_msg/include/avig_msg/avig_msg/srv/detail/heuristica__struct.hpp
[8.239s] -- Installing: /home/edub/ros2_ws/install/avig_msg/include/avig_msg/avig_msg/srv/detail/heuristica__builder.hpp
[8.239s] -- Installing: /home/edub/ros2_ws/install/avig_msg/include/avig_msg/avig_msg/srv/detail/heuristica__type_support.hpp
[8.239s] -- Installing: /home/edub/ros2_ws/install/avig_msg/include/avig_msg/avig_msg/srv/heuristica.hpp
[8.239s] -- Up-to-date: /home/edub/ros2_ws/install/avig_msg/include/avig_msg/avig_msg/msg
[8.239s] -- Installing: /home/edub/ros2_ws/install/avig_msg/include/avig_msg/avig_msg/msg/april_tag_pixel_array.hpp
[8.239s] -- Installing: /home/edub/ros2_ws/install/avig_msg/include/avig_msg/avig_msg/msg/obj_detect.hpp
[8.240s] -- Installing: /home/edub/ros2_ws/install/avig_msg/include/avig_msg/avig_msg/msg/rosidl_generator_cpp__visibility_control.hpp
[8.240s] -- Up-to-date: /home/edub/ros2_ws/install/avig_msg/include/avig_msg/avig_msg/msg/detail
[8.240s] -- Installing: /home/edub/ros2_ws/install/avig_msg/include/avig_msg/avig_msg/msg/detail/april_tag_pixel_array__type_support.hpp
[8.240s] -- Installing: /home/edub/ros2_ws/install/avig_msg/include/avig_msg/avig_msg/msg/detail/april_tag_pixel_array__traits.hpp
[8.240s] -- Installing: /home/edub/ros2_ws/install/avig_msg/include/avig_msg/avig_msg/msg/detail/april_tag_pixel_array__builder.hpp
[8.240s] -- Installing: /home/edub/ros2_ws/install/avig_msg/include/avig_msg/avig_msg/msg/detail/april_tag_pixel_array__struct.hpp
[8.240s] -- Installing: /home/edub/ros2_ws/install/avig_msg/include/avig_msg/avig_msg/msg/detail/obj_detect__builder.hpp
[8.240s] -- Installing: /home/edub/ros2_ws/install/avig_msg/include/avig_msg/avig_msg/msg/detail/obj_detect__struct.hpp
[8.240s] -- Installing: /home/edub/ros2_ws/install/avig_msg/include/avig_msg/avig_msg/msg/detail/april_tag_pixel__builder.hpp
[8.245s] -- Installing: /home/edub/ros2_ws/install/avig_msg/include/avig_msg/avig_msg/msg/detail/obj_detect__type_support.hpp
[8.245s] -- Installing: /home/edub/ros2_ws/install/avig_msg/include/avig_msg/avig_msg/msg/detail/obj_detect__traits.hpp
[8.245s] -- Installing: /home/edub/ros2_ws/install/avig_msg/include/avig_msg/avig_msg/msg/detail/april_tag_pixel__traits.hpp
[8.245s] -- Installing: /home/edub/ros2_ws/install/avig_msg/include/avig_msg/avig_msg/msg/detail/april_tag_pixel__struct.hpp
[8.245s] -- Installing: /home/edub/ros2_ws/install/avig_msg/include/avig_msg/avig_msg/msg/detail/april_tag_pixel__type_support.hpp
[8.245s] -- Installing: /home/edub/ros2_ws/install/avig_msg/include/avig_msg/avig_msg/msg/april_tag_pixel.hpp
[8.245s] -- Up-to-date: /home/edub/ros2_ws/install/avig_msg/include/avig_msg/avig_msg
[8.245s] -- Up-to-date: /home/edub/ros2_ws/install/avig_msg/include/avig_msg/avig_msg/action
[8.245s] -- Up-to-date: /home/edub/ros2_ws/install/avig_msg/include/avig_msg/avig_msg/action/detail
[8.245s] -- Installing: /home/edub/ros2_ws/install/avig_msg/include/avig_msg/avig_msg/action/detail/dds_fastrtps
[8.245s] -- Installing: /home/edub/ros2_ws/install/avig_msg/include/avig_msg/avig_msg/action/detail/mover_a__rosidl_typesupport_fastrtps_cpp.hpp
[8.245s] -- Up-to-date: /home/edub/ros2_ws/install/avig_msg/include/avig_msg/avig_msg/srv
[8.245s] -- Up-to-date: /home/edub/ros2_ws/install/avig_msg/include/avig_msg/avig_msg/srv/detail
[8.245s] -- Installing: /home/edub/ros2_ws/install/avig_msg/include/avig_msg/avig_msg/srv/detail/dds_fastrtps
[8.245s] -- Installing: /home/edub/ros2_ws/install/avig_msg/include/avig_msg/avig_msg/srv/detail/heuristica__rosidl_typesupport_fastrtps_cpp.hpp
[8.246s] -- Up-to-date: /home/edub/ros2_ws/install/avig_msg/include/avig_msg/avig_msg/msg
[8.246s] -- Installing: /home/edub/ros2_ws/install/avig_msg/include/avig_msg/avig_msg/msg/rosidl_typesupport_fastrtps_cpp__visibility_control.h
[8.246s] -- Up-to-date: /home/edub/ros2_ws/install/avig_msg/include/avig_msg/avig_msg/msg/detail
[8.246s] -- Installing: /home/edub/ros2_ws/install/avig_msg/include/avig_msg/avig_msg/msg/detail/april_tag_pixel__rosidl_typesupport_fastrtps_cpp.hpp
[8.246s] -- Installing: /home/edub/ros2_ws/install/avig_msg/include/avig_msg/avig_msg/msg/detail/dds_fastrtps
[8.246s] -- Installing: /home/edub/ros2_ws/install/avig_msg/include/avig_msg/avig_msg/msg/detail/april_tag_pixel_array__rosidl_typesupport_fastrtps_cpp.hpp
[8.246s] -- Installing: /home/edub/ros2_ws/install/avig_msg/include/avig_msg/avig_msg/msg/detail/obj_detect__rosidl_typesupport_fastrtps_cpp.hpp
[8.246s] -- Installing: /home/edub/ros2_ws/install/avig_msg/lib/libavig_msg__rosidl_typesupport_fastrtps_cpp.so
[8.246s] -- Set runtime path of "/home/edub/ros2_ws/install/avig_msg/lib/libavig_msg__rosidl_typesupport_fastrtps_cpp.so" to ""
[8.246s] -- Up-to-date: /home/edub/ros2_ws/install/avig_msg/include/avig_msg/avig_msg
[8.246s] -- Up-to-date: /home/edub/ros2_ws/install/avig_msg/include/avig_msg/avig_msg/action
[8.246s] -- Up-to-date: /home/edub/ros2_ws/install/avig_msg/include/avig_msg/avig_msg/action/detail
[8.246s] -- Installing: /home/edub/ros2_ws/install/avig_msg/include/avig_msg/avig_msg/action/detail/mover_a__rosidl_typesupport_introspection_cpp.hpp
[8.246s] -- Installing: /home/edub/ros2_ws/install/avig_msg/include/avig_msg/avig_msg/action/detail/mover_a__type_support.cpp
[8.246s] -- Up-to-date: /home/edub/ros2_ws/install/avig_msg/include/avig_msg/avig_msg/srv
[8.246s] -- Up-to-date: /home/edub/ros2_ws/install/avig_msg/include/avig_msg/avig_msg/srv/detail
[8.246s] -- Installing: /home/edub/ros2_ws/install/avig_msg/include/avig_msg/avig_msg/srv/detail/heuristica__rosidl_typesupport_introspection_cpp.hpp
[8.247s] -- Installing: /home/edub/ros2_ws/install/avig_msg/include/avig_msg/avig_msg/srv/detail/heuristica__type_support.cpp
[8.247s] -- Up-to-date: /home/edub/ros2_ws/install/avig_msg/include/avig_msg/avig_msg/msg
[8.247s] -- Up-to-date: /home/edub/ros2_ws/install/avig_msg/include/avig_msg/avig_msg/msg/detail
[8.247s] -- Installing: /home/edub/ros2_ws/install/avig_msg/include/avig_msg/avig_msg/msg/detail/april_tag_pixel_array__type_support.cpp
[8.247s] -- Installing: /home/edub/ros2_ws/install/avig_msg/include/avig_msg/avig_msg/msg/detail/april_tag_pixel_array__rosidl_typesupport_introspection_cpp.hpp
[8.247s] -- Installing: /home/edub/ros2_ws/install/avig_msg/include/avig_msg/avig_msg/msg/detail/april_tag_pixel__type_support.cpp
[8.247s] -- Installing: /home/edub/ros2_ws/install/avig_msg/include/avig_msg/avig_msg/msg/detail/april_tag_pixel__rosidl_typesupport_introspection_cpp.hpp
[8.247s] -- Installing: /home/edub/ros2_ws/install/avig_msg/include/avig_msg/avig_msg/msg/detail/obj_detect__rosidl_typesupport_introspection_cpp.hpp
[8.247s] -- Installing: /home/edub/ros2_ws/install/avig_msg/include/avig_msg/avig_msg/msg/detail/obj_detect__type_support.cpp
[8.247s] -- Installing: /home/edub/ros2_ws/install/avig_msg/lib/libavig_msg__rosidl_typesupport_introspection_cpp.so
[8.247s] -- Set runtime path of "/home/edub/ros2_ws/install/avig_msg/lib/libavig_msg__rosidl_typesupport_introspection_cpp.so" to ""
[8.247s] -- Installing: /home/edub/ros2_ws/install/avig_msg/lib/libavig_msg__rosidl_typesupport_cpp.so
[8.247s] -- Set runtime path of "/home/edub/ros2_ws/install/avig_msg/lib/libavig_msg__rosidl_typesupport_cpp.so" to ""
[8.247s] -- Installing: /home/edub/ros2_ws/install/avig_msg/share/avig_msg/environment/pythonpath.sh
[8.248s] -- Installing: /home/edub/ros2_ws/install/avig_msg/share/avig_msg/environment/pythonpath.dsv
[8.248s] -- Installing: /home/edub/ros2_ws/install/avig_msg/local/lib/python3.10/dist-packages/avig_msg-0.0.0-py3.10.egg-info
[8.248s] -- Installing: /home/edub/ros2_ws/install/avig_msg/local/lib/python3.10/dist-packages/avig_msg-0.0.0-py3.10.egg-info/dependency_links.txt
[8.248s] -- Installing: /home/edub/ros2_ws/install/avig_msg/local/lib/python3.10/dist-packages/avig_msg-0.0.0-py3.10.egg-info/PKG-INFO
[8.248s] -- Installing: /home/edub/ros2_ws/install/avig_msg/local/lib/python3.10/dist-packages/avig_msg-0.0.0-py3.10.egg-info/top_level.txt
[8.248s] -- Installing: /home/edub/ros2_ws/install/avig_msg/local/lib/python3.10/dist-packages/avig_msg-0.0.0-py3.10.egg-info/SOURCES.txt
[8.248s] -- Installing: /home/edub/ros2_ws/install/avig_msg/local/lib/python3.10/dist-packages/avig_msg
[8.248s] -- Installing: /home/edub/ros2_ws/install/avig_msg/local/lib/python3.10/dist-packages/avig_msg/action
[8.248s] -- Installing: /home/edub/ros2_ws/install/avig_msg/local/lib/python3.10/dist-packages/avig_msg/action/_mover_a.py
[8.248s] -- Installing: /home/edub/ros2_ws/install/avig_msg/local/lib/python3.10/dist-packages/avig_msg/action/_mover_a_s.c
[8.248s] -- Installing: /home/edub/ros2_ws/install/avig_msg/local/lib/python3.10/dist-packages/avig_msg/action/__init__.py
[8.248s] -- Installing: /home/edub/ros2_ws/install/avig_msg/local/lib/python3.10/dist-packages/avig_msg/avig_msg_s__rosidl_typesupport_introspection_c.cpython-310-x86_64-linux-gnu.so
[8.248s] -- Installing: /home/edub/ros2_ws/install/avig_msg/local/lib/python3.10/dist-packages/avig_msg/srv
[8.248s] -- Installing: /home/edub/ros2_ws/install/avig_msg/local/lib/python3.10/dist-packages/avig_msg/srv/_heuristica_s.c
[8.248s] -- Installing: /home/edub/ros2_ws/install/avig_msg/local/lib/python3.10/dist-packages/avig_msg/srv/_heuristica.py
[8.248s] -- Installing: /home/edub/ros2_ws/install/avig_msg/local/lib/python3.10/dist-packages/avig_msg/srv/__init__.py
[8.248s] -- Installing: /home/edub/ros2_ws/install/avig_msg/local/lib/python3.10/dist-packages/avig_msg/avig_msg_s__rosidl_typesupport_c.cpython-310-x86_64-linux-gnu.so
[8.249s] -- Installing: /home/edub/ros2_ws/install/avig_msg/local/lib/python3.10/dist-packages/avig_msg/avig_msg_s__rosidl_typesupport_fastrtps_c.cpython-310-x86_64-linux-gnu.so
[8.249s] -- Installing: /home/edub/ros2_ws/install/avig_msg/local/lib/python3.10/dist-packages/avig_msg/_avig_msg_s.ep.rosidl_typesupport_fastrtps_c.c
[8.249s] -- Installing: /home/edub/ros2_ws/install/avig_msg/local/lib/python3.10/dist-packages/avig_msg/_avig_msg_s.ep.rosidl_typesupport_c.c
[8.249s] -- Installing: /home/edub/ros2_ws/install/avig_msg/local/lib/python3.10/dist-packages/avig_msg/libavig_msg__rosidl_generator_py.so
[8.249s] -- Installing: /home/edub/ros2_ws/install/avig_msg/local/lib/python3.10/dist-packages/avig_msg/msg
[8.249s] -- Installing: /home/edub/ros2_ws/install/avig_msg/local/lib/python3.10/dist-packages/avig_msg/msg/_april_tag_pixel_array.py
[8.249s] -- Installing: /home/edub/ros2_ws/install/avig_msg/local/lib/python3.10/dist-packages/avig_msg/msg/_obj_detect_s.c
[8.249s] -- Installing: /home/edub/ros2_ws/install/avig_msg/local/lib/python3.10/dist-packages/avig_msg/msg/_obj_detect.py
[8.249s] -- Installing: /home/edub/ros2_ws/install/avig_msg/local/lib/python3.10/dist-packages/avig_msg/msg/_april_tag_pixel_array_s.c
[8.249s] -- Installing: /home/edub/ros2_ws/install/avig_msg/local/lib/python3.10/dist-packages/avig_msg/msg/_april_tag_pixel.py
[8.249s] -- Installing: /home/edub/ros2_ws/install/avig_msg/local/lib/python3.10/dist-packages/avig_msg/msg/__init__.py
[8.249s] -- Installing: /home/edub/ros2_ws/install/avig_msg/local/lib/python3.10/dist-packages/avig_msg/msg/_april_tag_pixel_s.c
[8.249s] -- Installing: /home/edub/ros2_ws/install/avig_msg/local/lib/python3.10/dist-packages/avig_msg/__init__.py
[8.249s] -- Installing: /home/edub/ros2_ws/install/avig_msg/local/lib/python3.10/dist-packages/avig_msg/_avig_msg_s.ep.rosidl_typesupport_introspection_c.c
[8.290s] Listing '/home/edub/ros2_ws/install/avig_msg/local/lib/python3.10/dist-packages/avig_msg'...
[8.290s] Compiling '/home/edub/ros2_ws/install/avig_msg/local/lib/python3.10/dist-packages/avig_msg/__init__.py'...
[8.290s] Listing '/home/edub/ros2_ws/install/avig_msg/local/lib/python3.10/dist-packages/avig_msg/action'...
[8.290s] Compiling '/home/edub/ros2_ws/install/avig_msg/local/lib/python3.10/dist-packages/avig_msg/action/__init__.py'...
[8.290s] Compiling '/home/edub/ros2_ws/install/avig_msg/local/lib/python3.10/dist-packages/avig_msg/action/_mover_a.py'...
[8.290s] Listing '/home/edub/ros2_ws/install/avig_msg/local/lib/python3.10/dist-packages/avig_msg/msg'...
[8.290s] Compiling '/home/edub/ros2_ws/install/avig_msg/local/lib/python3.10/dist-packages/avig_msg/msg/__init__.py'...
[8.290s] Compiling '/home/edub/ros2_ws/install/avig_msg/local/lib/python3.10/dist-packages/avig_msg/msg/_april_tag_pixel.py'...
[8.290s] Compiling '/home/edub/ros2_ws/install/avig_msg/local/lib/python3.10/dist-packages/avig_msg/msg/_april_tag_pixel_array.py'...
[8.290s] Compiling '/home/edub/ros2_ws/install/avig_msg/local/lib/python3.10/dist-packages/avig_msg/msg/_obj_detect.py'...
[8.290s] Listing '/home/edub/ros2_ws/install/avig_msg/local/lib/python3.10/dist-packages/avig_msg/srv'...
[8.291s] Compiling '/home/edub/ros2_ws/install/avig_msg/local/lib/python3.10/dist-packages/avig_msg/srv/__init__.py'...
[8.291s] Compiling '/home/edub/ros2_ws/install/avig_msg/local/lib/python3.10/dist-packages/avig_msg/srv/_heuristica.py'...
[8.295s] -- Installing: /home/edub/ros2_ws/install/avig_msg/local/lib/python3.10/dist-packages/avig_msg/avig_msg_s__rosidl_typesupport_fastrtps_c.cpython-310-x86_64-linux-gnu.so
[8.295s] -- Set runtime path of "/home/edub/ros2_ws/install/avig_msg/local/lib/python3.10/dist-packages/avig_msg/avig_msg_s__rosidl_typesupport_fastrtps_c.cpython-310-x86_64-linux-gnu.so" to ""
[8.295s] -- Installing: /home/edub/ros2_ws/install/avig_msg/local/lib/python3.10/dist-packages/avig_msg/avig_msg_s__rosidl_typesupport_introspection_c.cpython-310-x86_64-linux-gnu.so
[8.295s] -- Set runtime path of "/home/edub/ros2_ws/install/avig_msg/local/lib/python3.10/dist-packages/avig_msg/avig_msg_s__rosidl_typesupport_introspection_c.cpython-310-x86_64-linux-gnu.so" to ""
[8.296s] -- Installing: /home/edub/ros2_ws/install/avig_msg/local/lib/python3.10/dist-packages/avig_msg/avig_msg_s__rosidl_typesupport_c.cpython-310-x86_64-linux-gnu.so
[8.296s] -- Set runtime path of "/home/edub/ros2_ws/install/avig_msg/local/lib/python3.10/dist-packages/avig_msg/avig_msg_s__rosidl_typesupport_c.cpython-310-x86_64-linux-gnu.so" to ""
[8.296s] -- Installing: /home/edub/ros2_ws/install/avig_msg/lib/libavig_msg__rosidl_generator_py.so
[8.296s] -- Set runtime path of "/home/edub/ros2_ws/install/avig_msg/lib/libavig_msg__rosidl_generator_py.so" to ""
[8.296s] -- Installing: /home/edub/ros2_ws/install/avig_msg/share/avig_msg/msg/AprilTagPixel.idl
[8.296s] -- Installing: /home/edub/ros2_ws/install/avig_msg/share/avig_msg/msg/AprilTagPixelArray.idl
[8.300s] -- Installing: /home/edub/ros2_ws/install/avig_msg/share/avig_msg/srv/Heuristica.idl
[8.300s] -- Installing: /home/edub/ros2_ws/install/avig_msg/share/avig_msg/action/MoverA.idl
[8.300s] -- Installing: /home/edub/ros2_ws/install/avig_msg/share/avig_msg/msg/ObjDetect.idl
[8.300s] -- Installing: /home/edub/ros2_ws/install/avig_msg/share/avig_msg/msg/AprilTagPixel.msg
[8.300s] -- Installing: /home/edub/ros2_ws/install/avig_msg/share/avig_msg/msg/AprilTagPixelArray.msg
[8.300s] -- Installing: /home/edub/ros2_ws/install/avig_msg/share/avig_msg/srv/Heuristica.srv
[8.300s] -- Installing: /home/edub/ros2_ws/install/avig_msg/share/avig_msg/srv/Heuristica_Request.msg
[8.300s] -- Installing: /home/edub/ros2_ws/install/avig_msg/share/avig_msg/srv/Heuristica_Response.msg
[8.300s] -- Installing: /home/edub/ros2_ws/install/avig_msg/share/avig_msg/action/MoverA.action
[8.300s] -- Installing: /home/edub/ros2_ws/install/avig_msg/share/avig_msg/msg/ObjDetect.msg
[8.300s] -- Installing: /home/edub/ros2_ws/install/avig_msg/share/ament_index/resource_index/package_run_dependencies/avig_msg
[8.300s] -- Installing: /home/edub/ros2_ws/install/avig_msg/share/ament_index/resource_index/parent_prefix_path/avig_msg
[8.300s] -- Installing: /home/edub/ros2_ws/install/avig_msg/share/avig_msg/environment/ament_prefix_path.sh
[8.301s] -- Installing: /home/edub/ros2_ws/install/avig_msg/share/avig_msg/environment/ament_prefix_path.dsv
[8.301s] -- Installing: /home/edub/ros2_ws/install/avig_msg/share/avig_msg/environment/path.sh
[8.301s] -- Installing: /home/edub/ros2_ws/install/avig_msg/share/avig_msg/environment/path.dsv
[8.301s] -- Installing: /home/edub/ros2_ws/install/avig_msg/share/avig_msg/local_setup.bash
[8.301s] -- Installing: /home/edub/ros2_ws/install/avig_msg/share/avig_msg/local_setup.sh
[8.301s] -- Installing: /home/edub/ros2_ws/install/avig_msg/share/avig_msg/local_setup.zsh
[8.301s] -- Installing: /home/edub/ros2_ws/install/avig_msg/share/avig_msg/local_setup.dsv
[8.301s] -- Installing: /home/edub/ros2_ws/install/avig_msg/share/avig_msg/package.dsv
[8.301s] -- Installing: /home/edub/ros2_ws/install/avig_msg/share/ament_index/resource_index/packages/avig_msg
[8.301s] -- Installing: /home/edub/ros2_ws/install/avig_msg/share/avig_msg/cmake/export_avig_msg__rosidl_generator_cExport.cmake
[8.301s] -- Installing: /home/edub/ros2_ws/install/avig_msg/share/avig_msg/cmake/export_avig_msg__rosidl_generator_cExport-noconfig.cmake
[8.301s] -- Installing: /home/edub/ros2_ws/install/avig_msg/share/avig_msg/cmake/export_avig_msg__rosidl_typesupport_fastrtps_cExport.cmake
[8.301s] -- Installing: /home/edub/ros2_ws/install/avig_msg/share/avig_msg/cmake/export_avig_msg__rosidl_typesupport_fastrtps_cExport-noconfig.cmake
[8.301s] -- Installing: /home/edub/ros2_ws/install/avig_msg/share/avig_msg/cmake/avig_msg__rosidl_typesupport_introspection_cExport.cmake
[8.301s] -- Installing: /home/edub/ros2_ws/install/avig_msg/share/avig_msg/cmake/avig_msg__rosidl_typesupport_introspection_cExport-noconfig.cmake
[8.302s] -- Installing: /home/edub/ros2_ws/install/avig_msg/share/avig_msg/cmake/avig_msg__rosidl_typesupport_cExport.cmake
[8.302s] -- Installing: /home/edub/ros2_ws/install/avig_msg/share/avig_msg/cmake/avig_msg__rosidl_typesupport_cExport-noconfig.cmake
[8.302s] -- Installing: /home/edub/ros2_ws/install/avig_msg/share/avig_msg/cmake/export_avig_msg__rosidl_generator_cppExport.cmake
[8.302s] -- Installing: /home/edub/ros2_ws/install/avig_msg/share/avig_msg/cmake/export_avig_msg__rosidl_typesupport_fastrtps_cppExport.cmake
[8.302s] -- Installing: /home/edub/ros2_ws/install/avig_msg/share/avig_msg/cmake/export_avig_msg__rosidl_typesupport_fastrtps_cppExport-noconfig.cmake
[8.303s] -- Installing: /home/edub/ros2_ws/install/avig_msg/share/avig_msg/cmake/avig_msg__rosidl_typesupport_introspection_cppExport.cmake
[8.303s] -- Installing: /home/edub/ros2_ws/install/avig_msg/share/avig_msg/cmake/avig_msg__rosidl_typesupport_introspection_cppExport-noconfig.cmake
[8.303s] -- Installing: /home/edub/ros2_ws/install/avig_msg/share/avig_msg/cmake/avig_msg__rosidl_typesupport_cppExport.cmake
[8.303s] -- Installing: /home/edub/ros2_ws/install/avig_msg/share/avig_msg/cmake/avig_msg__rosidl_typesupport_cppExport-noconfig.cmake
[8.303s] -- Installing: /home/edub/ros2_ws/install/avig_msg/share/avig_msg/cmake/export_avig_msg__rosidl_generator_pyExport.cmake
[8.303s] -- Installing: /home/edub/ros2_ws/install/avig_msg/share/avig_msg/cmake/export_avig_msg__rosidl_generator_pyExport-noconfig.cmake
[8.303s] -- Installing: /home/edub/ros2_ws/install/avig_msg/share/avig_msg/cmake/rosidl_cmake-extras.cmake
[8.303s] -- Installing: /home/edub/ros2_ws/install/avig_msg/share/avig_msg/cmake/ament_cmake_export_dependencies-extras.cmake
[8.303s] -- Installing: /home/edub/ros2_ws/install/avig_msg/share/avig_msg/cmake/ament_cmake_export_include_directories-extras.cmake
[8.303s] -- Installing: /home/edub/ros2_ws/install/avig_msg/share/avig_msg/cmake/ament_cmake_export_libraries-extras.cmake
[8.303s] -- Installing: /home/edub/ros2_ws/install/avig_msg/share/avig_msg/cmake/ament_cmake_export_targets-extras.cmake
[8.303s] -- Installing: /home/edub/ros2_ws/install/avig_msg/share/avig_msg/cmake/rosidl_cmake_export_typesupport_targets-extras.cmake
[8.304s] -- Installing: /home/edub/ros2_ws/install/avig_msg/share/avig_msg/cmake/rosidl_cmake_export_typesupport_libraries-extras.cmake
[8.304s] -- Installing: /home/edub/ros2_ws/install/avig_msg/share/avig_msg/cmake/avig_msgConfig.cmake
[8.304s] -- Installing: /home/edub/ros2_ws/install/avig_msg/share/avig_msg/cmake/avig_msgConfig-version.cmake
[8.304s] -- Installing: /home/edub/ros2_ws/install/avig_msg/share/avig_msg/package.xml
[8.306s] Invoked command in '/home/edub/ros2_ws/build/avig_msg' returned '0': CMAKE_PREFIX_PATH=${CMAKE_PREFIX_PATH}:/home/edub/ros2_ws/install/mi_pkg_python:/opt/ros/humble /usr/bin/cmake --install /home/edub/ros2_ws/build/avig_msg
