[0.136s] DEBUG:colcon:Command line arguments: ['/usr/bin/colcon', 'build']
[0.136s] DEBUG:colcon:Parsed command line arguments: Namespace(log_base=None, log_level=None, verb_name='build', build_base='build', install_base='install', merge_install=False, symlink_install=False, test_result_base=None, continue_on_error=False, executor='parallel', parallel_workers=6, event_handlers=None, ignore_user_meta=False, metas=['./colcon.meta'], base_paths=['.'], packages_ignore=None, packages_ignore_regex=None, paths=None, packages_up_to=None, packages_up_to_regex=None, packages_above=None, packages_above_and_dependencies=None, packages_above_depth=None, packages_select_by_dep=None, packages_skip_by_dep=None, packages_skip_up_to=None, packages_select_build_failed=False, packages_skip_build_finished=False, packages_select_test_failures=False, packages_skip_test_passed=False, packages_select=None, packages_skip=None, packages_select_regex=None, packages_skip_regex=None, packages_start=None, packages_end=None, allow_overriding=[], cmake_args=None, cmake_target=None, cmake_target_skip_unavailable=False, cmake_clean_cache=False, cmake_clean_first=False, cmake_force_configure=False, ament_cmake_args=None, catkin_cmake_args=None, catkin_skip_building_tests=False, verb_parser=<colcon_defaults.argument_parser.defaults.DefaultArgumentsDecorator object at 0x7eb5075e3fd0>, verb_extension=<colcon_core.verb.build.BuildVerb object at 0x7eb5077642e0>, main=<bound method BuildVerb.main of <colcon_core.verb.build.BuildVerb object at 0x7eb5077642e0>>)
[0.342s] Level 1:colcon.colcon_core.package_discovery:discover_packages(colcon_meta) check parameters
[0.343s] Level 1:colcon.colcon_core.package_discovery:discover_packages(recursive) check parameters
[0.343s] Level 1:colcon.colcon_core.package_discovery:discover_packages(ignore) check parameters
[0.343s] Level 1:colcon.colcon_core.package_discovery:discover_packages(path) check parameters
[0.343s] Level 1:colcon.colcon_core.package_discovery:discover_packages(colcon_meta) discover
[0.343s] Level 1:colcon.colcon_core.package_discovery:discover_packages(recursive) discover
[0.343s] INFO:colcon.colcon_core.package_discovery:Crawling recursively for packages in '/home/edub/ros2_ws'
[0.343s] Level 1:colcon.colcon_core.package_identification:_identify(.) by extensions ['ignore', 'ignore_ament_install']
[0.343s] Level 1:colcon.colcon_core.package_identification:_identify(.) by extension 'ignore'
[0.343s] Level 1:colcon.colcon_core.package_identification:_identify(.) by extension 'ignore_ament_install'
[0.343s] Level 1:colcon.colcon_core.package_identification:_identify(.) by extensions ['colcon_pkg']
[0.343s] Level 1:colcon.colcon_core.package_identification:_identify(.) by extension 'colcon_pkg'
[0.344s] Level 1:colcon.colcon_core.package_identification:_identify(.) by extensions ['colcon_meta']
[0.344s] Level 1:colcon.colcon_core.package_identification:_identify(.) by extension 'colcon_meta'
[0.344s] Level 1:colcon.colcon_core.package_identification:_identify(.) by extensions ['ros']
[0.344s] Level 1:colcon.colcon_core.package_identification:_identify(.) by extension 'ros'
[0.359s] Level 1:colcon.colcon_core.package_identification:_identify(.) by extensions ['cmake', 'python']
[0.359s] Level 1:colcon.colcon_core.package_identification:_identify(.) by extension 'cmake'
[0.359s] Level 1:colcon.colcon_core.package_identification:_identify(.) by extension 'python'
[0.359s] Level 1:colcon.colcon_core.package_identification:_identify(.) by extensions ['python_setup_py']
[0.359s] Level 1:colcon.colcon_core.package_identification:_identify(.) by extension 'python_setup_py'
[0.359s] Level 1:colcon.colcon_core.package_identification:_identify(build) by extensions ['ignore', 'ignore_ament_install']
[0.359s] Level 1:colcon.colcon_core.package_identification:_identify(build) by extension 'ignore'
[0.360s] Level 1:colcon.colcon_core.package_identification:_identify(build) ignored
[0.360s] Level 1:colcon.colcon_core.package_identification:_identify(install) by extensions ['ignore', 'ignore_ament_install']
[0.360s] Level 1:colcon.colcon_core.package_identification:_identify(install) by extension 'ignore'
[0.360s] Level 1:colcon.colcon_core.package_identification:_identify(install) ignored
[0.360s] Level 1:colcon.colcon_core.package_identification:_identify(log) by extensions ['ignore', 'ignore_ament_install']
[0.360s] Level 1:colcon.colcon_core.package_identification:_identify(log) by extension 'ignore'
[0.360s] Level 1:colcon.colcon_core.package_identification:_identify(log) ignored
[0.360s] Level 1:colcon.colcon_core.package_identification:_identify(src) by extensions ['ignore', 'ignore_ament_install']
[0.360s] Level 1:colcon.colcon_core.package_identification:_identify(src) by extension 'ignore'
[0.360s] Level 1:colcon.colcon_core.package_identification:_identify(src) by extension 'ignore_ament_install'
[0.360s] Level 1:colcon.colcon_core.package_identification:_identify(src) by extensions ['colcon_pkg']
[0.360s] Level 1:colcon.colcon_core.package_identification:_identify(src) by extension 'colcon_pkg'
[0.361s] Level 1:colcon.colcon_core.package_identification:_identify(src) by extensions ['colcon_meta']
[0.361s] Level 1:colcon.colcon_core.package_identification:_identify(src) by extension 'colcon_meta'
[0.361s] Level 1:colcon.colcon_core.package_identification:_identify(src) by extensions ['ros']
[0.361s] Level 1:colcon.colcon_core.package_identification:_identify(src) by extension 'ros'
[0.361s] Level 1:colcon.colcon_core.package_identification:_identify(src) by extensions ['cmake', 'python']
[0.361s] Level 1:colcon.colcon_core.package_identification:_identify(src) by extension 'cmake'
[0.361s] Level 1:colcon.colcon_core.package_identification:_identify(src) by extension 'python'
[0.361s] Level 1:colcon.colcon_core.package_identification:_identify(src) by extensions ['python_setup_py']
[0.361s] Level 1:colcon.colcon_core.package_identification:_identify(src) by extension 'python_setup_py'
[0.361s] Level 1:colcon.colcon_core.package_identification:_identify(src/avig_msg) by extensions ['ignore', 'ignore_ament_install']
[0.361s] Level 1:colcon.colcon_core.package_identification:_identify(src/avig_msg) by extension 'ignore'
[0.361s] Level 1:colcon.colcon_core.package_identification:_identify(src/avig_msg) by extension 'ignore_ament_install'
[0.361s] Level 1:colcon.colcon_core.package_identification:_identify(src/avig_msg) by extensions ['colcon_pkg']
[0.361s] Level 1:colcon.colcon_core.package_identification:_identify(src/avig_msg) by extension 'colcon_pkg'
[0.361s] Level 1:colcon.colcon_core.package_identification:_identify(src/avig_msg) by extensions ['colcon_meta']
[0.361s] Level 1:colcon.colcon_core.package_identification:_identify(src/avig_msg) by extension 'colcon_meta'
[0.361s] Level 1:colcon.colcon_core.package_identification:_identify(src/avig_msg) by extensions ['ros']
[0.361s] Level 1:colcon.colcon_core.package_identification:_identify(src/avig_msg) by extension 'ros'
[0.364s] DEBUG:colcon.colcon_core.package_identification:Package 'src/avig_msg' with type 'ros.ament_cmake' and name 'avig_msg'
[0.364s] Level 1:colcon.colcon_core.package_identification:_identify(src/mi_pkg_python) by extensions ['ignore', 'ignore_ament_install']
[0.365s] Level 1:colcon.colcon_core.package_identification:_identify(src/mi_pkg_python) by extension 'ignore'
[0.365s] Level 1:colcon.colcon_core.package_identification:_identify(src/mi_pkg_python) by extension 'ignore_ament_install'
[0.365s] Level 1:colcon.colcon_core.package_identification:_identify(src/mi_pkg_python) by extensions ['colcon_pkg']
[0.365s] Level 1:colcon.colcon_core.package_identification:_identify(src/mi_pkg_python) by extension 'colcon_pkg'
[0.365s] Level 1:colcon.colcon_core.package_identification:_identify(src/mi_pkg_python) by extensions ['colcon_meta']
[0.365s] Level 1:colcon.colcon_core.package_identification:_identify(src/mi_pkg_python) by extension 'colcon_meta'
[0.365s] Level 1:colcon.colcon_core.package_identification:_identify(src/mi_pkg_python) by extensions ['ros']
[0.365s] Level 1:colcon.colcon_core.package_identification:_identify(src/mi_pkg_python) by extension 'ros'
[0.366s] DEBUG:colcon.colcon_core.package_identification:Package 'src/mi_pkg_python' with type 'ros.ament_python' and name 'mi_pkg_python'
[0.366s] Level 1:colcon.colcon_core.package_discovery:discover_packages(recursive) using defaults
[0.366s] Level 1:colcon.colcon_core.package_discovery:discover_packages(ignore) discover
[0.366s] Level 1:colcon.colcon_core.package_discovery:discover_packages(ignore) using defaults
[0.366s] Level 1:colcon.colcon_core.package_discovery:discover_packages(path) discover
[0.366s] Level 1:colcon.colcon_core.package_discovery:discover_packages(path) using defaults
[0.391s] Level 1:colcon.colcon_core.package_discovery:discover_packages(prefix_path) check parameters
[0.391s] Level 1:colcon.colcon_core.package_discovery:discover_packages(prefix_path) discover
[0.394s] DEBUG:colcon.colcon_installed_package_information.package_discovery:Found 2 installed packages in /home/edub/ros2_ws/install
[0.395s] DEBUG:colcon.colcon_installed_package_information.package_discovery:Found 275 installed packages in /opt/ros/humble
[0.399s] Level 1:colcon.colcon_core.package_discovery:discover_packages(prefix_path) using defaults
[0.455s] Level 5:colcon.colcon_core.verb:set package 'avig_msg' build argument 'cmake_args' from command line to 'None'
[0.455s] Level 5:colcon.colcon_core.verb:set package 'avig_msg' build argument 'cmake_target' from command line to 'None'
[0.455s] Level 5:colcon.colcon_core.verb:set package 'avig_msg' build argument 'cmake_target_skip_unavailable' from command line to 'False'
[0.455s] Level 5:colcon.colcon_core.verb:set package 'avig_msg' build argument 'cmake_clean_cache' from command line to 'False'
[0.456s] Level 5:colcon.colcon_core.verb:set package 'avig_msg' build argument 'cmake_clean_first' from command line to 'False'
[0.456s] Level 5:colcon.colcon_core.verb:set package 'avig_msg' build argument 'cmake_force_configure' from command line to 'False'
[0.456s] Level 5:colcon.colcon_core.verb:set package 'avig_msg' build argument 'ament_cmake_args' from command line to 'None'
[0.456s] Level 5:colcon.colcon_core.verb:set package 'avig_msg' build argument 'catkin_cmake_args' from command line to 'None'
[0.456s] Level 5:colcon.colcon_core.verb:set package 'avig_msg' build argument 'catkin_skip_building_tests' from command line to 'False'
[0.456s] DEBUG:colcon.colcon_core.verb:Building package 'avig_msg' with the following arguments: {'ament_cmake_args': None, 'build_base': '/home/edub/ros2_ws/build/avig_msg', 'catkin_cmake_args': None, 'catkin_skip_building_tests': False, 'cmake_args': None, 'cmake_clean_cache': False, 'cmake_clean_first': False, 'cmake_force_configure': False, 'cmake_target': None, 'cmake_target_skip_unavailable': False, 'install_base': '/home/edub/ros2_ws/install/avig_msg', 'merge_install': False, 'path': '/home/edub/ros2_ws/src/avig_msg', 'symlink_install': False, 'test_result_base': None}
[0.456s] Level 5:colcon.colcon_core.verb:set package 'mi_pkg_python' build argument 'cmake_args' from command line to 'None'
[0.456s] Level 5:colcon.colcon_core.verb:set package 'mi_pkg_python' build argument 'cmake_target' from command line to 'None'
[0.456s] Level 5:colcon.colcon_core.verb:set package 'mi_pkg_python' build argument 'cmake_target_skip_unavailable' from command line to 'False'
[0.456s] Level 5:colcon.colcon_core.verb:set package 'mi_pkg_python' build argument 'cmake_clean_cache' from command line to 'False'
[0.456s] Level 5:colcon.colcon_core.verb:set package 'mi_pkg_python' build argument 'cmake_clean_first' from command line to 'False'
[0.456s] Level 5:colcon.colcon_core.verb:set package 'mi_pkg_python' build argument 'cmake_force_configure' from command line to 'False'
[0.456s] Level 5:colcon.colcon_core.verb:set package 'mi_pkg_python' build argument 'ament_cmake_args' from command line to 'None'
[0.456s] Level 5:colcon.colcon_core.verb:set package 'mi_pkg_python' build argument 'catkin_cmake_args' from command line to 'None'
[0.456s] Level 5:colcon.colcon_core.verb:set package 'mi_pkg_python' build argument 'catkin_skip_building_tests' from command line to 'False'
[0.456s] DEBUG:colcon.colcon_core.verb:Building package 'mi_pkg_python' with the following arguments: {'ament_cmake_args': None, 'build_base': '/home/edub/ros2_ws/build/mi_pkg_python', 'catkin_cmake_args': None, 'catkin_skip_building_tests': False, 'cmake_args': None, 'cmake_clean_cache': False, 'cmake_clean_first': False, 'cmake_force_configure': False, 'cmake_target': None, 'cmake_target_skip_unavailable': False, 'install_base': '/home/edub/ros2_ws/install/mi_pkg_python', 'merge_install': False, 'path': '/home/edub/ros2_ws/src/mi_pkg_python', 'symlink_install': False, 'test_result_base': None}
[0.457s] INFO:colcon.colcon_core.executor:Executing jobs using 'parallel' executor
[0.458s] DEBUG:colcon.colcon_parallel_executor.executor.parallel:run_until_complete
[0.458s] INFO:colcon.colcon_ros.task.ament_cmake.build:Building ROS package in '/home/edub/ros2_ws/src/avig_msg' with build type 'ament_cmake'
[0.458s] INFO:colcon.colcon_cmake.task.cmake.build:Building CMake package in '/home/edub/ros2_ws/src/avig_msg'
[0.461s] INFO:colcon.colcon_core.plugin_system:Skipping extension 'colcon_core.shell.bat': Not used on non-Windows systems
[0.461s] INFO:colcon.colcon_core.shell:Skip shell extension 'powershell' for command environment: Not usable outside of PowerShell
[0.461s] DEBUG:colcon.colcon_core.shell:Skip shell extension 'dsv' for command environment
[0.465s] INFO:colcon.colcon_ros.task.ament_python.build:Building ROS package in '/home/edub/ros2_ws/src/mi_pkg_python' with build type 'ament_python'
[0.465s] Level 1:colcon.colcon_core.shell:create_environment_hook('mi_pkg_python', 'ament_prefix_path')
[0.466s] INFO:colcon.colcon_core.shell:Creating environment hook '/home/edub/ros2_ws/install/mi_pkg_python/share/mi_pkg_python/hook/ament_prefix_path.ps1'
[0.467s] INFO:colcon.colcon_core.shell:Creating environment descriptor '/home/edub/ros2_ws/install/mi_pkg_python/share/mi_pkg_python/hook/ament_prefix_path.dsv'
[0.468s] INFO:colcon.colcon_core.shell:Creating environment hook '/home/edub/ros2_ws/install/mi_pkg_python/share/mi_pkg_python/hook/ament_prefix_path.sh'
[0.469s] INFO:colcon.colcon_core.shell:Skip shell extension 'powershell' for command environment: Not usable outside of PowerShell
[0.470s] DEBUG:colcon.colcon_core.shell:Skip shell extension 'dsv' for command environment
[0.483s] DEBUG:colcon.colcon_core.event_handler.log_command:Invoking command in '/home/edub/ros2_ws/build/avig_msg': CMAKE_PREFIX_PATH=${CMAKE_PREFIX_PATH}:/home/edub/ros2_ws/install/mi_pkg_python:/opt/ros/humble /usr/bin/cmake --build /home/edub/ros2_ws/build/avig_msg -- -j6 -l6
[1.032s] INFO:colcon.colcon_core.task.python.build:Building Python package in '/home/edub/ros2_ws/src/mi_pkg_python'
[1.032s] INFO:colcon.colcon_core.shell:Skip shell extension 'powershell' for command environment: Not usable outside of PowerShell
[1.033s] DEBUG:colcon.colcon_core.shell:Skip shell extension 'dsv' for command environment
[1.261s] DEBUG:colcon.colcon_core.event_handler.log_command:Invoked command in '/home/edub/ros2_ws/build/avig_msg' returned '0': CMAKE_PREFIX_PATH=${CMAKE_PREFIX_PATH}:/home/edub/ros2_ws/install/mi_pkg_python:/opt/ros/humble /usr/bin/cmake --build /home/edub/ros2_ws/build/avig_msg -- -j6 -l6
[1.277s] DEBUG:colcon.colcon_core.event_handler.log_command:Invoking command in '/home/edub/ros2_ws/build/avig_msg': CMAKE_PREFIX_PATH=${CMAKE_PREFIX_PATH}:/home/edub/ros2_ws/install/mi_pkg_python:/opt/ros/humble /usr/bin/cmake --install /home/edub/ros2_ws/build/avig_msg
[1.386s] Level 1:colcon.colcon_core.environment:create_environment_scripts_only(avig_msg)
[1.387s] DEBUG:colcon.colcon_core.event_handler.log_command:Invoked command in '/home/edub/ros2_ws/build/avig_msg' returned '0': CMAKE_PREFIX_PATH=${CMAKE_PREFIX_PATH}:/home/edub/ros2_ws/install/mi_pkg_python:/opt/ros/humble /usr/bin/cmake --install /home/edub/ros2_ws/build/avig_msg
[1.390s] Level 1:colcon.colcon_core.environment:checking '/home/edub/ros2_ws/install/avig_msg' for CMake module files
[1.391s] Level 1:colcon.colcon_core.environment:checking '/home/edub/ros2_ws/install/avig_msg' for CMake config files
[1.392s] Level 1:colcon.colcon_core.shell:create_environment_hook('avig_msg', 'cmake_prefix_path')
[1.393s] INFO:colcon.colcon_core.shell:Creating environment hook '/home/edub/ros2_ws/install/avig_msg/share/avig_msg/hook/cmake_prefix_path.ps1'
[1.394s] INFO:colcon.colcon_core.shell:Creating environment descriptor '/home/edub/ros2_ws/install/avig_msg/share/avig_msg/hook/cmake_prefix_path.dsv'
[1.394s] INFO:colcon.colcon_core.shell:Creating environment hook '/home/edub/ros2_ws/install/avig_msg/share/avig_msg/hook/cmake_prefix_path.sh'
[1.396s] Level 1:colcon.colcon_core.environment:checking '/home/edub/ros2_ws/install/avig_msg/lib'
[1.396s] Level 1:colcon.colcon_core.shell:create_environment_hook('avig_msg', 'ld_library_path_lib')
[1.397s] INFO:colcon.colcon_core.shell:Creating environment hook '/home/edub/ros2_ws/install/avig_msg/share/avig_msg/hook/ld_library_path_lib.ps1'
[1.397s] INFO:colcon.colcon_core.shell:Creating environment descriptor '/home/edub/ros2_ws/install/avig_msg/share/avig_msg/hook/ld_library_path_lib.dsv'
[1.399s] INFO:colcon.colcon_core.shell:Creating environment hook '/home/edub/ros2_ws/install/avig_msg/share/avig_msg/hook/ld_library_path_lib.sh'
[1.400s] Level 1:colcon.colcon_core.environment:checking '/home/edub/ros2_ws/install/avig_msg/bin'
[1.400s] Level 1:colcon.colcon_core.environment:checking '/home/edub/ros2_ws/install/avig_msg/lib/pkgconfig/avig_msg.pc'
[1.400s] Level 1:colcon.colcon_core.environment:checking '/home/edub/ros2_ws/install/avig_msg/lib/python3.10/site-packages'
[1.401s] Level 1:colcon.colcon_core.environment:checking '/home/edub/ros2_ws/install/avig_msg/bin'
[1.402s] INFO:colcon.colcon_core.shell:Creating package script '/home/edub/ros2_ws/install/avig_msg/share/avig_msg/package.ps1'
[1.404s] INFO:colcon.colcon_core.shell:Creating package descriptor '/home/edub/ros2_ws/install/avig_msg/share/avig_msg/package.dsv'
[1.405s] INFO:colcon.colcon_core.shell:Creating package script '/home/edub/ros2_ws/install/avig_msg/share/avig_msg/package.sh'
[1.407s] INFO:colcon.colcon_core.shell:Creating package script '/home/edub/ros2_ws/install/avig_msg/share/avig_msg/package.bash'
[1.409s] INFO:colcon.colcon_core.shell:Creating package script '/home/edub/ros2_ws/install/avig_msg/share/avig_msg/package.zsh'
[1.411s] Level 1:colcon.colcon_core.environment:create_file_with_runtime_dependencies(/home/edub/ros2_ws/install/avig_msg/share/colcon-core/packages/avig_msg)
[1.412s] Level 1:colcon.colcon_core.environment:create_environment_scripts_only(avig_msg)
[1.413s] Level 1:colcon.colcon_core.environment:checking '/home/edub/ros2_ws/install/avig_msg' for CMake module files
[1.415s] Level 1:colcon.colcon_core.environment:checking '/home/edub/ros2_ws/install/avig_msg' for CMake config files
[1.416s] Level 1:colcon.colcon_core.shell:create_environment_hook('avig_msg', 'cmake_prefix_path')
[1.416s] INFO:colcon.colcon_core.shell:Creating environment hook '/home/edub/ros2_ws/install/avig_msg/share/avig_msg/hook/cmake_prefix_path.ps1'
[1.417s] INFO:colcon.colcon_core.shell:Creating environment descriptor '/home/edub/ros2_ws/install/avig_msg/share/avig_msg/hook/cmake_prefix_path.dsv'
[1.419s] INFO:colcon.colcon_core.shell:Creating environment hook '/home/edub/ros2_ws/install/avig_msg/share/avig_msg/hook/cmake_prefix_path.sh'
[1.420s] Level 1:colcon.colcon_core.environment:checking '/home/edub/ros2_ws/install/avig_msg/lib'
[1.421s] Level 1:colcon.colcon_core.shell:create_environment_hook('avig_msg', 'ld_library_path_lib')
[1.422s] INFO:colcon.colcon_core.shell:Creating environment hook '/home/edub/ros2_ws/install/avig_msg/share/avig_msg/hook/ld_library_path_lib.ps1'
[1.423s] INFO:colcon.colcon_core.shell:Creating environment descriptor '/home/edub/ros2_ws/install/avig_msg/share/avig_msg/hook/ld_library_path_lib.dsv'
[1.424s] INFO:colcon.colcon_core.shell:Creating environment hook '/home/edub/ros2_ws/install/avig_msg/share/avig_msg/hook/ld_library_path_lib.sh'
[1.426s] Level 1:colcon.colcon_core.environment:checking '/home/edub/ros2_ws/install/avig_msg/bin'
[1.426s] Level 1:colcon.colcon_core.environment:checking '/home/edub/ros2_ws/install/avig_msg/lib/pkgconfig/avig_msg.pc'
[1.427s] Level 1:colcon.colcon_core.environment:checking '/home/edub/ros2_ws/install/avig_msg/lib/python3.10/site-packages'
[1.428s] Level 1:colcon.colcon_core.environment:checking '/home/edub/ros2_ws/install/avig_msg/bin'
[1.428s] INFO:colcon.colcon_core.shell:Creating package script '/home/edub/ros2_ws/install/avig_msg/share/avig_msg/package.ps1'
[1.431s] INFO:colcon.colcon_core.shell:Creating package descriptor '/home/edub/ros2_ws/install/avig_msg/share/avig_msg/package.dsv'
[1.432s] INFO:colcon.colcon_core.shell:Creating package script '/home/edub/ros2_ws/install/avig_msg/share/avig_msg/package.sh'
[1.434s] INFO:colcon.colcon_core.shell:Creating package script '/home/edub/ros2_ws/install/avig_msg/share/avig_msg/package.bash'
[1.435s] INFO:colcon.colcon_core.shell:Creating package script '/home/edub/ros2_ws/install/avig_msg/share/avig_msg/package.zsh'
[1.435s] Level 1:colcon.colcon_core.environment:create_file_with_runtime_dependencies(/home/edub/ros2_ws/install/avig_msg/share/colcon-core/packages/avig_msg)
[1.648s] DEBUG:colcon.colcon_core.event_handler.log_command:Invoking command in '/home/edub/ros2_ws/src/mi_pkg_python': PYTHONPATH=/home/edub/ros2_ws/build/mi_pkg_python/prefix_override:/usr/lib/python3/dist-packages/colcon_core/task/python/colcon_distutils_commands:/home/edub/ros2_ws/install/mi_pkg_python/lib/python3.10/site-packages:${PYTHONPATH} /usr/bin/python3 -W ignore:setup.py install is deprecated -W ignore:easy_install command is deprecated setup.py egg_info --egg-base ../../build/mi_pkg_python build --build-base /home/edub/ros2_ws/build/mi_pkg_python/build install --record /home/edub/ros2_ws/build/mi_pkg_python/install.log --single-version-externally-managed install_data
[2.081s] Level 1:colcon.colcon_core.environment:checking '/home/edub/ros2_ws/install/mi_pkg_python' for CMake module files
[2.082s] DEBUG:colcon.colcon_core.event_handler.log_command:Invoked command in '/home/edub/ros2_ws/src/mi_pkg_python' returned '0': PYTHONPATH=/home/edub/ros2_ws/build/mi_pkg_python/prefix_override:/usr/lib/python3/dist-packages/colcon_core/task/python/colcon_distutils_commands:/home/edub/ros2_ws/install/mi_pkg_python/lib/python3.10/site-packages:${PYTHONPATH} /usr/bin/python3 -W ignore:setup.py install is deprecated -W ignore:easy_install command is deprecated setup.py egg_info --egg-base ../../build/mi_pkg_python build --build-base /home/edub/ros2_ws/build/mi_pkg_python/build install --record /home/edub/ros2_ws/build/mi_pkg_python/install.log --single-version-externally-managed install_data
[2.083s] Level 1:colcon.colcon_core.environment:checking '/home/edub/ros2_ws/install/mi_pkg_python' for CMake config files
[2.084s] Level 1:colcon.colcon_core.environment:checking '/home/edub/ros2_ws/install/mi_pkg_python/lib'
[2.084s] Level 1:colcon.colcon_core.environment:checking '/home/edub/ros2_ws/install/mi_pkg_python/bin'
[2.084s] Level 1:colcon.colcon_core.environment:checking '/home/edub/ros2_ws/install/mi_pkg_python/lib/pkgconfig/mi_pkg_python.pc'
[2.084s] Level 1:colcon.colcon_core.environment:checking '/home/edub/ros2_ws/install/mi_pkg_python/lib/python3.10/site-packages'
[2.084s] Level 1:colcon.colcon_core.shell:create_environment_hook('mi_pkg_python', 'pythonpath')
[2.085s] INFO:colcon.colcon_core.shell:Creating environment hook '/home/edub/ros2_ws/install/mi_pkg_python/share/mi_pkg_python/hook/pythonpath.ps1'
[2.085s] INFO:colcon.colcon_core.shell:Creating environment descriptor '/home/edub/ros2_ws/install/mi_pkg_python/share/mi_pkg_python/hook/pythonpath.dsv'
[2.086s] INFO:colcon.colcon_core.shell:Creating environment hook '/home/edub/ros2_ws/install/mi_pkg_python/share/mi_pkg_python/hook/pythonpath.sh'
[2.087s] Level 1:colcon.colcon_core.environment:checking '/home/edub/ros2_ws/install/mi_pkg_python/bin'
[2.087s] Level 1:colcon.colcon_core.environment:create_environment_scripts_only(mi_pkg_python)
[2.087s] INFO:colcon.colcon_core.shell:Creating package script '/home/edub/ros2_ws/install/mi_pkg_python/share/mi_pkg_python/package.ps1'
[2.088s] INFO:colcon.colcon_core.shell:Creating package descriptor '/home/edub/ros2_ws/install/mi_pkg_python/share/mi_pkg_python/package.dsv'
[2.089s] INFO:colcon.colcon_core.shell:Creating package script '/home/edub/ros2_ws/install/mi_pkg_python/share/mi_pkg_python/package.sh'
[2.089s] INFO:colcon.colcon_core.shell:Creating package script '/home/edub/ros2_ws/install/mi_pkg_python/share/mi_pkg_python/package.bash'
[2.090s] INFO:colcon.colcon_core.shell:Creating package script '/home/edub/ros2_ws/install/mi_pkg_python/share/mi_pkg_python/package.zsh'
[2.090s] Level 1:colcon.colcon_core.environment:create_file_with_runtime_dependencies(/home/edub/ros2_ws/install/mi_pkg_python/share/colcon-core/packages/mi_pkg_python)
[2.091s] DEBUG:colcon.colcon_parallel_executor.executor.parallel:closing loop
[2.091s] DEBUG:colcon.colcon_parallel_executor.executor.parallel:loop closed
[2.091s] DEBUG:colcon.colcon_parallel_executor.executor.parallel:run_until_complete finished with '0'
[2.091s] DEBUG:colcon.colcon_core.event_reactor:joining thread
[2.098s] INFO:colcon.colcon_core.plugin_system:Skipping extension 'colcon_notification.desktop_notification.terminal_notifier': Not used on non-Darwin systems
[2.098s] INFO:colcon.colcon_core.plugin_system:Skipping extension 'colcon_notification.desktop_notification.win32': Not used on non-Windows systems
[2.098s] INFO:colcon.colcon_notification.desktop_notification:Sending desktop notification using 'notify2'
[2.118s] DEBUG:colcon.colcon_core.event_reactor:joined thread
[2.119s] INFO:colcon.colcon_core.shell:Creating prefix script '/home/edub/ros2_ws/install/local_setup.ps1'
[2.121s] INFO:colcon.colcon_core.shell:Creating prefix util module '/home/edub/ros2_ws/install/_local_setup_util_ps1.py'
[2.123s] INFO:colcon.colcon_core.shell:Creating prefix chain script '/home/edub/ros2_ws/install/setup.ps1'
[2.126s] INFO:colcon.colcon_core.shell:Creating prefix script '/home/edub/ros2_ws/install/local_setup.sh'
[2.128s] INFO:colcon.colcon_core.shell:Creating prefix util module '/home/edub/ros2_ws/install/_local_setup_util_sh.py'
[2.129s] INFO:colcon.colcon_core.shell:Creating prefix chain script '/home/edub/ros2_ws/install/setup.sh'
[2.133s] INFO:colcon.colcon_core.shell:Creating prefix script '/home/edub/ros2_ws/install/local_setup.bash'
[2.135s] INFO:colcon.colcon_core.shell:Creating prefix chain script '/home/edub/ros2_ws/install/setup.bash'
[2.138s] INFO:colcon.colcon_core.shell:Creating prefix script '/home/edub/ros2_ws/install/local_setup.zsh'
[2.140s] INFO:colcon.colcon_core.shell:Creating prefix chain script '/home/edub/ros2_ws/install/setup.zsh'
