-- Found ament_cmake: 1.3.12 (/opt/ros/humble/share/ament_cmake/cmake)
-- Found rosidl_default_generators: 1.2.0 (/opt/ros/humble/share/rosidl_default_generators/cmake)
-- Using all available rosidl_typesupport_c: rosidl_typesupport_fastrtps_c;rosidl_typesupport_introspection_c
-- Found rosidl_adapter: 3.1.8 (/opt/ros/humble/share/rosidl_adapter/cmake)
-- Using all available rosidl_typesupport_cpp: rosidl_typesupport_fastrtps_cpp;rosidl_typesupport_introspection_cpp
-- Found builtin_interfaces: 1.2.2 (/opt/ros/humble/share/builtin_interfaces/cmake)
-- Found ament_cmake_ros: 0.10.0 (/opt/ros/humble/share/ament_cmake_ros/cmake)
-- Using all available rosidl_typesupport_c: rosidl_typesupport_fastrtps_c;rosidl_typesupport_introspection_c
-- Using all available rosidl_typesupport_cpp: rosidl_typesupport_fastrtps_cpp;rosidl_typesupport_introspection_cpp
-- Found python_cmake_module: 0.10.0 (/opt/ros/humble/share/python_cmake_module/cmake)
-- Using PYTHON_EXECUTABLE: /usr/bin/python3
-- Using PYTHON_INCLUDE_DIRS: /usr/include/python3.10
-- Using PYTHON_LIBRARIES: /usr/lib/x86_64-linux-gnu/libpython3.10.so
-- Found ament_lint_auto: 0.12.14 (/opt/ros/humble/share/ament_lint_auto/cmake)
-- Added test 'lint_cmake' to check CMake code style
-- Added test 'xmllint' to check XML markup files
-- Configuring done
-- Generating done
-- Build files have been written to: /home/edub/ros2_ws/build/avig_msg
[35m[1mConsolidate compiler generated dependencies of target avig_msg__rosidl_generator_c[0m
[  1%] Built target avig_msg__cpp
[35m[1mConsolidate compiler generated dependencies of target avig_msg__rosidl_typesupport_cpp[0m
[35m[1mConsolidate compiler generated dependencies of target avig_msg__rosidl_typesupport_introspection_cpp[0m
[  3%] [32mBuilding C object CMakeFiles/avig_msg__rosidl_generator_c.dir/rosidl_generator_c/avig_msg/msg/detail/april_tag_pixel__functions.c.o[0m
[  4%] [32mBuilding C object CMakeFiles/avig_msg__rosidl_generator_c.dir/rosidl_generator_c/avig_msg/msg/detail/april_tag_pixel_array__functions.c.o[0m
[35m[1mConsolidate compiler generated dependencies of target avig_msg__rosidl_typesupport_fastrtps_cpp[0m
[  4%] Built target ament_cmake_python_copy_avig_msg
[  6%] [32mBuilding CXX object CMakeFiles/avig_msg__rosidl_typesupport_introspection_cpp.dir/rosidl_typesupport_introspection_cpp/avig_msg/msg/detail/april_tag_pixel__type_support.cpp.o[0m
[  9%] [32mBuilding CXX object CMakeFiles/avig_msg__rosidl_typesupport_cpp.dir/rosidl_typesupport_cpp/avig_msg/msg/april_tag_pixel__type_support.cpp.o[0m
[  7%] [32mBuilding CXX object CMakeFiles/avig_msg__rosidl_typesupport_fastrtps_cpp.dir/rosidl_typesupport_fastrtps_cpp/avig_msg/msg/detail/dds_fastrtps/april_tag_pixel__type_support.cpp.o[0m
[ 11%] [32mBuilding C object CMakeFiles/avig_msg__rosidl_generator_c.dir/rosidl_generator_c/avig_msg/srv/detail/heuristica__functions.c.o[0m
[ 12%] [32mBuilding C object CMakeFiles/avig_msg__rosidl_generator_c.dir/rosidl_generator_c/avig_msg/action/detail/mover_a__functions.c.o[0m
[ 14%] [32mBuilding C object CMakeFiles/avig_msg__rosidl_generator_c.dir/rosidl_generator_c/avig_msg/msg/detail/obj_detect__functions.c.o[0m
running egg_info
writing avig_msg.egg-info/PKG-INFO
writing dependency_links to avig_msg.egg-info/dependency_links.txt
writing top-level names to avig_msg.egg-info/top_level.txt
reading manifest file 'avig_msg.egg-info/SOURCES.txt'
writing manifest file 'avig_msg.egg-info/SOURCES.txt'
[ 15%] [32mBuilding CXX object CMakeFiles/avig_msg__rosidl_typesupport_fastrtps_cpp.dir/rosidl_typesupport_fastrtps_cpp/avig_msg/msg/detail/dds_fastrtps/april_tag_pixel_array__type_support.cpp.o[0m
[ 15%] Built target ament_cmake_python_build_avig_msg_egg
[ 17%] [32mBuilding CXX object CMakeFiles/avig_msg__rosidl_typesupport_introspection_cpp.dir/rosidl_typesupport_introspection_cpp/avig_msg/msg/detail/april_tag_pixel_array__type_support.cpp.o[0m
[ 19%] [32m[1mLinking C shared library libavig_msg__rosidl_generator_c.so[0m
[ 20%] Built target avig_msg__rosidl_generator_c
[ 22%] [32mBuilding CXX object CMakeFiles/avig_msg__rosidl_typesupport_fastrtps_cpp.dir/rosidl_typesupport_fastrtps_cpp/avig_msg/srv/detail/dds_fastrtps/heuristica__type_support.cpp.o[0m
[ 23%] [32mBuilding CXX object CMakeFiles/avig_msg__rosidl_typesupport_cpp.dir/rosidl_typesupport_cpp/avig_msg/msg/april_tag_pixel_array__type_support.cpp.o[0m
[ 25%] [32mBuilding CXX object CMakeFiles/avig_msg__rosidl_typesupport_introspection_cpp.dir/rosidl_typesupport_introspection_cpp/avig_msg/srv/detail/heuristica__type_support.cpp.o[0m
[ 26%] [32mBuilding CXX object CMakeFiles/avig_msg__rosidl_typesupport_cpp.dir/rosidl_typesupport_cpp/avig_msg/srv/heuristica__type_support.cpp.o[0m
[ 28%] [32mBuilding CXX object CMakeFiles/avig_msg__rosidl_typesupport_introspection_cpp.dir/rosidl_typesupport_introspection_cpp/avig_msg/action/detail/mover_a__type_support.cpp.o[0m
[ 30%] [32mBuilding CXX object CMakeFiles/avig_msg__rosidl_typesupport_fastrtps_cpp.dir/rosidl_typesupport_fastrtps_cpp/avig_msg/action/detail/dds_fastrtps/mover_a__type_support.cpp.o[0m
[ 31%] [32mBuilding CXX object CMakeFiles/avig_msg__rosidl_typesupport_introspection_cpp.dir/rosidl_typesupport_introspection_cpp/avig_msg/msg/detail/obj_detect__type_support.cpp.o[0m
[ 33%] [32mBuilding CXX object CMakeFiles/avig_msg__rosidl_typesupport_fastrtps_cpp.dir/rosidl_typesupport_fastrtps_cpp/avig_msg/msg/detail/dds_fastrtps/obj_detect__type_support.cpp.o[0m
[ 34%] [32mBuilding CXX object CMakeFiles/avig_msg__rosidl_typesupport_cpp.dir/rosidl_typesupport_cpp/avig_msg/action/mover_a__type_support.cpp.o[0m
[35m[1mConsolidate compiler generated dependencies of target avig_msg__rosidl_typesupport_fastrtps_c[0m
[ 36%] [32mBuilding CXX object CMakeFiles/avig_msg__rosidl_typesupport_fastrtps_c.dir/rosidl_typesupport_fastrtps_c/avig_msg/msg/detail/april_tag_pixel__type_support_c.cpp.o[0m
[35m[1mConsolidate compiler generated dependencies of target avig_msg__rosidl_typesupport_introspection_c[0m
[ 38%] [32mBuilding C object CMakeFiles/avig_msg__rosidl_typesupport_introspection_c.dir/rosidl_typesupport_introspection_c/avig_msg/msg/detail/april_tag_pixel__type_support.c.o[0m
[ 39%] [32mBuilding C object CMakeFiles/avig_msg__rosidl_typesupport_introspection_c.dir/rosidl_typesupport_introspection_c/avig_msg/msg/detail/april_tag_pixel_array__type_support.c.o[0m
[ 41%] [32mBuilding C object CMakeFiles/avig_msg__rosidl_typesupport_introspection_c.dir/rosidl_typesupport_introspection_c/avig_msg/srv/detail/heuristica__type_support.c.o[0m
[35m[1mConsolidate compiler generated dependencies of target avig_msg__rosidl_typesupport_c[0m
[ 42%] [32mBuilding CXX object CMakeFiles/avig_msg__rosidl_typesupport_c.dir/rosidl_typesupport_c/avig_msg/msg/april_tag_pixel__type_support.cpp.o[0m
[ 44%] [32mBuilding CXX object CMakeFiles/avig_msg__rosidl_typesupport_c.dir/rosidl_typesupport_c/avig_msg/msg/april_tag_pixel_array__type_support.cpp.o[0m
[ 46%] [32mBuilding C object CMakeFiles/avig_msg__rosidl_typesupport_introspection_c.dir/rosidl_typesupport_introspection_c/avig_msg/action/detail/mover_a__type_support.c.o[0m
[ 47%] [32mBuilding CXX object CMakeFiles/avig_msg__rosidl_typesupport_cpp.dir/rosidl_typesupport_cpp/avig_msg/msg/obj_detect__type_support.cpp.o[0m
[ 49%] [32mBuilding CXX object CMakeFiles/avig_msg__rosidl_typesupport_c.dir/rosidl_typesupport_c/avig_msg/srv/heuristica__type_support.cpp.o[0m
[ 50%] [32mBuilding C object CMakeFiles/avig_msg__rosidl_typesupport_introspection_c.dir/rosidl_typesupport_introspection_c/avig_msg/msg/detail/obj_detect__type_support.c.o[0m
[ 52%] [32mBuilding CXX object CMakeFiles/avig_msg__rosidl_typesupport_c.dir/rosidl_typesupport_c/avig_msg/action/mover_a__type_support.cpp.o[0m
[ 53%] [32mBuilding CXX object CMakeFiles/avig_msg__rosidl_typesupport_fastrtps_c.dir/rosidl_typesupport_fastrtps_c/avig_msg/msg/detail/april_tag_pixel_array__type_support_c.cpp.o[0m
[ 55%] [32m[1mLinking C shared library libavig_msg__rosidl_typesupport_introspection_c.so[0m
[ 57%] [32m[1mLinking CXX shared library libavig_msg__rosidl_typesupport_introspection_cpp.so[0m
[ 58%] [32mBuilding CXX object CMakeFiles/avig_msg__rosidl_typesupport_c.dir/rosidl_typesupport_c/avig_msg/msg/obj_detect__type_support.cpp.o[0m
[ 60%] [32m[1mLinking CXX shared library libavig_msg__rosidl_typesupport_fastrtps_cpp.so[0m
[ 61%] Built target avig_msg__rosidl_typesupport_introspection_c
[ 63%] [32mBuilding CXX object CMakeFiles/avig_msg__rosidl_typesupport_fastrtps_c.dir/rosidl_typesupport_fastrtps_c/avig_msg/srv/detail/heuristica__type_support_c.cpp.o[0m
[ 65%] [32m[1mLinking CXX shared library libavig_msg__rosidl_typesupport_c.so[0m
[ 66%] Built target avig_msg__rosidl_typesupport_c
[ 68%] [32mBuilding CXX object CMakeFiles/avig_msg__rosidl_typesupport_fastrtps_c.dir/rosidl_typesupport_fastrtps_c/avig_msg/action/detail/mover_a__type_support_c.cpp.o[0m
[ 69%] Built target avig_msg__rosidl_typesupport_introspection_cpp
[ 71%] [32mBuilding CXX object CMakeFiles/avig_msg__rosidl_typesupport_fastrtps_c.dir/rosidl_typesupport_fastrtps_c/avig_msg/msg/detail/obj_detect__type_support_c.cpp.o[0m
[ 73%] Built target avig_msg__rosidl_typesupport_fastrtps_cpp
[ 74%] [32m[1mLinking CXX shared library libavig_msg__rosidl_typesupport_cpp.so[0m
[ 76%] Built target avig_msg__rosidl_typesupport_cpp
[ 77%] [32m[1mLinking CXX shared library libavig_msg__rosidl_typesupport_fastrtps_c.so[0m
[ 79%] Built target avig_msg__rosidl_typesupport_fastrtps_c
[ 79%] Built target avig_msg
[ 80%] Built target avig_msg__py
[35m[1mConsolidate compiler generated dependencies of target avig_msg__rosidl_generator_py[0m
[ 82%] [32mBuilding C object CMakeFiles/avig_msg__rosidl_generator_py.dir/rosidl_generator_py/avig_msg/srv/_heuristica_s.c.o[0m
[ 84%] [32mBuilding C object CMakeFiles/avig_msg__rosidl_generator_py.dir/rosidl_generator_py/avig_msg/msg/_april_tag_pixel_array_s.c.o[0m
[ 85%] [32mBuilding C object CMakeFiles/avig_msg__rosidl_generator_py.dir/rosidl_generator_py/avig_msg/msg/_april_tag_pixel_s.c.o[0m
[ 87%] [32mBuilding C object CMakeFiles/avig_msg__rosidl_generator_py.dir/rosidl_generator_py/avig_msg/action/_mover_a_s.c.o[0m
[ 88%] [32mBuilding C object CMakeFiles/avig_msg__rosidl_generator_py.dir/rosidl_generator_py/avig_msg/msg/_obj_detect_s.c.o[0m
[ 90%] [32m[1mLinking C shared library rosidl_generator_py/avig_msg/libavig_msg__rosidl_generator_py.so[0m
[ 90%] Built target avig_msg__rosidl_generator_py
[35m[1mConsolidate compiler generated dependencies of target avig_msg__rosidl_typesupport_fastrtps_c__pyext[0m
[35m[1mConsolidate compiler generated dependencies of target avig_msg__rosidl_typesupport_c__pyext[0m
[35m[1mConsolidate compiler generated dependencies of target avig_msg__rosidl_typesupport_introspection_c__pyext[0m
[ 93%] [32mBuilding C object CMakeFiles/avig_msg__rosidl_typesupport_fastrtps_c__pyext.dir/rosidl_generator_py/avig_msg/_avig_msg_s.ep.rosidl_typesupport_fastrtps_c.c.o[0m
[ 93%] [32mBuilding C object CMakeFiles/avig_msg__rosidl_typesupport_c__pyext.dir/rosidl_generator_py/avig_msg/_avig_msg_s.ep.rosidl_typesupport_c.c.o[0m
[ 95%] [32mBuilding C object CMakeFiles/avig_msg__rosidl_typesupport_introspection_c__pyext.dir/rosidl_generator_py/avig_msg/_avig_msg_s.ep.rosidl_typesupport_introspection_c.c.o[0m
[ 96%] [32m[1mLinking C shared library rosidl_generator_py/avig_msg/avig_msg_s__rosidl_typesupport_fastrtps_c.cpython-310-x86_64-linux-gnu.so[0m
[ 98%] [32m[1mLinking C shared library rosidl_generator_py/avig_msg/avig_msg_s__rosidl_typesupport_c.cpython-310-x86_64-linux-gnu.so[0m
[100%] [32m[1mLinking C shared library rosidl_generator_py/avig_msg/avig_msg_s__rosidl_typesupport_introspection_c.cpython-310-x86_64-linux-gnu.so[0m
[100%] Built target avig_msg__rosidl_typesupport_fastrtps_c__pyext
[100%] Built target avig_msg__rosidl_typesupport_introspection_c__pyext
[100%] Built target avig_msg__rosidl_typesupport_c__pyext
-- Install configuration: ""
-- Up-to-date: /home/edub/ros2_ws/install/avig_msg/share/ament_index/resource_index/rosidl_interfaces/avig_msg
-- Up-to-date: /home/edub/ros2_ws/install/avig_msg/include/avig_msg/avig_msg
-- Up-to-date: /home/edub/ros2_ws/install/avig_msg/include/avig_msg/avig_msg/action
-- Up-to-date: /home/edub/ros2_ws/install/avig_msg/include/avig_msg/avig_msg/action/detail
-- Up-to-date: /home/edub/ros2_ws/install/avig_msg/include/avig_msg/avig_msg/action/detail/mover_a__functions.h
-- Up-to-date: /home/edub/ros2_ws/install/avig_msg/include/avig_msg/avig_msg/action/detail/mover_a__functions.c
-- Up-to-date: /home/edub/ros2_ws/install/avig_msg/include/avig_msg/avig_msg/action/detail/mover_a__type_support.h
-- Up-to-date: /home/edub/ros2_ws/install/avig_msg/include/avig_msg/avig_msg/action/detail/mover_a__struct.h
-- Up-to-date: /home/edub/ros2_ws/install/avig_msg/include/avig_msg/avig_msg/action/mover_a.h
-- Up-to-date: /home/edub/ros2_ws/install/avig_msg/include/avig_msg/avig_msg/srv
-- Up-to-date: /home/edub/ros2_ws/install/avig_msg/include/avig_msg/avig_msg/srv/detail
-- Up-to-date: /home/edub/ros2_ws/install/avig_msg/include/avig_msg/avig_msg/srv/detail/heuristica__functions.h
-- Up-to-date: /home/edub/ros2_ws/install/avig_msg/include/avig_msg/avig_msg/srv/detail/heuristica__struct.h
-- Up-to-date: /home/edub/ros2_ws/install/avig_msg/include/avig_msg/avig_msg/srv/detail/heuristica__functions.c
-- Up-to-date: /home/edub/ros2_ws/install/avig_msg/include/avig_msg/avig_msg/srv/detail/heuristica__type_support.h
-- Up-to-date: /home/edub/ros2_ws/install/avig_msg/include/avig_msg/avig_msg/srv/heuristica.h
-- Up-to-date: /home/edub/ros2_ws/install/avig_msg/include/avig_msg/avig_msg/msg
-- Up-to-date: /home/edub/ros2_ws/install/avig_msg/include/avig_msg/avig_msg/msg/detail
-- Up-to-date: /home/edub/ros2_ws/install/avig_msg/include/avig_msg/avig_msg/msg/detail/april_tag_pixel_array__functions.c
-- Up-to-date: /home/edub/ros2_ws/install/avig_msg/include/avig_msg/avig_msg/msg/detail/april_tag_pixel_array__struct.h
-- Up-to-date: /home/edub/ros2_ws/install/avig_msg/include/avig_msg/avig_msg/msg/detail/obj_detect__struct.h
-- Up-to-date: /home/edub/ros2_ws/install/avig_msg/include/avig_msg/avig_msg/msg/detail/obj_detect__functions.h
-- Up-to-date: /home/edub/ros2_ws/install/avig_msg/include/avig_msg/avig_msg/msg/detail/obj_detect__type_support.h
-- Up-to-date: /home/edub/ros2_ws/install/avig_msg/include/avig_msg/avig_msg/msg/detail/april_tag_pixel__functions.c
-- Up-to-date: /home/edub/ros2_ws/install/avig_msg/include/avig_msg/avig_msg/msg/detail/april_tag_pixel__struct.h
-- Up-to-date: /home/edub/ros2_ws/install/avig_msg/include/avig_msg/avig_msg/msg/detail/april_tag_pixel_array__functions.h
-- Up-to-date: /home/edub/ros2_ws/install/avig_msg/include/avig_msg/avig_msg/msg/detail/april_tag_pixel_array__type_support.h
-- Up-to-date: /home/edub/ros2_ws/install/avig_msg/include/avig_msg/avig_msg/msg/detail/april_tag_pixel__type_support.h
-- Up-to-date: /home/edub/ros2_ws/install/avig_msg/include/avig_msg/avig_msg/msg/detail/obj_detect__functions.c
-- Up-to-date: /home/edub/ros2_ws/install/avig_msg/include/avig_msg/avig_msg/msg/detail/april_tag_pixel__functions.h
-- Up-to-date: /home/edub/ros2_ws/install/avig_msg/include/avig_msg/avig_msg/msg/april_tag_pixel.h
-- Up-to-date: /home/edub/ros2_ws/install/avig_msg/include/avig_msg/avig_msg/msg/april_tag_pixel_array.h
-- Up-to-date: /home/edub/ros2_ws/install/avig_msg/include/avig_msg/avig_msg/msg/obj_detect.h
-- Up-to-date: /home/edub/ros2_ws/install/avig_msg/include/avig_msg/avig_msg/msg/rosidl_generator_c__visibility_control.h
-- Installing: /home/edub/ros2_ws/install/avig_msg/share/avig_msg/environment/library_path.sh
-- Installing: /home/edub/ros2_ws/install/avig_msg/share/avig_msg/environment/library_path.dsv
-- Installing: /home/edub/ros2_ws/install/avig_msg/lib/libavig_msg__rosidl_generator_c.so
-- Set runtime path of "/home/edub/ros2_ws/install/avig_msg/lib/libavig_msg__rosidl_generator_c.so" to ""
-- Up-to-date: /home/edub/ros2_ws/install/avig_msg/include/avig_msg/avig_msg
-- Up-to-date: /home/edub/ros2_ws/install/avig_msg/include/avig_msg/avig_msg/action
-- Up-to-date: /home/edub/ros2_ws/install/avig_msg/include/avig_msg/avig_msg/action/detail
-- Up-to-date: /home/edub/ros2_ws/install/avig_msg/include/avig_msg/avig_msg/action/detail/mover_a__rosidl_typesupport_fastrtps_c.h
-- Up-to-date: /home/edub/ros2_ws/install/avig_msg/include/avig_msg/avig_msg/srv
-- Up-to-date: /home/edub/ros2_ws/install/avig_msg/include/avig_msg/avig_msg/srv/detail
-- Up-to-date: /home/edub/ros2_ws/install/avig_msg/include/avig_msg/avig_msg/srv/detail/heuristica__rosidl_typesupport_fastrtps_c.h
-- Up-to-date: /home/edub/ros2_ws/install/avig_msg/include/avig_msg/avig_msg/msg
-- Up-to-date: /home/edub/ros2_ws/install/avig_msg/include/avig_msg/avig_msg/msg/detail
-- Up-to-date: /home/edub/ros2_ws/install/avig_msg/include/avig_msg/avig_msg/msg/detail/april_tag_pixel_array__rosidl_typesupport_fastrtps_c.h
-- Up-to-date: /home/edub/ros2_ws/install/avig_msg/include/avig_msg/avig_msg/msg/detail/obj_detect__rosidl_typesupport_fastrtps_c.h
-- Up-to-date: /home/edub/ros2_ws/install/avig_msg/include/avig_msg/avig_msg/msg/detail/april_tag_pixel__rosidl_typesupport_fastrtps_c.h
-- Up-to-date: /home/edub/ros2_ws/install/avig_msg/include/avig_msg/avig_msg/msg/rosidl_typesupport_fastrtps_c__visibility_control.h
-- Installing: /home/edub/ros2_ws/install/avig_msg/lib/libavig_msg__rosidl_typesupport_fastrtps_c.so
-- Set runtime path of "/home/edub/ros2_ws/install/avig_msg/lib/libavig_msg__rosidl_typesupport_fastrtps_c.so" to ""
-- Up-to-date: /home/edub/ros2_ws/install/avig_msg/include/avig_msg/avig_msg
-- Up-to-date: /home/edub/ros2_ws/install/avig_msg/include/avig_msg/avig_msg/action
-- Up-to-date: /home/edub/ros2_ws/install/avig_msg/include/avig_msg/avig_msg/action/detail
-- Up-to-date: /home/edub/ros2_ws/install/avig_msg/include/avig_msg/avig_msg/action/detail/mover_a__rosidl_typesupport_introspection_c.h
-- Up-to-date: /home/edub/ros2_ws/install/avig_msg/include/avig_msg/avig_msg/action/detail/mover_a__type_support.c
-- Up-to-date: /home/edub/ros2_ws/install/avig_msg/include/avig_msg/avig_msg/srv
-- Up-to-date: /home/edub/ros2_ws/install/avig_msg/include/avig_msg/avig_msg/srv/detail
-- Up-to-date: /home/edub/ros2_ws/install/avig_msg/include/avig_msg/avig_msg/srv/detail/heuristica__rosidl_typesupport_introspection_c.h
-- Up-to-date: /home/edub/ros2_ws/install/avig_msg/include/avig_msg/avig_msg/srv/detail/heuristica__type_support.c
-- Up-to-date: /home/edub/ros2_ws/install/avig_msg/include/avig_msg/avig_msg/msg
-- Up-to-date: /home/edub/ros2_ws/install/avig_msg/include/avig_msg/avig_msg/msg/rosidl_typesupport_introspection_c__visibility_control.h
-- Up-to-date: /home/edub/ros2_ws/install/avig_msg/include/avig_msg/avig_msg/msg/detail
-- Up-to-date: /home/edub/ros2_ws/install/avig_msg/include/avig_msg/avig_msg/msg/detail/april_tag_pixel_array__type_support.c
-- Up-to-date: /home/edub/ros2_ws/install/avig_msg/include/avig_msg/avig_msg/msg/detail/obj_detect__rosidl_typesupport_introspection_c.h
-- Up-to-date: /home/edub/ros2_ws/install/avig_msg/include/avig_msg/avig_msg/msg/detail/april_tag_pixel__rosidl_typesupport_introspection_c.h
-- Up-to-date: /home/edub/ros2_ws/install/avig_msg/include/avig_msg/avig_msg/msg/detail/april_tag_pixel__type_support.c
-- Up-to-date: /home/edub/ros2_ws/install/avig_msg/include/avig_msg/avig_msg/msg/detail/april_tag_pixel_array__rosidl_typesupport_introspection_c.h
-- Up-to-date: /home/edub/ros2_ws/install/avig_msg/include/avig_msg/avig_msg/msg/detail/obj_detect__type_support.c
-- Installing: /home/edub/ros2_ws/install/avig_msg/lib/libavig_msg__rosidl_typesupport_introspection_c.so
-- Set runtime path of "/home/edub/ros2_ws/install/avig_msg/lib/libavig_msg__rosidl_typesupport_introspection_c.so" to ""
-- Installing: /home/edub/ros2_ws/install/avig_msg/lib/libavig_msg__rosidl_typesupport_c.so
-- Set runtime path of "/home/edub/ros2_ws/install/avig_msg/lib/libavig_msg__rosidl_typesupport_c.so" to ""
-- Up-to-date: /home/edub/ros2_ws/install/avig_msg/include/avig_msg/avig_msg
-- Up-to-date: /home/edub/ros2_ws/install/avig_msg/include/avig_msg/avig_msg/action
-- Up-to-date: /home/edub/ros2_ws/install/avig_msg/include/avig_msg/avig_msg/action/mover_a.hpp
-- Up-to-date: /home/edub/ros2_ws/install/avig_msg/include/avig_msg/avig_msg/action/detail
-- Up-to-date: /home/edub/ros2_ws/install/avig_msg/include/avig_msg/avig_msg/action/detail/mover_a__struct.hpp
-- Up-to-date: /home/edub/ros2_ws/install/avig_msg/include/avig_msg/avig_msg/action/detail/mover_a__traits.hpp
-- Up-to-date: /home/edub/ros2_ws/install/avig_msg/include/avig_msg/avig_msg/action/detail/mover_a__type_support.hpp
-- Up-to-date: /home/edub/ros2_ws/install/avig_msg/include/avig_msg/avig_msg/action/detail/mover_a__builder.hpp
-- Up-to-date: /home/edub/ros2_ws/install/avig_msg/include/avig_msg/avig_msg/srv
-- Up-to-date: /home/edub/ros2_ws/install/avig_msg/include/avig_msg/avig_msg/srv/detail
-- Up-to-date: /home/edub/ros2_ws/install/avig_msg/include/avig_msg/avig_msg/srv/detail/heuristica__traits.hpp
-- Up-to-date: /home/edub/ros2_ws/install/avig_msg/include/avig_msg/avig_msg/srv/detail/heuristica__struct.hpp
-- Up-to-date: /home/edub/ros2_ws/install/avig_msg/include/avig_msg/avig_msg/srv/detail/heuristica__builder.hpp
-- Up-to-date: /home/edub/ros2_ws/install/avig_msg/include/avig_msg/avig_msg/srv/detail/heuristica__type_support.hpp
-- Up-to-date: /home/edub/ros2_ws/install/avig_msg/include/avig_msg/avig_msg/srv/heuristica.hpp
-- Up-to-date: /home/edub/ros2_ws/install/avig_msg/include/avig_msg/avig_msg/msg
-- Up-to-date: /home/edub/ros2_ws/install/avig_msg/include/avig_msg/avig_msg/msg/april_tag_pixel_array.hpp
-- Up-to-date: /home/edub/ros2_ws/install/avig_msg/include/avig_msg/avig_msg/msg/obj_detect.hpp
-- Up-to-date: /home/edub/ros2_ws/install/avig_msg/include/avig_msg/avig_msg/msg/rosidl_generator_cpp__visibility_control.hpp
-- Up-to-date: /home/edub/ros2_ws/install/avig_msg/include/avig_msg/avig_msg/msg/detail
-- Up-to-date: /home/edub/ros2_ws/install/avig_msg/include/avig_msg/avig_msg/msg/detail/april_tag_pixel_array__type_support.hpp
-- Up-to-date: /home/edub/ros2_ws/install/avig_msg/include/avig_msg/avig_msg/msg/detail/april_tag_pixel_array__traits.hpp
-- Up-to-date: /home/edub/ros2_ws/install/avig_msg/include/avig_msg/avig_msg/msg/detail/april_tag_pixel_array__builder.hpp
-- Up-to-date: /home/edub/ros2_ws/install/avig_msg/include/avig_msg/avig_msg/msg/detail/april_tag_pixel_array__struct.hpp
-- Up-to-date: /home/edub/ros2_ws/install/avig_msg/include/avig_msg/avig_msg/msg/detail/obj_detect__builder.hpp
-- Up-to-date: /home/edub/ros2_ws/install/avig_msg/include/avig_msg/avig_msg/msg/detail/obj_detect__struct.hpp
-- Up-to-date: /home/edub/ros2_ws/install/avig_msg/include/avig_msg/avig_msg/msg/detail/april_tag_pixel__builder.hpp
-- Up-to-date: /home/edub/ros2_ws/install/avig_msg/include/avig_msg/avig_msg/msg/detail/obj_detect__type_support.hpp
-- Up-to-date: /home/edub/ros2_ws/install/avig_msg/include/avig_msg/avig_msg/msg/detail/obj_detect__traits.hpp
-- Up-to-date: /home/edub/ros2_ws/install/avig_msg/include/avig_msg/avig_msg/msg/detail/april_tag_pixel__traits.hpp
-- Up-to-date: /home/edub/ros2_ws/install/avig_msg/include/avig_msg/avig_msg/msg/detail/april_tag_pixel__struct.hpp
-- Up-to-date: /home/edub/ros2_ws/install/avig_msg/include/avig_msg/avig_msg/msg/detail/april_tag_pixel__type_support.hpp
-- Up-to-date: /home/edub/ros2_ws/install/avig_msg/include/avig_msg/avig_msg/msg/april_tag_pixel.hpp
-- Up-to-date: /home/edub/ros2_ws/install/avig_msg/include/avig_msg/avig_msg
-- Up-to-date: /home/edub/ros2_ws/install/avig_msg/include/avig_msg/avig_msg/action
-- Up-to-date: /home/edub/ros2_ws/install/avig_msg/include/avig_msg/avig_msg/action/detail
-- Up-to-date: /home/edub/ros2_ws/install/avig_msg/include/avig_msg/avig_msg/action/detail/dds_fastrtps
-- Installing: /home/edub/ros2_ws/install/avig_msg/include/avig_msg/avig_msg/action/detail/mover_a__rosidl_typesupport_fastrtps_cpp.hpp
-- Up-to-date: /home/edub/ros2_ws/install/avig_msg/include/avig_msg/avig_msg/srv
-- Up-to-date: /home/edub/ros2_ws/install/avig_msg/include/avig_msg/avig_msg/srv/detail
-- Up-to-date: /home/edub/ros2_ws/install/avig_msg/include/avig_msg/avig_msg/srv/detail/dds_fastrtps
-- Up-to-date: /home/edub/ros2_ws/install/avig_msg/include/avig_msg/avig_msg/srv/detail/heuristica__rosidl_typesupport_fastrtps_cpp.hpp
-- Up-to-date: /home/edub/ros2_ws/install/avig_msg/include/avig_msg/avig_msg/msg
-- Up-to-date: /home/edub/ros2_ws/install/avig_msg/include/avig_msg/avig_msg/msg/rosidl_typesupport_fastrtps_cpp__visibility_control.h
-- Up-to-date: /home/edub/ros2_ws/install/avig_msg/include/avig_msg/avig_msg/msg/detail
-- Installing: /home/edub/ros2_ws/install/avig_msg/include/avig_msg/avig_msg/msg/detail/april_tag_pixel__rosidl_typesupport_fastrtps_cpp.hpp
-- Up-to-date: /home/edub/ros2_ws/install/avig_msg/include/avig_msg/avig_msg/msg/detail/dds_fastrtps
-- Installing: /home/edub/ros2_ws/install/avig_msg/include/avig_msg/avig_msg/msg/detail/april_tag_pixel_array__rosidl_typesupport_fastrtps_cpp.hpp
-- Up-to-date: /home/edub/ros2_ws/install/avig_msg/include/avig_msg/avig_msg/msg/detail/obj_detect__rosidl_typesupport_fastrtps_cpp.hpp
-- Installing: /home/edub/ros2_ws/install/avig_msg/lib/libavig_msg__rosidl_typesupport_fastrtps_cpp.so
-- Set runtime path of "/home/edub/ros2_ws/install/avig_msg/lib/libavig_msg__rosidl_typesupport_fastrtps_cpp.so" to ""
-- Up-to-date: /home/edub/ros2_ws/install/avig_msg/include/avig_msg/avig_msg
-- Up-to-date: /home/edub/ros2_ws/install/avig_msg/include/avig_msg/avig_msg/action
-- Up-to-date: /home/edub/ros2_ws/install/avig_msg/include/avig_msg/avig_msg/action/detail
-- Up-to-date: /home/edub/ros2_ws/install/avig_msg/include/avig_msg/avig_msg/action/detail/mover_a__rosidl_typesupport_introspection_cpp.hpp
-- Up-to-date: /home/edub/ros2_ws/install/avig_msg/include/avig_msg/avig_msg/action/detail/mover_a__type_support.cpp
-- Up-to-date: /home/edub/ros2_ws/install/avig_msg/include/avig_msg/avig_msg/srv
-- Up-to-date: /home/edub/ros2_ws/install/avig_msg/include/avig_msg/avig_msg/srv/detail
-- Up-to-date: /home/edub/ros2_ws/install/avig_msg/include/avig_msg/avig_msg/srv/detail/heuristica__rosidl_typesupport_introspection_cpp.hpp
-- Up-to-date: /home/edub/ros2_ws/install/avig_msg/include/avig_msg/avig_msg/srv/detail/heuristica__type_support.cpp
-- Up-to-date: /home/edub/ros2_ws/install/avig_msg/include/avig_msg/avig_msg/msg
-- Up-to-date: /home/edub/ros2_ws/install/avig_msg/include/avig_msg/avig_msg/msg/detail
-- Up-to-date: /home/edub/ros2_ws/install/avig_msg/include/avig_msg/avig_msg/msg/detail/april_tag_pixel_array__type_support.cpp
-- Up-to-date: /home/edub/ros2_ws/install/avig_msg/include/avig_msg/avig_msg/msg/detail/april_tag_pixel_array__rosidl_typesupport_introspection_cpp.hpp
-- Up-to-date: /home/edub/ros2_ws/install/avig_msg/include/avig_msg/avig_msg/msg/detail/april_tag_pixel__type_support.cpp
-- Up-to-date: /home/edub/ros2_ws/install/avig_msg/include/avig_msg/avig_msg/msg/detail/april_tag_pixel__rosidl_typesupport_introspection_cpp.hpp
-- Up-to-date: /home/edub/ros2_ws/install/avig_msg/include/avig_msg/avig_msg/msg/detail/obj_detect__rosidl_typesupport_introspection_cpp.hpp
-- Up-to-date: /home/edub/ros2_ws/install/avig_msg/include/avig_msg/avig_msg/msg/detail/obj_detect__type_support.cpp
-- Installing: /home/edub/ros2_ws/install/avig_msg/lib/libavig_msg__rosidl_typesupport_introspection_cpp.so
-- Set runtime path of "/home/edub/ros2_ws/install/avig_msg/lib/libavig_msg__rosidl_typesupport_introspection_cpp.so" to ""
-- Installing: /home/edub/ros2_ws/install/avig_msg/lib/libavig_msg__rosidl_typesupport_cpp.so
-- Set runtime path of "/home/edub/ros2_ws/install/avig_msg/lib/libavig_msg__rosidl_typesupport_cpp.so" to ""
-- Up-to-date: /home/edub/ros2_ws/install/avig_msg/share/avig_msg/environment/pythonpath.sh
-- Installing: /home/edub/ros2_ws/install/avig_msg/share/avig_msg/environment/pythonpath.dsv
-- Up-to-date: /home/edub/ros2_ws/install/avig_msg/local/lib/python3.10/dist-packages/avig_msg-0.0.0-py3.10.egg-info
-- Installing: /home/edub/ros2_ws/install/avig_msg/local/lib/python3.10/dist-packages/avig_msg-0.0.0-py3.10.egg-info/dependency_links.txt
-- Installing: /home/edub/ros2_ws/install/avig_msg/local/lib/python3.10/dist-packages/avig_msg-0.0.0-py3.10.egg-info/PKG-INFO
-- Installing: /home/edub/ros2_ws/install/avig_msg/local/lib/python3.10/dist-packages/avig_msg-0.0.0-py3.10.egg-info/top_level.txt
-- Installing: /home/edub/ros2_ws/install/avig_msg/local/lib/python3.10/dist-packages/avig_msg-0.0.0-py3.10.egg-info/SOURCES.txt
-- Up-to-date: /home/edub/ros2_ws/install/avig_msg/local/lib/python3.10/dist-packages/avig_msg
-- Up-to-date: /home/edub/ros2_ws/install/avig_msg/local/lib/python3.10/dist-packages/avig_msg/action
-- Up-to-date: /home/edub/ros2_ws/install/avig_msg/local/lib/python3.10/dist-packages/avig_msg/action/_mover_a.py
-- Up-to-date: /home/edub/ros2_ws/install/avig_msg/local/lib/python3.10/dist-packages/avig_msg/action/_mover_a_s.c
-- Up-to-date: /home/edub/ros2_ws/install/avig_msg/local/lib/python3.10/dist-packages/avig_msg/action/__init__.py
-- Installing: /home/edub/ros2_ws/install/avig_msg/local/lib/python3.10/dist-packages/avig_msg/avig_msg_s__rosidl_typesupport_introspection_c.cpython-310-x86_64-linux-gnu.so
-- Up-to-date: /home/edub/ros2_ws/install/avig_msg/local/lib/python3.10/dist-packages/avig_msg/srv
-- Up-to-date: /home/edub/ros2_ws/install/avig_msg/local/lib/python3.10/dist-packages/avig_msg/srv/_heuristica_s.c
-- Up-to-date: /home/edub/ros2_ws/install/avig_msg/local/lib/python3.10/dist-packages/avig_msg/srv/_heuristica.py
-- Up-to-date: /home/edub/ros2_ws/install/avig_msg/local/lib/python3.10/dist-packages/avig_msg/srv/__init__.py
-- Installing: /home/edub/ros2_ws/install/avig_msg/local/lib/python3.10/dist-packages/avig_msg/avig_msg_s__rosidl_typesupport_c.cpython-310-x86_64-linux-gnu.so
-- Installing: /home/edub/ros2_ws/install/avig_msg/local/lib/python3.10/dist-packages/avig_msg/avig_msg_s__rosidl_typesupport_fastrtps_c.cpython-310-x86_64-linux-gnu.so
-- Up-to-date: /home/edub/ros2_ws/install/avig_msg/local/lib/python3.10/dist-packages/avig_msg/_avig_msg_s.ep.rosidl_typesupport_fastrtps_c.c
-- Up-to-date: /home/edub/ros2_ws/install/avig_msg/local/lib/python3.10/dist-packages/avig_msg/_avig_msg_s.ep.rosidl_typesupport_c.c
-- Installing: /home/edub/ros2_ws/install/avig_msg/local/lib/python3.10/dist-packages/avig_msg/libavig_msg__rosidl_generator_py.so
-- Up-to-date: /home/edub/ros2_ws/install/avig_msg/local/lib/python3.10/dist-packages/avig_msg/msg
-- Up-to-date: /home/edub/ros2_ws/install/avig_msg/local/lib/python3.10/dist-packages/avig_msg/msg/_april_tag_pixel_array.py
-- Up-to-date: /home/edub/ros2_ws/install/avig_msg/local/lib/python3.10/dist-packages/avig_msg/msg/_obj_detect_s.c
-- Up-to-date: /home/edub/ros2_ws/install/avig_msg/local/lib/python3.10/dist-packages/avig_msg/msg/_obj_detect.py
-- Up-to-date: /home/edub/ros2_ws/install/avig_msg/local/lib/python3.10/dist-packages/avig_msg/msg/_april_tag_pixel_array_s.c
-- Up-to-date: /home/edub/ros2_ws/install/avig_msg/local/lib/python3.10/dist-packages/avig_msg/msg/_april_tag_pixel.py
-- Up-to-date: /home/edub/ros2_ws/install/avig_msg/local/lib/python3.10/dist-packages/avig_msg/msg/__init__.py
-- Up-to-date: /home/edub/ros2_ws/install/avig_msg/local/lib/python3.10/dist-packages/avig_msg/msg/_april_tag_pixel_s.c
-- Installing: /home/edub/ros2_ws/install/avig_msg/local/lib/python3.10/dist-packages/avig_msg/__init__.py
-- Up-to-date: /home/edub/ros2_ws/install/avig_msg/local/lib/python3.10/dist-packages/avig_msg/_avig_msg_s.ep.rosidl_typesupport_introspection_c.c
Listing '/home/edub/ros2_ws/install/avig_msg/local/lib/python3.10/dist-packages/avig_msg'...
Compiling '/home/edub/ros2_ws/install/avig_msg/local/lib/python3.10/dist-packages/avig_msg/__init__.py'...
Listing '/home/edub/ros2_ws/install/avig_msg/local/lib/python3.10/dist-packages/avig_msg/action'...
Compiling '/home/edub/ros2_ws/install/avig_msg/local/lib/python3.10/dist-packages/avig_msg/action/__init__.py'...
Compiling '/home/edub/ros2_ws/install/avig_msg/local/lib/python3.10/dist-packages/avig_msg/action/_mover_a.py'...
Listing '/home/edub/ros2_ws/install/avig_msg/local/lib/python3.10/dist-packages/avig_msg/msg'...
Compiling '/home/edub/ros2_ws/install/avig_msg/local/lib/python3.10/dist-packages/avig_msg/msg/__init__.py'...
Compiling '/home/edub/ros2_ws/install/avig_msg/local/lib/python3.10/dist-packages/avig_msg/msg/_april_tag_pixel.py'...
Compiling '/home/edub/ros2_ws/install/avig_msg/local/lib/python3.10/dist-packages/avig_msg/msg/_april_tag_pixel_array.py'...
Compiling '/home/edub/ros2_ws/install/avig_msg/local/lib/python3.10/dist-packages/avig_msg/msg/_obj_detect.py'...
Listing '/home/edub/ros2_ws/install/avig_msg/local/lib/python3.10/dist-packages/avig_msg/srv'...
Compiling '/home/edub/ros2_ws/install/avig_msg/local/lib/python3.10/dist-packages/avig_msg/srv/__init__.py'...
Compiling '/home/edub/ros2_ws/install/avig_msg/local/lib/python3.10/dist-packages/avig_msg/srv/_heuristica.py'...
-- Installing: /home/edub/ros2_ws/install/avig_msg/local/lib/python3.10/dist-packages/avig_msg/avig_msg_s__rosidl_typesupport_fastrtps_c.cpython-310-x86_64-linux-gnu.so
-- Set runtime path of "/home/edub/ros2_ws/install/avig_msg/local/lib/python3.10/dist-packages/avig_msg/avig_msg_s__rosidl_typesupport_fastrtps_c.cpython-310-x86_64-linux-gnu.so" to ""
-- Installing: /home/edub/ros2_ws/install/avig_msg/local/lib/python3.10/dist-packages/avig_msg/avig_msg_s__rosidl_typesupport_introspection_c.cpython-310-x86_64-linux-gnu.so
-- Set runtime path of "/home/edub/ros2_ws/install/avig_msg/local/lib/python3.10/dist-packages/avig_msg/avig_msg_s__rosidl_typesupport_introspection_c.cpython-310-x86_64-linux-gnu.so" to ""
-- Installing: /home/edub/ros2_ws/install/avig_msg/local/lib/python3.10/dist-packages/avig_msg/avig_msg_s__rosidl_typesupport_c.cpython-310-x86_64-linux-gnu.so
-- Set runtime path of "/home/edub/ros2_ws/install/avig_msg/local/lib/python3.10/dist-packages/avig_msg/avig_msg_s__rosidl_typesupport_c.cpython-310-x86_64-linux-gnu.so" to ""
-- Installing: /home/edub/ros2_ws/install/avig_msg/lib/libavig_msg__rosidl_generator_py.so
-- Set runtime path of "/home/edub/ros2_ws/install/avig_msg/lib/libavig_msg__rosidl_generator_py.so" to ""
-- Up-to-date: /home/edub/ros2_ws/install/avig_msg/share/avig_msg/msg/AprilTagPixel.idl
-- Up-to-date: /home/edub/ros2_ws/install/avig_msg/share/avig_msg/msg/AprilTagPixelArray.idl
-- Up-to-date: /home/edub/ros2_ws/install/avig_msg/share/avig_msg/srv/Heuristica.idl
-- Up-to-date: /home/edub/ros2_ws/install/avig_msg/share/avig_msg/action/MoverA.idl
-- Up-to-date: /home/edub/ros2_ws/install/avig_msg/share/avig_msg/msg/ObjDetect.idl
-- Up-to-date: /home/edub/ros2_ws/install/avig_msg/share/avig_msg/msg/AprilTagPixel.msg
-- Up-to-date: /home/edub/ros2_ws/install/avig_msg/share/avig_msg/msg/AprilTagPixelArray.msg
-- Up-to-date: /home/edub/ros2_ws/install/avig_msg/share/avig_msg/srv/Heuristica.srv
-- Up-to-date: /home/edub/ros2_ws/install/avig_msg/share/avig_msg/srv/Heuristica_Request.msg
-- Up-to-date: /home/edub/ros2_ws/install/avig_msg/share/avig_msg/srv/Heuristica_Response.msg
-- Up-to-date: /home/edub/ros2_ws/install/avig_msg/share/avig_msg/action/MoverA.action
-- Up-to-date: /home/edub/ros2_ws/install/avig_msg/share/avig_msg/msg/ObjDetect.msg
-- Up-to-date: /home/edub/ros2_ws/install/avig_msg/share/ament_index/resource_index/package_run_dependencies/avig_msg
-- Up-to-date: /home/edub/ros2_ws/install/avig_msg/share/ament_index/resource_index/parent_prefix_path/avig_msg
-- Installing: /home/edub/ros2_ws/install/avig_msg/share/avig_msg/environment/ament_prefix_path.sh
-- Installing: /home/edub/ros2_ws/install/avig_msg/share/avig_msg/environment/ament_prefix_path.dsv
-- Installing: /home/edub/ros2_ws/install/avig_msg/share/avig_msg/environment/path.sh
-- Installing: /home/edub/ros2_ws/install/avig_msg/share/avig_msg/environment/path.dsv
-- Up-to-date: /home/edub/ros2_ws/install/avig_msg/share/avig_msg/local_setup.bash
-- Up-to-date: /home/edub/ros2_ws/install/avig_msg/share/avig_msg/local_setup.sh
-- Up-to-date: /home/edub/ros2_ws/install/avig_msg/share/avig_msg/local_setup.zsh
-- Installing: /home/edub/ros2_ws/install/avig_msg/share/avig_msg/local_setup.dsv
-- Installing: /home/edub/ros2_ws/install/avig_msg/share/avig_msg/package.dsv
-- Up-to-date: /home/edub/ros2_ws/install/avig_msg/share/ament_index/resource_index/packages/avig_msg
-- Up-to-date: /home/edub/ros2_ws/install/avig_msg/share/avig_msg/cmake/export_avig_msg__rosidl_generator_cExport.cmake
-- Up-to-date: /home/edub/ros2_ws/install/avig_msg/share/avig_msg/cmake/export_avig_msg__rosidl_generator_cExport-noconfig.cmake
-- Up-to-date: /home/edub/ros2_ws/install/avig_msg/share/avig_msg/cmake/export_avig_msg__rosidl_typesupport_fastrtps_cExport.cmake
-- Up-to-date: /home/edub/ros2_ws/install/avig_msg/share/avig_msg/cmake/export_avig_msg__rosidl_typesupport_fastrtps_cExport-noconfig.cmake
-- Up-to-date: /home/edub/ros2_ws/install/avig_msg/share/avig_msg/cmake/avig_msg__rosidl_typesupport_introspection_cExport.cmake
-- Up-to-date: /home/edub/ros2_ws/install/avig_msg/share/avig_msg/cmake/avig_msg__rosidl_typesupport_introspection_cExport-noconfig.cmake
-- Up-to-date: /home/edub/ros2_ws/install/avig_msg/share/avig_msg/cmake/avig_msg__rosidl_typesupport_cExport.cmake
-- Up-to-date: /home/edub/ros2_ws/install/avig_msg/share/avig_msg/cmake/avig_msg__rosidl_typesupport_cExport-noconfig.cmake
-- Up-to-date: /home/edub/ros2_ws/install/avig_msg/share/avig_msg/cmake/export_avig_msg__rosidl_generator_cppExport.cmake
-- Up-to-date: /home/edub/ros2_ws/install/avig_msg/share/avig_msg/cmake/export_avig_msg__rosidl_typesupport_fastrtps_cppExport.cmake
-- Up-to-date: /home/edub/ros2_ws/install/avig_msg/share/avig_msg/cmake/export_avig_msg__rosidl_typesupport_fastrtps_cppExport-noconfig.cmake
-- Up-to-date: /home/edub/ros2_ws/install/avig_msg/share/avig_msg/cmake/avig_msg__rosidl_typesupport_introspection_cppExport.cmake
-- Up-to-date: /home/edub/ros2_ws/install/avig_msg/share/avig_msg/cmake/avig_msg__rosidl_typesupport_introspection_cppExport-noconfig.cmake
-- Up-to-date: /home/edub/ros2_ws/install/avig_msg/share/avig_msg/cmake/avig_msg__rosidl_typesupport_cppExport.cmake
-- Up-to-date: /home/edub/ros2_ws/install/avig_msg/share/avig_msg/cmake/avig_msg__rosidl_typesupport_cppExport-noconfig.cmake
-- Up-to-date: /home/edub/ros2_ws/install/avig_msg/share/avig_msg/cmake/export_avig_msg__rosidl_generator_pyExport.cmake
-- Up-to-date: /home/edub/ros2_ws/install/avig_msg/share/avig_msg/cmake/export_avig_msg__rosidl_generator_pyExport-noconfig.cmake
-- Up-to-date: /home/edub/ros2_ws/install/avig_msg/share/avig_msg/cmake/rosidl_cmake-extras.cmake
-- Up-to-date: /home/edub/ros2_ws/install/avig_msg/share/avig_msg/cmake/ament_cmake_export_dependencies-extras.cmake
-- Up-to-date: /home/edub/ros2_ws/install/avig_msg/share/avig_msg/cmake/ament_cmake_export_include_directories-extras.cmake
-- Up-to-date: /home/edub/ros2_ws/install/avig_msg/share/avig_msg/cmake/ament_cmake_export_libraries-extras.cmake
-- Up-to-date: /home/edub/ros2_ws/install/avig_msg/share/avig_msg/cmake/ament_cmake_export_targets-extras.cmake
-- Up-to-date: /home/edub/ros2_ws/install/avig_msg/share/avig_msg/cmake/rosidl_cmake_export_typesupport_targets-extras.cmake
-- Up-to-date: /home/edub/ros2_ws/install/avig_msg/share/avig_msg/cmake/rosidl_cmake_export_typesupport_libraries-extras.cmake
-- Up-to-date: /home/edub/ros2_ws/install/avig_msg/share/avig_msg/cmake/avig_msgConfig.cmake
-- Up-to-date: /home/edub/ros2_ws/install/avig_msg/share/avig_msg/cmake/avig_msgConfig-version.cmake
-- Up-to-date: /home/edub/ros2_ws/install/avig_msg/share/avig_msg/package.xml
