[0.028s] Invoking command in '/home/edub/ros2_ws/build/avig_msg': CMAKE_PREFIX_PATH=${CMAKE_PREFIX_PATH}:/home/edub/ros2_ws/install/mi_pkg_python:/opt/ros/humble /usr/bin/cmake --build /home/edub/ros2_ws/build/avig_msg -- -j6 -l6
[0.218s] -- Found ament_cmake: 1.3.12 (/opt/ros/humble/share/ament_cmake/cmake)
[0.418s] -- Found rosidl_default_generators: 1.2.0 (/opt/ros/humble/share/rosidl_default_generators/cmake)
[0.423s] -- Using all available rosidl_typesupport_c: rosidl_typesupport_fastrtps_c;rosidl_typesupport_introspection_c
[0.431s] -- Found rosidl_adapter: 3.1.8 (/opt/ros/humble/share/rosidl_adapter/cmake)
[0.519s] -- Using all available rosidl_typesupport_cpp: rosidl_typesupport_fastrtps_cpp;rosidl_typesupport_introspection_cpp
[0.595s] -- Found builtin_interfaces: 1.2.2 (/opt/ros/humble/share/builtin_interfaces/cmake)
[1.004s] -- Found ament_cmake_ros: 0.10.0 (/opt/ros/humble/share/ament_cmake_ros/cmake)
[1.218s] -- Using all available rosidl_typesupport_c: rosidl_typesupport_fastrtps_c;rosidl_typesupport_introspection_c
[1.494s] -- Using all available rosidl_typesupport_cpp: rosidl_typesupport_fastrtps_cpp;rosidl_typesupport_introspection_cpp
[1.521s] -- Found python_cmake_module: 0.10.0 (/opt/ros/humble/share/python_cmake_module/cmake)
[1.545s] -- Using PYTHON_EXECUTABLE: /usr/bin/python3
[1.546s] -- Using PYTHON_INCLUDE_DIRS: /usr/include/python3.10
[1.546s] -- Using PYTHON_LIBRARIES: /usr/lib/x86_64-linux-gnu/libpython3.10.so
[1.570s] -- Found ament_lint_auto: 0.12.14 (/opt/ros/humble/share/ament_lint_auto/cmake)
[1.605s] -- Added test 'lint_cmake' to check CMake code style
[1.608s] -- Added test 'xmllint' to check XML markup files
[1.614s] -- Configuring done
[1.724s] -- Generating done
[1.753s] -- Build files have been written to: /home/edub/ros2_ws/build/avig_msg
[1.804s] [35m[1mConsolidate compiler generated dependencies of target avig_msg__rosidl_generator_c[0m
[1.805s] [  1%] Built target avig_msg__cpp
[1.831s] [35m[1mConsolidate compiler generated dependencies of target avig_msg__rosidl_typesupport_cpp[0m
[1.835s] [35m[1mConsolidate compiler generated dependencies of target avig_msg__rosidl_typesupport_introspection_cpp[0m
[1.844s] [  3%] [32mBuilding C object CMakeFiles/avig_msg__rosidl_generator_c.dir/rosidl_generator_c/avig_msg/msg/detail/april_tag_pixel__functions.c.o[0m
[1.848s] [  4%] [32mBuilding C object CMakeFiles/avig_msg__rosidl_generator_c.dir/rosidl_generator_c/avig_msg/msg/detail/april_tag_pixel_array__functions.c.o[0m
[1.859s] [35m[1mConsolidate compiler generated dependencies of target avig_msg__rosidl_typesupport_fastrtps_cpp[0m
[1.862s] [  4%] Built target ament_cmake_python_copy_avig_msg
[1.881s] [  6%] [32mBuilding CXX object CMakeFiles/avig_msg__rosidl_typesupport_introspection_cpp.dir/rosidl_typesupport_introspection_cpp/avig_msg/msg/detail/april_tag_pixel__type_support.cpp.o[0m
[1.881s] [  9%] [32mBuilding CXX object CMakeFiles/avig_msg__rosidl_typesupport_cpp.dir/rosidl_typesupport_cpp/avig_msg/msg/april_tag_pixel__type_support.cpp.o[0m
[1.881s] [  7%] [32mBuilding CXX object CMakeFiles/avig_msg__rosidl_typesupport_fastrtps_cpp.dir/rosidl_typesupport_fastrtps_cpp/avig_msg/msg/detail/dds_fastrtps/april_tag_pixel__type_support.cpp.o[0m
[2.078s] [ 11%] [32mBuilding C object CMakeFiles/avig_msg__rosidl_generator_c.dir/rosidl_generator_c/avig_msg/srv/detail/heuristica__functions.c.o[0m
[2.088s] [ 12%] [32mBuilding C object CMakeFiles/avig_msg__rosidl_generator_c.dir/rosidl_generator_c/avig_msg/action/detail/mover_a__functions.c.o[0m
[2.184s] [ 14%] [32mBuilding C object CMakeFiles/avig_msg__rosidl_generator_c.dir/rosidl_generator_c/avig_msg/msg/detail/obj_detect__functions.c.o[0m
[2.205s] running egg_info
[2.205s] writing avig_msg.egg-info/PKG-INFO
[2.205s] writing dependency_links to avig_msg.egg-info/dependency_links.txt
[2.205s] writing top-level names to avig_msg.egg-info/top_level.txt
[2.210s] reading manifest file 'avig_msg.egg-info/SOURCES.txt'
[2.213s] writing manifest file 'avig_msg.egg-info/SOURCES.txt'
[2.251s] [ 15%] [32mBuilding CXX object CMakeFiles/avig_msg__rosidl_typesupport_fastrtps_cpp.dir/rosidl_typesupport_fastrtps_cpp/avig_msg/msg/detail/dds_fastrtps/april_tag_pixel_array__type_support.cpp.o[0m
[2.264s] [ 15%] Built target ament_cmake_python_build_avig_msg_egg
[2.276s] [ 17%] [32mBuilding CXX object CMakeFiles/avig_msg__rosidl_typesupport_introspection_cpp.dir/rosidl_typesupport_introspection_cpp/avig_msg/msg/detail/april_tag_pixel_array__type_support.cpp.o[0m
[2.290s] [ 19%] [32m[1mLinking C shared library libavig_msg__rosidl_generator_c.so[0m
[2.403s] [ 20%] Built target avig_msg__rosidl_generator_c
[2.415s] [ 22%] [32mBuilding CXX object CMakeFiles/avig_msg__rosidl_typesupport_fastrtps_cpp.dir/rosidl_typesupport_fastrtps_cpp/avig_msg/srv/detail/dds_fastrtps/heuristica__type_support.cpp.o[0m
[2.542s] [ 23%] [32mBuilding CXX object CMakeFiles/avig_msg__rosidl_typesupport_cpp.dir/rosidl_typesupport_cpp/avig_msg/msg/april_tag_pixel_array__type_support.cpp.o[0m
[2.642s] [ 25%] [32mBuilding CXX object CMakeFiles/avig_msg__rosidl_typesupport_introspection_cpp.dir/rosidl_typesupport_introspection_cpp/avig_msg/srv/detail/heuristica__type_support.cpp.o[0m
[2.677s] [ 26%] [32mBuilding CXX object CMakeFiles/avig_msg__rosidl_typesupport_cpp.dir/rosidl_typesupport_cpp/avig_msg/srv/heuristica__type_support.cpp.o[0m
[2.898s] [ 28%] [32mBuilding CXX object CMakeFiles/avig_msg__rosidl_typesupport_introspection_cpp.dir/rosidl_typesupport_introspection_cpp/avig_msg/action/detail/mover_a__type_support.cpp.o[0m
[2.929s] [ 30%] [32mBuilding CXX object CMakeFiles/avig_msg__rosidl_typesupport_fastrtps_cpp.dir/rosidl_typesupport_fastrtps_cpp/avig_msg/action/detail/dds_fastrtps/mover_a__type_support.cpp.o[0m
[2.929s] [ 31%] [32mBuilding CXX object CMakeFiles/avig_msg__rosidl_typesupport_introspection_cpp.dir/rosidl_typesupport_introspection_cpp/avig_msg/msg/detail/obj_detect__type_support.cpp.o[0m
[3.042s] [ 33%] [32mBuilding CXX object CMakeFiles/avig_msg__rosidl_typesupport_fastrtps_cpp.dir/rosidl_typesupport_fastrtps_cpp/avig_msg/msg/detail/dds_fastrtps/obj_detect__type_support.cpp.o[0m
[3.043s] [ 34%] [32mBuilding CXX object CMakeFiles/avig_msg__rosidl_typesupport_cpp.dir/rosidl_typesupport_cpp/avig_msg/action/mover_a__type_support.cpp.o[0m
[3.257s] [35m[1mConsolidate compiler generated dependencies of target avig_msg__rosidl_typesupport_fastrtps_c[0m
[3.272s] [ 36%] [32mBuilding CXX object CMakeFiles/avig_msg__rosidl_typesupport_fastrtps_c.dir/rosidl_typesupport_fastrtps_c/avig_msg/msg/detail/april_tag_pixel__type_support_c.cpp.o[0m
[3.553s] [35m[1mConsolidate compiler generated dependencies of target avig_msg__rosidl_typesupport_introspection_c[0m
[3.568s] [ 38%] [32mBuilding C object CMakeFiles/avig_msg__rosidl_typesupport_introspection_c.dir/rosidl_typesupport_introspection_c/avig_msg/msg/detail/april_tag_pixel__type_support.c.o[0m
[3.653s] [ 39%] [32mBuilding C object CMakeFiles/avig_msg__rosidl_typesupport_introspection_c.dir/rosidl_typesupport_introspection_c/avig_msg/msg/detail/april_tag_pixel_array__type_support.c.o[0m
[3.753s] [ 41%] [32mBuilding C object CMakeFiles/avig_msg__rosidl_typesupport_introspection_c.dir/rosidl_typesupport_introspection_c/avig_msg/srv/detail/heuristica__type_support.c.o[0m
[3.758s] [35m[1mConsolidate compiler generated dependencies of target avig_msg__rosidl_typesupport_c[0m
[3.795s] [ 42%] [32mBuilding CXX object CMakeFiles/avig_msg__rosidl_typesupport_c.dir/rosidl_typesupport_c/avig_msg/msg/april_tag_pixel__type_support.cpp.o[0m
[3.852s] [ 44%] [32mBuilding CXX object CMakeFiles/avig_msg__rosidl_typesupport_c.dir/rosidl_typesupport_c/avig_msg/msg/april_tag_pixel_array__type_support.cpp.o[0m
[3.853s] [ 46%] [32mBuilding C object CMakeFiles/avig_msg__rosidl_typesupport_introspection_c.dir/rosidl_typesupport_introspection_c/avig_msg/action/detail/mover_a__type_support.c.o[0m
[3.857s] [ 47%] [32mBuilding CXX object CMakeFiles/avig_msg__rosidl_typesupport_cpp.dir/rosidl_typesupport_cpp/avig_msg/msg/obj_detect__type_support.cpp.o[0m
[3.912s] [ 49%] [32mBuilding CXX object CMakeFiles/avig_msg__rosidl_typesupport_c.dir/rosidl_typesupport_c/avig_msg/srv/heuristica__type_support.cpp.o[0m
[3.942s] [ 50%] [32mBuilding C object CMakeFiles/avig_msg__rosidl_typesupport_introspection_c.dir/rosidl_typesupport_introspection_c/avig_msg/msg/detail/obj_detect__type_support.c.o[0m
[3.943s] [ 52%] [32mBuilding CXX object CMakeFiles/avig_msg__rosidl_typesupport_c.dir/rosidl_typesupport_c/avig_msg/action/mover_a__type_support.cpp.o[0m
[3.986s] [ 53%] [32mBuilding CXX object CMakeFiles/avig_msg__rosidl_typesupport_fastrtps_c.dir/rosidl_typesupport_fastrtps_c/avig_msg/msg/detail/april_tag_pixel_array__type_support_c.cpp.o[0m
[3.986s] [ 55%] [32m[1mLinking C shared library libavig_msg__rosidl_typesupport_introspection_c.so[0m
[3.992s] [ 57%] [32m[1mLinking CXX shared library libavig_msg__rosidl_typesupport_introspection_cpp.so[0m
[4.011s] [ 58%] [32mBuilding CXX object CMakeFiles/avig_msg__rosidl_typesupport_c.dir/rosidl_typesupport_c/avig_msg/msg/obj_detect__type_support.cpp.o[0m
[4.022s] [ 60%] [32m[1mLinking CXX shared library libavig_msg__rosidl_typesupport_fastrtps_cpp.so[0m
[4.035s] [ 61%] Built target avig_msg__rosidl_typesupport_introspection_c
[4.047s] [ 63%] [32mBuilding CXX object CMakeFiles/avig_msg__rosidl_typesupport_fastrtps_c.dir/rosidl_typesupport_fastrtps_c/avig_msg/srv/detail/heuristica__type_support_c.cpp.o[0m
[4.048s] [ 65%] [32m[1mLinking CXX shared library libavig_msg__rosidl_typesupport_c.so[0m
[4.119s] [ 66%] Built target avig_msg__rosidl_typesupport_c
[4.130s] [ 68%] [32mBuilding CXX object CMakeFiles/avig_msg__rosidl_typesupport_fastrtps_c.dir/rosidl_typesupport_fastrtps_c/avig_msg/action/detail/mover_a__type_support_c.cpp.o[0m
[4.130s] [ 69%] Built target avig_msg__rosidl_typesupport_introspection_cpp
[4.140s] [ 71%] [32mBuilding CXX object CMakeFiles/avig_msg__rosidl_typesupport_fastrtps_c.dir/rosidl_typesupport_fastrtps_c/avig_msg/msg/detail/obj_detect__type_support_c.cpp.o[0m
[4.141s] [ 73%] Built target avig_msg__rosidl_typesupport_fastrtps_cpp
[4.228s] [ 74%] [32m[1mLinking CXX shared library libavig_msg__rosidl_typesupport_cpp.so[0m
[4.293s] [ 76%] Built target avig_msg__rosidl_typesupport_cpp
[4.599s] [ 77%] [32m[1mLinking CXX shared library libavig_msg__rosidl_typesupport_fastrtps_c.so[0m
[4.714s] [ 79%] Built target avig_msg__rosidl_typesupport_fastrtps_c
[4.738s] [ 79%] Built target avig_msg
[4.761s] [ 80%] Built target avig_msg__py
[4.778s] [35m[1mConsolidate compiler generated dependencies of target avig_msg__rosidl_generator_py[0m
[4.799s] [ 82%] [32mBuilding C object CMakeFiles/avig_msg__rosidl_generator_py.dir/rosidl_generator_py/avig_msg/srv/_heuristica_s.c.o[0m
[4.800s] [ 84%] [32mBuilding C object CMakeFiles/avig_msg__rosidl_generator_py.dir/rosidl_generator_py/avig_msg/msg/_april_tag_pixel_array_s.c.o[0m
[4.800s] [ 85%] [32mBuilding C object CMakeFiles/avig_msg__rosidl_generator_py.dir/rosidl_generator_py/avig_msg/msg/_april_tag_pixel_s.c.o[0m
[4.800s] [ 87%] [32mBuilding C object CMakeFiles/avig_msg__rosidl_generator_py.dir/rosidl_generator_py/avig_msg/action/_mover_a_s.c.o[0m
[4.801s] [ 88%] [32mBuilding C object CMakeFiles/avig_msg__rosidl_generator_py.dir/rosidl_generator_py/avig_msg/msg/_obj_detect_s.c.o[0m
[5.122s] [ 90%] [32m[1mLinking C shared library rosidl_generator_py/avig_msg/libavig_msg__rosidl_generator_py.so[0m
[5.176s] [ 90%] Built target avig_msg__rosidl_generator_py
[5.192s] [35m[1mConsolidate compiler generated dependencies of target avig_msg__rosidl_typesupport_fastrtps_c__pyext[0m
[5.192s] [35m[1mConsolidate compiler generated dependencies of target avig_msg__rosidl_typesupport_c__pyext[0m
[5.193s] [35m[1mConsolidate compiler generated dependencies of target avig_msg__rosidl_typesupport_introspection_c__pyext[0m
[5.206s] [ 93%] [32mBuilding C object CMakeFiles/avig_msg__rosidl_typesupport_fastrtps_c__pyext.dir/rosidl_generator_py/avig_msg/_avig_msg_s.ep.rosidl_typesupport_fastrtps_c.c.o[0m
[5.206s] [ 93%] [32mBuilding C object CMakeFiles/avig_msg__rosidl_typesupport_c__pyext.dir/rosidl_generator_py/avig_msg/_avig_msg_s.ep.rosidl_typesupport_c.c.o[0m
[5.206s] [ 95%] [32mBuilding C object CMakeFiles/avig_msg__rosidl_typesupport_introspection_c__pyext.dir/rosidl_generator_py/avig_msg/_avig_msg_s.ep.rosidl_typesupport_introspection_c.c.o[0m
[5.376s] [ 96%] [32m[1mLinking C shared library rosidl_generator_py/avig_msg/avig_msg_s__rosidl_typesupport_fastrtps_c.cpython-310-x86_64-linux-gnu.so[0m
[5.379s] [ 98%] [32m[1mLinking C shared library rosidl_generator_py/avig_msg/avig_msg_s__rosidl_typesupport_c.cpython-310-x86_64-linux-gnu.so[0m
[5.379s] [100%] [32m[1mLinking C shared library rosidl_generator_py/avig_msg/avig_msg_s__rosidl_typesupport_introspection_c.cpython-310-x86_64-linux-gnu.so[0m
[5.423s] [100%] Built target avig_msg__rosidl_typesupport_fastrtps_c__pyext
[5.424s] [100%] Built target avig_msg__rosidl_typesupport_introspection_c__pyext
[5.433s] [100%] Built target avig_msg__rosidl_typesupport_c__pyext
[5.445s] Invoked command in '/home/edub/ros2_ws/build/avig_msg' returned '0': CMAKE_PREFIX_PATH=${CMAKE_PREFIX_PATH}:/home/edub/ros2_ws/install/mi_pkg_python:/opt/ros/humble /usr/bin/cmake --build /home/edub/ros2_ws/build/avig_msg -- -j6 -l6
[5.466s] Invoking command in '/home/edub/ros2_ws/build/avig_msg': CMAKE_PREFIX_PATH=${CMAKE_PREFIX_PATH}:/home/edub/ros2_ws/install/mi_pkg_python:/opt/ros/humble /usr/bin/cmake --install /home/edub/ros2_ws/build/avig_msg
[5.475s] -- Install configuration: ""
[5.477s] -- Up-to-date: /home/edub/ros2_ws/install/avig_msg/share/ament_index/resource_index/rosidl_interfaces/avig_msg
[5.478s] -- Up-to-date: /home/edub/ros2_ws/install/avig_msg/include/avig_msg/avig_msg
[5.478s] -- Up-to-date: /home/edub/ros2_ws/install/avig_msg/include/avig_msg/avig_msg/action
[5.479s] -- Up-to-date: /home/edub/ros2_ws/install/avig_msg/include/avig_msg/avig_msg/action/detail
[5.480s] -- Up-to-date: /home/edub/ros2_ws/install/avig_msg/include/avig_msg/avig_msg/action/detail/mover_a__functions.h
[5.480s] -- Up-to-date: /home/edub/ros2_ws/install/avig_msg/include/avig_msg/avig_msg/action/detail/mover_a__functions.c
[5.480s] -- Up-to-date: /home/edub/ros2_ws/install/avig_msg/include/avig_msg/avig_msg/action/detail/mover_a__type_support.h
[5.480s] -- Up-to-date: /home/edub/ros2_ws/install/avig_msg/include/avig_msg/avig_msg/action/detail/mover_a__struct.h
[5.480s] -- Up-to-date: /home/edub/ros2_ws/install/avig_msg/include/avig_msg/avig_msg/action/mover_a.h
[5.480s] -- Up-to-date: /home/edub/ros2_ws/install/avig_msg/include/avig_msg/avig_msg/srv
[5.481s] -- Up-to-date: /home/edub/ros2_ws/install/avig_msg/include/avig_msg/avig_msg/srv/detail
[5.481s] -- Up-to-date: /home/edub/ros2_ws/install/avig_msg/include/avig_msg/avig_msg/srv/detail/heuristica__functions.h
[5.481s] -- Up-to-date: /home/edub/ros2_ws/install/avig_msg/include/avig_msg/avig_msg/srv/detail/heuristica__struct.h
[5.481s] -- Up-to-date: /home/edub/ros2_ws/install/avig_msg/include/avig_msg/avig_msg/srv/detail/heuristica__functions.c
[5.481s] -- Up-to-date: /home/edub/ros2_ws/install/avig_msg/include/avig_msg/avig_msg/srv/detail/heuristica__type_support.h
[5.482s] -- Up-to-date: /home/edub/ros2_ws/install/avig_msg/include/avig_msg/avig_msg/srv/heuristica.h
[5.482s] -- Up-to-date: /home/edub/ros2_ws/install/avig_msg/include/avig_msg/avig_msg/msg
[5.482s] -- Up-to-date: /home/edub/ros2_ws/install/avig_msg/include/avig_msg/avig_msg/msg/detail
[5.482s] -- Up-to-date: /home/edub/ros2_ws/install/avig_msg/include/avig_msg/avig_msg/msg/detail/april_tag_pixel_array__functions.c
[5.483s] -- Up-to-date: /home/edub/ros2_ws/install/avig_msg/include/avig_msg/avig_msg/msg/detail/april_tag_pixel_array__struct.h
[5.483s] -- Up-to-date: /home/edub/ros2_ws/install/avig_msg/include/avig_msg/avig_msg/msg/detail/obj_detect__struct.h
[5.483s] -- Up-to-date: /home/edub/ros2_ws/install/avig_msg/include/avig_msg/avig_msg/msg/detail/obj_detect__functions.h
[5.483s] -- Up-to-date: /home/edub/ros2_ws/install/avig_msg/include/avig_msg/avig_msg/msg/detail/obj_detect__type_support.h
[5.483s] -- Up-to-date: /home/edub/ros2_ws/install/avig_msg/include/avig_msg/avig_msg/msg/detail/april_tag_pixel__functions.c
[5.483s] -- Up-to-date: /home/edub/ros2_ws/install/avig_msg/include/avig_msg/avig_msg/msg/detail/april_tag_pixel__struct.h
[5.483s] -- Up-to-date: /home/edub/ros2_ws/install/avig_msg/include/avig_msg/avig_msg/msg/detail/april_tag_pixel_array__functions.h
[5.483s] -- Up-to-date: /home/edub/ros2_ws/install/avig_msg/include/avig_msg/avig_msg/msg/detail/april_tag_pixel_array__type_support.h
[5.483s] -- Up-to-date: /home/edub/ros2_ws/install/avig_msg/include/avig_msg/avig_msg/msg/detail/april_tag_pixel__type_support.h
[5.483s] -- Up-to-date: /home/edub/ros2_ws/install/avig_msg/include/avig_msg/avig_msg/msg/detail/obj_detect__functions.c
[5.484s] -- Up-to-date: /home/edub/ros2_ws/install/avig_msg/include/avig_msg/avig_msg/msg/detail/april_tag_pixel__functions.h
[5.484s] -- Up-to-date: /home/edub/ros2_ws/install/avig_msg/include/avig_msg/avig_msg/msg/april_tag_pixel.h
[5.484s] -- Up-to-date: /home/edub/ros2_ws/install/avig_msg/include/avig_msg/avig_msg/msg/april_tag_pixel_array.h
[5.484s] -- Up-to-date: /home/edub/ros2_ws/install/avig_msg/include/avig_msg/avig_msg/msg/obj_detect.h
[5.484s] -- Up-to-date: /home/edub/ros2_ws/install/avig_msg/include/avig_msg/avig_msg/msg/rosidl_generator_c__visibility_control.h
[5.484s] -- Installing: /home/edub/ros2_ws/install/avig_msg/share/avig_msg/environment/library_path.sh
[5.484s] -- Installing: /home/edub/ros2_ws/install/avig_msg/share/avig_msg/environment/library_path.dsv
[5.485s] -- Installing: /home/edub/ros2_ws/install/avig_msg/lib/libavig_msg__rosidl_generator_c.so
[5.486s] -- Set runtime path of "/home/edub/ros2_ws/install/avig_msg/lib/libavig_msg__rosidl_generator_c.so" to ""
[5.487s] -- Up-to-date: /home/edub/ros2_ws/install/avig_msg/include/avig_msg/avig_msg
[5.487s] -- Up-to-date: /home/edub/ros2_ws/install/avig_msg/include/avig_msg/avig_msg/action
[5.487s] -- Up-to-date: /home/edub/ros2_ws/install/avig_msg/include/avig_msg/avig_msg/action/detail
[5.487s] -- Up-to-date: /home/edub/ros2_ws/install/avig_msg/include/avig_msg/avig_msg/action/detail/mover_a__rosidl_typesupport_fastrtps_c.h
[5.487s] -- Up-to-date: /home/edub/ros2_ws/install/avig_msg/include/avig_msg/avig_msg/srv
[5.487s] -- Up-to-date: /home/edub/ros2_ws/install/avig_msg/include/avig_msg/avig_msg/srv/detail
[5.487s] -- Up-to-date: /home/edub/ros2_ws/install/avig_msg/include/avig_msg/avig_msg/srv/detail/heuristica__rosidl_typesupport_fastrtps_c.h
[5.487s] -- Up-to-date: /home/edub/ros2_ws/install/avig_msg/include/avig_msg/avig_msg/msg
[5.488s] -- Up-to-date: /home/edub/ros2_ws/install/avig_msg/include/avig_msg/avig_msg/msg/detail
[5.488s] -- Up-to-date: /home/edub/ros2_ws/install/avig_msg/include/avig_msg/avig_msg/msg/detail/april_tag_pixel_array__rosidl_typesupport_fastrtps_c.h
[5.488s] -- Up-to-date: /home/edub/ros2_ws/install/avig_msg/include/avig_msg/avig_msg/msg/detail/obj_detect__rosidl_typesupport_fastrtps_c.h
[5.488s] -- Up-to-date: /home/edub/ros2_ws/install/avig_msg/include/avig_msg/avig_msg/msg/detail/april_tag_pixel__rosidl_typesupport_fastrtps_c.h
[5.488s] -- Up-to-date: /home/edub/ros2_ws/install/avig_msg/include/avig_msg/avig_msg/msg/rosidl_typesupport_fastrtps_c__visibility_control.h
[5.488s] -- Installing: /home/edub/ros2_ws/install/avig_msg/lib/libavig_msg__rosidl_typesupport_fastrtps_c.so
[5.490s] -- Set runtime path of "/home/edub/ros2_ws/install/avig_msg/lib/libavig_msg__rosidl_typesupport_fastrtps_c.so" to ""
[5.490s] -- Up-to-date: /home/edub/ros2_ws/install/avig_msg/include/avig_msg/avig_msg
[5.490s] -- Up-to-date: /home/edub/ros2_ws/install/avig_msg/include/avig_msg/avig_msg/action
[5.490s] -- Up-to-date: /home/edub/ros2_ws/install/avig_msg/include/avig_msg/avig_msg/action/detail
[5.490s] -- Up-to-date: /home/edub/ros2_ws/install/avig_msg/include/avig_msg/avig_msg/action/detail/mover_a__rosidl_typesupport_introspection_c.h
[5.490s] -- Up-to-date: /home/edub/ros2_ws/install/avig_msg/include/avig_msg/avig_msg/action/detail/mover_a__type_support.c
[5.490s] -- Up-to-date: /home/edub/ros2_ws/install/avig_msg/include/avig_msg/avig_msg/srv
[5.490s] -- Up-to-date: /home/edub/ros2_ws/install/avig_msg/include/avig_msg/avig_msg/srv/detail
[5.490s] -- Up-to-date: /home/edub/ros2_ws/install/avig_msg/include/avig_msg/avig_msg/srv/detail/heuristica__rosidl_typesupport_introspection_c.h
[5.491s] -- Up-to-date: /home/edub/ros2_ws/install/avig_msg/include/avig_msg/avig_msg/srv/detail/heuristica__type_support.c
[5.491s] -- Up-to-date: /home/edub/ros2_ws/install/avig_msg/include/avig_msg/avig_msg/msg
[5.491s] -- Up-to-date: /home/edub/ros2_ws/install/avig_msg/include/avig_msg/avig_msg/msg/rosidl_typesupport_introspection_c__visibility_control.h
[5.491s] -- Up-to-date: /home/edub/ros2_ws/install/avig_msg/include/avig_msg/avig_msg/msg/detail
[5.491s] -- Up-to-date: /home/edub/ros2_ws/install/avig_msg/include/avig_msg/avig_msg/msg/detail/april_tag_pixel_array__type_support.c
[5.491s] -- Up-to-date: /home/edub/ros2_ws/install/avig_msg/include/avig_msg/avig_msg/msg/detail/obj_detect__rosidl_typesupport_introspection_c.h
[5.491s] -- Up-to-date: /home/edub/ros2_ws/install/avig_msg/include/avig_msg/avig_msg/msg/detail/april_tag_pixel__rosidl_typesupport_introspection_c.h
[5.491s] -- Up-to-date: /home/edub/ros2_ws/install/avig_msg/include/avig_msg/avig_msg/msg/detail/april_tag_pixel__type_support.c
[5.492s] -- Up-to-date: /home/edub/ros2_ws/install/avig_msg/include/avig_msg/avig_msg/msg/detail/april_tag_pixel_array__rosidl_typesupport_introspection_c.h
[5.492s] -- Up-to-date: /home/edub/ros2_ws/install/avig_msg/include/avig_msg/avig_msg/msg/detail/obj_detect__type_support.c
[5.493s] -- Installing: /home/edub/ros2_ws/install/avig_msg/lib/libavig_msg__rosidl_typesupport_introspection_c.so
[5.493s] -- Set runtime path of "/home/edub/ros2_ws/install/avig_msg/lib/libavig_msg__rosidl_typesupport_introspection_c.so" to ""
[5.496s] -- Installing: /home/edub/ros2_ws/install/avig_msg/lib/libavig_msg__rosidl_typesupport_c.so
[5.496s] -- Set runtime path of "/home/edub/ros2_ws/install/avig_msg/lib/libavig_msg__rosidl_typesupport_c.so" to ""
[5.496s] -- Up-to-date: /home/edub/ros2_ws/install/avig_msg/include/avig_msg/avig_msg
[5.496s] -- Up-to-date: /home/edub/ros2_ws/install/avig_msg/include/avig_msg/avig_msg/action
[5.496s] -- Up-to-date: /home/edub/ros2_ws/install/avig_msg/include/avig_msg/avig_msg/action/mover_a.hpp
[5.496s] -- Up-to-date: /home/edub/ros2_ws/install/avig_msg/include/avig_msg/avig_msg/action/detail
[5.496s] -- Up-to-date: /home/edub/ros2_ws/install/avig_msg/include/avig_msg/avig_msg/action/detail/mover_a__struct.hpp
[5.496s] -- Up-to-date: /home/edub/ros2_ws/install/avig_msg/include/avig_msg/avig_msg/action/detail/mover_a__traits.hpp
[5.496s] -- Up-to-date: /home/edub/ros2_ws/install/avig_msg/include/avig_msg/avig_msg/action/detail/mover_a__type_support.hpp
[5.496s] -- Up-to-date: /home/edub/ros2_ws/install/avig_msg/include/avig_msg/avig_msg/action/detail/mover_a__builder.hpp
[5.496s] -- Up-to-date: /home/edub/ros2_ws/install/avig_msg/include/avig_msg/avig_msg/srv
[5.496s] -- Up-to-date: /home/edub/ros2_ws/install/avig_msg/include/avig_msg/avig_msg/srv/detail
[5.496s] -- Up-to-date: /home/edub/ros2_ws/install/avig_msg/include/avig_msg/avig_msg/srv/detail/heuristica__traits.hpp
[5.497s] -- Up-to-date: /home/edub/ros2_ws/install/avig_msg/include/avig_msg/avig_msg/srv/detail/heuristica__struct.hpp
[5.497s] -- Up-to-date: /home/edub/ros2_ws/install/avig_msg/include/avig_msg/avig_msg/srv/detail/heuristica__builder.hpp
[5.497s] -- Up-to-date: /home/edub/ros2_ws/install/avig_msg/include/avig_msg/avig_msg/srv/detail/heuristica__type_support.hpp
[5.497s] -- Up-to-date: /home/edub/ros2_ws/install/avig_msg/include/avig_msg/avig_msg/srv/heuristica.hpp
[5.497s] -- Up-to-date: /home/edub/ros2_ws/install/avig_msg/include/avig_msg/avig_msg/msg
[5.497s] -- Up-to-date: /home/edub/ros2_ws/install/avig_msg/include/avig_msg/avig_msg/msg/april_tag_pixel_array.hpp
[5.497s] -- Up-to-date: /home/edub/ros2_ws/install/avig_msg/include/avig_msg/avig_msg/msg/obj_detect.hpp
[5.497s] -- Up-to-date: /home/edub/ros2_ws/install/avig_msg/include/avig_msg/avig_msg/msg/rosidl_generator_cpp__visibility_control.hpp
[5.497s] -- Up-to-date: /home/edub/ros2_ws/install/avig_msg/include/avig_msg/avig_msg/msg/detail
[5.497s] -- Up-to-date: /home/edub/ros2_ws/install/avig_msg/include/avig_msg/avig_msg/msg/detail/april_tag_pixel_array__type_support.hpp
[5.498s] -- Up-to-date: /home/edub/ros2_ws/install/avig_msg/include/avig_msg/avig_msg/msg/detail/april_tag_pixel_array__traits.hpp
[5.498s] -- Up-to-date: /home/edub/ros2_ws/install/avig_msg/include/avig_msg/avig_msg/msg/detail/april_tag_pixel_array__builder.hpp
[5.498s] -- Up-to-date: /home/edub/ros2_ws/install/avig_msg/include/avig_msg/avig_msg/msg/detail/april_tag_pixel_array__struct.hpp
[5.498s] -- Up-to-date: /home/edub/ros2_ws/install/avig_msg/include/avig_msg/avig_msg/msg/detail/obj_detect__builder.hpp
[5.498s] -- Up-to-date: /home/edub/ros2_ws/install/avig_msg/include/avig_msg/avig_msg/msg/detail/obj_detect__struct.hpp
[5.498s] -- Up-to-date: /home/edub/ros2_ws/install/avig_msg/include/avig_msg/avig_msg/msg/detail/april_tag_pixel__builder.hpp
[5.498s] -- Up-to-date: /home/edub/ros2_ws/install/avig_msg/include/avig_msg/avig_msg/msg/detail/obj_detect__type_support.hpp
[5.498s] -- Up-to-date: /home/edub/ros2_ws/install/avig_msg/include/avig_msg/avig_msg/msg/detail/obj_detect__traits.hpp
[5.498s] -- Up-to-date: /home/edub/ros2_ws/install/avig_msg/include/avig_msg/avig_msg/msg/detail/april_tag_pixel__traits.hpp
[5.498s] -- Up-to-date: /home/edub/ros2_ws/install/avig_msg/include/avig_msg/avig_msg/msg/detail/april_tag_pixel__struct.hpp
[5.499s] -- Up-to-date: /home/edub/ros2_ws/install/avig_msg/include/avig_msg/avig_msg/msg/detail/april_tag_pixel__type_support.hpp
[5.499s] -- Up-to-date: /home/edub/ros2_ws/install/avig_msg/include/avig_msg/avig_msg/msg/april_tag_pixel.hpp
[5.499s] -- Up-to-date: /home/edub/ros2_ws/install/avig_msg/include/avig_msg/avig_msg
[5.499s] -- Up-to-date: /home/edub/ros2_ws/install/avig_msg/include/avig_msg/avig_msg/action
[5.499s] -- Up-to-date: /home/edub/ros2_ws/install/avig_msg/include/avig_msg/avig_msg/action/detail
[5.499s] -- Up-to-date: /home/edub/ros2_ws/install/avig_msg/include/avig_msg/avig_msg/action/detail/dds_fastrtps
[5.499s] -- Installing: /home/edub/ros2_ws/install/avig_msg/include/avig_msg/avig_msg/action/detail/mover_a__rosidl_typesupport_fastrtps_cpp.hpp
[5.499s] -- Up-to-date: /home/edub/ros2_ws/install/avig_msg/include/avig_msg/avig_msg/srv
[5.499s] -- Up-to-date: /home/edub/ros2_ws/install/avig_msg/include/avig_msg/avig_msg/srv/detail
[5.500s] -- Up-to-date: /home/edub/ros2_ws/install/avig_msg/include/avig_msg/avig_msg/srv/detail/dds_fastrtps
[5.500s] -- Up-to-date: /home/edub/ros2_ws/install/avig_msg/include/avig_msg/avig_msg/srv/detail/heuristica__rosidl_typesupport_fastrtps_cpp.hpp
[5.500s] -- Up-to-date: /home/edub/ros2_ws/install/avig_msg/include/avig_msg/avig_msg/msg
[5.500s] -- Up-to-date: /home/edub/ros2_ws/install/avig_msg/include/avig_msg/avig_msg/msg/rosidl_typesupport_fastrtps_cpp__visibility_control.h
[5.500s] -- Up-to-date: /home/edub/ros2_ws/install/avig_msg/include/avig_msg/avig_msg/msg/detail
[5.500s] -- Installing: /home/edub/ros2_ws/install/avig_msg/include/avig_msg/avig_msg/msg/detail/april_tag_pixel__rosidl_typesupport_fastrtps_cpp.hpp
[5.500s] -- Up-to-date: /home/edub/ros2_ws/install/avig_msg/include/avig_msg/avig_msg/msg/detail/dds_fastrtps
[5.500s] -- Installing: /home/edub/ros2_ws/install/avig_msg/include/avig_msg/avig_msg/msg/detail/april_tag_pixel_array__rosidl_typesupport_fastrtps_cpp.hpp
[5.500s] -- Up-to-date: /home/edub/ros2_ws/install/avig_msg/include/avig_msg/avig_msg/msg/detail/obj_detect__rosidl_typesupport_fastrtps_cpp.hpp
[5.500s] -- Installing: /home/edub/ros2_ws/install/avig_msg/lib/libavig_msg__rosidl_typesupport_fastrtps_cpp.so
[5.500s] -- Set runtime path of "/home/edub/ros2_ws/install/avig_msg/lib/libavig_msg__rosidl_typesupport_fastrtps_cpp.so" to ""
[5.500s] -- Up-to-date: /home/edub/ros2_ws/install/avig_msg/include/avig_msg/avig_msg
[5.500s] -- Up-to-date: /home/edub/ros2_ws/install/avig_msg/include/avig_msg/avig_msg/action
[5.500s] -- Up-to-date: /home/edub/ros2_ws/install/avig_msg/include/avig_msg/avig_msg/action/detail
[5.500s] -- Up-to-date: /home/edub/ros2_ws/install/avig_msg/include/avig_msg/avig_msg/action/detail/mover_a__rosidl_typesupport_introspection_cpp.hpp
[5.500s] -- Up-to-date: /home/edub/ros2_ws/install/avig_msg/include/avig_msg/avig_msg/action/detail/mover_a__type_support.cpp
[5.500s] -- Up-to-date: /home/edub/ros2_ws/install/avig_msg/include/avig_msg/avig_msg/srv
[5.500s] -- Up-to-date: /home/edub/ros2_ws/install/avig_msg/include/avig_msg/avig_msg/srv/detail
[5.501s] -- Up-to-date: /home/edub/ros2_ws/install/avig_msg/include/avig_msg/avig_msg/srv/detail/heuristica__rosidl_typesupport_introspection_cpp.hpp
[5.501s] -- Up-to-date: /home/edub/ros2_ws/install/avig_msg/include/avig_msg/avig_msg/srv/detail/heuristica__type_support.cpp
[5.501s] -- Up-to-date: /home/edub/ros2_ws/install/avig_msg/include/avig_msg/avig_msg/msg
[5.501s] -- Up-to-date: /home/edub/ros2_ws/install/avig_msg/include/avig_msg/avig_msg/msg/detail
[5.501s] -- Up-to-date: /home/edub/ros2_ws/install/avig_msg/include/avig_msg/avig_msg/msg/detail/april_tag_pixel_array__type_support.cpp
[5.501s] -- Up-to-date: /home/edub/ros2_ws/install/avig_msg/include/avig_msg/avig_msg/msg/detail/april_tag_pixel_array__rosidl_typesupport_introspection_cpp.hpp
[5.501s] -- Up-to-date: /home/edub/ros2_ws/install/avig_msg/include/avig_msg/avig_msg/msg/detail/april_tag_pixel__type_support.cpp
[5.501s] -- Up-to-date: /home/edub/ros2_ws/install/avig_msg/include/avig_msg/avig_msg/msg/detail/april_tag_pixel__rosidl_typesupport_introspection_cpp.hpp
[5.501s] -- Up-to-date: /home/edub/ros2_ws/install/avig_msg/include/avig_msg/avig_msg/msg/detail/obj_detect__rosidl_typesupport_introspection_cpp.hpp
[5.501s] -- Up-to-date: /home/edub/ros2_ws/install/avig_msg/include/avig_msg/avig_msg/msg/detail/obj_detect__type_support.cpp
[5.501s] -- Installing: /home/edub/ros2_ws/install/avig_msg/lib/libavig_msg__rosidl_typesupport_introspection_cpp.so
[5.502s] -- Set runtime path of "/home/edub/ros2_ws/install/avig_msg/lib/libavig_msg__rosidl_typesupport_introspection_cpp.so" to ""
[5.508s] -- Installing: /home/edub/ros2_ws/install/avig_msg/lib/libavig_msg__rosidl_typesupport_cpp.so
[5.508s] -- Set runtime path of "/home/edub/ros2_ws/install/avig_msg/lib/libavig_msg__rosidl_typesupport_cpp.so" to ""
[5.508s] -- Up-to-date: /home/edub/ros2_ws/install/avig_msg/share/avig_msg/environment/pythonpath.sh
[5.508s] -- Installing: /home/edub/ros2_ws/install/avig_msg/share/avig_msg/environment/pythonpath.dsv
[5.508s] -- Up-to-date: /home/edub/ros2_ws/install/avig_msg/local/lib/python3.10/dist-packages/avig_msg-0.0.0-py3.10.egg-info
[5.508s] -- Installing: /home/edub/ros2_ws/install/avig_msg/local/lib/python3.10/dist-packages/avig_msg-0.0.0-py3.10.egg-info/dependency_links.txt
[5.508s] -- Installing: /home/edub/ros2_ws/install/avig_msg/local/lib/python3.10/dist-packages/avig_msg-0.0.0-py3.10.egg-info/PKG-INFO
[5.508s] -- Installing: /home/edub/ros2_ws/install/avig_msg/local/lib/python3.10/dist-packages/avig_msg-0.0.0-py3.10.egg-info/top_level.txt
[5.508s] -- Installing: /home/edub/ros2_ws/install/avig_msg/local/lib/python3.10/dist-packages/avig_msg-0.0.0-py3.10.egg-info/SOURCES.txt
[5.509s] -- Up-to-date: /home/edub/ros2_ws/install/avig_msg/local/lib/python3.10/dist-packages/avig_msg
[5.509s] -- Up-to-date: /home/edub/ros2_ws/install/avig_msg/local/lib/python3.10/dist-packages/avig_msg/action
[5.509s] -- Up-to-date: /home/edub/ros2_ws/install/avig_msg/local/lib/python3.10/dist-packages/avig_msg/action/_mover_a.py
[5.509s] -- Up-to-date: /home/edub/ros2_ws/install/avig_msg/local/lib/python3.10/dist-packages/avig_msg/action/_mover_a_s.c
[5.509s] -- Up-to-date: /home/edub/ros2_ws/install/avig_msg/local/lib/python3.10/dist-packages/avig_msg/action/__init__.py
[5.509s] -- Installing: /home/edub/ros2_ws/install/avig_msg/local/lib/python3.10/dist-packages/avig_msg/avig_msg_s__rosidl_typesupport_introspection_c.cpython-310-x86_64-linux-gnu.so
[5.509s] -- Up-to-date: /home/edub/ros2_ws/install/avig_msg/local/lib/python3.10/dist-packages/avig_msg/srv
[5.509s] -- Up-to-date: /home/edub/ros2_ws/install/avig_msg/local/lib/python3.10/dist-packages/avig_msg/srv/_heuristica_s.c
[5.510s] -- Up-to-date: /home/edub/ros2_ws/install/avig_msg/local/lib/python3.10/dist-packages/avig_msg/srv/_heuristica.py
[5.510s] -- Up-to-date: /home/edub/ros2_ws/install/avig_msg/local/lib/python3.10/dist-packages/avig_msg/srv/__init__.py
[5.510s] -- Installing: /home/edub/ros2_ws/install/avig_msg/local/lib/python3.10/dist-packages/avig_msg/avig_msg_s__rosidl_typesupport_c.cpython-310-x86_64-linux-gnu.so
[5.510s] -- Installing: /home/edub/ros2_ws/install/avig_msg/local/lib/python3.10/dist-packages/avig_msg/avig_msg_s__rosidl_typesupport_fastrtps_c.cpython-310-x86_64-linux-gnu.so
[5.510s] -- Up-to-date: /home/edub/ros2_ws/install/avig_msg/local/lib/python3.10/dist-packages/avig_msg/_avig_msg_s.ep.rosidl_typesupport_fastrtps_c.c
[5.510s] -- Up-to-date: /home/edub/ros2_ws/install/avig_msg/local/lib/python3.10/dist-packages/avig_msg/_avig_msg_s.ep.rosidl_typesupport_c.c
[5.510s] -- Installing: /home/edub/ros2_ws/install/avig_msg/local/lib/python3.10/dist-packages/avig_msg/libavig_msg__rosidl_generator_py.so
[5.510s] -- Up-to-date: /home/edub/ros2_ws/install/avig_msg/local/lib/python3.10/dist-packages/avig_msg/msg
[5.510s] -- Up-to-date: /home/edub/ros2_ws/install/avig_msg/local/lib/python3.10/dist-packages/avig_msg/msg/_april_tag_pixel_array.py
[5.510s] -- Up-to-date: /home/edub/ros2_ws/install/avig_msg/local/lib/python3.10/dist-packages/avig_msg/msg/_obj_detect_s.c
[5.510s] -- Up-to-date: /home/edub/ros2_ws/install/avig_msg/local/lib/python3.10/dist-packages/avig_msg/msg/_obj_detect.py
[5.510s] -- Up-to-date: /home/edub/ros2_ws/install/avig_msg/local/lib/python3.10/dist-packages/avig_msg/msg/_april_tag_pixel_array_s.c
[5.510s] -- Up-to-date: /home/edub/ros2_ws/install/avig_msg/local/lib/python3.10/dist-packages/avig_msg/msg/_april_tag_pixel.py
[5.511s] -- Up-to-date: /home/edub/ros2_ws/install/avig_msg/local/lib/python3.10/dist-packages/avig_msg/msg/__init__.py
[5.511s] -- Up-to-date: /home/edub/ros2_ws/install/avig_msg/local/lib/python3.10/dist-packages/avig_msg/msg/_april_tag_pixel_s.c
[5.511s] -- Installing: /home/edub/ros2_ws/install/avig_msg/local/lib/python3.10/dist-packages/avig_msg/__init__.py
[5.511s] -- Up-to-date: /home/edub/ros2_ws/install/avig_msg/local/lib/python3.10/dist-packages/avig_msg/_avig_msg_s.ep.rosidl_typesupport_introspection_c.c
[5.569s] Listing '/home/edub/ros2_ws/install/avig_msg/local/lib/python3.10/dist-packages/avig_msg'...
[5.569s] Compiling '/home/edub/ros2_ws/install/avig_msg/local/lib/python3.10/dist-packages/avig_msg/__init__.py'...
[5.569s] Listing '/home/edub/ros2_ws/install/avig_msg/local/lib/python3.10/dist-packages/avig_msg/action'...
[5.569s] Compiling '/home/edub/ros2_ws/install/avig_msg/local/lib/python3.10/dist-packages/avig_msg/action/__init__.py'...
[5.569s] Compiling '/home/edub/ros2_ws/install/avig_msg/local/lib/python3.10/dist-packages/avig_msg/action/_mover_a.py'...
[5.569s] Listing '/home/edub/ros2_ws/install/avig_msg/local/lib/python3.10/dist-packages/avig_msg/msg'...
[5.569s] Compiling '/home/edub/ros2_ws/install/avig_msg/local/lib/python3.10/dist-packages/avig_msg/msg/__init__.py'...
[5.570s] Compiling '/home/edub/ros2_ws/install/avig_msg/local/lib/python3.10/dist-packages/avig_msg/msg/_april_tag_pixel.py'...
[5.570s] Compiling '/home/edub/ros2_ws/install/avig_msg/local/lib/python3.10/dist-packages/avig_msg/msg/_april_tag_pixel_array.py'...
[5.570s] Compiling '/home/edub/ros2_ws/install/avig_msg/local/lib/python3.10/dist-packages/avig_msg/msg/_obj_detect.py'...
[5.570s] Listing '/home/edub/ros2_ws/install/avig_msg/local/lib/python3.10/dist-packages/avig_msg/srv'...
[5.570s] Compiling '/home/edub/ros2_ws/install/avig_msg/local/lib/python3.10/dist-packages/avig_msg/srv/__init__.py'...
[5.570s] Compiling '/home/edub/ros2_ws/install/avig_msg/local/lib/python3.10/dist-packages/avig_msg/srv/_heuristica.py'...
[5.574s] -- Installing: /home/edub/ros2_ws/install/avig_msg/local/lib/python3.10/dist-packages/avig_msg/avig_msg_s__rosidl_typesupport_fastrtps_c.cpython-310-x86_64-linux-gnu.so
[5.574s] -- Set runtime path of "/home/edub/ros2_ws/install/avig_msg/local/lib/python3.10/dist-packages/avig_msg/avig_msg_s__rosidl_typesupport_fastrtps_c.cpython-310-x86_64-linux-gnu.so" to ""
[5.574s] -- Installing: /home/edub/ros2_ws/install/avig_msg/local/lib/python3.10/dist-packages/avig_msg/avig_msg_s__rosidl_typesupport_introspection_c.cpython-310-x86_64-linux-gnu.so
[5.574s] -- Set runtime path of "/home/edub/ros2_ws/install/avig_msg/local/lib/python3.10/dist-packages/avig_msg/avig_msg_s__rosidl_typesupport_introspection_c.cpython-310-x86_64-linux-gnu.so" to ""
[5.574s] -- Installing: /home/edub/ros2_ws/install/avig_msg/local/lib/python3.10/dist-packages/avig_msg/avig_msg_s__rosidl_typesupport_c.cpython-310-x86_64-linux-gnu.so
[5.576s] -- Set runtime path of "/home/edub/ros2_ws/install/avig_msg/local/lib/python3.10/dist-packages/avig_msg/avig_msg_s__rosidl_typesupport_c.cpython-310-x86_64-linux-gnu.so" to ""
[5.578s] -- Installing: /home/edub/ros2_ws/install/avig_msg/lib/libavig_msg__rosidl_generator_py.so
[5.580s] -- Set runtime path of "/home/edub/ros2_ws/install/avig_msg/lib/libavig_msg__rosidl_generator_py.so" to ""
[5.582s] -- Up-to-date: /home/edub/ros2_ws/install/avig_msg/share/avig_msg/msg/AprilTagPixel.idl
[5.582s] -- Up-to-date: /home/edub/ros2_ws/install/avig_msg/share/avig_msg/msg/AprilTagPixelArray.idl
[5.582s] -- Up-to-date: /home/edub/ros2_ws/install/avig_msg/share/avig_msg/srv/Heuristica.idl
[5.583s] -- Up-to-date: /home/edub/ros2_ws/install/avig_msg/share/avig_msg/action/MoverA.idl
[5.583s] -- Up-to-date: /home/edub/ros2_ws/install/avig_msg/share/avig_msg/msg/ObjDetect.idl
[5.583s] -- Up-to-date: /home/edub/ros2_ws/install/avig_msg/share/avig_msg/msg/AprilTagPixel.msg
[5.583s] -- Up-to-date: /home/edub/ros2_ws/install/avig_msg/share/avig_msg/msg/AprilTagPixelArray.msg
[5.584s] -- Up-to-date: /home/edub/ros2_ws/install/avig_msg/share/avig_msg/srv/Heuristica.srv
[5.584s] -- Up-to-date: /home/edub/ros2_ws/install/avig_msg/share/avig_msg/srv/Heuristica_Request.msg
[5.584s] -- Up-to-date: /home/edub/ros2_ws/install/avig_msg/share/avig_msg/srv/Heuristica_Response.msg
[5.584s] -- Up-to-date: /home/edub/ros2_ws/install/avig_msg/share/avig_msg/action/MoverA.action
[5.584s] -- Up-to-date: /home/edub/ros2_ws/install/avig_msg/share/avig_msg/msg/ObjDetect.msg
[5.584s] -- Up-to-date: /home/edub/ros2_ws/install/avig_msg/share/ament_index/resource_index/package_run_dependencies/avig_msg
[5.584s] -- Up-to-date: /home/edub/ros2_ws/install/avig_msg/share/ament_index/resource_index/parent_prefix_path/avig_msg
[5.584s] -- Installing: /home/edub/ros2_ws/install/avig_msg/share/avig_msg/environment/ament_prefix_path.sh
[5.585s] -- Installing: /home/edub/ros2_ws/install/avig_msg/share/avig_msg/environment/ament_prefix_path.dsv
[5.585s] -- Installing: /home/edub/ros2_ws/install/avig_msg/share/avig_msg/environment/path.sh
[5.585s] -- Installing: /home/edub/ros2_ws/install/avig_msg/share/avig_msg/environment/path.dsv
[5.585s] -- Up-to-date: /home/edub/ros2_ws/install/avig_msg/share/avig_msg/local_setup.bash
[5.585s] -- Up-to-date: /home/edub/ros2_ws/install/avig_msg/share/avig_msg/local_setup.sh
[5.585s] -- Up-to-date: /home/edub/ros2_ws/install/avig_msg/share/avig_msg/local_setup.zsh
[5.585s] -- Installing: /home/edub/ros2_ws/install/avig_msg/share/avig_msg/local_setup.dsv
[5.586s] -- Installing: /home/edub/ros2_ws/install/avig_msg/share/avig_msg/package.dsv
[5.586s] -- Up-to-date: /home/edub/ros2_ws/install/avig_msg/share/ament_index/resource_index/packages/avig_msg
[5.587s] -- Up-to-date: /home/edub/ros2_ws/install/avig_msg/share/avig_msg/cmake/export_avig_msg__rosidl_generator_cExport.cmake
[5.587s] -- Up-to-date: /home/edub/ros2_ws/install/avig_msg/share/avig_msg/cmake/export_avig_msg__rosidl_generator_cExport-noconfig.cmake
[5.588s] -- Up-to-date: /home/edub/ros2_ws/install/avig_msg/share/avig_msg/cmake/export_avig_msg__rosidl_typesupport_fastrtps_cExport.cmake
[5.588s] -- Up-to-date: /home/edub/ros2_ws/install/avig_msg/share/avig_msg/cmake/export_avig_msg__rosidl_typesupport_fastrtps_cExport-noconfig.cmake
[5.589s] -- Up-to-date: /home/edub/ros2_ws/install/avig_msg/share/avig_msg/cmake/avig_msg__rosidl_typesupport_introspection_cExport.cmake
[5.590s] -- Up-to-date: /home/edub/ros2_ws/install/avig_msg/share/avig_msg/cmake/avig_msg__rosidl_typesupport_introspection_cExport-noconfig.cmake
[5.590s] -- Up-to-date: /home/edub/ros2_ws/install/avig_msg/share/avig_msg/cmake/avig_msg__rosidl_typesupport_cExport.cmake
[5.591s] -- Up-to-date: /home/edub/ros2_ws/install/avig_msg/share/avig_msg/cmake/avig_msg__rosidl_typesupport_cExport-noconfig.cmake
[5.593s] -- Up-to-date: /home/edub/ros2_ws/install/avig_msg/share/avig_msg/cmake/export_avig_msg__rosidl_generator_cppExport.cmake
[5.594s] -- Up-to-date: /home/edub/ros2_ws/install/avig_msg/share/avig_msg/cmake/export_avig_msg__rosidl_typesupport_fastrtps_cppExport.cmake
[5.594s] -- Up-to-date: /home/edub/ros2_ws/install/avig_msg/share/avig_msg/cmake/export_avig_msg__rosidl_typesupport_fastrtps_cppExport-noconfig.cmake
[5.595s] -- Up-to-date: /home/edub/ros2_ws/install/avig_msg/share/avig_msg/cmake/avig_msg__rosidl_typesupport_introspection_cppExport.cmake
[5.595s] -- Up-to-date: /home/edub/ros2_ws/install/avig_msg/share/avig_msg/cmake/avig_msg__rosidl_typesupport_introspection_cppExport-noconfig.cmake
[5.595s] -- Up-to-date: /home/edub/ros2_ws/install/avig_msg/share/avig_msg/cmake/avig_msg__rosidl_typesupport_cppExport.cmake
[5.595s] -- Up-to-date: /home/edub/ros2_ws/install/avig_msg/share/avig_msg/cmake/avig_msg__rosidl_typesupport_cppExport-noconfig.cmake
[5.596s] -- Up-to-date: /home/edub/ros2_ws/install/avig_msg/share/avig_msg/cmake/export_avig_msg__rosidl_generator_pyExport.cmake
[5.596s] -- Up-to-date: /home/edub/ros2_ws/install/avig_msg/share/avig_msg/cmake/export_avig_msg__rosidl_generator_pyExport-noconfig.cmake
[5.597s] -- Up-to-date: /home/edub/ros2_ws/install/avig_msg/share/avig_msg/cmake/rosidl_cmake-extras.cmake
[5.597s] -- Up-to-date: /home/edub/ros2_ws/install/avig_msg/share/avig_msg/cmake/ament_cmake_export_dependencies-extras.cmake
[5.597s] -- Up-to-date: /home/edub/ros2_ws/install/avig_msg/share/avig_msg/cmake/ament_cmake_export_include_directories-extras.cmake
[5.597s] -- Up-to-date: /home/edub/ros2_ws/install/avig_msg/share/avig_msg/cmake/ament_cmake_export_libraries-extras.cmake
[5.597s] -- Up-to-date: /home/edub/ros2_ws/install/avig_msg/share/avig_msg/cmake/ament_cmake_export_targets-extras.cmake
[5.597s] -- Up-to-date: /home/edub/ros2_ws/install/avig_msg/share/avig_msg/cmake/rosidl_cmake_export_typesupport_targets-extras.cmake
[5.597s] -- Up-to-date: /home/edub/ros2_ws/install/avig_msg/share/avig_msg/cmake/rosidl_cmake_export_typesupport_libraries-extras.cmake
[5.597s] -- Up-to-date: /home/edub/ros2_ws/install/avig_msg/share/avig_msg/cmake/avig_msgConfig.cmake
[5.597s] -- Up-to-date: /home/edub/ros2_ws/install/avig_msg/share/avig_msg/cmake/avig_msgConfig-version.cmake
[5.597s] -- Up-to-date: /home/edub/ros2_ws/install/avig_msg/share/avig_msg/package.xml
[5.599s] Invoked command in '/home/edub/ros2_ws/build/avig_msg' returned '0': CMAKE_PREFIX_PATH=${CMAKE_PREFIX_PATH}:/home/edub/ros2_ws/install/mi_pkg_python:/opt/ros/humble /usr/bin/cmake --install /home/edub/ros2_ws/build/avig_msg
